19:29:06.412 [main                     ] DEBUG Logger               - Configured Logger
19:29:06.430 [main                     ] DEBUG GameApplication      - Logging settings
Title: chicken fly
Version: 0.0
Width: 1280
Height: 720
Fullscreen: false
Intro: false
Profiling: false
Single step:false
App Mode: DEVELOPER
Menu Key: ESCAPE
Stage Style: DECORATED
Scene Factory: class com.almasb.fxgl.app.scene.SceneFactory

19:29:06.678 [JavaFX Application Thread] DEBUG FXGLApplication      - Initializing FXGL
19:29:06.682 [JavaFX Application Thread] INFO  Engine               - FXGL-17.2 (20.08.2022 16.50) on WINDOWS (J:17.0.5 FX:18)
19:29:06.683 [JavaFX Application Thread] DEBUG Engine               - JRE Vendor Name: Eclipse Adoptium
19:29:06.683 [JavaFX Application Thread] DEBUG Engine               - Running on OS: Windows 11 version 10.0
19:29:06.683 [JavaFX Application Thread] DEBUG Engine               - Architecture: amd64
19:29:06.683 [JavaFX Application Thread] INFO  Engine               - Source code and latest versions at: https://github.com/AlmasB/FXGL
19:29:06.683 [JavaFX Application Thread] INFO  Engine               -       Ask questions and discuss at: https://github.com/AlmasB/FXGL/discussions
19:29:06.683 [JavaFX Application Thread] INFO  Engine               -              Join the FXGL chat at: https://gitter.im/AlmasB/FXGL
19:29:06.751 [JavaFX Application Thread] DEBUG PrimaryStageWindow   - Creating a JavaFX scene
19:29:06.777 [JavaFX Application Thread] DEBUG PrimaryStageWindow   - Target settings size: 1280.0 x 720.0
19:29:06.777 [JavaFX Application Thread] DEBUG PrimaryStageWindow   - Scaled scene size:    1280.0 x 720.0
19:29:06.777 [JavaFX Application Thread] DEBUG PrimaryStageWindow   - Scaled ratio: (1.0, 1.0)
19:29:06.779 [JavaFX Application Thread] DEBUG PrimaryStageWindow   - Set initial scene to FXGLStartupScene
19:29:06.784 [JavaFX Application Thread] DEBUG PrimaryStageWindow   - Opening main window
19:29:06.839 [JavaFX Application Thread] DEBUG PrimaryStageWindow   - Window border size: (13.0, 35.5)
19:29:06.840 [JavaFX Application Thread] DEBUG PrimaryStageWindow   - Scaled size: 1280.0 x 720.0
19:29:06.840 [JavaFX Application Thread] DEBUG PrimaryStageWindow   - Scaled ratio: (1.0, 1.0)
19:29:06.840 [JavaFX Application Thread] DEBUG PrimaryStageWindow   - Scene size: 1280.0 x 720.0
19:29:06.840 [JavaFX Application Thread] DEBUG PrimaryStageWindow   - Stage size: 1293.0 x 755.5
19:29:06.845 [FXGL Background Thread 1 ] DEBUG Engine               - Initializing environment variables
19:29:06.872 [FXGL Background Thread 1 ] DEBUG FXGLAssetLoaderServi - User app class for loading assets: class org.example.Main
19:29:06.872 [FXGL Background Thread 1 ] DEBUG GameApplicationServi - Applying CSS: fxgl_dark.css
19:29:06.873 [FXGL Background Thread 1 ] DEBUG FXGLAssetLoaderServi - Loading from file system: jar:file:/C:/Users/yibo/.m2/repository/com/github/almasb/fxgl/17.2/fxgl-17.2.jar!/fxglassets/ui/css/fxgl_dark.css
19:29:06.900 [FXGL Background Thread 1 ] DEBUG GameApplicationServi - Initializing application scenes
19:29:06.936 [FXGL Background Thread 1 ] DEBUG GameWorld            - Game world initialized
19:29:06.974 [FXGL Background Thread 1 ] DEBUG PhysicsWorld         - Physics world initialized: appHeight=720, physics.ppm=50.0
19:29:06.975 [FXGL Background Thread 1 ] DEBUG PhysicsWorld         - Using strategy: BRUTE_FORCE
19:29:06.977 [FXGL Background Thread 1 ] DEBUG GameScene            - Game scene initialized: 1280x720
19:29:06.987 [FXGL Background Thread 1 ] DEBUG FXGL.DefaultMenu     - createMenuBodyGameMenu()
19:29:06.995 [FXGL Background Thread 1 ] DEBUG FXGL.DefaultMenu     - createOptionsMenu()
19:29:07.004 [FXGL Background Thread 1 ] DEBUG FXGLAssetLoaderServi - Loading from file system: jar:file:/C:/Users/yibo/.m2/repository/com/github/almasb/fxgl/17.2/fxgl-17.2.jar!/fxglassets/textures/particles/smoke.png
19:29:07.068 [FXGL Background Thread 1 ] DEBUG FXGLAssetLoaderServi - Loading from file system: jar:file:/C:/Users/yibo/.m2/repository/com/github/almasb/fxgl/17.2/fxgl-17.2.jar!/fxglassets/textures/particles/trace_horizontal.png
19:29:07.089 [FXGL Background Thread 1 ] DEBUG GameApplicationServi - Application scenes initialized
19:29:07.098 [FXGL Background Thread 1 ] DEBUG SystemBundleService  - Loading FXGL system data
19:29:07.102 [FXGL Background Thread 1 ] DEBUG FileSystemAccess     - Reading from: C:\Users\yibo\IdeaProjects\russs\system\fxgl.bundle
19:29:07.107 [FXGL Background Thread 1 ] DEBUG SystemBundleService  - Bundle FXGL: {}
19:29:07.107 [FXGL Background Thread 1 ] DEBUG UpdaterService       - Checking for updates
19:29:07.109 [FXGL Background Thread 4 ] DEBUG FXGLApplication      - Loading fonts
19:29:07.110 [FXGL Background Thread 1 ] DEBUG FXGLApplication      - Loading default localization
19:29:07.110 [FXGL Background Thread 4 ] DEBUG FXGLAssetLoaderServi - Loading from file system: jar:file:/C:/Users/yibo/.m2/repository/com/github/almasb/fxgl/17.2/fxgl-17.2.jar!/fxglassets/ui/fonts/VarelaRound-Regular.ttf
19:29:07.110 [FXGL Background Thread 1 ] DEBUG FXGLAssetLoaderServi - Loading from file system: jar:file:/C:/Users/yibo/.m2/repository/com/github/almasb/fxgl/17.2/fxgl-17.2.jar!/fxglassets/languages/english.lang
19:29:07.132 [FXGL Background Thread 1 ] INFO  FXGLApplication      - FXGL initialization took: 0.285 sec
19:29:07.144 [JavaFX Application Thread] DEBUG Input                - Registered new binding: Jump - W
19:29:07.144 [JavaFX Application Thread] DEBUG Input                - Registered new binding: forward - D
19:29:07.144 [JavaFX Application Thread] DEBUG Input                - Registered new binding: backward - A
19:29:07.144 [JavaFX Application Thread] DEBUG Input                - Registered new binding: exit - F1
19:29:07.144 [JavaFX Application Thread] DEBUG FXGLAssetLoaderServi - Loading from file system: jar:file:/C:/Users/yibo/.m2/repository/com/github/almasb/fxgl/17.2/fxgl-17.2.jar!/fxglassets/textures/fxgl_icon.png
19:29:07.165 [FXGL Background Thread 4 ] DEBUG FXGLAssetLoaderServi - Loading from file system: jar:file:/C:/Users/yibo/.m2/repository/com/github/almasb/fxgl/17.2/fxgl-17.2.jar!/fxglassets/ui/fonts/Abel-Regular.ttf
19:29:07.165 [JavaFX Application Thread] DEBUG FXGLAssetLoaderServi - Loading from file system: jar:file:/C:/Users/yibo/.m2/repository/com/github/almasb/fxgl/17.2/fxgl-17.2.jar!/fxglassets/textures/fxgl_default_cursor.png
19:29:07.169 [FXGL Background Thread 4 ] DEBUG FXGLAssetLoaderServi - Loading from file system: jar:file:/C:/Users/yibo/.m2/repository/com/github/almasb/fxgl/17.2/fxgl-17.2.jar!/fxglassets/ui/fonts/TerminalLandMono-Regular.otf
19:29:07.169 [JavaFX Application Thread] DEBUG Input                - Registered new binding: Screenshot - CTRL+8
19:29:07.170 [JavaFX Application Thread] DEBUG Input                - Registered new binding: System info dump - CTRL+9
19:29:07.171 [JavaFX Application Thread] DEBUG Input                - Registered new binding: Restart - CTRL+R
19:29:07.172 [JavaFX Application Thread] DEBUG Input                - Registered new binding: Toggle Debug Camera - CTRL+7
19:29:07.172 [FXGL Background Thread 4 ] DEBUG FXGLAssetLoaderServi - Loading from file system: jar:file:/C:/Users/yibo/.m2/repository/com/github/almasb/fxgl/17.2/fxgl-17.2.jar!/fxglassets/ui/fonts/Courier-Prime.ttf
19:29:07.176 [JavaFX Application Thread] DEBUG LoopRunner           - Starting loop
19:29:07.176 [JavaFX Application Thread] DEBUG LoopRunner           - Initializing JavaFX AnimationTimerLoop
19:29:07.178 [JavaFX Application Thread] DEBUG GameApplicationServi - Starting new game
19:29:07.179 [JavaFX Application Thread] DEBUG Input                - Clearing active input actions
19:29:07.191 [JavaFX Application Thread] DEBUG GameApplicationServi - Removing overlay from FXGLStartupScene and adding to FXGLLoadingScene
19:29:07.191 [JavaFX Application Thread] DEBUG PrimaryStageWindow   - FXGLStartupScene -> FXGLLoadingScene
19:29:07.191 [JavaFX Application Thread] DEBUG GameApplicationServi - Clearing previous game
19:29:07.192 [JavaFX Application Thread] DEBUG GameScene            - Clearing game scene
19:29:07.192 [JavaFX Application Thread] DEBUG GameWorld            - Clearing game world
19:29:07.192 [JavaFX Application Thread] DEBUG PhysicsWorld         - Clearing physics world
19:29:07.193 [FXGL Background Thread 4 ] DEBUG FXGLApplication      - Initializing game
19:29:07.193 [JavaFX Application Thread] DEBUG FXGLApplication      - Registering font factories with UI factory
19:29:07.206 [FXGL Background Thread 4 ] DEBUG FXGLAssetLoaderServi - Loading from file system: file:/C:/Users/yibo/IdeaProjects/russs/target/classes/assets/textures/ikun3.jpg
19:29:07.236 [FXGL Background Thread 4 ] INFO  FXGLApplication      - Game initialization took: 0.042 sec
19:29:07.273 [JavaFX Application Thread] DEBUG Input                - Clearing active input actions
19:29:07.278 [JavaFX Application Thread] DEBUG GameApplicationServi - Removing overlay from FXGLLoadingScene and adding to GameScene
19:29:07.278 [JavaFX Application Thread] DEBUG PrimaryStageWindow   - FXGLLoadingScene -> GameScene
19:29:09.246 [JavaFX Application Thread] DEBUG FXGLAssetLoaderServi - Loading from file system: file:/C:/Users/yibo/IdeaProjects/russs/target/classes/assets/textures/chicken.jpg
19:29:10.110 [FXGL Background Thread 3 ] DEBUG Engine               - Logging environment variables
19:29:10.111 [FXGL Background Thread 3 ] DEBUG Engine               - achievements: []
19:29:10.112 [FXGL Background Thread 3 ] DEBUG Engine               - actualHeight: 720.0
19:29:10.112 [FXGL Background Thread 3 ] DEBUG Engine               - actualHeightProperty: ReadOnlyDoubleProperty [value: 720.0]
19:29:10.112 [FXGL Background Thread 3 ] DEBUG Engine               - actualWidth: 1280.0
19:29:10.112 [FXGL Background Thread 3 ] DEBUG Engine               - actualWidthProperty: ReadOnlyDoubleProperty [value: 1280.0]
19:29:10.114 [FXGL Background Thread 3 ] DEBUG Engine               - appIcon: fxgl_icon.png
19:29:10.114 [FXGL Background Thread 3 ] DEBUG Engine               - applicationMode: DEVELOPER
19:29:10.114 [FXGL Background Thread 3 ] DEBUG Engine               - cSSList: [fxgl_dark.css]
19:29:10.114 [FXGL Background Thread 3 ] DEBUG Engine               - collisionDetectionStrategy: BRUTE_FORCE
19:29:10.115 [FXGL Background Thread 3 ] DEBUG Engine               - configClass: Optional.empty
19:29:10.115 [FXGL Background Thread 3 ] DEBUG Engine               - credits: []
19:29:10.117 [FXGL Background Thread 3 ] DEBUG Engine               - defaultCursor: CursorInfo(imageName=fxgl_default_cursor.png, hotspotX=7.0, hotspotY=6.0)
19:29:10.117 [FXGL Background Thread 3 ] DEBUG Engine               - devBBoxColorProperty: ObjectProperty [value: 0xff0000ff]
19:29:10.117 [FXGL Background Thread 3 ] DEBUG Engine               - devEnableDebugCameraProperty: BooleanProperty [value: false]
19:29:10.117 [FXGL Background Thread 3 ] DEBUG Engine               - devSensorColorProperty: ObjectProperty [value: 0xffff00ff]
19:29:10.117 [FXGL Background Thread 3 ] DEBUG Engine               - devShowBBoxProperty: BooleanProperty [value: false]
19:29:10.117 [FXGL Background Thread 3 ] DEBUG Engine               - devShowPositionProperty: BooleanProperty [value: false]
19:29:10.117 [FXGL Background Thread 3 ] DEBUG Engine               - enabledMenuItems: []
19:29:10.117 [FXGL Background Thread 3 ] DEBUG Engine               - engineServices: [class com.almasb.fxgl.app.services.FXGLAssetLoaderService, class com.almasb.fxgl.app.FXGLApplication$GameApplicationService, class com.almasb.fxgl.app.services.FXGLDialogService, class com.almasb.fxgl.app.services.IOTaskExecutorService, class com.almasb.fxgl.io.FileSystemService, class com.almasb.fxgl.localization.LocalizationService, class com.almasb.fxgl.app.services.SystemBundleService, class com.almasb.fxgl.profile.SaveLoadService, class com.almasb.fxgl.ui.FXGLUIFactoryServiceProvider, class com.almasb.fxgl.ui.FXGLDialogFactoryServiceProvider, class com.almasb.fxgl.audio.AudioPlayer, class com.almasb.fxgl.notification.impl.NotificationServiceProvider, class com.almasb.fxgl.achievement.AchievementService, class com.almasb.fxgl.cutscene.CutsceneService, class com.almasb.fxgl.minigames.MiniGameService, class com.almasb.fxgl.net.NetService, class com.almasb.fxgl.app.services.UpdaterService, class com.almasb.fxgl.dev.DevService]
19:29:10.117 [FXGL Background Thread 3 ] DEBUG Engine               - fontGame: Abel-Regular.ttf
19:29:10.117 [FXGL Background Thread 3 ] DEBUG Engine               - fontMono: TerminalLandMono-Regular.otf
19:29:10.117 [FXGL Background Thread 3 ] DEBUG Engine               - fontText: Courier-Prime.ttf
19:29:10.118 [FXGL Background Thread 3 ] DEBUG Engine               - fontUI: VarelaRound-Regular.ttf
19:29:10.118 [FXGL Background Thread 3 ] DEBUG Engine               - fullScreen: BooleanProperty [value: false]
19:29:10.118 [FXGL Background Thread 3 ] DEBUG Engine               - gameDifficulty: MEDIUM
19:29:10.118 [FXGL Background Thread 3 ] DEBUG Engine               - gameDifficultyProperty: ObjectProperty [value: MEDIUM]
19:29:10.118 [FXGL Background Thread 3 ] DEBUG Engine               - globalMusicVolume: 0.5
19:29:10.118 [FXGL Background Thread 3 ] DEBUG Engine               - globalMusicVolumeProperty: DoubleProperty [value: 0.5]
19:29:10.118 [FXGL Background Thread 3 ] DEBUG Engine               - globalSoundVolume: 0.5
19:29:10.118 [FXGL Background Thread 3 ] DEBUG Engine               - globalSoundVolumeProperty: DoubleProperty [value: 0.5]
19:29:10.119 [FXGL Background Thread 3 ] DEBUG Engine               - height: 720
19:29:10.119 [FXGL Background Thread 3 ] DEBUG Engine               - is3D: false
19:29:10.119 [FXGL Background Thread 3 ] DEBUG Engine               - isAndroid: false
19:29:10.119 [FXGL Background Thread 3 ] DEBUG Engine               - isBrowser: false
19:29:10.119 [FXGL Background Thread 3 ] DEBUG Engine               - isClickFeedbackEnabled: false
19:29:10.119 [FXGL Background Thread 3 ] DEBUG Engine               - isCloseConfirmation: false
19:29:10.119 [FXGL Background Thread 3 ] DEBUG Engine               - isDesktop: true
19:29:10.119 [FXGL Background Thread 3 ] DEBUG Engine               - isDeveloperMenuEnabled: false
19:29:10.119 [FXGL Background Thread 3 ] DEBUG Engine               - isEmbedded: false
19:29:10.119 [FXGL Background Thread 3 ] DEBUG Engine               - isEntityPreloadEnabled: true
19:29:10.119 [FXGL Background Thread 3 ] DEBUG Engine               - isExperimentalTiledLargeMap: false
19:29:10.119 [FXGL Background Thread 3 ] DEBUG Engine               - isFileSystemWriteAllowed: true
19:29:10.119 [FXGL Background Thread 3 ] DEBUG Engine               - isFullScreenAllowed: false
19:29:10.120 [FXGL Background Thread 3 ] DEBUG Engine               - isFullScreenFromStart: false
19:29:10.120 [FXGL Background Thread 3 ] DEBUG Engine               - isGameMenuEnabled: true
19:29:10.120 [FXGL Background Thread 3 ] DEBUG Engine               - isIOS: false
19:29:10.120 [FXGL Background Thread 3 ] DEBUG Engine               - isIntroEnabled: false
19:29:10.120 [FXGL Background Thread 3 ] DEBUG Engine               - isLinux: false
19:29:10.120 [FXGL Background Thread 3 ] DEBUG Engine               - isMac: false
19:29:10.120 [FXGL Background Thread 3 ] DEBUG Engine               - isMainMenuEnabled: false
19:29:10.120 [FXGL Background Thread 3 ] DEBUG Engine               - isManualResizeEnabled: false
19:29:10.121 [FXGL Background Thread 3 ] DEBUG Engine               - isMobile: false
19:29:10.121 [FXGL Background Thread 3 ] DEBUG Engine               - isNative: false
19:29:10.121 [FXGL Background Thread 3 ] DEBUG Engine               - isPauseMusicWhenMinimized: true
19:29:10.121 [FXGL Background Thread 3 ] DEBUG Engine               - isPreserveResizeRatio: false
19:29:10.121 [FXGL Background Thread 3 ] DEBUG Engine               - isProfilingEnabled: false
19:29:10.121 [FXGL Background Thread 3 ] DEBUG Engine               - isScaleAffectedOnResize: true
19:29:10.121 [FXGL Background Thread 3 ] DEBUG Engine               - isSingleStep: false
19:29:10.121 [FXGL Background Thread 3 ] DEBUG Engine               - isUserProfileEnabled: false
19:29:10.121 [FXGL Background Thread 3 ] DEBUG Engine               - isWindows: true
19:29:10.121 [FXGL Background Thread 3 ] DEBUG Engine               - language: ObjectProperty [value: ENGLISH]
19:29:10.121 [FXGL Background Thread 3 ] DEBUG Engine               - menuKey: ESCAPE
19:29:10.121 [FXGL Background Thread 3 ] DEBUG Engine               - mouseSensitivity: 0.2
19:29:10.121 [FXGL Background Thread 3 ] DEBUG Engine               - notificationViewClass: class com.almasb.fxgl.notification.view.XboxNotificationView
19:29:10.122 [FXGL Background Thread 3 ] DEBUG Engine               - pixelsPerMeter: 50.0
19:29:10.122 [FXGL Background Thread 3 ] DEBUG Engine               - platform: WINDOWS
19:29:10.122 [FXGL Background Thread 3 ] DEBUG Engine               - prefHeightProperty: ReadOnlyDoubleProperty [value: 720.0]
19:29:10.122 [FXGL Background Thread 3 ] DEBUG Engine               - prefWidthProperty: ReadOnlyDoubleProperty [value: 1280.0]
19:29:10.122 [FXGL Background Thread 3 ] DEBUG Engine               - profileDir: profiles/
19:29:10.122 [FXGL Background Thread 3 ] DEBUG Engine               - profileName: StringProperty [value: DEFAULT]
19:29:10.122 [FXGL Background Thread 3 ] DEBUG Engine               - randomSeed: -1
19:29:10.122 [FXGL Background Thread 3 ] DEBUG Engine               - runtimeInfo: RuntimeInfo(platform=WINDOWS, version=17.2, build=20.08.2022 16.50)
19:29:10.122 [FXGL Background Thread 3 ] DEBUG Engine               - saveFileExt: sav
19:29:10.122 [FXGL Background Thread 3 ] DEBUG Engine               - scaledHeightProp$fxgl: DoubleProperty [bound, value: 720.0]
19:29:10.122 [FXGL Background Thread 3 ] DEBUG Engine               - scaledWidthProp$fxgl: DoubleProperty [bound, value: 1280.0]
19:29:10.122 [FXGL Background Thread 3 ] DEBUG Engine               - sceneFactory: com.almasb.fxgl.app.scene.SceneFactory@73b91504
19:29:10.122 [FXGL Background Thread 3 ] DEBUG Engine               - secondsIn24h: 60
19:29:10.122 [FXGL Background Thread 3 ] DEBUG Engine               - soundMenuBack: menu/back.wav
19:29:10.122 [FXGL Background Thread 3 ] DEBUG Engine               - soundMenuPress: menu/press.wav
19:29:10.122 [FXGL Background Thread 3 ] DEBUG Engine               - soundMenuSelect: menu/select.wav
19:29:10.122 [FXGL Background Thread 3 ] DEBUG Engine               - soundNotification: core/notification.wav
19:29:10.122 [FXGL Background Thread 3 ] DEBUG Engine               - stageStyle: DECORATED
19:29:10.122 [FXGL Background Thread 3 ] DEBUG Engine               - supportedLanguages: [ENGLISH, FRENCH, GERMAN, HUNGARIAN, RUSSIAN]
19:29:10.122 [FXGL Background Thread 3 ] DEBUG Engine               - ticksPerSecond: -1
19:29:10.122 [FXGL Background Thread 3 ] DEBUG Engine               - title: chicken fly
19:29:10.122 [FXGL Background Thread 3 ] DEBUG Engine               - urlGithub: https://github.com/AlmasB/FXGL
19:29:10.122 [FXGL Background Thread 3 ] DEBUG Engine               - urlLeaderboard: http://fxgl-top.herokuapp.com/
19:29:10.122 [FXGL Background Thread 3 ] DEBUG Engine               - urlPOM: https://raw.githubusercontent.com/AlmasB/FXGL/release/README.md
19:29:10.122 [FXGL Background Thread 3 ] DEBUG Engine               - userAppClass: class org.example.Main
19:29:10.122 [FXGL Background Thread 3 ] DEBUG Engine               - version: 0.0
19:29:10.122 [FXGL Background Thread 3 ] DEBUG Engine               - versionCheckDays: 7
19:29:10.122 [FXGL Background Thread 3 ] DEBUG Engine               - width: 1280
19:29:10.122 [FXGL Background Thread 3 ] DEBUG Engine               - Logging services
19:29:10.122 [FXGL Background Thread 3 ] DEBUG Engine               - class com.almasb.fxgl.app.services.FXGLAssetLoaderService
19:29:10.122 [FXGL Background Thread 3 ] DEBUG Engine               - class com.almasb.fxgl.app.FXGLApplication$GameApplicationService
19:29:10.122 [FXGL Background Thread 3 ] DEBUG Engine               - class com.almasb.fxgl.app.services.FXGLDialogService
19:29:10.122 [FXGL Background Thread 3 ] DEBUG Engine               - class com.almasb.fxgl.app.services.IOTaskExecutorService
19:29:10.122 [FXGL Background Thread 3 ] DEBUG Engine               - class com.almasb.fxgl.io.FileSystemService
19:29:10.122 [FXGL Background Thread 3 ] DEBUG Engine               - class com.almasb.fxgl.localization.LocalizationService
19:29:10.122 [FXGL Background Thread 3 ] DEBUG Engine               - class com.almasb.fxgl.app.services.SystemBundleService
19:29:10.122 [FXGL Background Thread 3 ] DEBUG Engine               - class com.almasb.fxgl.profile.SaveLoadService
19:29:10.122 [FXGL Background Thread 3 ] DEBUG Engine               - class com.almasb.fxgl.ui.FXGLUIFactoryServiceProvider
19:29:10.122 [FXGL Background Thread 3 ] DEBUG Engine               - class com.almasb.fxgl.ui.FXGLDialogFactoryServiceProvider
19:29:10.122 [FXGL Background Thread 3 ] DEBUG Engine               - class com.almasb.fxgl.audio.AudioPlayer
19:29:10.122 [FXGL Background Thread 3 ] DEBUG Engine               - class com.almasb.fxgl.notification.impl.NotificationServiceProvider
19:29:10.122 [FXGL Background Thread 3 ] DEBUG Engine               - class com.almasb.fxgl.achievement.AchievementService
19:29:10.123 [FXGL Background Thread 3 ] DEBUG Engine               - class com.almasb.fxgl.cutscene.CutsceneService
19:29:10.123 [FXGL Background Thread 3 ] DEBUG Engine               - class com.almasb.fxgl.minigames.MiniGameService
19:29:10.123 [FXGL Background Thread 3 ] DEBUG Engine               - class com.almasb.fxgl.net.NetService
19:29:10.123 [FXGL Background Thread 3 ] DEBUG Engine               - class com.almasb.fxgl.app.services.UpdaterService
19:29:10.123 [FXGL Background Thread 3 ] DEBUG Engine               - class com.almasb.fxgl.dev.DevService
19:29:25.661 [JavaFX Application Thread] DEBUG GameApplicationServi - Starting new game
19:29:25.661 [JavaFX Application Thread] DEBUG Input                - Clearing active input actions
19:29:25.665 [JavaFX Application Thread] DEBUG GameApplicationServi - Removing overlay from GameScene and adding to FXGLLoadingScene
19:29:25.666 [JavaFX Application Thread] DEBUG PrimaryStageWindow   - GameScene -> FXGLLoadingScene
19:29:25.666 [JavaFX Application Thread] DEBUG GameApplicationServi - Clearing previous game
19:29:25.666 [JavaFX Application Thread] DEBUG GameScene            - Clearing game scene
19:29:25.666 [JavaFX Application Thread] DEBUG GameWorld            - Clearing game world
19:29:25.667 [JavaFX Application Thread] DEBUG PhysicsWorld         - Clearing physics world
19:29:25.668 [FXGL Background Thread 2 ] DEBUG FXGLApplication      - Initializing game
19:29:25.668 [FXGL Background Thread 2 ] INFO  FXGLApplication      - Game initialization took: 0.001 sec
19:29:25.671 [JavaFX Application Thread] DEBUG Input                - Clearing active input actions
19:29:25.674 [JavaFX Application Thread] DEBUG GameApplicationServi - Removing overlay from FXGLLoadingScene and adding to GameScene
19:29:25.674 [JavaFX Application Thread] DEBUG PrimaryStageWindow   - FXGLLoadingScene -> GameScene
19:29:25.676 [JavaFX Application Thread] DEBUG GameApplicationServi - Starting new game
19:29:25.676 [JavaFX Application Thread] DEBUG Input                - Clearing active input actions
19:29:25.680 [JavaFX Application Thread] DEBUG GameApplicationServi - Removing overlay from GameScene and adding to FXGLLoadingScene
19:29:25.680 [JavaFX Application Thread] DEBUG PrimaryStageWindow   - GameScene -> FXGLLoadingScene
19:29:25.680 [JavaFX Application Thread] DEBUG GameApplicationServi - Clearing previous game
19:29:25.680 [JavaFX Application Thread] DEBUG GameScene            - Clearing game scene
19:29:25.680 [JavaFX Application Thread] DEBUG GameWorld            - Clearing game world
19:29:25.681 [JavaFX Application Thread] DEBUG PhysicsWorld         - Clearing physics world
19:29:25.681 [FXGL Background Thread 2 ] DEBUG FXGLApplication      - Initializing game
19:29:25.682 [FXGL Background Thread 2 ] INFO  FXGLApplication      - Game initialization took: 0.001 sec
19:29:25.692 [JavaFX Application Thread] DEBUG Input                - Clearing active input actions
19:29:25.694 [JavaFX Application Thread] DEBUG GameApplicationServi - Removing overlay from FXGLLoadingScene and adding to GameScene
19:29:25.694 [JavaFX Application Thread] DEBUG PrimaryStageWindow   - FXGLLoadingScene -> GameScene
19:29:25.695 [JavaFX Application Thread] DEBUG GameApplicationServi - Starting new game
19:29:25.695 [JavaFX Application Thread] DEBUG Input                - Clearing active input actions
19:29:25.697 [JavaFX Application Thread] DEBUG GameApplicationServi - Removing overlay from GameScene and adding to FXGLLoadingScene
19:29:25.697 [JavaFX Application Thread] DEBUG PrimaryStageWindow   - GameScene -> FXGLLoadingScene
19:29:25.697 [JavaFX Application Thread] DEBUG GameApplicationServi - Clearing previous game
19:29:25.697 [JavaFX Application Thread] DEBUG GameScene            - Clearing game scene
19:29:25.697 [JavaFX Application Thread] DEBUG GameWorld            - Clearing game world
19:29:25.697 [JavaFX Application Thread] DEBUG PhysicsWorld         - Clearing physics world
19:29:25.697 [FXGL Background Thread 2 ] DEBUG FXGLApplication      - Initializing game
19:29:25.698 [FXGL Background Thread 2 ] INFO  FXGLApplication      - Game initialization took: 0.001 sec
19:29:25.705 [JavaFX Application Thread] DEBUG Input                - Clearing active input actions
19:29:25.707 [JavaFX Application Thread] DEBUG GameApplicationServi - Removing overlay from FXGLLoadingScene and adding to GameScene
19:29:25.707 [JavaFX Application Thread] DEBUG PrimaryStageWindow   - FXGLLoadingScene -> GameScene
19:29:25.725 [JavaFX Application Thread] DEBUG GameApplicationServi - Starting new game
19:29:25.725 [JavaFX Application Thread] DEBUG Input                - Clearing active input actions
19:29:25.727 [JavaFX Application Thread] DEBUG GameApplicationServi - Removing overlay from GameScene and adding to FXGLLoadingScene
19:29:25.727 [JavaFX Application Thread] DEBUG PrimaryStageWindow   - GameScene -> FXGLLoadingScene
19:29:25.727 [JavaFX Application Thread] DEBUG GameApplicationServi - Clearing previous game
19:29:25.727 [JavaFX Application Thread] DEBUG GameScene            - Clearing game scene
19:29:25.727 [JavaFX Application Thread] DEBUG GameWorld            - Clearing game world
19:29:25.727 [JavaFX Application Thread] DEBUG PhysicsWorld         - Clearing physics world
19:29:25.727 [FXGL Background Thread 2 ] DEBUG FXGLApplication      - Initializing game
19:29:25.729 [FXGL Background Thread 2 ] INFO  FXGLApplication      - Game initialization took: 0.001 sec
19:29:25.739 [JavaFX Application Thread] DEBUG Input                - Clearing active input actions
19:29:25.741 [JavaFX Application Thread] DEBUG GameApplicationServi - Removing overlay from FXGLLoadingScene and adding to GameScene
19:29:25.741 [JavaFX Application Thread] DEBUG PrimaryStageWindow   - FXGLLoadingScene -> GameScene
19:29:28.140 [JavaFX Application Thread] DEBUG GameApplicationServi - Starting new game
19:29:28.140 [JavaFX Application Thread] DEBUG Input                - Clearing active input actions
19:29:28.145 [JavaFX Application Thread] DEBUG GameApplicationServi - Removing overlay from GameScene and adding to FXGLLoadingScene
19:29:28.146 [JavaFX Application Thread] DEBUG PrimaryStageWindow   - GameScene -> FXGLLoadingScene
19:29:28.146 [JavaFX Application Thread] DEBUG GameApplicationServi - Clearing previous game
19:29:28.146 [JavaFX Application Thread] DEBUG GameScene            - Clearing game scene
19:29:28.146 [JavaFX Application Thread] DEBUG GameWorld            - Clearing game world
19:29:28.146 [JavaFX Application Thread] DEBUG PhysicsWorld         - Clearing physics world
19:29:28.148 [FXGL Background Thread 2 ] DEBUG FXGLApplication      - Initializing game
19:29:28.149 [FXGL Background Thread 2 ] INFO  FXGLApplication      - Game initialization took: 0.001 sec
19:29:28.150 [JavaFX Application Thread] DEBUG Input                - Clearing active input actions
19:29:28.151 [JavaFX Application Thread] DEBUG GameApplicationServi - Removing overlay from FXGLLoadingScene and adding to GameScene
19:29:28.153 [JavaFX Application Thread] DEBUG PrimaryStageWindow   - FXGLLoadingScene -> GameScene
19:29:56.161 [JavaFX Application Thread] DEBUG PrimaryStageWindow   - Push state: DialogSubScene
19:29:56.161 [JavaFX Application Thread] DEBUG Input                - Clearing active input actions
19:29:56.165 [JavaFX Application Thread] DEBUG GameApplicationServi - Removing overlay from GameScene and adding to DialogSubScene
19:29:56.166 [JavaFX Application Thread] DEBUG PrimaryStageWindow   - GameScene -> DialogSubScene
19:30:01.775 [JavaFX Application Thread] DEBUG PrimaryStageWindow   - Pop state: DialogSubScene
19:30:01.776 [JavaFX Application Thread] DEBUG Input                - Clearing active input actions
19:30:01.776 [JavaFX Application Thread] DEBUG GameApplicationServi - Removing overlay from DialogSubScene and adding to GameScene
19:30:01.777 [JavaFX Application Thread] DEBUG PrimaryStageWindow   - GameScene <- DialogSubScene
19:30:01.790 [JavaFX Application Thread] DEBUG FXGLApplication      - Exiting FXGL
19:30:01.790 [JavaFX Application Thread] DEBUG LoopRunner           - Stopping loop
19:30:01.790 [JavaFX Application Thread] DEBUG SystemBundleService  - Saving FXGL system data
19:30:01.793 [JavaFX Application Thread] DEBUG FileSystemAccess     - Writing to: C:\Users\yibo\IdeaProjects\russs\system\fxgl.bundle
19:30:01.796 [JavaFX Application Thread] DEBUG Async                - Shutting down background threads
19:30:01.796 [JavaFX Application Thread] DEBUG PrimaryStageWindow   - Closing main window
19:30:01.809 [JavaFX Application Thread] DEBUG Logger               - Closing Logger
