17:02:32.999 [main                     ] DEBUG Logger               - Configured Logger
17:02:33.017 [main                     ] DEBUG GameApplication      - Logging settings
Title: Untitled
Version: 0.0
Width: 800
Height: 600
Fullscreen: false
Intro: false
Profiling: false
Single step:false
App Mode: DEVELOPER
Menu Key: ESCAPE
Stage Style: DECORATED
Scene Factory: class org.example.GameMenu$1

17:02:33.272 [JavaFX Application Thread] DEBUG FXGLApplication      - Initializing FXGL
17:02:33.276 [JavaFX Application Thread] INFO  Engine               - FXGL-17.2 (20.08.2022 16.50) on WINDOWS (J:17.0.5 FX:18)
17:02:33.276 [JavaFX Application Thread] DEBUG Engine               - JRE Vendor Name: Eclipse Adoptium
17:02:33.277 [JavaFX Application Thread] DEBUG Engine               - Running on OS: Windows 11 version 10.0
17:02:33.277 [JavaFX Application Thread] DEBUG Engine               - Architecture: amd64
17:02:33.277 [JavaFX Application Thread] INFO  Engine               - Source code and latest versions at: https://github.com/AlmasB/FXGL
17:02:33.277 [JavaFX Application Thread] INFO  Engine               -       Ask questions and discuss at: https://github.com/AlmasB/FXGL/discussions
17:02:33.277 [JavaFX Application Thread] INFO  Engine               -              Join the FXGL chat at: https://gitter.im/AlmasB/FXGL
17:02:33.346 [JavaFX Application Thread] DEBUG PrimaryStageWindow   - Creating a JavaFX scene
17:02:33.377 [JavaFX Application Thread] DEBUG PrimaryStageWindow   - Target settings size: 800.0 x 600.0
17:02:33.377 [JavaFX Application Thread] DEBUG PrimaryStageWindow   - Scaled scene size:    800.0 x 600.0
17:02:33.377 [JavaFX Application Thread] DEBUG PrimaryStageWindow   - Scaled ratio: (1.0, 1.0)
17:02:33.378 [JavaFX Application Thread] DEBUG PrimaryStageWindow   - Set initial scene to FXGLStartupScene
17:02:33.382 [JavaFX Application Thread] DEBUG PrimaryStageWindow   - Opening main window
17:02:33.429 [JavaFX Application Thread] DEBUG PrimaryStageWindow   - Window border size: (13.0, 35.5)
17:02:33.429 [JavaFX Application Thread] DEBUG PrimaryStageWindow   - Scaled size: 800.0 x 600.0
17:02:33.430 [JavaFX Application Thread] DEBUG PrimaryStageWindow   - Scaled ratio: (1.0, 1.0)
17:02:33.430 [JavaFX Application Thread] DEBUG PrimaryStageWindow   - Scene size: 800.0 x 600.0
17:02:33.430 [JavaFX Application Thread] DEBUG PrimaryStageWindow   - Stage size: 813.0 x 635.5
17:02:33.434 [FXGL Background Thread 1 ] DEBUG Engine               - Initializing environment variables
17:02:33.457 [FXGL Background Thread 1 ] DEBUG FXGLAssetLoaderServi - User app class for loading assets: class org.example.GameMenu
17:02:33.457 [FXGL Background Thread 1 ] DEBUG GameApplicationServi - Applying CSS: fxgl_dark.css
17:02:33.459 [FXGL Background Thread 1 ] DEBUG FXGLAssetLoaderServi - Loading from file system: jar:file:/C:/Users/yibo/.m2/repository/com/github/almasb/fxgl/17.2/fxgl-17.2.jar!/fxglassets/ui/css/fxgl_dark.css
17:02:33.482 [FXGL Background Thread 1 ] DEBUG GameApplicationServi - Initializing application scenes
17:02:33.515 [FXGL Background Thread 1 ] DEBUG GameWorld            - Game world initialized
17:02:33.550 [FXGL Background Thread 1 ] DEBUG PhysicsWorld         - Physics world initialized: appHeight=600, physics.ppm=50.0
17:02:33.551 [FXGL Background Thread 1 ] DEBUG PhysicsWorld         - Using strategy: BRUTE_FORCE
17:02:33.555 [FXGL Background Thread 1 ] DEBUG GameScene            - Game scene initialized: 800x600
17:02:33.562 [FXGL Background Thread 1 ] DEBUG GameApplicationServi - Application scenes initialized
17:02:33.574 [FXGL Background Thread 1 ] DEBUG SystemBundleService  - Loading FXGL system data
17:02:33.577 [FXGL Background Thread 1 ] DEBUG FileSystemAccess     - Reading from: C:\Users\yibo\IdeaProjects\russs\system\fxgl.bundle
17:02:33.583 [FXGL Background Thread 1 ] DEBUG SystemBundleService  - Bundle FXGL: {}
17:02:33.583 [FXGL Background Thread 1 ] DEBUG UpdaterService       - Checking for updates
17:02:33.586 [FXGL Background Thread 4 ] DEBUG FXGLApplication      - Loading fonts
17:02:33.586 [FXGL Background Thread 4 ] DEBUG FXGLAssetLoaderServi - Loading from file system: jar:file:/C:/Users/yibo/.m2/repository/com/github/almasb/fxgl/17.2/fxgl-17.2.jar!/fxglassets/ui/fonts/VarelaRound-Regular.ttf
17:02:33.586 [FXGL Background Thread 1 ] DEBUG FXGLApplication      - Loading default localization
17:02:33.587 [FXGL Background Thread 1 ] DEBUG FXGLAssetLoaderServi - Loading from file system: jar:file:/C:/Users/yibo/.m2/repository/com/github/almasb/fxgl/17.2/fxgl-17.2.jar!/fxglassets/languages/english.lang
17:02:33.606 [FXGL Background Thread 1 ] INFO  FXGLApplication      - FXGL initialization took: 0.172 sec
17:02:33.608 [JavaFX Application Thread] DEBUG FXGLAssetLoaderServi - Loading from file system: jar:file:/C:/Users/yibo/.m2/repository/com/github/almasb/fxgl/17.2/fxgl-17.2.jar!/fxglassets/textures/fxgl_icon.png
17:02:33.637 [FXGL Background Thread 4 ] DEBUG FXGLAssetLoaderServi - Loading from file system: jar:file:/C:/Users/yibo/.m2/repository/com/github/almasb/fxgl/17.2/fxgl-17.2.jar!/fxglassets/ui/fonts/Abel-Regular.ttf
17:02:33.640 [FXGL Background Thread 4 ] DEBUG FXGLAssetLoaderServi - Loading from file system: jar:file:/C:/Users/yibo/.m2/repository/com/github/almasb/fxgl/17.2/fxgl-17.2.jar!/fxglassets/ui/fonts/TerminalLandMono-Regular.otf
17:02:33.639 [JavaFX Application Thread] DEBUG FXGLAssetLoaderServi - Loading from file system: jar:file:/C:/Users/yibo/.m2/repository/com/github/almasb/fxgl/17.2/fxgl-17.2.jar!/fxglassets/textures/fxgl_default_cursor.png
17:02:33.643 [FXGL Background Thread 4 ] DEBUG FXGLAssetLoaderServi - Loading from file system: jar:file:/C:/Users/yibo/.m2/repository/com/github/almasb/fxgl/17.2/fxgl-17.2.jar!/fxglassets/ui/fonts/Courier-Prime.ttf
17:02:33.648 [JavaFX Application Thread] DEBUG Input                - Registered new binding: Screenshot - CTRL+8
17:02:33.648 [JavaFX Application Thread] DEBUG Input                - Registered new binding: System info dump - CTRL+9
17:02:33.648 [JavaFX Application Thread] DEBUG Input                - Registered new binding: Restart - CTRL+R
17:02:33.649 [JavaFX Application Thread] DEBUG Input                - Registered new binding: Toggle Debug Camera - CTRL+7
17:02:33.650 [JavaFX Application Thread] DEBUG LoopRunner           - Starting loop
17:02:33.650 [JavaFX Application Thread] DEBUG LoopRunner           - Initializing JavaFX AnimationTimerLoop
17:02:33.652 [JavaFX Application Thread] DEBUG GameApplicationServi - Starting new game
17:02:33.652 [JavaFX Application Thread] DEBUG Input                - Clearing active input actions
17:02:33.659 [JavaFX Application Thread] DEBUG GameApplicationServi - Removing overlay from FXGLStartupScene and adding to FXGLLoadingScene
17:02:33.660 [JavaFX Application Thread] DEBUG PrimaryStageWindow   - FXGLStartupScene -> FXGLLoadingScene
17:02:33.660 [JavaFX Application Thread] DEBUG GameApplicationServi - Clearing previous game
17:02:33.660 [JavaFX Application Thread] DEBUG GameScene            - Clearing game scene
17:02:33.660 [JavaFX Application Thread] DEBUG GameWorld            - Clearing game world
17:02:33.660 [JavaFX Application Thread] DEBUG PhysicsWorld         - Clearing physics world
17:02:33.661 [JavaFX Application Thread] DEBUG FXGLApplication      - Registering font factories with UI factory
17:02:33.661 [FXGL Background Thread 4 ] DEBUG FXGLApplication      - Initializing game
17:02:33.662 [FXGL Background Thread 4 ] INFO  FXGLApplication      - Game initialization took: 0.001 sec
17:02:33.700 [JavaFX Application Thread] DEBUG Input                - Clearing active input actions
17:02:33.704 [JavaFX Application Thread] DEBUG GameApplicationServi - Removing overlay from FXGLLoadingScene and adding to GameScene
17:02:33.705 [JavaFX Application Thread] DEBUG PrimaryStageWindow   - FXGLLoadingScene -> GameScene
17:02:33.990 [FXGL Background Thread 2 ] INFO  UpdaterService       - Your current version:  17.2
17:02:33.991 [FXGL Background Thread 2 ] INFO  UpdaterService       - Latest stable version: 17.3
17:02:35.410 [JavaFX Application Thread] DEBUG PrimaryStageWindow   - Push state: MyPauseMenu
17:02:35.410 [JavaFX Application Thread] DEBUG Input                - Clearing active input actions
17:02:35.411 [JavaFX Application Thread] DEBUG GameApplicationServi - Removing overlay from GameScene and adding to MyPauseMenu
17:02:35.411 [JavaFX Application Thread] DEBUG PrimaryStageWindow   - GameScene -> MyPauseMenu
17:02:35.930 [JavaFX Application Thread] DEBUG PrimaryStageWindow   - Pop state: MyPauseMenu
17:02:35.931 [JavaFX Application Thread] DEBUG Input                - Clearing active input actions
17:02:35.932 [JavaFX Application Thread] DEBUG GameApplicationServi - Removing overlay from MyPauseMenu and adding to GameScene
17:02:35.932 [JavaFX Application Thread] DEBUG PrimaryStageWindow   - GameScene <- MyPauseMenu
17:02:36.129 [JavaFX Application Thread] DEBUG PrimaryStageWindow   - Push state: MyPauseMenu
17:02:36.129 [JavaFX Application Thread] DEBUG Input                - Clearing active input actions
17:02:36.130 [JavaFX Application Thread] DEBUG GameApplicationServi - Removing overlay from GameScene and adding to MyPauseMenu
17:02:36.130 [JavaFX Application Thread] DEBUG PrimaryStageWindow   - GameScene -> MyPauseMenu
17:02:36.335 [JavaFX Application Thread] DEBUG PrimaryStageWindow   - Pop state: MyPauseMenu
17:02:36.336 [JavaFX Application Thread] DEBUG Input                - Clearing active input actions
17:02:36.337 [JavaFX Application Thread] DEBUG GameApplicationServi - Removing overlay from MyPauseMenu and adding to GameScene
17:02:36.338 [JavaFX Application Thread] DEBUG PrimaryStageWindow   - GameScene <- MyPauseMenu
17:02:36.586 [FXGL Background Thread 3 ] DEBUG Engine               - Logging environment variables
17:02:36.586 [FXGL Background Thread 3 ] DEBUG Engine               - achievements: []
17:02:36.587 [FXGL Background Thread 3 ] DEBUG Engine               - actualHeight: 600.0
17:02:36.588 [FXGL Background Thread 3 ] DEBUG Engine               - actualHeightProperty: ReadOnlyDoubleProperty [value: 600.0]
17:02:36.588 [FXGL Background Thread 3 ] DEBUG Engine               - actualWidth: 800.0
17:02:36.588 [FXGL Background Thread 3 ] DEBUG Engine               - actualWidthProperty: ReadOnlyDoubleProperty [value: 800.0]
17:02:36.589 [FXGL Background Thread 3 ] DEBUG Engine               - appIcon: fxgl_icon.png
17:02:36.589 [FXGL Background Thread 3 ] DEBUG Engine               - applicationMode: DEVELOPER
17:02:36.589 [FXGL Background Thread 3 ] DEBUG Engine               - cSSList: [fxgl_dark.css]
17:02:36.589 [FXGL Background Thread 3 ] DEBUG Engine               - collisionDetectionStrategy: BRUTE_FORCE
17:02:36.589 [FXGL Background Thread 3 ] DEBUG Engine               - configClass: Optional.empty
17:02:36.589 [FXGL Background Thread 3 ] DEBUG Engine               - credits: []
17:02:36.591 [FXGL Background Thread 3 ] DEBUG Engine               - defaultCursor: CursorInfo(imageName=fxgl_default_cursor.png, hotspotX=7.0, hotspotY=6.0)
17:02:36.591 [FXGL Background Thread 3 ] DEBUG Engine               - devBBoxColorProperty: ObjectProperty [value: 0xff0000ff]
17:02:36.592 [FXGL Background Thread 3 ] DEBUG Engine               - devEnableDebugCameraProperty: BooleanProperty [value: false]
17:02:36.592 [FXGL Background Thread 3 ] DEBUG Engine               - devSensorColorProperty: ObjectProperty [value: 0xffff00ff]
17:02:36.592 [FXGL Background Thread 3 ] DEBUG Engine               - devShowBBoxProperty: BooleanProperty [value: false]
17:02:36.592 [FXGL Background Thread 3 ] DEBUG Engine               - devShowPositionProperty: BooleanProperty [value: false]
17:02:36.592 [FXGL Background Thread 3 ] DEBUG Engine               - enabledMenuItems: []
17:02:36.592 [FXGL Background Thread 3 ] DEBUG Engine               - engineServices: [class com.almasb.fxgl.app.services.FXGLAssetLoaderService, class com.almasb.fxgl.app.FXGLApplication$GameApplicationService, class com.almasb.fxgl.app.services.FXGLDialogService, class com.almasb.fxgl.app.services.IOTaskExecutorService, class com.almasb.fxgl.io.FileSystemService, class com.almasb.fxgl.localization.LocalizationService, class com.almasb.fxgl.app.services.SystemBundleService, class com.almasb.fxgl.profile.SaveLoadService, class com.almasb.fxgl.ui.FXGLUIFactoryServiceProvider, class com.almasb.fxgl.ui.FXGLDialogFactoryServiceProvider, class com.almasb.fxgl.audio.AudioPlayer, class com.almasb.fxgl.notification.impl.NotificationServiceProvider, class com.almasb.fxgl.achievement.AchievementService, class com.almasb.fxgl.cutscene.CutsceneService, class com.almasb.fxgl.minigames.MiniGameService, class com.almasb.fxgl.net.NetService, class com.almasb.fxgl.app.services.UpdaterService, class com.almasb.fxgl.dev.DevService]
17:02:36.592 [FXGL Background Thread 3 ] DEBUG Engine               - fontGame: Abel-Regular.ttf
17:02:36.592 [FXGL Background Thread 3 ] DEBUG Engine               - fontMono: TerminalLandMono-Regular.otf
17:02:36.592 [FXGL Background Thread 3 ] DEBUG Engine               - fontText: Courier-Prime.ttf
17:02:36.592 [FXGL Background Thread 3 ] DEBUG Engine               - fontUI: VarelaRound-Regular.ttf
17:02:36.592 [FXGL Background Thread 3 ] DEBUG Engine               - fullScreen: BooleanProperty [value: false]
17:02:36.592 [FXGL Background Thread 3 ] DEBUG Engine               - gameDifficulty: MEDIUM
17:02:36.592 [FXGL Background Thread 3 ] DEBUG Engine               - gameDifficultyProperty: ObjectProperty [value: MEDIUM]
17:02:36.592 [FXGL Background Thread 3 ] DEBUG Engine               - globalMusicVolume: 0.5
17:02:36.592 [FXGL Background Thread 3 ] DEBUG Engine               - globalMusicVolumeProperty: DoubleProperty [value: 0.5]
17:02:36.593 [FXGL Background Thread 3 ] DEBUG Engine               - globalSoundVolume: 0.5
17:02:36.593 [FXGL Background Thread 3 ] DEBUG Engine               - globalSoundVolumeProperty: DoubleProperty [value: 0.5]
17:02:36.593 [FXGL Background Thread 3 ] DEBUG Engine               - height: 600
17:02:36.593 [FXGL Background Thread 3 ] DEBUG Engine               - is3D: false
17:02:36.593 [FXGL Background Thread 3 ] DEBUG Engine               - isAndroid: false
17:02:36.593 [FXGL Background Thread 3 ] DEBUG Engine               - isBrowser: false
17:02:36.593 [FXGL Background Thread 3 ] DEBUG Engine               - isClickFeedbackEnabled: false
17:02:36.593 [FXGL Background Thread 3 ] DEBUG Engine               - isCloseConfirmation: false
17:02:36.593 [FXGL Background Thread 3 ] DEBUG Engine               - isDesktop: true
17:02:36.593 [FXGL Background Thread 3 ] DEBUG Engine               - isDeveloperMenuEnabled: false
17:02:36.593 [FXGL Background Thread 3 ] DEBUG Engine               - isEmbedded: false
17:02:36.593 [FXGL Background Thread 3 ] DEBUG Engine               - isEntityPreloadEnabled: true
17:02:36.593 [FXGL Background Thread 3 ] DEBUG Engine               - isExperimentalTiledLargeMap: false
17:02:36.594 [FXGL Background Thread 3 ] DEBUG Engine               - isFileSystemWriteAllowed: true
17:02:36.594 [FXGL Background Thread 3 ] DEBUG Engine               - isFullScreenAllowed: false
17:02:36.594 [FXGL Background Thread 3 ] DEBUG Engine               - isFullScreenFromStart: false
17:02:36.594 [FXGL Background Thread 3 ] DEBUG Engine               - isGameMenuEnabled: true
17:02:36.594 [FXGL Background Thread 3 ] DEBUG Engine               - isIOS: false
17:02:36.594 [FXGL Background Thread 3 ] DEBUG Engine               - isIntroEnabled: false
17:02:36.594 [FXGL Background Thread 3 ] DEBUG Engine               - isLinux: false
17:02:36.594 [FXGL Background Thread 3 ] DEBUG Engine               - isMac: false
17:02:36.594 [FXGL Background Thread 3 ] DEBUG Engine               - isMainMenuEnabled: false
17:02:36.594 [FXGL Background Thread 3 ] DEBUG Engine               - isManualResizeEnabled: false
17:02:36.595 [FXGL Background Thread 3 ] DEBUG Engine               - isMobile: false
17:02:36.595 [FXGL Background Thread 3 ] DEBUG Engine               - isNative: false
17:02:36.595 [FXGL Background Thread 3 ] DEBUG Engine               - isPauseMusicWhenMinimized: true
17:02:36.595 [FXGL Background Thread 3 ] DEBUG Engine               - isPreserveResizeRatio: false
17:02:36.595 [FXGL Background Thread 3 ] DEBUG Engine               - isProfilingEnabled: false
17:02:36.595 [FXGL Background Thread 3 ] DEBUG Engine               - isScaleAffectedOnResize: true
17:02:36.595 [FXGL Background Thread 3 ] DEBUG Engine               - isSingleStep: false
17:02:36.595 [FXGL Background Thread 3 ] DEBUG Engine               - isUserProfileEnabled: false
17:02:36.595 [FXGL Background Thread 3 ] DEBUG Engine               - isWindows: true
17:02:36.595 [FXGL Background Thread 3 ] DEBUG Engine               - language: ObjectProperty [value: ENGLISH]
17:02:36.595 [FXGL Background Thread 3 ] DEBUG Engine               - menuKey: ESCAPE
17:02:36.595 [FXGL Background Thread 3 ] DEBUG Engine               - mouseSensitivity: 0.2
17:02:36.595 [FXGL Background Thread 3 ] DEBUG Engine               - notificationViewClass: class com.almasb.fxgl.notification.view.XboxNotificationView
17:02:36.595 [FXGL Background Thread 3 ] DEBUG Engine               - pixelsPerMeter: 50.0
17:02:36.595 [FXGL Background Thread 3 ] DEBUG Engine               - platform: WINDOWS
17:02:36.595 [FXGL Background Thread 3 ] DEBUG Engine               - prefHeightProperty: ReadOnlyDoubleProperty [value: 600.0]
17:02:36.595 [FXGL Background Thread 3 ] DEBUG Engine               - prefWidthProperty: ReadOnlyDoubleProperty [value: 800.0]
17:02:36.595 [FXGL Background Thread 3 ] DEBUG Engine               - profileDir: profiles/
17:02:36.595 [FXGL Background Thread 3 ] DEBUG Engine               - profileName: StringProperty [value: DEFAULT]
17:02:36.595 [FXGL Background Thread 3 ] DEBUG Engine               - randomSeed: -1
17:02:36.595 [FXGL Background Thread 3 ] DEBUG Engine               - runtimeInfo: RuntimeInfo(platform=WINDOWS, version=17.2, build=20.08.2022 16.50)
17:02:36.595 [FXGL Background Thread 3 ] DEBUG Engine               - saveFileExt: sav
17:02:36.595 [FXGL Background Thread 3 ] DEBUG Engine               - scaledHeightProp$fxgl: DoubleProperty [bound, value: 600.0]
17:02:36.595 [FXGL Background Thread 3 ] DEBUG Engine               - scaledWidthProp$fxgl: DoubleProperty [bound, value: 800.0]
17:02:36.595 [FXGL Background Thread 3 ] DEBUG Engine               - sceneFactory: org.example.GameMenu$1@d23ac75
17:02:36.595 [FXGL Background Thread 3 ] DEBUG Engine               - secondsIn24h: 60
17:02:36.595 [FXGL Background Thread 3 ] DEBUG Engine               - soundMenuBack: menu/back.wav
17:02:36.595 [FXGL Background Thread 3 ] DEBUG Engine               - soundMenuPress: menu/press.wav
17:02:36.595 [FXGL Background Thread 3 ] DEBUG Engine               - soundMenuSelect: menu/select.wav
17:02:36.595 [FXGL Background Thread 3 ] DEBUG Engine               - soundNotification: core/notification.wav
17:02:36.595 [FXGL Background Thread 3 ] DEBUG Engine               - stageStyle: DECORATED
17:02:36.596 [FXGL Background Thread 3 ] DEBUG Engine               - supportedLanguages: [ENGLISH, FRENCH, GERMAN, HUNGARIAN, RUSSIAN]
17:02:36.596 [FXGL Background Thread 3 ] DEBUG Engine               - ticksPerSecond: -1
17:02:36.596 [FXGL Background Thread 3 ] DEBUG Engine               - title: Untitled
17:02:36.596 [FXGL Background Thread 3 ] DEBUG Engine               - urlGithub: https://github.com/AlmasB/FXGL
17:02:36.596 [FXGL Background Thread 3 ] DEBUG Engine               - urlLeaderboard: http://fxgl-top.herokuapp.com/
17:02:36.596 [FXGL Background Thread 3 ] DEBUG Engine               - urlPOM: https://raw.githubusercontent.com/AlmasB/FXGL/release/README.md
17:02:36.596 [FXGL Background Thread 3 ] DEBUG Engine               - userAppClass: class org.example.GameMenu
17:02:36.596 [FXGL Background Thread 3 ] DEBUG Engine               - version: 0.0
17:02:36.596 [FXGL Background Thread 3 ] DEBUG Engine               - versionCheckDays: 7
17:02:36.596 [FXGL Background Thread 3 ] DEBUG Engine               - width: 800
17:02:36.596 [FXGL Background Thread 3 ] DEBUG Engine               - Logging services
17:02:36.596 [FXGL Background Thread 3 ] DEBUG Engine               - class com.almasb.fxgl.app.services.FXGLAssetLoaderService
17:02:36.596 [FXGL Background Thread 3 ] DEBUG Engine               - class com.almasb.fxgl.app.FXGLApplication$GameApplicationService
17:02:36.596 [FXGL Background Thread 3 ] DEBUG Engine               - class com.almasb.fxgl.app.services.FXGLDialogService
17:02:36.596 [FXGL Background Thread 3 ] DEBUG Engine               - class com.almasb.fxgl.app.services.IOTaskExecutorService
17:02:36.596 [FXGL Background Thread 3 ] DEBUG Engine               - class com.almasb.fxgl.io.FileSystemService
17:02:36.596 [FXGL Background Thread 3 ] DEBUG Engine               - class com.almasb.fxgl.localization.LocalizationService
17:02:36.596 [FXGL Background Thread 3 ] DEBUG Engine               - class com.almasb.fxgl.app.services.SystemBundleService
17:02:36.596 [FXGL Background Thread 3 ] DEBUG Engine               - class com.almasb.fxgl.profile.SaveLoadService
17:02:36.596 [FXGL Background Thread 3 ] DEBUG Engine               - class com.almasb.fxgl.ui.FXGLUIFactoryServiceProvider
17:02:36.596 [FXGL Background Thread 3 ] DEBUG Engine               - class com.almasb.fxgl.ui.FXGLDialogFactoryServiceProvider
17:02:36.596 [FXGL Background Thread 3 ] DEBUG Engine               - class com.almasb.fxgl.audio.AudioPlayer
17:02:36.596 [FXGL Background Thread 3 ] DEBUG Engine               - class com.almasb.fxgl.notification.impl.NotificationServiceProvider
17:02:36.596 [FXGL Background Thread 3 ] DEBUG Engine               - class com.almasb.fxgl.achievement.AchievementService
17:02:36.596 [FXGL Background Thread 3 ] DEBUG Engine               - class com.almasb.fxgl.cutscene.CutsceneService
17:02:36.596 [FXGL Background Thread 3 ] DEBUG Engine               - class com.almasb.fxgl.minigames.MiniGameService
17:02:36.596 [FXGL Background Thread 3 ] DEBUG Engine               - class com.almasb.fxgl.net.NetService
17:02:36.596 [FXGL Background Thread 3 ] DEBUG Engine               - class com.almasb.fxgl.app.services.UpdaterService
17:02:36.596 [FXGL Background Thread 3 ] DEBUG Engine               - class com.almasb.fxgl.dev.DevService
17:02:36.904 [JavaFX Application Thread] DEBUG PrimaryStageWindow   - Push state: MyPauseMenu
17:02:36.905 [JavaFX Application Thread] DEBUG Input                - Clearing active input actions
17:02:36.905 [JavaFX Application Thread] DEBUG GameApplicationServi - Removing overlay from GameScene and adding to MyPauseMenu
17:02:36.906 [JavaFX Application Thread] DEBUG PrimaryStageWindow   - GameScene -> MyPauseMenu
17:02:38.879 [JavaFX Application Thread] DEBUG FXGLApplication      - Exiting FXGL
17:02:38.879 [JavaFX Application Thread] DEBUG LoopRunner           - Stopping loop
17:02:38.879 [JavaFX Application Thread] DEBUG SystemBundleService  - Saving FXGL system data
17:02:38.883 [JavaFX Application Thread] DEBUG FileSystemAccess     - Writing to: C:\Users\yibo\IdeaProjects\russs\system\fxgl.bundle
17:02:38.885 [JavaFX Application Thread] DEBUG Async                - Shutting down background threads
17:02:38.885 [JavaFX Application Thread] DEBUG PrimaryStageWindow   - Closing main window
17:02:38.897 [JavaFX Application Thread] DEBUG Logger               - Closing Logger
