22:03:47.902 [main                     ] DEBUG Logger               - Configured Logger
22:03:47.920 [main                     ] DEBUG GameApplication      - Logging settings
Title: chicken fly
Version: 0.0
Width: 1280
Height: 720
Fullscreen: false
Intro: false
Profiling: false
Single step:false
App Mode: DEVELOPER
Menu Key: ESCAPE
Stage Style: DECORATED
Scene Factory: class org.example.Menu.GameMenu$MySceneFactory

22:03:48.197 [JavaFX Application Thread] DEBUG FXGLApplication      - Initializing FXGL
22:03:48.201 [JavaFX Application Thread] INFO  Engine               - FXGL-17.2 (20.08.2022 16.50) on WINDOWS (J:17.0.5 FX:18)
22:03:48.201 [JavaFX Application Thread] DEBUG Engine               - JRE Vendor Name: Eclipse Adoptium
22:03:48.201 [JavaFX Application Thread] DEBUG Engine               - Running on OS: Windows 11 version 10.0
22:03:48.201 [JavaFX Application Thread] DEBUG Engine               - Architecture: amd64
22:03:48.201 [JavaFX Application Thread] INFO  Engine               - Source code and latest versions at: https://github.com/AlmasB/FXGL
22:03:48.201 [JavaFX Application Thread] INFO  Engine               -       Ask questions and discuss at: https://github.com/AlmasB/FXGL/discussions
22:03:48.201 [JavaFX Application Thread] INFO  Engine               -              Join the FXGL chat at: https://gitter.im/AlmasB/FXGL
22:03:48.263 [JavaFX Application Thread] DEBUG PrimaryStageWindow   - Creating a JavaFX scene
22:03:48.289 [JavaFX Application Thread] DEBUG PrimaryStageWindow   - Target settings size: 1280.0 x 720.0
22:03:48.289 [JavaFX Application Thread] DEBUG PrimaryStageWindow   - Scaled scene size:    1280.0 x 720.0
22:03:48.289 [JavaFX Application Thread] DEBUG PrimaryStageWindow   - Scaled ratio: (1.0, 1.0)
22:03:48.290 [JavaFX Application Thread] DEBUG PrimaryStageWindow   - Set initial scene to FXGLStartupScene
22:03:48.294 [JavaFX Application Thread] DEBUG PrimaryStageWindow   - Opening main window
22:03:48.345 [JavaFX Application Thread] DEBUG PrimaryStageWindow   - Window border size: (14.4000244140625, 37.5999755859375)
22:03:48.345 [JavaFX Application Thread] DEBUG PrimaryStageWindow   - Scaled size: 1280.0 x 720.0
22:03:48.346 [JavaFX Application Thread] DEBUG PrimaryStageWindow   - Scaled ratio: (1.0, 1.0)
22:03:48.346 [JavaFX Application Thread] DEBUG PrimaryStageWindow   - Scene size: 1280.0 x 720.0
22:03:48.346 [JavaFX Application Thread] DEBUG PrimaryStageWindow   - Stage size: 1294.4000244140625 x 757.5999755859375
22:03:48.350 [FXGL Background Thread 1 ] DEBUG Engine               - Initializing environment variables
22:03:48.372 [FXGL Background Thread 1 ] DEBUG FXGLAssetLoaderServi - User app class for loading assets: class org.example.Main
22:03:48.372 [FXGL Background Thread 1 ] DEBUG GameApplicationServi - Applying CSS: fxgl_dark.css
22:03:48.372 [FXGL Background Thread 1 ] DEBUG FXGLAssetLoaderServi - Loading from file system: jar:file:/C:/Users/yibo/.m2/repository/com/github/almasb/fxgl/17.2/fxgl-17.2.jar!/fxglassets/ui/css/fxgl_dark.css
22:03:48.398 [FXGL Background Thread 1 ] DEBUG GameApplicationServi - Initializing application scenes
22:03:48.436 [FXGL Background Thread 1 ] DEBUG GameWorld            - Game world initialized
22:03:48.469 [FXGL Background Thread 1 ] DEBUG PhysicsWorld         - Physics world initialized: appHeight=720, physics.ppm=50.0
22:03:48.469 [FXGL Background Thread 1 ] DEBUG PhysicsWorld         - Using strategy: BRUTE_FORCE
22:03:48.471 [FXGL Background Thread 1 ] DEBUG GameScene            - Game scene initialized: 1280x720
22:03:48.518 [FXGL Background Thread 1 ] DEBUG GameApplicationServi - Application scenes initialized
22:03:48.527 [FXGL Background Thread 1 ] DEBUG SystemBundleService  - Loading FXGL system data
22:03:48.531 [FXGL Background Thread 1 ] DEBUG FileSystemAccess     - Reading from: C:\Users\yibo\IdeaProjects\russs\system\fxgl.bundle
22:03:48.536 [FXGL Background Thread 1 ] DEBUG SystemBundleService  - Bundle FXGL: {}
22:03:48.536 [FXGL Background Thread 1 ] DEBUG UpdaterService       - Checking for updates
22:03:48.542 [FXGL Background Thread 4 ] DEBUG FXGLApplication      - Loading fonts
22:03:48.542 [FXGL Background Thread 4 ] DEBUG FXGLAssetLoaderServi - Loading from file system: jar:file:/C:/Users/yibo/.m2/repository/com/github/almasb/fxgl/17.2/fxgl-17.2.jar!/fxglassets/ui/fonts/VarelaRound-Regular.ttf
22:03:48.542 [FXGL Background Thread 1 ] DEBUG FXGLApplication      - Loading default localization
22:03:48.543 [FXGL Background Thread 1 ] DEBUG FXGLAssetLoaderServi - Loading from file system: jar:file:/C:/Users/yibo/.m2/repository/com/github/almasb/fxgl/17.2/fxgl-17.2.jar!/fxglassets/languages/english.lang
22:03:48.568 [FXGL Background Thread 1 ] INFO  FXGLApplication      - FXGL initialization took: 0.217 sec
22:03:48.575 [JavaFX Application Thread] DEBUG Input                - Registered new binding: Jump - W
22:03:48.576 [JavaFX Application Thread] DEBUG Input                - Registered new binding: forward - D
22:03:48.576 [JavaFX Application Thread] DEBUG Input                - Registered new binding: backward - A
22:03:48.576 [JavaFX Application Thread] DEBUG Input                - Registered new binding: exit - F1
22:03:48.577 [FXGL Background Thread 4 ] DEBUG FXGLAssetLoaderServi - Loading from file system: jar:file:/C:/Users/yibo/.m2/repository/com/github/almasb/fxgl/17.2/fxgl-17.2.jar!/fxglassets/ui/fonts/Abel-Regular.ttf
22:03:48.577 [JavaFX Application Thread] DEBUG Input                - Registered new binding: fire - LMB
22:03:48.577 [JavaFX Application Thread] DEBUG FXGLAssetLoaderServi - Loading from file system: jar:file:/C:/Users/yibo/.m2/repository/com/github/almasb/fxgl/17.2/fxgl-17.2.jar!/fxglassets/textures/fxgl_icon.png
22:03:48.580 [FXGL Background Thread 4 ] DEBUG FXGLAssetLoaderServi - Loading from file system: jar:file:/C:/Users/yibo/.m2/repository/com/github/almasb/fxgl/17.2/fxgl-17.2.jar!/fxglassets/ui/fonts/TerminalLandMono-Regular.otf
22:03:48.582 [FXGL Background Thread 4 ] DEBUG FXGLAssetLoaderServi - Loading from file system: jar:file:/C:/Users/yibo/.m2/repository/com/github/almasb/fxgl/17.2/fxgl-17.2.jar!/fxglassets/ui/fonts/Courier-Prime.ttf
22:03:48.601 [JavaFX Application Thread] DEBUG FXGLAssetLoaderServi - Loading from file system: jar:file:/C:/Users/yibo/.m2/repository/com/github/almasb/fxgl/17.2/fxgl-17.2.jar!/fxglassets/textures/fxgl_default_cursor.png
22:03:48.603 [JavaFX Application Thread] DEBUG Input                - Registered new binding: Screenshot - CTRL+8
22:03:48.603 [JavaFX Application Thread] DEBUG Input                - Registered new binding: System info dump - CTRL+9
22:03:48.604 [JavaFX Application Thread] DEBUG Input                - Registered new binding: Restart - CTRL+R
22:03:48.604 [JavaFX Application Thread] DEBUG Input                - Registered new binding: Toggle Debug Camera - CTRL+7
22:03:48.606 [JavaFX Application Thread] DEBUG LoopRunner           - Starting loop
22:03:48.606 [JavaFX Application Thread] DEBUG LoopRunner           - Initializing JavaFX AnimationTimerLoop
22:03:48.607 [JavaFX Application Thread] DEBUG Input                - Clearing active input actions
22:03:48.611 [JavaFX Application Thread] DEBUG GameApplicationServi - Removing overlay from FXGLStartupScene and adding to FXGLMainMenuDummyScene
22:03:48.611 [JavaFX Application Thread] DEBUG PrimaryStageWindow   - FXGLStartupScene -> FXGLMainMenuDummyScene
22:03:48.611 [JavaFX Application Thread] DEBUG PrimaryStageWindow   - Push state: MyMainMenu
22:03:48.612 [JavaFX Application Thread] DEBUG Input                - Clearing active input actions
22:03:48.619 [JavaFX Application Thread] DEBUG GameApplicationServi - Removing overlay from FXGLMainMenuDummyScene and adding to MyMainMenu
22:03:48.619 [JavaFX Application Thread] DEBUG PrimaryStageWindow   - FXGLMainMenuDummyScene -> MyMainMenu
22:03:48.620 [JavaFX Application Thread] DEBUG FXGLApplication      - Registering font factories with UI factory
22:03:49.261 [FXGL Background Thread 2 ] INFO  UpdaterService       - Your current version:  17.2
22:03:49.261 [FXGL Background Thread 2 ] INFO  UpdaterService       - Latest stable version: 17.3
22:03:51.540 [FXGL Background Thread 3 ] DEBUG Engine               - Logging environment variables
22:03:51.541 [FXGL Background Thread 3 ] DEBUG Engine               - achievements: []
22:03:51.541 [FXGL Background Thread 3 ] DEBUG Engine               - actualHeight: 720.0
22:03:51.541 [FXGL Background Thread 3 ] DEBUG Engine               - actualHeightProperty: ReadOnlyDoubleProperty [value: 720.0]
22:03:51.541 [FXGL Background Thread 3 ] DEBUG Engine               - actualWidth: 1280.0
22:03:51.541 [FXGL Background Thread 3 ] DEBUG Engine               - actualWidthProperty: ReadOnlyDoubleProperty [value: 1280.0]
22:03:51.541 [FXGL Background Thread 3 ] DEBUG Engine               - appIcon: fxgl_icon.png
22:03:51.541 [FXGL Background Thread 3 ] DEBUG Engine               - applicationMode: DEVELOPER
22:03:51.541 [FXGL Background Thread 3 ] DEBUG Engine               - cSSList: [fxgl_dark.css]
22:03:51.542 [FXGL Background Thread 3 ] DEBUG Engine               - collisionDetectionStrategy: BRUTE_FORCE
22:03:51.542 [FXGL Background Thread 3 ] DEBUG Engine               - configClass: Optional.empty
22:03:51.542 [FXGL Background Thread 3 ] DEBUG Engine               - credits: []
22:03:51.543 [FXGL Background Thread 3 ] DEBUG Engine               - defaultCursor: CursorInfo(imageName=fxgl_default_cursor.png, hotspotX=7.0, hotspotY=6.0)
22:03:51.544 [FXGL Background Thread 3 ] DEBUG Engine               - devBBoxColorProperty: ObjectProperty [value: 0xff0000ff]
22:03:51.544 [FXGL Background Thread 3 ] DEBUG Engine               - devEnableDebugCameraProperty: BooleanProperty [value: false]
22:03:51.544 [FXGL Background Thread 3 ] DEBUG Engine               - devSensorColorProperty: ObjectProperty [value: 0xffff00ff]
22:03:51.544 [FXGL Background Thread 3 ] DEBUG Engine               - devShowBBoxProperty: BooleanProperty [value: false]
22:03:51.544 [FXGL Background Thread 3 ] DEBUG Engine               - devShowPositionProperty: BooleanProperty [value: false]
22:03:51.544 [FXGL Background Thread 3 ] DEBUG Engine               - enabledMenuItems: []
22:03:51.544 [FXGL Background Thread 3 ] DEBUG Engine               - engineServices: [class com.almasb.fxgl.app.services.FXGLAssetLoaderService, class com.almasb.fxgl.app.FXGLApplication$GameApplicationService, class com.almasb.fxgl.app.services.FXGLDialogService, class com.almasb.fxgl.app.services.IOTaskExecutorService, class com.almasb.fxgl.io.FileSystemService, class com.almasb.fxgl.localization.LocalizationService, class com.almasb.fxgl.app.services.SystemBundleService, class com.almasb.fxgl.profile.SaveLoadService, class com.almasb.fxgl.ui.FXGLUIFactoryServiceProvider, class com.almasb.fxgl.ui.FXGLDialogFactoryServiceProvider, class com.almasb.fxgl.audio.AudioPlayer, class com.almasb.fxgl.notification.impl.NotificationServiceProvider, class com.almasb.fxgl.achievement.AchievementService, class com.almasb.fxgl.cutscene.CutsceneService, class com.almasb.fxgl.minigames.MiniGameService, class com.almasb.fxgl.net.NetService, class com.almasb.fxgl.app.services.UpdaterService, class com.almasb.fxgl.dev.DevService]
22:03:51.544 [FXGL Background Thread 3 ] DEBUG Engine               - fontGame: Abel-Regular.ttf
22:03:51.544 [FXGL Background Thread 3 ] DEBUG Engine               - fontMono: TerminalLandMono-Regular.otf
22:03:51.544 [FXGL Background Thread 3 ] DEBUG Engine               - fontText: Courier-Prime.ttf
22:03:51.544 [FXGL Background Thread 3 ] DEBUG Engine               - fontUI: VarelaRound-Regular.ttf
22:03:51.544 [FXGL Background Thread 3 ] DEBUG Engine               - fullScreen: BooleanProperty [value: false]
22:03:51.544 [FXGL Background Thread 3 ] DEBUG Engine               - gameDifficulty: MEDIUM
22:03:51.544 [FXGL Background Thread 3 ] DEBUG Engine               - gameDifficultyProperty: ObjectProperty [value: MEDIUM]
22:03:51.544 [FXGL Background Thread 3 ] DEBUG Engine               - globalMusicVolume: 0.5
22:03:51.545 [FXGL Background Thread 3 ] DEBUG Engine               - globalMusicVolumeProperty: DoubleProperty [value: 0.5]
22:03:51.545 [FXGL Background Thread 3 ] DEBUG Engine               - globalSoundVolume: 0.5
22:03:51.545 [FXGL Background Thread 3 ] DEBUG Engine               - globalSoundVolumeProperty: DoubleProperty [value: 0.5]
22:03:51.545 [FXGL Background Thread 3 ] DEBUG Engine               - height: 720
22:03:51.545 [FXGL Background Thread 3 ] DEBUG Engine               - is3D: false
22:03:51.545 [FXGL Background Thread 3 ] DEBUG Engine               - isAndroid: false
22:03:51.545 [FXGL Background Thread 3 ] DEBUG Engine               - isBrowser: false
22:03:51.545 [FXGL Background Thread 3 ] DEBUG Engine               - isClickFeedbackEnabled: false
22:03:51.545 [FXGL Background Thread 3 ] DEBUG Engine               - isCloseConfirmation: false
22:03:51.545 [FXGL Background Thread 3 ] DEBUG Engine               - isDesktop: true
22:03:51.545 [FXGL Background Thread 3 ] DEBUG Engine               - isDeveloperMenuEnabled: false
22:03:51.545 [FXGL Background Thread 3 ] DEBUG Engine               - isEmbedded: false
22:03:51.545 [FXGL Background Thread 3 ] DEBUG Engine               - isEntityPreloadEnabled: true
22:03:51.545 [FXGL Background Thread 3 ] DEBUG Engine               - isExperimentalTiledLargeMap: false
22:03:51.545 [FXGL Background Thread 3 ] DEBUG Engine               - isFileSystemWriteAllowed: true
22:03:51.545 [FXGL Background Thread 3 ] DEBUG Engine               - isFullScreenAllowed: false
22:03:51.545 [FXGL Background Thread 3 ] DEBUG Engine               - isFullScreenFromStart: false
22:03:51.545 [FXGL Background Thread 3 ] DEBUG Engine               - isGameMenuEnabled: true
22:03:51.546 [FXGL Background Thread 3 ] DEBUG Engine               - isIOS: false
22:03:51.546 [FXGL Background Thread 3 ] DEBUG Engine               - isIntroEnabled: false
22:03:51.546 [FXGL Background Thread 3 ] DEBUG Engine               - isLinux: false
22:03:51.546 [FXGL Background Thread 3 ] DEBUG Engine               - isMac: false
22:03:51.546 [FXGL Background Thread 3 ] DEBUG Engine               - isMainMenuEnabled: true
22:03:51.546 [FXGL Background Thread 3 ] DEBUG Engine               - isManualResizeEnabled: false
22:03:51.546 [FXGL Background Thread 3 ] DEBUG Engine               - isMobile: false
22:03:51.546 [FXGL Background Thread 3 ] DEBUG Engine               - isNative: false
22:03:51.546 [FXGL Background Thread 3 ] DEBUG Engine               - isPauseMusicWhenMinimized: true
22:03:51.546 [FXGL Background Thread 3 ] DEBUG Engine               - isPreserveResizeRatio: false
22:03:51.546 [FXGL Background Thread 3 ] DEBUG Engine               - isProfilingEnabled: false
22:03:51.546 [FXGL Background Thread 3 ] DEBUG Engine               - isScaleAffectedOnResize: true
22:03:51.546 [FXGL Background Thread 3 ] DEBUG Engine               - isSingleStep: false
22:03:51.546 [FXGL Background Thread 3 ] DEBUG Engine               - isUserProfileEnabled: false
22:03:51.546 [FXGL Background Thread 3 ] DEBUG Engine               - isWindows: true
22:03:51.546 [FXGL Background Thread 3 ] DEBUG Engine               - language: ObjectProperty [value: ENGLISH]
22:03:51.546 [FXGL Background Thread 3 ] DEBUG Engine               - menuKey: ESCAPE
22:03:51.546 [FXGL Background Thread 3 ] DEBUG Engine               - mouseSensitivity: 0.2
22:03:51.546 [FXGL Background Thread 3 ] DEBUG Engine               - notificationViewClass: class com.almasb.fxgl.notification.view.XboxNotificationView
22:03:51.546 [FXGL Background Thread 3 ] DEBUG Engine               - pixelsPerMeter: 50.0
22:03:51.547 [FXGL Background Thread 3 ] DEBUG Engine               - platform: WINDOWS
22:03:51.547 [FXGL Background Thread 3 ] DEBUG Engine               - prefHeightProperty: ReadOnlyDoubleProperty [value: 720.0]
22:03:51.547 [FXGL Background Thread 3 ] DEBUG Engine               - prefWidthProperty: ReadOnlyDoubleProperty [value: 1280.0]
22:03:51.547 [FXGL Background Thread 3 ] DEBUG Engine               - profileDir: profiles/
22:03:51.547 [FXGL Background Thread 3 ] DEBUG Engine               - profileName: StringProperty [value: DEFAULT]
22:03:51.547 [FXGL Background Thread 3 ] DEBUG Engine               - randomSeed: -1
22:03:51.548 [FXGL Background Thread 3 ] DEBUG Engine               - runtimeInfo: RuntimeInfo(platform=WINDOWS, version=17.2, build=20.08.2022 16.50)
22:03:51.548 [FXGL Background Thread 3 ] DEBUG Engine               - saveFileExt: sav
22:03:51.548 [FXGL Background Thread 3 ] DEBUG Engine               - scaledHeightProp$fxgl: DoubleProperty [bound, value: 720.0]
22:03:51.548 [FXGL Background Thread 3 ] DEBUG Engine               - scaledWidthProp$fxgl: DoubleProperty [bound, value: 1280.0]
22:03:51.548 [FXGL Background Thread 3 ] DEBUG Engine               - sceneFactory: org.example.Menu.GameMenu$MySceneFactory@7f1bda68
22:03:51.548 [FXGL Background Thread 3 ] DEBUG Engine               - secondsIn24h: 60
22:03:51.548 [FXGL Background Thread 3 ] DEBUG Engine               - soundMenuBack: menu/back.wav
22:03:51.548 [FXGL Background Thread 3 ] DEBUG Engine               - soundMenuPress: menu/press.wav
22:03:51.548 [FXGL Background Thread 3 ] DEBUG Engine               - soundMenuSelect: menu/select.wav
22:03:51.548 [FXGL Background Thread 3 ] DEBUG Engine               - soundNotification: core/notification.wav
22:03:51.548 [FXGL Background Thread 3 ] DEBUG Engine               - stageStyle: DECORATED
22:03:51.548 [FXGL Background Thread 3 ] DEBUG Engine               - supportedLanguages: [ENGLISH, FRENCH, GERMAN, HUNGARIAN, RUSSIAN]
22:03:51.548 [FXGL Background Thread 3 ] DEBUG Engine               - ticksPerSecond: -1
22:03:51.548 [FXGL Background Thread 3 ] DEBUG Engine               - title: chicken fly
22:03:51.548 [FXGL Background Thread 3 ] DEBUG Engine               - urlGithub: https://github.com/AlmasB/FXGL
22:03:51.548 [FXGL Background Thread 3 ] DEBUG Engine               - urlLeaderboard: http://fxgl-top.herokuapp.com/
22:03:51.548 [FXGL Background Thread 3 ] DEBUG Engine               - urlPOM: https://raw.githubusercontent.com/AlmasB/FXGL/release/README.md
22:03:51.548 [FXGL Background Thread 3 ] DEBUG Engine               - userAppClass: class org.example.Main
22:03:51.548 [FXGL Background Thread 3 ] DEBUG Engine               - version: 0.0
22:03:51.548 [FXGL Background Thread 3 ] DEBUG Engine               - versionCheckDays: 7
22:03:51.548 [FXGL Background Thread 3 ] DEBUG Engine               - width: 1280
22:03:51.548 [FXGL Background Thread 3 ] DEBUG Engine               - Logging services
22:03:51.548 [FXGL Background Thread 3 ] DEBUG Engine               - class com.almasb.fxgl.app.services.FXGLAssetLoaderService
22:03:51.548 [FXGL Background Thread 3 ] DEBUG Engine               - class com.almasb.fxgl.app.FXGLApplication$GameApplicationService
22:03:51.548 [FXGL Background Thread 3 ] DEBUG Engine               - class com.almasb.fxgl.app.services.FXGLDialogService
22:03:51.548 [FXGL Background Thread 3 ] DEBUG Engine               - class com.almasb.fxgl.app.services.IOTaskExecutorService
22:03:51.548 [FXGL Background Thread 3 ] DEBUG Engine               - class com.almasb.fxgl.io.FileSystemService
22:03:51.548 [FXGL Background Thread 3 ] DEBUG Engine               - class com.almasb.fxgl.localization.LocalizationService
22:03:51.548 [FXGL Background Thread 3 ] DEBUG Engine               - class com.almasb.fxgl.app.services.SystemBundleService
22:03:51.548 [FXGL Background Thread 3 ] DEBUG Engine               - class com.almasb.fxgl.profile.SaveLoadService
22:03:51.548 [FXGL Background Thread 3 ] DEBUG Engine               - class com.almasb.fxgl.ui.FXGLUIFactoryServiceProvider
22:03:51.549 [FXGL Background Thread 3 ] DEBUG Engine               - class com.almasb.fxgl.ui.FXGLDialogFactoryServiceProvider
22:03:51.549 [FXGL Background Thread 3 ] DEBUG Engine               - class com.almasb.fxgl.audio.AudioPlayer
22:03:51.549 [FXGL Background Thread 3 ] DEBUG Engine               - class com.almasb.fxgl.notification.impl.NotificationServiceProvider
22:03:51.549 [FXGL Background Thread 3 ] DEBUG Engine               - class com.almasb.fxgl.achievement.AchievementService
22:03:51.549 [FXGL Background Thread 3 ] DEBUG Engine               - class com.almasb.fxgl.cutscene.CutsceneService
22:03:51.549 [FXGL Background Thread 3 ] DEBUG Engine               - class com.almasb.fxgl.minigames.MiniGameService
22:03:51.549 [FXGL Background Thread 3 ] DEBUG Engine               - class com.almasb.fxgl.net.NetService
22:03:51.549 [FXGL Background Thread 3 ] DEBUG Engine               - class com.almasb.fxgl.app.services.UpdaterService
22:03:51.549 [FXGL Background Thread 3 ] DEBUG Engine               - class com.almasb.fxgl.dev.DevService
22:03:56.083 [JavaFX Application Thread] DEBUG Menu                 - fireNewGame()
22:03:56.083 [JavaFX Application Thread] DEBUG GameApplicationServi - Starting new game
22:03:56.084 [JavaFX Application Thread] DEBUG PrimaryStageWindow   - Pop state: MyMainMenu
22:03:56.084 [JavaFX Application Thread] DEBUG Input                - Clearing active input actions
22:03:56.084 [JavaFX Application Thread] DEBUG GameApplicationServi - Removing overlay from MyMainMenu and adding to FXGLMainMenuDummyScene
22:03:56.085 [JavaFX Application Thread] DEBUG PrimaryStageWindow   - FXGLMainMenuDummyScene <- MyMainMenu
22:03:56.085 [JavaFX Application Thread] DEBUG Input                - Clearing active input actions
22:03:56.089 [JavaFX Application Thread] DEBUG GameApplicationServi - Removing overlay from FXGLMainMenuDummyScene and adding to FXGLLoadingScene
22:03:56.089 [JavaFX Application Thread] DEBUG PrimaryStageWindow   - FXGLMainMenuDummyScene -> FXGLLoadingScene
22:03:56.089 [JavaFX Application Thread] DEBUG GameApplicationServi - Clearing previous game
22:03:56.089 [JavaFX Application Thread] DEBUG GameScene            - Clearing game scene
22:03:56.089 [JavaFX Application Thread] DEBUG GameWorld            - Clearing game world
22:03:56.089 [JavaFX Application Thread] DEBUG PhysicsWorld         - Clearing physics world
22:03:56.090 [FXGL Background Thread 2 ] DEBUG FXGLApplication      - Initializing game
22:03:56.099 [FXGL Background Thread 2 ] DEBUG FXGLAssetLoaderServi - Loading from file system: file:/C:/Users/yibo/IdeaProjects/russs/target/classes/assets/textures/ikun3.jpg
22:03:56.112 [FXGL Background Thread 2 ] INFO  FXGLApplication      - Game initialization took: 0.022 sec
22:03:56.122 [JavaFX Application Thread] DEBUG Input                - Clearing active input actions
22:03:56.126 [JavaFX Application Thread] DEBUG GameApplicationServi - Removing overlay from FXGLLoadingScene and adding to GameScene
22:03:56.126 [JavaFX Application Thread] DEBUG PrimaryStageWindow   - FXGLLoadingScene -> GameScene
22:03:57.054 [JavaFX Application Thread] DEBUG FXGLAssetLoaderServi - Loading from file system: file:/C:/Users/yibo/IdeaProjects/russs/target/classes/assets/textures/chicken.jpg
22:03:57.056 [JavaFX Application Thread] DEBUG FXGLAssetLoaderServi - Loading from file system: file:/C:/Users/yibo/IdeaProjects/russs/target/classes/assets/textures/basketball.jpg
22:04:12.129 [JavaFX Application Thread] DEBUG PrimaryStageWindow   - Push state: DialogSubScene
22:04:12.129 [JavaFX Application Thread] DEBUG Input                - Clearing active input actions
22:04:12.129 [JavaFX Application Thread] DEBUG GameApplicationServi - Removing overlay from GameScene and adding to DialogSubScene
22:04:12.129 [JavaFX Application Thread] DEBUG PrimaryStageWindow   - GameScene -> DialogSubScene
22:04:13.371 [JavaFX Application Thread] DEBUG PrimaryStageWindow   - Pop state: DialogSubScene
22:04:13.371 [JavaFX Application Thread] DEBUG Input                - Clearing active input actions
22:04:13.372 [JavaFX Application Thread] DEBUG GameApplicationServi - Removing overlay from DialogSubScene and adding to GameScene
22:04:13.372 [JavaFX Application Thread] DEBUG PrimaryStageWindow   - GameScene <- DialogSubScene
22:04:13.783 [JavaFX Application Thread] DEBUG Input                - Clearing active input actions
22:04:13.786 [JavaFX Application Thread] DEBUG GameApplicationServi - Removing overlay from GameScene and adding to FXGLMainMenuDummyScene
22:04:13.786 [JavaFX Application Thread] DEBUG PrimaryStageWindow   - GameScene -> FXGLMainMenuDummyScene
22:04:13.786 [JavaFX Application Thread] DEBUG PrimaryStageWindow   - Push state: MyMainMenu
22:04:13.786 [JavaFX Application Thread] DEBUG Input                - Clearing active input actions
22:04:13.788 [JavaFX Application Thread] DEBUG GameApplicationServi - Removing overlay from FXGLMainMenuDummyScene and adding to MyMainMenu
22:04:13.788 [JavaFX Application Thread] DEBUG PrimaryStageWindow   - FXGLMainMenuDummyScene -> MyMainMenu
22:04:18.244 [JavaFX Application Thread] DEBUG Menu                 - fireNewGame()
22:04:18.245 [JavaFX Application Thread] DEBUG GameApplicationServi - Starting new game
22:04:18.245 [JavaFX Application Thread] DEBUG PrimaryStageWindow   - Pop state: MyMainMenu
22:04:18.245 [JavaFX Application Thread] DEBUG Input                - Clearing active input actions
22:04:18.245 [JavaFX Application Thread] DEBUG GameApplicationServi - Removing overlay from MyMainMenu and adding to FXGLMainMenuDummyScene
22:04:18.245 [JavaFX Application Thread] DEBUG PrimaryStageWindow   - FXGLMainMenuDummyScene <- MyMainMenu
22:04:18.245 [JavaFX Application Thread] DEBUG Input                - Clearing active input actions
22:04:18.251 [JavaFX Application Thread] DEBUG GameApplicationServi - Removing overlay from FXGLMainMenuDummyScene and adding to FXGLLoadingScene
22:04:18.251 [JavaFX Application Thread] DEBUG PrimaryStageWindow   - FXGLMainMenuDummyScene -> FXGLLoadingScene
22:04:18.251 [JavaFX Application Thread] DEBUG GameApplicationServi - Clearing previous game
22:04:18.251 [JavaFX Application Thread] DEBUG GameScene            - Clearing game scene
22:04:18.251 [JavaFX Application Thread] DEBUG GameWorld            - Clearing game world
22:04:18.252 [JavaFX Application Thread] DEBUG PhysicsWorld         - Clearing physics world
22:04:18.252 [FXGL Background Thread 2 ] DEBUG FXGLApplication      - Initializing game
22:04:18.253 [FXGL Background Thread 2 ] INFO  FXGLApplication      - Game initialization took: 0.001 sec
22:04:18.253 [JavaFX Application Thread] DEBUG Input                - Clearing active input actions
22:04:18.255 [JavaFX Application Thread] DEBUG GameApplicationServi - Removing overlay from FXGLLoadingScene and adding to GameScene
22:04:18.255 [JavaFX Application Thread] DEBUG PrimaryStageWindow   - FXGLLoadingScene -> GameScene
22:04:32.152 [JavaFX Application Thread] DEBUG PrimaryStageWindow   - Push state: DialogSubScene
22:04:32.152 [JavaFX Application Thread] DEBUG Input                - Clearing active input actions
22:04:32.153 [JavaFX Application Thread] DEBUG GameApplicationServi - Removing overlay from GameScene and adding to DialogSubScene
22:04:32.153 [JavaFX Application Thread] DEBUG PrimaryStageWindow   - GameScene -> DialogSubScene
22:04:33.221 [JavaFX Application Thread] DEBUG PrimaryStageWindow   - Pop state: DialogSubScene
22:04:33.221 [JavaFX Application Thread] DEBUG Input                - Clearing active input actions
22:04:33.221 [JavaFX Application Thread] DEBUG GameApplicationServi - Removing overlay from DialogSubScene and adding to GameScene
22:04:33.221 [JavaFX Application Thread] DEBUG PrimaryStageWindow   - GameScene <- DialogSubScene
22:04:33.661 [JavaFX Application Thread] DEBUG Input                - Clearing active input actions
22:04:33.664 [JavaFX Application Thread] DEBUG GameApplicationServi - Removing overlay from GameScene and adding to FXGLMainMenuDummyScene
22:04:33.664 [JavaFX Application Thread] DEBUG PrimaryStageWindow   - GameScene -> FXGLMainMenuDummyScene
22:04:33.664 [JavaFX Application Thread] DEBUG PrimaryStageWindow   - Push state: MyMainMenu
22:04:33.664 [JavaFX Application Thread] DEBUG Input                - Clearing active input actions
22:04:33.666 [JavaFX Application Thread] DEBUG GameApplicationServi - Removing overlay from FXGLMainMenuDummyScene and adding to MyMainMenu
22:04:33.666 [JavaFX Application Thread] DEBUG PrimaryStageWindow   - FXGLMainMenuDummyScene -> MyMainMenu
22:04:34.524 [JavaFX Application Thread] DEBUG Menu                 - fireNewGame()
22:04:34.525 [JavaFX Application Thread] DEBUG GameApplicationServi - Starting new game
22:04:34.525 [JavaFX Application Thread] DEBUG PrimaryStageWindow   - Pop state: MyMainMenu
22:04:34.525 [JavaFX Application Thread] DEBUG Input                - Clearing active input actions
22:04:34.525 [JavaFX Application Thread] DEBUG GameApplicationServi - Removing overlay from MyMainMenu and adding to FXGLMainMenuDummyScene
22:04:34.525 [JavaFX Application Thread] DEBUG PrimaryStageWindow   - FXGLMainMenuDummyScene <- MyMainMenu
22:04:34.525 [JavaFX Application Thread] DEBUG Input                - Clearing active input actions
22:04:34.527 [JavaFX Application Thread] DEBUG GameApplicationServi - Removing overlay from FXGLMainMenuDummyScene and adding to FXGLLoadingScene
22:04:34.528 [JavaFX Application Thread] DEBUG PrimaryStageWindow   - FXGLMainMenuDummyScene -> FXGLLoadingScene
22:04:34.528 [JavaFX Application Thread] DEBUG GameApplicationServi - Clearing previous game
22:04:34.528 [JavaFX Application Thread] DEBUG GameScene            - Clearing game scene
22:04:34.528 [JavaFX Application Thread] DEBUG GameWorld            - Clearing game world
22:04:34.528 [JavaFX Application Thread] DEBUG PhysicsWorld         - Clearing physics world
22:04:34.529 [FXGL Background Thread 2 ] DEBUG FXGLApplication      - Initializing game
22:04:34.530 [FXGL Background Thread 2 ] INFO  FXGLApplication      - Game initialization took: 0.001 sec
22:04:34.531 [JavaFX Application Thread] DEBUG Input                - Clearing active input actions
22:04:34.532 [JavaFX Application Thread] DEBUG GameApplicationServi - Removing overlay from FXGLLoadingScene and adding to GameScene
22:04:34.533 [JavaFX Application Thread] DEBUG PrimaryStageWindow   - FXGLLoadingScene -> GameScene
22:04:46.152 [JavaFX Application Thread] DEBUG PrimaryStageWindow   - Push state: DialogSubScene
22:04:46.152 [JavaFX Application Thread] DEBUG Input                - Clearing active input actions
22:04:46.153 [JavaFX Application Thread] DEBUG GameApplicationServi - Removing overlay from GameScene and adding to DialogSubScene
22:04:46.153 [JavaFX Application Thread] DEBUG PrimaryStageWindow   - GameScene -> DialogSubScene
22:04:47.192 [JavaFX Application Thread] DEBUG PrimaryStageWindow   - Pop state: DialogSubScene
22:04:47.192 [JavaFX Application Thread] DEBUG Input                - Clearing active input actions
22:04:47.193 [JavaFX Application Thread] DEBUG GameApplicationServi - Removing overlay from DialogSubScene and adding to GameScene
22:04:47.193 [JavaFX Application Thread] DEBUG PrimaryStageWindow   - GameScene <- DialogSubScene
22:04:47.594 [JavaFX Application Thread] DEBUG Input                - Clearing active input actions
22:04:47.596 [JavaFX Application Thread] DEBUG GameApplicationServi - Removing overlay from GameScene and adding to FXGLMainMenuDummyScene
22:04:47.596 [JavaFX Application Thread] DEBUG PrimaryStageWindow   - GameScene -> FXGLMainMenuDummyScene
22:04:47.596 [JavaFX Application Thread] DEBUG PrimaryStageWindow   - Push state: MyMainMenu
22:04:47.596 [JavaFX Application Thread] DEBUG Input                - Clearing active input actions
22:04:47.597 [JavaFX Application Thread] DEBUG GameApplicationServi - Removing overlay from FXGLMainMenuDummyScene and adding to MyMainMenu
22:04:47.597 [JavaFX Application Thread] DEBUG PrimaryStageWindow   - FXGLMainMenuDummyScene -> MyMainMenu
22:04:48.812 [JavaFX Application Thread] DEBUG Menu                 - fireNewGame()
22:04:48.812 [JavaFX Application Thread] DEBUG GameApplicationServi - Starting new game
22:04:48.812 [JavaFX Application Thread] DEBUG PrimaryStageWindow   - Pop state: MyMainMenu
22:04:48.812 [JavaFX Application Thread] DEBUG Input                - Clearing active input actions
22:04:48.813 [JavaFX Application Thread] DEBUG GameApplicationServi - Removing overlay from MyMainMenu and adding to FXGLMainMenuDummyScene
22:04:48.813 [JavaFX Application Thread] DEBUG PrimaryStageWindow   - FXGLMainMenuDummyScene <- MyMainMenu
22:04:48.813 [JavaFX Application Thread] DEBUG Input                - Clearing active input actions
22:04:48.814 [JavaFX Application Thread] DEBUG GameApplicationServi - Removing overlay from FXGLMainMenuDummyScene and adding to FXGLLoadingScene
22:04:48.814 [JavaFX Application Thread] DEBUG PrimaryStageWindow   - FXGLMainMenuDummyScene -> FXGLLoadingScene
22:04:48.814 [JavaFX Application Thread] DEBUG GameApplicationServi - Clearing previous game
22:04:48.814 [JavaFX Application Thread] DEBUG GameScene            - Clearing game scene
22:04:48.814 [JavaFX Application Thread] DEBUG GameWorld            - Clearing game world
22:04:48.815 [JavaFX Application Thread] DEBUG PhysicsWorld         - Clearing physics world
22:04:48.815 [FXGL Background Thread 2 ] DEBUG FXGLApplication      - Initializing game
22:04:48.816 [FXGL Background Thread 2 ] INFO  FXGLApplication      - Game initialization took: 0.001 sec
22:04:48.816 [JavaFX Application Thread] DEBUG Input                - Clearing active input actions
22:04:48.818 [JavaFX Application Thread] DEBUG GameApplicationServi - Removing overlay from FXGLLoadingScene and adding to GameScene
22:04:48.818 [JavaFX Application Thread] DEBUG PrimaryStageWindow   - FXGLLoadingScene -> GameScene
22:04:57.278 [JavaFX Application Thread] DEBUG PrimaryStageWindow   - Push state: DialogSubScene
22:04:57.278 [JavaFX Application Thread] DEBUG Input                - Clearing active input actions
22:04:57.279 [JavaFX Application Thread] DEBUG GameApplicationServi - Removing overlay from GameScene and adding to DialogSubScene
22:04:57.279 [JavaFX Application Thread] DEBUG PrimaryStageWindow   - GameScene -> DialogSubScene
22:04:58.638 [JavaFX Application Thread] DEBUG PrimaryStageWindow   - Pop state: DialogSubScene
22:04:58.638 [JavaFX Application Thread] DEBUG Input                - Clearing active input actions
22:04:58.639 [JavaFX Application Thread] DEBUG GameApplicationServi - Removing overlay from DialogSubScene and adding to GameScene
22:04:58.639 [JavaFX Application Thread] DEBUG PrimaryStageWindow   - GameScene <- DialogSubScene
22:04:59.012 [JavaFX Application Thread] DEBUG Input                - Clearing active input actions
22:04:59.014 [JavaFX Application Thread] DEBUG GameApplicationServi - Removing overlay from GameScene and adding to FXGLMainMenuDummyScene
22:04:59.015 [JavaFX Application Thread] DEBUG PrimaryStageWindow   - GameScene -> FXGLMainMenuDummyScene
22:04:59.015 [JavaFX Application Thread] DEBUG PrimaryStageWindow   - Push state: MyMainMenu
22:04:59.015 [JavaFX Application Thread] DEBUG Input                - Clearing active input actions
22:04:59.015 [JavaFX Application Thread] DEBUG GameApplicationServi - Removing overlay from FXGLMainMenuDummyScene and adding to MyMainMenu
22:04:59.015 [JavaFX Application Thread] DEBUG PrimaryStageWindow   - FXGLMainMenuDummyScene -> MyMainMenu
22:05:00.125 [JavaFX Application Thread] DEBUG Menu                 - fireNewGame()
22:05:00.125 [JavaFX Application Thread] DEBUG GameApplicationServi - Starting new game
22:05:00.125 [JavaFX Application Thread] DEBUG PrimaryStageWindow   - Pop state: MyMainMenu
22:05:00.125 [JavaFX Application Thread] DEBUG Input                - Clearing active input actions
22:05:00.125 [JavaFX Application Thread] DEBUG GameApplicationServi - Removing overlay from MyMainMenu and adding to FXGLMainMenuDummyScene
22:05:00.125 [JavaFX Application Thread] DEBUG PrimaryStageWindow   - FXGLMainMenuDummyScene <- MyMainMenu
22:05:00.125 [JavaFX Application Thread] DEBUG Input                - Clearing active input actions
22:05:00.128 [JavaFX Application Thread] DEBUG GameApplicationServi - Removing overlay from FXGLMainMenuDummyScene and adding to FXGLLoadingScene
22:05:00.128 [JavaFX Application Thread] DEBUG PrimaryStageWindow   - FXGLMainMenuDummyScene -> FXGLLoadingScene
22:05:00.128 [JavaFX Application Thread] DEBUG GameApplicationServi - Clearing previous game
22:05:00.128 [JavaFX Application Thread] DEBUG GameScene            - Clearing game scene
22:05:00.128 [JavaFX Application Thread] DEBUG GameWorld            - Clearing game world
22:05:00.129 [JavaFX Application Thread] DEBUG PhysicsWorld         - Clearing physics world
22:05:00.129 [FXGL Background Thread 2 ] DEBUG FXGLApplication      - Initializing game
22:05:00.131 [FXGL Background Thread 2 ] INFO  FXGLApplication      - Game initialization took: 0.001 sec
22:05:00.131 [JavaFX Application Thread] DEBUG Input                - Clearing active input actions
22:05:00.132 [JavaFX Application Thread] DEBUG GameApplicationServi - Removing overlay from FXGLLoadingScene and adding to GameScene
22:05:00.132 [JavaFX Application Thread] DEBUG PrimaryStageWindow   - FXGLLoadingScene -> GameScene
22:05:03.341 [JavaFX Application Thread] DEBUG PrimaryStageWindow   - Push state: DialogSubScene
22:05:03.341 [JavaFX Application Thread] DEBUG Input                - Clearing active input actions
22:05:03.341 [JavaFX Application Thread] DEBUG GameApplicationServi - Removing overlay from GameScene and adding to DialogSubScene
22:05:03.341 [JavaFX Application Thread] DEBUG PrimaryStageWindow   - GameScene -> DialogSubScene
22:05:04.882 [JavaFX Application Thread] DEBUG PrimaryStageWindow   - Pop state: DialogSubScene
22:05:04.882 [JavaFX Application Thread] DEBUG Input                - Clearing active input actions
22:05:04.882 [JavaFX Application Thread] DEBUG GameApplicationServi - Removing overlay from DialogSubScene and adding to GameScene
22:05:04.882 [JavaFX Application Thread] DEBUG PrimaryStageWindow   - GameScene <- DialogSubScene
22:05:05.177 [JavaFX Application Thread] DEBUG Input                - Clearing active input actions
22:05:05.178 [JavaFX Application Thread] DEBUG GameApplicationServi - Removing overlay from GameScene and adding to FXGLMainMenuDummyScene
22:05:05.178 [JavaFX Application Thread] DEBUG PrimaryStageWindow   - GameScene -> FXGLMainMenuDummyScene
22:05:05.178 [JavaFX Application Thread] DEBUG PrimaryStageWindow   - Push state: MyMainMenu
22:05:05.178 [JavaFX Application Thread] DEBUG Input                - Clearing active input actions
22:05:05.179 [JavaFX Application Thread] DEBUG GameApplicationServi - Removing overlay from FXGLMainMenuDummyScene and adding to MyMainMenu
22:05:05.179 [JavaFX Application Thread] DEBUG PrimaryStageWindow   - FXGLMainMenuDummyScene -> MyMainMenu
22:05:06.137 [JavaFX Application Thread] DEBUG Menu                 - fireNewGame()
22:05:06.137 [JavaFX Application Thread] DEBUG GameApplicationServi - Starting new game
22:05:06.137 [JavaFX Application Thread] DEBUG PrimaryStageWindow   - Pop state: MyMainMenu
22:05:06.137 [JavaFX Application Thread] DEBUG Input                - Clearing active input actions
22:05:06.138 [JavaFX Application Thread] DEBUG GameApplicationServi - Removing overlay from MyMainMenu and adding to FXGLMainMenuDummyScene
22:05:06.138 [JavaFX Application Thread] DEBUG PrimaryStageWindow   - FXGLMainMenuDummyScene <- MyMainMenu
22:05:06.138 [JavaFX Application Thread] DEBUG Input                - Clearing active input actions
22:05:06.140 [JavaFX Application Thread] DEBUG GameApplicationServi - Removing overlay from FXGLMainMenuDummyScene and adding to FXGLLoadingScene
22:05:06.140 [JavaFX Application Thread] DEBUG PrimaryStageWindow   - FXGLMainMenuDummyScene -> FXGLLoadingScene
22:05:06.140 [JavaFX Application Thread] DEBUG GameApplicationServi - Clearing previous game
22:05:06.140 [JavaFX Application Thread] DEBUG GameScene            - Clearing game scene
22:05:06.140 [JavaFX Application Thread] DEBUG GameWorld            - Clearing game world
22:05:06.141 [JavaFX Application Thread] DEBUG PhysicsWorld         - Clearing physics world
22:05:06.141 [FXGL Background Thread 2 ] DEBUG FXGLApplication      - Initializing game
22:05:06.142 [FXGL Background Thread 2 ] INFO  FXGLApplication      - Game initialization took: 0.001 sec
22:05:06.143 [JavaFX Application Thread] DEBUG Input                - Clearing active input actions
22:05:06.144 [JavaFX Application Thread] DEBUG GameApplicationServi - Removing overlay from FXGLLoadingScene and adding to GameScene
22:05:06.144 [JavaFX Application Thread] DEBUG PrimaryStageWindow   - FXGLLoadingScene -> GameScene
22:05:15.214 [JavaFX Application Thread] DEBUG FXGLAssetLoaderServi - Loading from file system: file:/C:/Users/yibo/IdeaProjects/russs/target/classes/assets/textures/boss.jpg
22:05:18.671 [JavaFX Application Thread] DEBUG FXGLAssetLoaderServi - Loading from file system: file:/C:/Users/yibo/IdeaProjects/russs/target/classes/assets/textures/explosion.jpg
22:05:26.675 [JavaFX Application Thread] DEBUG FXGLApplication      - Exiting FXGL
22:05:26.675 [JavaFX Application Thread] DEBUG LoopRunner           - Stopping loop
22:05:26.675 [JavaFX Application Thread] DEBUG SystemBundleService  - Saving FXGL system data
22:05:26.677 [JavaFX Application Thread] DEBUG FileSystemAccess     - Writing to: C:\Users\yibo\IdeaProjects\russs\system\fxgl.bundle
22:05:26.679 [JavaFX Application Thread] DEBUG Async                - Shutting down background threads
22:05:26.679 [JavaFX Application Thread] DEBUG PrimaryStageWindow   - Closing main window
22:05:26.694 [JavaFX Application Thread] DEBUG Logger               - Closing Logger
