18:53:35.532 [main                     ] DEBUG Logger               - Configured Logger
18:53:35.549 [main                     ] DEBUG GameApplication      - Logging settings
Title: chicken fly
Version: 0.0
Width: 1280
Height: 720
Fullscreen: false
Intro: false
Profiling: false
Single step:false
App Mode: DEVELOPER
Menu Key: ESCAPE
Stage Style: DECORATED
Scene Factory: class com.almasb.fxgl.app.scene.SceneFactory

18:53:35.788 [JavaFX Application Thread] DEBUG FXGLApplication      - Initializing FXGL
18:53:35.791 [JavaFX Application Thread] INFO  Engine               - FXGL-17.2 (20.08.2022 16.50) on WINDOWS (J:17.0.5 FX:18)
18:53:35.792 [JavaFX Application Thread] DEBUG Engine               - JRE Vendor Name: Eclipse Adoptium
18:53:35.792 [JavaFX Application Thread] DEBUG Engine               - Running on OS: Windows 11 version 10.0
18:53:35.792 [JavaFX Application Thread] DEBUG Engine               - Architecture: amd64
18:53:35.792 [JavaFX Application Thread] INFO  Engine               - Source code and latest versions at: https://github.com/AlmasB/FXGL
18:53:35.792 [JavaFX Application Thread] INFO  Engine               -       Ask questions and discuss at: https://github.com/AlmasB/FXGL/discussions
18:53:35.792 [JavaFX Application Thread] INFO  Engine               -              Join the FXGL chat at: https://gitter.im/AlmasB/FXGL
18:53:35.858 [JavaFX Application Thread] DEBUG PrimaryStageWindow   - Creating a JavaFX scene
18:53:35.883 [JavaFX Application Thread] DEBUG PrimaryStageWindow   - Target settings size: 1280.0 x 720.0
18:53:35.883 [JavaFX Application Thread] DEBUG PrimaryStageWindow   - Scaled scene size:    1280.0 x 720.0
18:53:35.883 [JavaFX Application Thread] DEBUG PrimaryStageWindow   - Scaled ratio: (1.0, 1.0)
18:53:35.884 [JavaFX Application Thread] DEBUG PrimaryStageWindow   - Set initial scene to FXGLStartupScene
18:53:35.889 [JavaFX Application Thread] DEBUG PrimaryStageWindow   - Opening main window
18:53:35.936 [JavaFX Application Thread] DEBUG PrimaryStageWindow   - Window border size: (13.0, 35.5)
18:53:35.936 [JavaFX Application Thread] DEBUG PrimaryStageWindow   - Scaled size: 1280.0 x 720.0
18:53:35.936 [JavaFX Application Thread] DEBUG PrimaryStageWindow   - Scaled ratio: (1.0, 1.0)
18:53:35.936 [JavaFX Application Thread] DEBUG PrimaryStageWindow   - Scene size: 1280.0 x 720.0
18:53:35.937 [JavaFX Application Thread] DEBUG PrimaryStageWindow   - Stage size: 1293.0 x 755.5
18:53:35.942 [FXGL Background Thread 1 ] DEBUG Engine               - Initializing environment variables
18:53:35.962 [FXGL Background Thread 1 ] DEBUG FXGLAssetLoaderServi - User app class for loading assets: class org.example.Main
18:53:35.962 [FXGL Background Thread 1 ] DEBUG GameApplicationServi - Applying CSS: fxgl_dark.css
18:53:35.963 [FXGL Background Thread 1 ] DEBUG FXGLAssetLoaderServi - Loading from file system: jar:file:/C:/Users/yibo/.m2/repository/com/github/almasb/fxgl/17.2/fxgl-17.2.jar!/fxglassets/ui/css/fxgl_dark.css
18:53:35.987 [FXGL Background Thread 1 ] DEBUG GameApplicationServi - Initializing application scenes
18:53:36.023 [FXGL Background Thread 1 ] DEBUG GameWorld            - Game world initialized
18:53:36.059 [FXGL Background Thread 1 ] DEBUG PhysicsWorld         - Physics world initialized: appHeight=720, physics.ppm=50.0
18:53:36.060 [FXGL Background Thread 1 ] DEBUG PhysicsWorld         - Using strategy: BRUTE_FORCE
18:53:36.063 [FXGL Background Thread 1 ] DEBUG GameScene            - Game scene initialized: 1280x720
18:53:36.071 [FXGL Background Thread 1 ] DEBUG FXGL.DefaultMenu     - createMenuBodyGameMenu()
18:53:36.081 [FXGL Background Thread 1 ] DEBUG FXGL.DefaultMenu     - createOptionsMenu()
18:53:36.087 [FXGL Background Thread 1 ] DEBUG FXGLAssetLoaderServi - Loading from file system: jar:file:/C:/Users/yibo/.m2/repository/com/github/almasb/fxgl/17.2/fxgl-17.2.jar!/fxglassets/textures/particles/smoke.png
18:53:36.149 [FXGL Background Thread 1 ] DEBUG FXGLAssetLoaderServi - Loading from file system: jar:file:/C:/Users/yibo/.m2/repository/com/github/almasb/fxgl/17.2/fxgl-17.2.jar!/fxglassets/textures/particles/trace_horizontal.png
18:53:36.169 [FXGL Background Thread 1 ] DEBUG GameApplicationServi - Application scenes initialized
18:53:36.179 [FXGL Background Thread 1 ] DEBUG SystemBundleService  - Loading FXGL system data
18:53:36.182 [FXGL Background Thread 1 ] DEBUG FileSystemAccess     - Reading from: C:\Users\yibo\IdeaProjects\russs\system\fxgl.bundle
18:53:36.187 [FXGL Background Thread 1 ] DEBUG SystemBundleService  - Bundle FXGL: {}
18:53:36.187 [FXGL Background Thread 1 ] DEBUG UpdaterService       - Checking for updates
18:53:36.190 [FXGL Background Thread 4 ] DEBUG FXGLApplication      - Loading fonts
18:53:36.190 [FXGL Background Thread 4 ] DEBUG FXGLAssetLoaderServi - Loading from file system: jar:file:/C:/Users/yibo/.m2/repository/com/github/almasb/fxgl/17.2/fxgl-17.2.jar!/fxglassets/ui/fonts/VarelaRound-Regular.ttf
18:53:36.190 [FXGL Background Thread 1 ] DEBUG FXGLApplication      - Loading default localization
18:53:36.190 [FXGL Background Thread 1 ] DEBUG FXGLAssetLoaderServi - Loading from file system: jar:file:/C:/Users/yibo/.m2/repository/com/github/almasb/fxgl/17.2/fxgl-17.2.jar!/fxglassets/languages/english.lang
18:53:36.219 [FXGL Background Thread 1 ] INFO  FXGLApplication      - FXGL initialization took: 0.276 sec
18:53:36.226 [JavaFX Application Thread] DEBUG Input                - Registered new binding: Jump - W
18:53:36.226 [JavaFX Application Thread] DEBUG Input                - Registered new binding: forward - D
18:53:36.226 [JavaFX Application Thread] DEBUG Input                - Registered new binding: backward - A
18:53:36.226 [JavaFX Application Thread] DEBUG Input                - Registered new binding: exit - F1
18:53:36.227 [JavaFX Application Thread] DEBUG FXGLAssetLoaderServi - Loading from file system: jar:file:/C:/Users/yibo/.m2/repository/com/github/almasb/fxgl/17.2/fxgl-17.2.jar!/fxglassets/textures/fxgl_icon.png
18:53:36.247 [FXGL Background Thread 4 ] DEBUG FXGLAssetLoaderServi - Loading from file system: jar:file:/C:/Users/yibo/.m2/repository/com/github/almasb/fxgl/17.2/fxgl-17.2.jar!/fxglassets/ui/fonts/Abel-Regular.ttf
18:53:36.248 [JavaFX Application Thread] DEBUG FXGLAssetLoaderServi - Loading from file system: jar:file:/C:/Users/yibo/.m2/repository/com/github/almasb/fxgl/17.2/fxgl-17.2.jar!/fxglassets/textures/fxgl_default_cursor.png
18:53:36.250 [FXGL Background Thread 4 ] DEBUG FXGLAssetLoaderServi - Loading from file system: jar:file:/C:/Users/yibo/.m2/repository/com/github/almasb/fxgl/17.2/fxgl-17.2.jar!/fxglassets/ui/fonts/TerminalLandMono-Regular.otf
18:53:36.251 [JavaFX Application Thread] DEBUG Input                - Registered new binding: Screenshot - CTRL+8
18:53:36.253 [JavaFX Application Thread] DEBUG Input                - Registered new binding: System info dump - CTRL+9
18:53:36.253 [JavaFX Application Thread] DEBUG Input                - Registered new binding: Restart - CTRL+R
18:53:36.253 [FXGL Background Thread 4 ] DEBUG FXGLAssetLoaderServi - Loading from file system: jar:file:/C:/Users/yibo/.m2/repository/com/github/almasb/fxgl/17.2/fxgl-17.2.jar!/fxglassets/ui/fonts/Courier-Prime.ttf
18:53:36.254 [JavaFX Application Thread] DEBUG Input                - Registered new binding: Toggle Debug Camera - CTRL+7
18:53:36.257 [JavaFX Application Thread] DEBUG LoopRunner           - Starting loop
18:53:36.259 [JavaFX Application Thread] DEBUG LoopRunner           - Initializing JavaFX AnimationTimerLoop
18:53:36.262 [JavaFX Application Thread] DEBUG GameApplicationServi - Starting new game
18:53:36.263 [JavaFX Application Thread] DEBUG Input                - Clearing active input actions
18:53:36.273 [JavaFX Application Thread] DEBUG GameApplicationServi - Removing overlay from FXGLStartupScene and adding to FXGLLoadingScene
18:53:36.274 [JavaFX Application Thread] DEBUG PrimaryStageWindow   - FXGLStartupScene -> FXGLLoadingScene
18:53:36.274 [JavaFX Application Thread] DEBUG GameApplicationServi - Clearing previous game
18:53:36.274 [JavaFX Application Thread] DEBUG GameScene            - Clearing game scene
18:53:36.274 [JavaFX Application Thread] DEBUG GameWorld            - Clearing game world
18:53:36.274 [JavaFX Application Thread] DEBUG PhysicsWorld         - Clearing physics world
18:53:36.277 [FXGL Background Thread 4 ] DEBUG FXGLApplication      - Initializing game
18:53:36.277 [JavaFX Application Thread] DEBUG FXGLApplication      - Registering font factories with UI factory
18:53:36.293 [FXGL Background Thread 4 ] DEBUG FXGLAssetLoaderServi - Loading from file system: file:/C:/Users/yibo/IdeaProjects/russs/target/classes/assets/textures/ikun3.jpg
18:53:36.335 [FXGL Background Thread 4 ] INFO  FXGLApplication      - Game initialization took: 0.057 sec
18:53:36.382 [JavaFX Application Thread] DEBUG Input                - Clearing active input actions
18:53:36.387 [JavaFX Application Thread] DEBUG GameApplicationServi - Removing overlay from FXGLLoadingScene and adding to GameScene
18:53:36.387 [JavaFX Application Thread] DEBUG PrimaryStageWindow   - FXGLLoadingScene -> GameScene
18:53:38.372 [JavaFX Application Thread] DEBUG FXGLAssetLoaderServi - Loading from file system: file:/C:/Users/yibo/IdeaProjects/russs/target/classes/assets/textures/chicken.jpg
18:53:39.190 [FXGL Background Thread 3 ] DEBUG Engine               - Logging environment variables
18:53:39.191 [FXGL Background Thread 3 ] DEBUG Engine               - achievements: []
18:53:39.191 [FXGL Background Thread 3 ] DEBUG Engine               - actualHeight: 720.0
18:53:39.191 [FXGL Background Thread 3 ] DEBUG Engine               - actualHeightProperty: ReadOnlyDoubleProperty [value: 720.0]
18:53:39.191 [FXGL Background Thread 3 ] DEBUG Engine               - actualWidth: 1280.0
18:53:39.191 [FXGL Background Thread 3 ] DEBUG Engine               - actualWidthProperty: ReadOnlyDoubleProperty [value: 1280.0]
18:53:39.192 [FXGL Background Thread 3 ] DEBUG Engine               - appIcon: fxgl_icon.png
18:53:39.193 [FXGL Background Thread 3 ] DEBUG Engine               - applicationMode: DEVELOPER
18:53:39.193 [FXGL Background Thread 3 ] DEBUG Engine               - cSSList: [fxgl_dark.css]
18:53:39.193 [FXGL Background Thread 3 ] DEBUG Engine               - collisionDetectionStrategy: BRUTE_FORCE
18:53:39.193 [FXGL Background Thread 3 ] DEBUG Engine               - configClass: Optional.empty
18:53:39.194 [FXGL Background Thread 3 ] DEBUG Engine               - credits: []
18:53:39.194 [FXGL Background Thread 3 ] DEBUG Engine               - defaultCursor: CursorInfo(imageName=fxgl_default_cursor.png, hotspotX=7.0, hotspotY=6.0)
18:53:39.195 [FXGL Background Thread 3 ] DEBUG Engine               - devBBoxColorProperty: ObjectProperty [value: 0xff0000ff]
18:53:39.195 [FXGL Background Thread 3 ] DEBUG Engine               - devEnableDebugCameraProperty: BooleanProperty [value: false]
18:53:39.195 [FXGL Background Thread 3 ] DEBUG Engine               - devSensorColorProperty: ObjectProperty [value: 0xffff00ff]
18:53:39.195 [FXGL Background Thread 3 ] DEBUG Engine               - devShowBBoxProperty: BooleanProperty [value: false]
18:53:39.195 [FXGL Background Thread 3 ] DEBUG Engine               - devShowPositionProperty: BooleanProperty [value: false]
18:53:39.195 [FXGL Background Thread 3 ] DEBUG Engine               - enabledMenuItems: []
18:53:39.196 [FXGL Background Thread 3 ] DEBUG Engine               - engineServices: [class com.almasb.fxgl.app.services.FXGLAssetLoaderService, class com.almasb.fxgl.app.FXGLApplication$GameApplicationService, class com.almasb.fxgl.app.services.FXGLDialogService, class com.almasb.fxgl.app.services.IOTaskExecutorService, class com.almasb.fxgl.io.FileSystemService, class com.almasb.fxgl.localization.LocalizationService, class com.almasb.fxgl.app.services.SystemBundleService, class com.almasb.fxgl.profile.SaveLoadService, class com.almasb.fxgl.ui.FXGLUIFactoryServiceProvider, class com.almasb.fxgl.ui.FXGLDialogFactoryServiceProvider, class com.almasb.fxgl.audio.AudioPlayer, class com.almasb.fxgl.notification.impl.NotificationServiceProvider, class com.almasb.fxgl.achievement.AchievementService, class com.almasb.fxgl.cutscene.CutsceneService, class com.almasb.fxgl.minigames.MiniGameService, class com.almasb.fxgl.net.NetService, class com.almasb.fxgl.app.services.UpdaterService, class com.almasb.fxgl.dev.DevService]
18:53:39.196 [FXGL Background Thread 3 ] DEBUG Engine               - fontGame: Abel-Regular.ttf
18:53:39.196 [FXGL Background Thread 3 ] DEBUG Engine               - fontMono: TerminalLandMono-Regular.otf
18:53:39.196 [FXGL Background Thread 3 ] DEBUG Engine               - fontText: Courier-Prime.ttf
18:53:39.196 [FXGL Background Thread 3 ] DEBUG Engine               - fontUI: VarelaRound-Regular.ttf
18:53:39.196 [FXGL Background Thread 3 ] DEBUG Engine               - fullScreen: BooleanProperty [value: false]
18:53:39.196 [FXGL Background Thread 3 ] DEBUG Engine               - gameDifficulty: MEDIUM
18:53:39.196 [FXGL Background Thread 3 ] DEBUG Engine               - gameDifficultyProperty: ObjectProperty [value: MEDIUM]
18:53:39.196 [FXGL Background Thread 3 ] DEBUG Engine               - globalMusicVolume: 0.5
18:53:39.197 [FXGL Background Thread 3 ] DEBUG Engine               - globalMusicVolumeProperty: DoubleProperty [value: 0.5]
18:53:39.197 [FXGL Background Thread 3 ] DEBUG Engine               - globalSoundVolume: 0.5
18:53:39.197 [FXGL Background Thread 3 ] DEBUG Engine               - globalSoundVolumeProperty: DoubleProperty [value: 0.5]
18:53:39.197 [FXGL Background Thread 3 ] DEBUG Engine               - height: 720
18:53:39.197 [FXGL Background Thread 3 ] DEBUG Engine               - is3D: false
18:53:39.197 [FXGL Background Thread 3 ] DEBUG Engine               - isAndroid: false
18:53:39.197 [FXGL Background Thread 3 ] DEBUG Engine               - isBrowser: false
18:53:39.197 [FXGL Background Thread 3 ] DEBUG Engine               - isClickFeedbackEnabled: false
18:53:39.197 [FXGL Background Thread 3 ] DEBUG Engine               - isCloseConfirmation: false
18:53:39.198 [FXGL Background Thread 3 ] DEBUG Engine               - isDesktop: true
18:53:39.198 [FXGL Background Thread 3 ] DEBUG Engine               - isDeveloperMenuEnabled: false
18:53:39.198 [FXGL Background Thread 3 ] DEBUG Engine               - isEmbedded: false
18:53:39.198 [FXGL Background Thread 3 ] DEBUG Engine               - isEntityPreloadEnabled: true
18:53:39.198 [FXGL Background Thread 3 ] DEBUG Engine               - isExperimentalTiledLargeMap: false
18:53:39.198 [FXGL Background Thread 3 ] DEBUG Engine               - isFileSystemWriteAllowed: true
18:53:39.198 [FXGL Background Thread 3 ] DEBUG Engine               - isFullScreenAllowed: false
18:53:39.198 [FXGL Background Thread 3 ] DEBUG Engine               - isFullScreenFromStart: false
18:53:39.199 [FXGL Background Thread 3 ] DEBUG Engine               - isGameMenuEnabled: true
18:53:39.199 [FXGL Background Thread 3 ] DEBUG Engine               - isIOS: false
18:53:39.199 [FXGL Background Thread 3 ] DEBUG Engine               - isIntroEnabled: false
18:53:39.199 [FXGL Background Thread 3 ] DEBUG Engine               - isLinux: false
18:53:39.199 [FXGL Background Thread 3 ] DEBUG Engine               - isMac: false
18:53:39.199 [FXGL Background Thread 3 ] DEBUG Engine               - isMainMenuEnabled: false
18:53:39.199 [FXGL Background Thread 3 ] DEBUG Engine               - isManualResizeEnabled: false
18:53:39.199 [FXGL Background Thread 3 ] DEBUG Engine               - isMobile: false
18:53:39.199 [FXGL Background Thread 3 ] DEBUG Engine               - isNative: false
18:53:39.199 [FXGL Background Thread 3 ] DEBUG Engine               - isPauseMusicWhenMinimized: true
18:53:39.199 [FXGL Background Thread 3 ] DEBUG Engine               - isPreserveResizeRatio: false
18:53:39.199 [FXGL Background Thread 3 ] DEBUG Engine               - isProfilingEnabled: false
18:53:39.199 [FXGL Background Thread 3 ] DEBUG Engine               - isScaleAffectedOnResize: true
18:53:39.199 [FXGL Background Thread 3 ] DEBUG Engine               - isSingleStep: false
18:53:39.199 [FXGL Background Thread 3 ] DEBUG Engine               - isUserProfileEnabled: false
18:53:39.199 [FXGL Background Thread 3 ] DEBUG Engine               - isWindows: true
18:53:39.199 [FXGL Background Thread 3 ] DEBUG Engine               - language: ObjectProperty [value: ENGLISH]
18:53:39.199 [FXGL Background Thread 3 ] DEBUG Engine               - menuKey: ESCAPE
18:53:39.200 [FXGL Background Thread 3 ] DEBUG Engine               - mouseSensitivity: 0.2
18:53:39.200 [FXGL Background Thread 3 ] DEBUG Engine               - notificationViewClass: class com.almasb.fxgl.notification.view.XboxNotificationView
18:53:39.200 [FXGL Background Thread 3 ] DEBUG Engine               - pixelsPerMeter: 50.0
18:53:39.200 [FXGL Background Thread 3 ] DEBUG Engine               - platform: WINDOWS
18:53:39.200 [FXGL Background Thread 3 ] DEBUG Engine               - prefHeightProperty: ReadOnlyDoubleProperty [value: 720.0]
18:53:39.200 [FXGL Background Thread 3 ] DEBUG Engine               - prefWidthProperty: ReadOnlyDoubleProperty [value: 1280.0]
18:53:39.200 [FXGL Background Thread 3 ] DEBUG Engine               - profileDir: profiles/
18:53:39.200 [FXGL Background Thread 3 ] DEBUG Engine               - profileName: StringProperty [value: DEFAULT]
18:53:39.200 [FXGL Background Thread 3 ] DEBUG Engine               - randomSeed: -1
18:53:39.201 [FXGL Background Thread 3 ] DEBUG Engine               - runtimeInfo: RuntimeInfo(platform=WINDOWS, version=17.2, build=20.08.2022 16.50)
18:53:39.201 [FXGL Background Thread 3 ] DEBUG Engine               - saveFileExt: sav
18:53:39.201 [FXGL Background Thread 3 ] DEBUG Engine               - scaledHeightProp$fxgl: DoubleProperty [bound, value: 720.0]
18:53:39.201 [FXGL Background Thread 3 ] DEBUG Engine               - scaledWidthProp$fxgl: DoubleProperty [bound, value: 1280.0]
18:53:39.201 [FXGL Background Thread 3 ] DEBUG Engine               - sceneFactory: com.almasb.fxgl.app.scene.SceneFactory@3b9e66f2
18:53:39.201 [FXGL Background Thread 3 ] DEBUG Engine               - secondsIn24h: 60
18:53:39.201 [FXGL Background Thread 3 ] DEBUG Engine               - soundMenuBack: menu/back.wav
18:53:39.201 [FXGL Background Thread 3 ] DEBUG Engine               - soundMenuPress: menu/press.wav
18:53:39.201 [FXGL Background Thread 3 ] DEBUG Engine               - soundMenuSelect: menu/select.wav
18:53:39.201 [FXGL Background Thread 3 ] DEBUG Engine               - soundNotification: core/notification.wav
18:53:39.201 [FXGL Background Thread 3 ] DEBUG Engine               - stageStyle: DECORATED
18:53:39.201 [FXGL Background Thread 3 ] DEBUG Engine               - supportedLanguages: [ENGLISH, FRENCH, GERMAN, HUNGARIAN, RUSSIAN]
18:53:39.201 [FXGL Background Thread 3 ] DEBUG Engine               - ticksPerSecond: -1
18:53:39.201 [FXGL Background Thread 3 ] DEBUG Engine               - title: chicken fly
18:53:39.201 [FXGL Background Thread 3 ] DEBUG Engine               - urlGithub: https://github.com/AlmasB/FXGL
18:53:39.201 [FXGL Background Thread 3 ] DEBUG Engine               - urlLeaderboard: http://fxgl-top.herokuapp.com/
18:53:39.201 [FXGL Background Thread 3 ] DEBUG Engine               - urlPOM: https://raw.githubusercontent.com/AlmasB/FXGL/release/README.md
18:53:39.201 [FXGL Background Thread 3 ] DEBUG Engine               - userAppClass: class org.example.Main
18:53:39.201 [FXGL Background Thread 3 ] DEBUG Engine               - version: 0.0
18:53:39.201 [FXGL Background Thread 3 ] DEBUG Engine               - versionCheckDays: 7
18:53:39.201 [FXGL Background Thread 3 ] DEBUG Engine               - width: 1280
18:53:39.201 [FXGL Background Thread 3 ] DEBUG Engine               - Logging services
18:53:39.201 [FXGL Background Thread 3 ] DEBUG Engine               - class com.almasb.fxgl.app.services.FXGLAssetLoaderService
18:53:39.201 [FXGL Background Thread 3 ] DEBUG Engine               - class com.almasb.fxgl.app.FXGLApplication$GameApplicationService
18:53:39.201 [FXGL Background Thread 3 ] DEBUG Engine               - class com.almasb.fxgl.app.services.FXGLDialogService
18:53:39.201 [FXGL Background Thread 3 ] DEBUG Engine               - class com.almasb.fxgl.app.services.IOTaskExecutorService
18:53:39.201 [FXGL Background Thread 3 ] DEBUG Engine               - class com.almasb.fxgl.io.FileSystemService
18:53:39.201 [FXGL Background Thread 3 ] DEBUG Engine               - class com.almasb.fxgl.localization.LocalizationService
18:53:39.201 [FXGL Background Thread 3 ] DEBUG Engine               - class com.almasb.fxgl.app.services.SystemBundleService
18:53:39.201 [FXGL Background Thread 3 ] DEBUG Engine               - class com.almasb.fxgl.profile.SaveLoadService
18:53:39.201 [FXGL Background Thread 3 ] DEBUG Engine               - class com.almasb.fxgl.ui.FXGLUIFactoryServiceProvider
18:53:39.201 [FXGL Background Thread 3 ] DEBUG Engine               - class com.almasb.fxgl.ui.FXGLDialogFactoryServiceProvider
18:53:39.202 [FXGL Background Thread 3 ] DEBUG Engine               - class com.almasb.fxgl.audio.AudioPlayer
18:53:39.202 [FXGL Background Thread 3 ] DEBUG Engine               - class com.almasb.fxgl.notification.impl.NotificationServiceProvider
18:53:39.202 [FXGL Background Thread 3 ] DEBUG Engine               - class com.almasb.fxgl.achievement.AchievementService
18:53:39.202 [FXGL Background Thread 3 ] DEBUG Engine               - class com.almasb.fxgl.cutscene.CutsceneService
18:53:39.202 [FXGL Background Thread 3 ] DEBUG Engine               - class com.almasb.fxgl.minigames.MiniGameService
18:53:39.202 [FXGL Background Thread 3 ] DEBUG Engine               - class com.almasb.fxgl.net.NetService
18:53:39.202 [FXGL Background Thread 3 ] DEBUG Engine               - class com.almasb.fxgl.app.services.UpdaterService
18:53:39.202 [FXGL Background Thread 3 ] DEBUG Engine               - class com.almasb.fxgl.dev.DevService
18:54:23.944 [JavaFX Application Thread] DEBUG FXGLApplication      - Exiting FXGL
18:54:23.946 [JavaFX Application Thread] DEBUG LoopRunner           - Stopping loop
18:54:23.946 [JavaFX Application Thread] DEBUG SystemBundleService  - Saving FXGL system data
18:54:23.951 [JavaFX Application Thread] DEBUG FileSystemAccess     - Writing to: C:\Users\yibo\IdeaProjects\russs\system\fxgl.bundle
18:54:23.954 [JavaFX Application Thread] DEBUG Async                - Shutting down background threads
18:54:23.955 [JavaFX Application Thread] DEBUG PrimaryStageWindow   - Closing main window
18:54:23.964 [JavaFX Application Thread] DEBUG Logger               - Closing Logger
