21:51:37.446 [main                     ] DEBUG Logger               - Configured Logger
21:51:37.464 [main                     ] DEBUG GameApplication      - Logging settings
Title: chicken fly
Version: 0.0
Width: 1280
Height: 720
Fullscreen: false
Intro: false
Profiling: false
Single step:false
App Mode: DEVELOPER
Menu Key: ESCAPE
Stage Style: DECORATED
Scene Factory: class com.almasb.fxgl.app.scene.SceneFactory

21:51:37.708 [JavaFX Application Thread] DEBUG FXGLApplication      - Initializing FXGL
21:51:37.713 [JavaFX Application Thread] INFO  Engine               - FXGL-17.2 (20.08.2022 16.50) on WINDOWS (J:17.0.5 FX:18)
21:51:37.713 [JavaFX Application Thread] DEBUG Engine               - JRE Vendor Name: Eclipse Adoptium
21:51:37.713 [JavaFX Application Thread] DEBUG Engine               - Running on OS: Windows 11 version 10.0
21:51:37.713 [JavaFX Application Thread] DEBUG Engine               - Architecture: amd64
21:51:37.713 [JavaFX Application Thread] INFO  Engine               - Source code and latest versions at: https://github.com/AlmasB/FXGL
21:51:37.714 [JavaFX Application Thread] INFO  Engine               -       Ask questions and discuss at: https://github.com/AlmasB/FXGL/discussions
21:51:37.714 [JavaFX Application Thread] INFO  Engine               -              Join the FXGL chat at: https://gitter.im/AlmasB/FXGL
21:51:37.777 [JavaFX Application Thread] DEBUG PrimaryStageWindow   - Creating a JavaFX scene
21:51:37.801 [JavaFX Application Thread] DEBUG PrimaryStageWindow   - Target settings size: 1280.0 x 720.0
21:51:37.801 [JavaFX Application Thread] DEBUG PrimaryStageWindow   - Scaled scene size:    1280.0 x 720.0
21:51:37.801 [JavaFX Application Thread] DEBUG PrimaryStageWindow   - Scaled ratio: (1.0, 1.0)
21:51:37.802 [JavaFX Application Thread] DEBUG PrimaryStageWindow   - Set initial scene to FXGLStartupScene
21:51:37.806 [JavaFX Application Thread] DEBUG PrimaryStageWindow   - Opening main window
21:51:37.854 [JavaFX Application Thread] DEBUG PrimaryStageWindow   - Window border size: (13.0, 35.5)
21:51:37.854 [JavaFX Application Thread] DEBUG PrimaryStageWindow   - Scaled size: 1280.0 x 720.0
21:51:37.854 [JavaFX Application Thread] DEBUG PrimaryStageWindow   - Scaled ratio: (1.0, 1.0)
21:51:37.854 [JavaFX Application Thread] DEBUG PrimaryStageWindow   - Scene size: 1280.0 x 720.0
21:51:37.854 [JavaFX Application Thread] DEBUG PrimaryStageWindow   - Stage size: 1293.0 x 755.5
21:51:37.858 [FXGL Background Thread 1 ] DEBUG Engine               - Initializing environment variables
21:51:37.880 [FXGL Background Thread 1 ] DEBUG FXGLAssetLoaderServi - User app class for loading assets: class org.example.Main
21:51:37.880 [FXGL Background Thread 1 ] DEBUG GameApplicationServi - Applying CSS: fxgl_dark.css
21:51:37.881 [FXGL Background Thread 1 ] DEBUG FXGLAssetLoaderServi - Loading from file system: jar:file:/C:/Users/yibo/.m2/repository/com/github/almasb/fxgl/17.2/fxgl-17.2.jar!/fxglassets/ui/css/fxgl_dark.css
21:51:37.906 [FXGL Background Thread 1 ] DEBUG GameApplicationServi - Initializing application scenes
21:51:37.942 [FXGL Background Thread 1 ] DEBUG GameWorld            - Game world initialized
21:51:37.983 [FXGL Background Thread 1 ] DEBUG PhysicsWorld         - Physics world initialized: appHeight=720, physics.ppm=50.0
21:51:37.983 [FXGL Background Thread 1 ] DEBUG PhysicsWorld         - Using strategy: BRUTE_FORCE
21:51:37.986 [FXGL Background Thread 1 ] DEBUG GameScene            - Game scene initialized: 1280x720
21:51:37.993 [FXGL Background Thread 1 ] DEBUG FXGL.DefaultMenu     - createMenuBodyGameMenu()
21:51:38.003 [FXGL Background Thread 1 ] DEBUG FXGL.DefaultMenu     - createOptionsMenu()
21:51:38.011 [FXGL Background Thread 1 ] DEBUG FXGLAssetLoaderServi - Loading from file system: jar:file:/C:/Users/yibo/.m2/repository/com/github/almasb/fxgl/17.2/fxgl-17.2.jar!/fxglassets/textures/particles/smoke.png
21:51:38.071 [FXGL Background Thread 1 ] DEBUG FXGLAssetLoaderServi - Loading from file system: jar:file:/C:/Users/yibo/.m2/repository/com/github/almasb/fxgl/17.2/fxgl-17.2.jar!/fxglassets/textures/particles/trace_horizontal.png
21:51:38.093 [FXGL Background Thread 1 ] DEBUG GameApplicationServi - Application scenes initialized
21:51:38.103 [FXGL Background Thread 1 ] DEBUG SystemBundleService  - Loading FXGL system data
21:51:38.105 [FXGL Background Thread 1 ] DEBUG FileSystemAccess     - Reading from: C:\Users\yibo\IdeaProjects\russs\system\fxgl.bundle
21:51:38.111 [FXGL Background Thread 1 ] DEBUG SystemBundleService  - Bundle FXGL: {}
21:51:38.111 [FXGL Background Thread 1 ] DEBUG UpdaterService       - Checking for updates
21:51:38.114 [FXGL Background Thread 4 ] DEBUG FXGLApplication      - Loading fonts
21:51:38.115 [FXGL Background Thread 4 ] DEBUG FXGLAssetLoaderServi - Loading from file system: jar:file:/C:/Users/yibo/.m2/repository/com/github/almasb/fxgl/17.2/fxgl-17.2.jar!/fxglassets/ui/fonts/VarelaRound-Regular.ttf
21:51:38.115 [FXGL Background Thread 1 ] DEBUG FXGLApplication      - Loading default localization
21:51:38.115 [FXGL Background Thread 1 ] DEBUG FXGLAssetLoaderServi - Loading from file system: jar:file:/C:/Users/yibo/.m2/repository/com/github/almasb/fxgl/17.2/fxgl-17.2.jar!/fxglassets/languages/english.lang
21:51:38.134 [FXGL Background Thread 1 ] INFO  FXGLApplication      - FXGL initialization took: 0.275 sec
21:51:38.144 [JavaFX Application Thread] DEBUG Input                - Registered new binding: Jump - W
21:51:38.144 [JavaFX Application Thread] DEBUG Input                - Registered new binding: forward - D
21:51:38.144 [JavaFX Application Thread] DEBUG Input                - Registered new binding: backward - A
21:51:38.144 [JavaFX Application Thread] DEBUG Input                - Registered new binding: exit - F1
21:51:38.145 [JavaFX Application Thread] DEBUG Input                - Registered new binding: fire - LMB
21:51:38.145 [JavaFX Application Thread] DEBUG FXGLAssetLoaderServi - Loading from file system: jar:file:/C:/Users/yibo/.m2/repository/com/github/almasb/fxgl/17.2/fxgl-17.2.jar!/fxglassets/textures/fxgl_icon.png
21:51:38.164 [FXGL Background Thread 4 ] DEBUG FXGLAssetLoaderServi - Loading from file system: jar:file:/C:/Users/yibo/.m2/repository/com/github/almasb/fxgl/17.2/fxgl-17.2.jar!/fxglassets/ui/fonts/Abel-Regular.ttf
21:51:38.166 [JavaFX Application Thread] DEBUG FXGLAssetLoaderServi - Loading from file system: jar:file:/C:/Users/yibo/.m2/repository/com/github/almasb/fxgl/17.2/fxgl-17.2.jar!/fxglassets/textures/fxgl_default_cursor.png
21:51:38.168 [FXGL Background Thread 4 ] DEBUG FXGLAssetLoaderServi - Loading from file system: jar:file:/C:/Users/yibo/.m2/repository/com/github/almasb/fxgl/17.2/fxgl-17.2.jar!/fxglassets/ui/fonts/TerminalLandMono-Regular.otf
21:51:38.170 [JavaFX Application Thread] DEBUG Input                - Registered new binding: Screenshot - CTRL+8
21:51:38.171 [JavaFX Application Thread] DEBUG Input                - Registered new binding: System info dump - CTRL+9
21:51:38.171 [FXGL Background Thread 4 ] DEBUG FXGLAssetLoaderServi - Loading from file system: jar:file:/C:/Users/yibo/.m2/repository/com/github/almasb/fxgl/17.2/fxgl-17.2.jar!/fxglassets/ui/fonts/Courier-Prime.ttf
21:51:38.171 [JavaFX Application Thread] DEBUG Input                - Registered new binding: Restart - CTRL+R
21:51:38.172 [JavaFX Application Thread] DEBUG Input                - Registered new binding: Toggle Debug Camera - CTRL+7
21:51:38.175 [JavaFX Application Thread] DEBUG LoopRunner           - Starting loop
21:51:38.176 [JavaFX Application Thread] DEBUG LoopRunner           - Initializing JavaFX AnimationTimerLoop
21:51:38.177 [JavaFX Application Thread] DEBUG GameApplicationServi - Starting new game
21:51:38.178 [JavaFX Application Thread] DEBUG Input                - Clearing active input actions
21:51:38.185 [JavaFX Application Thread] DEBUG GameApplicationServi - Removing overlay from FXGLStartupScene and adding to FXGLLoadingScene
21:51:38.186 [JavaFX Application Thread] DEBUG PrimaryStageWindow   - FXGLStartupScene -> FXGLLoadingScene
21:51:38.186 [JavaFX Application Thread] DEBUG GameApplicationServi - Clearing previous game
21:51:38.186 [JavaFX Application Thread] DEBUG GameScene            - Clearing game scene
21:51:38.186 [JavaFX Application Thread] DEBUG GameWorld            - Clearing game world
21:51:38.186 [JavaFX Application Thread] DEBUG PhysicsWorld         - Clearing physics world
21:51:38.187 [JavaFX Application Thread] DEBUG FXGLApplication      - Registering font factories with UI factory
21:51:38.187 [FXGL Background Thread 4 ] DEBUG FXGLApplication      - Initializing game
21:51:38.200 [FXGL Background Thread 4 ] DEBUG FXGLAssetLoaderServi - Loading from file system: file:/C:/Users/yibo/IdeaProjects/russs/target/classes/assets/textures/ikun3.jpg
21:51:38.234 [FXGL Background Thread 4 ] INFO  FXGLApplication      - Game initialization took: 0.047 sec
21:51:38.271 [JavaFX Application Thread] DEBUG Input                - Clearing active input actions
21:51:38.276 [JavaFX Application Thread] DEBUG GameApplicationServi - Removing overlay from FXGLLoadingScene and adding to GameScene
21:51:38.277 [JavaFX Application Thread] DEBUG PrimaryStageWindow   - FXGLLoadingScene -> GameScene
21:51:38.761 [FXGL Background Thread 2 ] INFO  UpdaterService       - Your current version:  17.2
21:51:38.761 [FXGL Background Thread 2 ] INFO  UpdaterService       - Latest stable version: 17.3
21:51:40.057 [JavaFX Application Thread] DEBUG PrimaryStageWindow   - Push state: FXGLDefaultMenu
21:51:40.059 [JavaFX Application Thread] DEBUG Input                - Clearing active input actions
21:51:40.064 [JavaFX Application Thread] DEBUG GameApplicationServi - Removing overlay from GameScene and adding to FXGLDefaultMenu
21:51:40.064 [JavaFX Application Thread] DEBUG PrimaryStageWindow   - GameScene -> FXGLDefaultMenu
21:51:41.115 [FXGL Background Thread 3 ] DEBUG Engine               - Logging environment variables
21:51:41.116 [FXGL Background Thread 3 ] DEBUG Engine               - achievements: []
21:51:41.116 [FXGL Background Thread 3 ] DEBUG Engine               - actualHeight: 720.0
21:51:41.116 [FXGL Background Thread 3 ] DEBUG Engine               - actualHeightProperty: ReadOnlyDoubleProperty [value: 720.0]
21:51:41.116 [FXGL Background Thread 3 ] DEBUG Engine               - actualWidth: 1280.0
21:51:41.117 [FXGL Background Thread 3 ] DEBUG Engine               - actualWidthProperty: ReadOnlyDoubleProperty [value: 1280.0]
21:51:41.117 [FXGL Background Thread 3 ] DEBUG Engine               - appIcon: fxgl_icon.png
21:51:41.117 [FXGL Background Thread 3 ] DEBUG Engine               - applicationMode: DEVELOPER
21:51:41.117 [FXGL Background Thread 3 ] DEBUG Engine               - cSSList: [fxgl_dark.css]
21:51:41.117 [FXGL Background Thread 3 ] DEBUG Engine               - collisionDetectionStrategy: BRUTE_FORCE
21:51:41.117 [FXGL Background Thread 3 ] DEBUG Engine               - configClass: Optional.empty
21:51:41.117 [FXGL Background Thread 3 ] DEBUG Engine               - credits: []
21:51:41.119 [FXGL Background Thread 3 ] DEBUG Engine               - defaultCursor: CursorInfo(imageName=fxgl_default_cursor.png, hotspotX=7.0, hotspotY=6.0)
21:51:41.119 [FXGL Background Thread 3 ] DEBUG Engine               - devBBoxColorProperty: ObjectProperty [value: 0xff0000ff]
21:51:41.120 [FXGL Background Thread 3 ] DEBUG Engine               - devEnableDebugCameraProperty: BooleanProperty [value: false]
21:51:41.120 [FXGL Background Thread 3 ] DEBUG Engine               - devSensorColorProperty: ObjectProperty [value: 0xffff00ff]
21:51:41.120 [FXGL Background Thread 3 ] DEBUG Engine               - devShowBBoxProperty: BooleanProperty [value: false]
21:51:41.121 [FXGL Background Thread 3 ] DEBUG Engine               - devShowPositionProperty: BooleanProperty [value: false]
21:51:41.121 [FXGL Background Thread 3 ] DEBUG Engine               - enabledMenuItems: []
21:51:41.121 [FXGL Background Thread 3 ] DEBUG Engine               - engineServices: [class com.almasb.fxgl.app.services.FXGLAssetLoaderService, class com.almasb.fxgl.app.FXGLApplication$GameApplicationService, class com.almasb.fxgl.app.services.FXGLDialogService, class com.almasb.fxgl.app.services.IOTaskExecutorService, class com.almasb.fxgl.io.FileSystemService, class com.almasb.fxgl.localization.LocalizationService, class com.almasb.fxgl.app.services.SystemBundleService, class com.almasb.fxgl.profile.SaveLoadService, class com.almasb.fxgl.ui.FXGLUIFactoryServiceProvider, class com.almasb.fxgl.ui.FXGLDialogFactoryServiceProvider, class com.almasb.fxgl.audio.AudioPlayer, class com.almasb.fxgl.notification.impl.NotificationServiceProvider, class com.almasb.fxgl.achievement.AchievementService, class com.almasb.fxgl.cutscene.CutsceneService, class com.almasb.fxgl.minigames.MiniGameService, class com.almasb.fxgl.net.NetService, class com.almasb.fxgl.app.services.UpdaterService, class com.almasb.fxgl.dev.DevService]
21:51:41.121 [FXGL Background Thread 3 ] DEBUG Engine               - fontGame: Abel-Regular.ttf
21:51:41.121 [FXGL Background Thread 3 ] DEBUG Engine               - fontMono: TerminalLandMono-Regular.otf
21:51:41.121 [FXGL Background Thread 3 ] DEBUG Engine               - fontText: Courier-Prime.ttf
21:51:41.122 [FXGL Background Thread 3 ] DEBUG Engine               - fontUI: VarelaRound-Regular.ttf
21:51:41.122 [FXGL Background Thread 3 ] DEBUG Engine               - fullScreen: BooleanProperty [value: false]
21:51:41.122 [FXGL Background Thread 3 ] DEBUG Engine               - gameDifficulty: MEDIUM
21:51:41.122 [FXGL Background Thread 3 ] DEBUG Engine               - gameDifficultyProperty: ObjectProperty [value: MEDIUM]
21:51:41.122 [FXGL Background Thread 3 ] DEBUG Engine               - globalMusicVolume: 0.5
21:51:41.123 [FXGL Background Thread 3 ] DEBUG Engine               - globalMusicVolumeProperty: DoubleProperty [value: 0.5]
21:51:41.123 [FXGL Background Thread 3 ] DEBUG Engine               - globalSoundVolume: 0.5
21:51:41.123 [FXGL Background Thread 3 ] DEBUG Engine               - globalSoundVolumeProperty: DoubleProperty [value: 0.5]
21:51:41.123 [FXGL Background Thread 3 ] DEBUG Engine               - height: 720
21:51:41.123 [FXGL Background Thread 3 ] DEBUG Engine               - is3D: false
21:51:41.123 [FXGL Background Thread 3 ] DEBUG Engine               - isAndroid: false
21:51:41.124 [FXGL Background Thread 3 ] DEBUG Engine               - isBrowser: false
21:51:41.124 [FXGL Background Thread 3 ] DEBUG Engine               - isClickFeedbackEnabled: false
21:51:41.124 [FXGL Background Thread 3 ] DEBUG Engine               - isCloseConfirmation: false
21:51:41.124 [FXGL Background Thread 3 ] DEBUG Engine               - isDesktop: true
21:51:41.124 [FXGL Background Thread 3 ] DEBUG Engine               - isDeveloperMenuEnabled: false
21:51:41.124 [FXGL Background Thread 3 ] DEBUG Engine               - isEmbedded: false
21:51:41.124 [FXGL Background Thread 3 ] DEBUG Engine               - isEntityPreloadEnabled: true
21:51:41.124 [FXGL Background Thread 3 ] DEBUG Engine               - isExperimentalTiledLargeMap: false
21:51:41.124 [FXGL Background Thread 3 ] DEBUG Engine               - isFileSystemWriteAllowed: true
21:51:41.124 [FXGL Background Thread 3 ] DEBUG Engine               - isFullScreenAllowed: false
21:51:41.124 [FXGL Background Thread 3 ] DEBUG Engine               - isFullScreenFromStart: false
21:51:41.124 [FXGL Background Thread 3 ] DEBUG Engine               - isGameMenuEnabled: true
21:51:41.124 [FXGL Background Thread 3 ] DEBUG Engine               - isIOS: false
21:51:41.125 [FXGL Background Thread 3 ] DEBUG Engine               - isIntroEnabled: false
21:51:41.125 [FXGL Background Thread 3 ] DEBUG Engine               - isLinux: false
21:51:41.125 [FXGL Background Thread 3 ] DEBUG Engine               - isMac: false
21:51:41.125 [FXGL Background Thread 3 ] DEBUG Engine               - isMainMenuEnabled: false
21:51:41.125 [FXGL Background Thread 3 ] DEBUG Engine               - isManualResizeEnabled: false
21:51:41.125 [FXGL Background Thread 3 ] DEBUG Engine               - isMobile: false
21:51:41.125 [FXGL Background Thread 3 ] DEBUG Engine               - isNative: false
21:51:41.125 [FXGL Background Thread 3 ] DEBUG Engine               - isPauseMusicWhenMinimized: true
21:51:41.126 [FXGL Background Thread 3 ] DEBUG Engine               - isPreserveResizeRatio: false
21:51:41.126 [FXGL Background Thread 3 ] DEBUG Engine               - isProfilingEnabled: false
21:51:41.126 [FXGL Background Thread 3 ] DEBUG Engine               - isScaleAffectedOnResize: true
21:51:41.126 [FXGL Background Thread 3 ] DEBUG Engine               - isSingleStep: false
21:51:41.126 [FXGL Background Thread 3 ] DEBUG Engine               - isUserProfileEnabled: false
21:51:41.126 [FXGL Background Thread 3 ] DEBUG Engine               - isWindows: true
21:51:41.126 [FXGL Background Thread 3 ] DEBUG Engine               - language: ObjectProperty [value: ENGLISH]
21:51:41.126 [FXGL Background Thread 3 ] DEBUG Engine               - menuKey: ESCAPE
21:51:41.127 [FXGL Background Thread 3 ] DEBUG Engine               - mouseSensitivity: 0.2
21:51:41.127 [FXGL Background Thread 3 ] DEBUG Engine               - notificationViewClass: class com.almasb.fxgl.notification.view.XboxNotificationView
21:51:41.127 [FXGL Background Thread 3 ] DEBUG Engine               - pixelsPerMeter: 50.0
21:51:41.127 [FXGL Background Thread 3 ] DEBUG Engine               - platform: WINDOWS
21:51:41.127 [FXGL Background Thread 3 ] DEBUG Engine               - prefHeightProperty: ReadOnlyDoubleProperty [value: 720.0]
21:51:41.127 [FXGL Background Thread 3 ] DEBUG Engine               - prefWidthProperty: ReadOnlyDoubleProperty [value: 1280.0]
21:51:41.127 [FXGL Background Thread 3 ] DEBUG Engine               - profileDir: profiles/
21:51:41.128 [FXGL Background Thread 3 ] DEBUG Engine               - profileName: StringProperty [value: DEFAULT]
21:51:41.128 [FXGL Background Thread 3 ] DEBUG Engine               - randomSeed: -1
21:51:41.129 [FXGL Background Thread 3 ] DEBUG Engine               - runtimeInfo: RuntimeInfo(platform=WINDOWS, version=17.2, build=20.08.2022 16.50)
21:51:41.129 [FXGL Background Thread 3 ] DEBUG Engine               - saveFileExt: sav
21:51:41.129 [FXGL Background Thread 3 ] DEBUG Engine               - scaledHeightProp$fxgl: DoubleProperty [bound, value: 720.0]
21:51:41.129 [FXGL Background Thread 3 ] DEBUG Engine               - scaledWidthProp$fxgl: DoubleProperty [bound, value: 1280.0]
21:51:41.129 [FXGL Background Thread 3 ] DEBUG Engine               - sceneFactory: com.almasb.fxgl.app.scene.SceneFactory@1504a12b
21:51:41.129 [FXGL Background Thread 3 ] DEBUG Engine               - secondsIn24h: 60
21:51:41.129 [FXGL Background Thread 3 ] DEBUG Engine               - soundMenuBack: menu/back.wav
21:51:41.129 [FXGL Background Thread 3 ] DEBUG Engine               - soundMenuPress: menu/press.wav
21:51:41.129 [FXGL Background Thread 3 ] DEBUG Engine               - soundMenuSelect: menu/select.wav
21:51:41.130 [FXGL Background Thread 3 ] DEBUG Engine               - soundNotification: core/notification.wav
21:51:41.130 [FXGL Background Thread 3 ] DEBUG Engine               - stageStyle: DECORATED
21:51:41.130 [FXGL Background Thread 3 ] DEBUG Engine               - supportedLanguages: [ENGLISH, FRENCH, GERMAN, HUNGARIAN, RUSSIAN]
21:51:41.130 [FXGL Background Thread 3 ] DEBUG Engine               - ticksPerSecond: -1
21:51:41.130 [FXGL Background Thread 3 ] DEBUG Engine               - title: chicken fly
21:51:41.130 [FXGL Background Thread 3 ] DEBUG Engine               - urlGithub: https://github.com/AlmasB/FXGL
21:51:41.130 [FXGL Background Thread 3 ] DEBUG Engine               - urlLeaderboard: http://fxgl-top.herokuapp.com/
21:51:41.130 [FXGL Background Thread 3 ] DEBUG Engine               - urlPOM: https://raw.githubusercontent.com/AlmasB/FXGL/release/README.md
21:51:41.130 [FXGL Background Thread 3 ] DEBUG Engine               - userAppClass: class org.example.Main
21:51:41.130 [FXGL Background Thread 3 ] DEBUG Engine               - version: 0.0
21:51:41.130 [FXGL Background Thread 3 ] DEBUG Engine               - versionCheckDays: 7
21:51:41.130 [FXGL Background Thread 3 ] DEBUG Engine               - width: 1280
21:51:41.130 [FXGL Background Thread 3 ] DEBUG Engine               - Logging services
21:51:41.130 [FXGL Background Thread 3 ] DEBUG Engine               - class com.almasb.fxgl.app.services.FXGLAssetLoaderService
21:51:41.130 [FXGL Background Thread 3 ] DEBUG Engine               - class com.almasb.fxgl.app.FXGLApplication$GameApplicationService
21:51:41.130 [FXGL Background Thread 3 ] DEBUG Engine               - class com.almasb.fxgl.app.services.FXGLDialogService
21:51:41.130 [FXGL Background Thread 3 ] DEBUG Engine               - class com.almasb.fxgl.app.services.IOTaskExecutorService
21:51:41.130 [FXGL Background Thread 3 ] DEBUG Engine               - class com.almasb.fxgl.io.FileSystemService
21:51:41.130 [FXGL Background Thread 3 ] DEBUG Engine               - class com.almasb.fxgl.localization.LocalizationService
21:51:41.130 [FXGL Background Thread 3 ] DEBUG Engine               - class com.almasb.fxgl.app.services.SystemBundleService
21:51:41.130 [FXGL Background Thread 3 ] DEBUG Engine               - class com.almasb.fxgl.profile.SaveLoadService
21:51:41.130 [FXGL Background Thread 3 ] DEBUG Engine               - class com.almasb.fxgl.ui.FXGLUIFactoryServiceProvider
21:51:41.130 [FXGL Background Thread 3 ] DEBUG Engine               - class com.almasb.fxgl.ui.FXGLDialogFactoryServiceProvider
21:51:41.130 [FXGL Background Thread 3 ] DEBUG Engine               - class com.almasb.fxgl.audio.AudioPlayer
21:51:41.130 [FXGL Background Thread 3 ] DEBUG Engine               - class com.almasb.fxgl.notification.impl.NotificationServiceProvider
21:51:41.130 [FXGL Background Thread 3 ] DEBUG Engine               - class com.almasb.fxgl.achievement.AchievementService
21:51:41.130 [FXGL Background Thread 3 ] DEBUG Engine               - class com.almasb.fxgl.cutscene.CutsceneService
21:51:41.130 [FXGL Background Thread 3 ] DEBUG Engine               - class com.almasb.fxgl.minigames.MiniGameService
21:51:41.130 [FXGL Background Thread 3 ] DEBUG Engine               - class com.almasb.fxgl.net.NetService
21:51:41.130 [FXGL Background Thread 3 ] DEBUG Engine               - class com.almasb.fxgl.app.services.UpdaterService
21:51:41.130 [FXGL Background Thread 3 ] DEBUG Engine               - class com.almasb.fxgl.dev.DevService
21:51:42.403 [JavaFX Application Thread] DEBUG FXGLApplication      - Exiting FXGL
21:51:42.403 [JavaFX Application Thread] DEBUG LoopRunner           - Stopping loop
21:51:42.403 [JavaFX Application Thread] DEBUG SystemBundleService  - Saving FXGL system data
21:51:42.407 [JavaFX Application Thread] DEBUG FileSystemAccess     - Writing to: C:\Users\yibo\IdeaProjects\russs\system\fxgl.bundle
21:51:42.410 [JavaFX Application Thread] DEBUG Async                - Shutting down background threads
21:51:42.411 [JavaFX Application Thread] DEBUG PrimaryStageWindow   - Closing main window
21:51:42.426 [JavaFX Application Thread] DEBUG Logger               - Closing Logger
