16:30:27.171 [main                     ] DEBUG Logger               - Configured Logger
16:30:27.189 [main                     ] DEBUG GameApplication      - Logging settings
Title: Untitled
Version: 0.0
Width: 800
Height: 600
Fullscreen: false
Intro: false
Profiling: false
Single step:false
App Mode: DEVELOPER
Menu Key: ESCAPE
Stage Style: DECORATED
Scene Factory: class org.example.GameMenu$1

16:30:27.444 [JavaFX Application Thread] DEBUG FXGLApplication      - Initializing FXGL
16:30:27.447 [JavaFX Application Thread] INFO  Engine               - FXGL-17.2 (20.08.2022 16.50) on WINDOWS (J:17.0.5 FX:18)
16:30:27.448 [JavaFX Application Thread] DEBUG Engine               - JRE Vendor Name: Eclipse Adoptium
16:30:27.448 [JavaFX Application Thread] DEBUG Engine               - Running on OS: Windows 11 version 10.0
16:30:27.448 [JavaFX Application Thread] DEBUG Engine               - Architecture: amd64
16:30:27.448 [JavaFX Application Thread] INFO  Engine               - Source code and latest versions at: https://github.com/AlmasB/FXGL
16:30:27.448 [JavaFX Application Thread] INFO  Engine               -       Ask questions and discuss at: https://github.com/AlmasB/FXGL/discussions
16:30:27.448 [JavaFX Application Thread] INFO  Engine               -              Join the FXGL chat at: https://gitter.im/AlmasB/FXGL
16:30:27.512 [JavaFX Application Thread] DEBUG PrimaryStageWindow   - Creating a JavaFX scene
16:30:27.538 [JavaFX Application Thread] DEBUG PrimaryStageWindow   - Target settings size: 800.0 x 600.0
16:30:27.538 [JavaFX Application Thread] DEBUG PrimaryStageWindow   - Scaled scene size:    800.0 x 600.0
16:30:27.538 [JavaFX Application Thread] DEBUG PrimaryStageWindow   - Scaled ratio: (1.0, 1.0)
16:30:27.539 [JavaFX Application Thread] DEBUG PrimaryStageWindow   - Set initial scene to FXGLStartupScene
16:30:27.543 [JavaFX Application Thread] DEBUG PrimaryStageWindow   - Opening main window
16:30:27.590 [JavaFX Application Thread] DEBUG PrimaryStageWindow   - Window border size: (13.0, 35.5)
16:30:27.590 [JavaFX Application Thread] DEBUG PrimaryStageWindow   - Scaled size: 800.0 x 600.0
16:30:27.590 [JavaFX Application Thread] DEBUG PrimaryStageWindow   - Scaled ratio: (1.0, 1.0)
16:30:27.590 [JavaFX Application Thread] DEBUG PrimaryStageWindow   - Scene size: 800.0 x 600.0
16:30:27.591 [JavaFX Application Thread] DEBUG PrimaryStageWindow   - Stage size: 813.0 x 635.5
16:30:27.598 [FXGL Background Thread 1 ] DEBUG Engine               - Initializing environment variables
16:30:27.620 [FXGL Background Thread 1 ] DEBUG FXGLAssetLoaderServi - User app class for loading assets: class org.example.GameMenu
16:30:27.620 [FXGL Background Thread 1 ] DEBUG GameApplicationServi - Applying CSS: fxgl_dark.css
16:30:27.621 [FXGL Background Thread 1 ] DEBUG FXGLAssetLoaderServi - Loading from file system: jar:file:/C:/Users/yibo/.m2/repository/com/github/almasb/fxgl/17.2/fxgl-17.2.jar!/fxglassets/ui/css/fxgl_dark.css
16:30:27.646 [FXGL Background Thread 1 ] DEBUG GameApplicationServi - Initializing application scenes
16:30:27.682 [FXGL Background Thread 1 ] DEBUG GameWorld            - Game world initialized
16:30:27.716 [FXGL Background Thread 1 ] DEBUG PhysicsWorld         - Physics world initialized: appHeight=600, physics.ppm=50.0
16:30:27.716 [FXGL Background Thread 1 ] DEBUG PhysicsWorld         - Using strategy: BRUTE_FORCE
16:30:27.719 [FXGL Background Thread 1 ] DEBUG GameScene            - Game scene initialized: 800x600
16:30:27.735 [FXGL Background Thread 1 ] DEBUG GameApplicationServi - Application scenes initialized
16:30:27.747 [FXGL Background Thread 1 ] DEBUG SystemBundleService  - Loading FXGL system data
16:30:27.750 [FXGL Background Thread 1 ] DEBUG FileSystemAccess     - Reading from: C:\Users\yibo\IdeaProjects\russs\system\fxgl.bundle
16:30:27.753 [FXGL Background Thread 1 ] DEBUG SystemBundleService  - Bundle FXGL: {}
16:30:27.753 [FXGL Background Thread 1 ] DEBUG UpdaterService       - Checking for updates
16:30:27.758 [FXGL Background Thread 1 ] DEBUG FXGLApplication      - Loading default localization
16:30:27.758 [FXGL Background Thread 4 ] DEBUG FXGLApplication      - Loading fonts
16:30:27.759 [FXGL Background Thread 1 ] DEBUG FXGLAssetLoaderServi - Loading from file system: jar:file:/C:/Users/yibo/.m2/repository/com/github/almasb/fxgl/17.2/fxgl-17.2.jar!/fxglassets/languages/english.lang
16:30:27.759 [FXGL Background Thread 4 ] DEBUG FXGLAssetLoaderServi - Loading from file system: jar:file:/C:/Users/yibo/.m2/repository/com/github/almasb/fxgl/17.2/fxgl-17.2.jar!/fxglassets/ui/fonts/VarelaRound-Regular.ttf
16:30:27.774 [FXGL Background Thread 1 ] INFO  FXGLApplication      - FXGL initialization took: 0.176 sec
16:30:27.774 [JavaFX Application Thread] DEBUG FXGLAssetLoaderServi - Loading from file system: jar:file:/C:/Users/yibo/.m2/repository/com/github/almasb/fxgl/17.2/fxgl-17.2.jar!/fxglassets/textures/fxgl_icon.png
16:30:27.815 [FXGL Background Thread 4 ] DEBUG FXGLAssetLoaderServi - Loading from file system: jar:file:/C:/Users/yibo/.m2/repository/com/github/almasb/fxgl/17.2/fxgl-17.2.jar!/fxglassets/ui/fonts/Abel-Regular.ttf
16:30:27.817 [JavaFX Application Thread] DEBUG FXGLAssetLoaderServi - Loading from file system: jar:file:/C:/Users/yibo/.m2/repository/com/github/almasb/fxgl/17.2/fxgl-17.2.jar!/fxglassets/textures/fxgl_default_cursor.png
16:30:27.817 [FXGL Background Thread 4 ] DEBUG FXGLAssetLoaderServi - Loading from file system: jar:file:/C:/Users/yibo/.m2/repository/com/github/almasb/fxgl/17.2/fxgl-17.2.jar!/fxglassets/ui/fonts/TerminalLandMono-Regular.otf
16:30:27.820 [FXGL Background Thread 4 ] DEBUG FXGLAssetLoaderServi - Loading from file system: jar:file:/C:/Users/yibo/.m2/repository/com/github/almasb/fxgl/17.2/fxgl-17.2.jar!/fxglassets/ui/fonts/Courier-Prime.ttf
16:30:27.827 [JavaFX Application Thread] DEBUG Input                - Registered new binding: Screenshot - CTRL+8
16:30:27.827 [JavaFX Application Thread] DEBUG Input                - Registered new binding: System info dump - CTRL+9
16:30:27.827 [JavaFX Application Thread] DEBUG Input                - Registered new binding: Restart - CTRL+R
16:30:27.828 [JavaFX Application Thread] DEBUG Input                - Registered new binding: Toggle Debug Camera - CTRL+7
16:30:27.829 [JavaFX Application Thread] DEBUG LoopRunner           - Starting loop
16:30:27.830 [JavaFX Application Thread] DEBUG LoopRunner           - Initializing JavaFX AnimationTimerLoop
16:30:27.830 [JavaFX Application Thread] DEBUG GameApplicationServi - Starting new game
16:30:27.831 [JavaFX Application Thread] DEBUG Input                - Clearing active input actions
16:30:27.837 [JavaFX Application Thread] DEBUG GameApplicationServi - Removing overlay from FXGLStartupScene and adding to FXGLLoadingScene
16:30:27.837 [JavaFX Application Thread] DEBUG PrimaryStageWindow   - FXGLStartupScene -> FXGLLoadingScene
16:30:27.839 [JavaFX Application Thread] DEBUG GameApplicationServi - Clearing previous game
16:30:27.839 [JavaFX Application Thread] DEBUG GameScene            - Clearing game scene
16:30:27.839 [JavaFX Application Thread] DEBUG GameWorld            - Clearing game world
16:30:27.839 [JavaFX Application Thread] DEBUG PhysicsWorld         - Clearing physics world
16:30:27.839 [FXGL Background Thread 4 ] DEBUG FXGLApplication      - Initializing game
16:30:27.839 [JavaFX Application Thread] DEBUG FXGLApplication      - Registering font factories with UI factory
16:30:27.840 [FXGL Background Thread 4 ] INFO  FXGLApplication      - Game initialization took: 0.001 sec
16:30:27.875 [JavaFX Application Thread] DEBUG Input                - Clearing active input actions
16:30:27.881 [JavaFX Application Thread] DEBUG GameApplicationServi - Removing overlay from FXGLLoadingScene and adding to GameScene
16:30:27.881 [JavaFX Application Thread] DEBUG PrimaryStageWindow   - FXGLLoadingScene -> GameScene
16:30:28.429 [FXGL Background Thread 2 ] INFO  UpdaterService       - Your current version:  17.2
16:30:28.430 [FXGL Background Thread 2 ] INFO  UpdaterService       - Latest stable version: 17.3
16:30:29.341 [JavaFX Application Thread] DEBUG PrimaryStageWindow   - Push state: MyPauseMenu
16:30:29.341 [JavaFX Application Thread] DEBUG Input                - Clearing active input actions
16:30:29.342 [JavaFX Application Thread] DEBUG GameApplicationServi - Removing overlay from GameScene and adding to MyPauseMenu
16:30:29.343 [JavaFX Application Thread] DEBUG PrimaryStageWindow   - GameScene -> MyPauseMenu
16:30:30.757 [FXGL Background Thread 3 ] DEBUG Engine               - Logging environment variables
16:30:30.758 [FXGL Background Thread 3 ] DEBUG Engine               - achievements: []
16:30:30.758 [FXGL Background Thread 3 ] DEBUG Engine               - actualHeight: 600.0
16:30:30.759 [FXGL Background Thread 3 ] DEBUG Engine               - actualHeightProperty: ReadOnlyDoubleProperty [value: 600.0]
16:30:30.759 [FXGL Background Thread 3 ] DEBUG Engine               - actualWidth: 800.0
16:30:30.759 [FXGL Background Thread 3 ] DEBUG Engine               - actualWidthProperty: ReadOnlyDoubleProperty [value: 800.0]
16:30:30.759 [FXGL Background Thread 3 ] DEBUG Engine               - appIcon: fxgl_icon.png
16:30:30.760 [FXGL Background Thread 3 ] DEBUG Engine               - applicationMode: DEVELOPER
16:30:30.760 [FXGL Background Thread 3 ] DEBUG Engine               - cSSList: [fxgl_dark.css]
16:30:30.760 [FXGL Background Thread 3 ] DEBUG Engine               - collisionDetectionStrategy: BRUTE_FORCE
16:30:30.761 [FXGL Background Thread 3 ] DEBUG Engine               - configClass: Optional.empty
16:30:30.761 [FXGL Background Thread 3 ] DEBUG Engine               - credits: []
16:30:30.763 [FXGL Background Thread 3 ] DEBUG Engine               - defaultCursor: CursorInfo(imageName=fxgl_default_cursor.png, hotspotX=7.0, hotspotY=6.0)
16:30:30.764 [FXGL Background Thread 3 ] DEBUG Engine               - devBBoxColorProperty: ObjectProperty [value: 0xff0000ff]
16:30:30.764 [FXGL Background Thread 3 ] DEBUG Engine               - devEnableDebugCameraProperty: BooleanProperty [value: false]
16:30:30.764 [FXGL Background Thread 3 ] DEBUG Engine               - devSensorColorProperty: ObjectProperty [value: 0xffff00ff]
16:30:30.764 [FXGL Background Thread 3 ] DEBUG Engine               - devShowBBoxProperty: BooleanProperty [value: false]
16:30:30.764 [FXGL Background Thread 3 ] DEBUG Engine               - devShowPositionProperty: BooleanProperty [value: false]
16:30:30.765 [FXGL Background Thread 3 ] DEBUG Engine               - enabledMenuItems: []
16:30:30.765 [FXGL Background Thread 3 ] DEBUG Engine               - engineServices: [class com.almasb.fxgl.app.services.FXGLAssetLoaderService, class com.almasb.fxgl.app.FXGLApplication$GameApplicationService, class com.almasb.fxgl.app.services.FXGLDialogService, class com.almasb.fxgl.app.services.IOTaskExecutorService, class com.almasb.fxgl.io.FileSystemService, class com.almasb.fxgl.localization.LocalizationService, class com.almasb.fxgl.app.services.SystemBundleService, class com.almasb.fxgl.profile.SaveLoadService, class com.almasb.fxgl.ui.FXGLUIFactoryServiceProvider, class com.almasb.fxgl.ui.FXGLDialogFactoryServiceProvider, class com.almasb.fxgl.audio.AudioPlayer, class com.almasb.fxgl.notification.impl.NotificationServiceProvider, class com.almasb.fxgl.achievement.AchievementService, class com.almasb.fxgl.cutscene.CutsceneService, class com.almasb.fxgl.minigames.MiniGameService, class com.almasb.fxgl.net.NetService, class com.almasb.fxgl.app.services.UpdaterService, class com.almasb.fxgl.dev.DevService]
16:30:30.765 [FXGL Background Thread 3 ] DEBUG Engine               - fontGame: Abel-Regular.ttf
16:30:30.765 [FXGL Background Thread 3 ] DEBUG Engine               - fontMono: TerminalLandMono-Regular.otf
16:30:30.765 [FXGL Background Thread 3 ] DEBUG Engine               - fontText: Courier-Prime.ttf
16:30:30.765 [FXGL Background Thread 3 ] DEBUG Engine               - fontUI: VarelaRound-Regular.ttf
16:30:30.765 [FXGL Background Thread 3 ] DEBUG Engine               - fullScreen: BooleanProperty [value: false]
16:30:30.765 [FXGL Background Thread 3 ] DEBUG Engine               - gameDifficulty: MEDIUM
16:30:30.765 [FXGL Background Thread 3 ] DEBUG Engine               - gameDifficultyProperty: ObjectProperty [value: MEDIUM]
16:30:30.766 [FXGL Background Thread 3 ] DEBUG Engine               - globalMusicVolume: 0.5
16:30:30.766 [FXGL Background Thread 3 ] DEBUG Engine               - globalMusicVolumeProperty: DoubleProperty [value: 0.5]
16:30:30.766 [FXGL Background Thread 3 ] DEBUG Engine               - globalSoundVolume: 0.5
16:30:30.767 [FXGL Background Thread 3 ] DEBUG Engine               - globalSoundVolumeProperty: DoubleProperty [value: 0.5]
16:30:30.767 [FXGL Background Thread 3 ] DEBUG Engine               - height: 600
16:30:30.767 [FXGL Background Thread 3 ] DEBUG Engine               - is3D: false
16:30:30.767 [FXGL Background Thread 3 ] DEBUG Engine               - isAndroid: false
16:30:30.767 [FXGL Background Thread 3 ] DEBUG Engine               - isBrowser: false
16:30:30.767 [FXGL Background Thread 3 ] DEBUG Engine               - isClickFeedbackEnabled: false
16:30:30.767 [FXGL Background Thread 3 ] DEBUG Engine               - isCloseConfirmation: false
16:30:30.767 [FXGL Background Thread 3 ] DEBUG Engine               - isDesktop: true
16:30:30.767 [FXGL Background Thread 3 ] DEBUG Engine               - isDeveloperMenuEnabled: false
16:30:30.767 [FXGL Background Thread 3 ] DEBUG Engine               - isEmbedded: false
16:30:30.767 [FXGL Background Thread 3 ] DEBUG Engine               - isEntityPreloadEnabled: true
16:30:30.767 [FXGL Background Thread 3 ] DEBUG Engine               - isExperimentalTiledLargeMap: false
16:30:30.767 [FXGL Background Thread 3 ] DEBUG Engine               - isFileSystemWriteAllowed: true
16:30:30.767 [FXGL Background Thread 3 ] DEBUG Engine               - isFullScreenAllowed: false
16:30:30.767 [FXGL Background Thread 3 ] DEBUG Engine               - isFullScreenFromStart: false
16:30:30.767 [FXGL Background Thread 3 ] DEBUG Engine               - isGameMenuEnabled: true
16:30:30.767 [FXGL Background Thread 3 ] DEBUG Engine               - isIOS: false
16:30:30.768 [FXGL Background Thread 3 ] DEBUG Engine               - isIntroEnabled: false
16:30:30.768 [FXGL Background Thread 3 ] DEBUG Engine               - isLinux: false
16:30:30.768 [FXGL Background Thread 3 ] DEBUG Engine               - isMac: false
16:30:30.768 [FXGL Background Thread 3 ] DEBUG Engine               - isMainMenuEnabled: false
16:30:30.768 [FXGL Background Thread 3 ] DEBUG Engine               - isManualResizeEnabled: false
16:30:30.768 [FXGL Background Thread 3 ] DEBUG Engine               - isMobile: false
16:30:30.768 [FXGL Background Thread 3 ] DEBUG Engine               - isNative: false
16:30:30.768 [FXGL Background Thread 3 ] DEBUG Engine               - isPauseMusicWhenMinimized: true
16:30:30.768 [FXGL Background Thread 3 ] DEBUG Engine               - isPreserveResizeRatio: false
16:30:30.768 [FXGL Background Thread 3 ] DEBUG Engine               - isProfilingEnabled: false
16:30:30.768 [FXGL Background Thread 3 ] DEBUG Engine               - isScaleAffectedOnResize: true
16:30:30.768 [FXGL Background Thread 3 ] DEBUG Engine               - isSingleStep: false
16:30:30.768 [FXGL Background Thread 3 ] DEBUG Engine               - isUserProfileEnabled: false
16:30:30.768 [FXGL Background Thread 3 ] DEBUG Engine               - isWindows: true
16:30:30.768 [FXGL Background Thread 3 ] DEBUG Engine               - language: ObjectProperty [value: ENGLISH]
16:30:30.768 [FXGL Background Thread 3 ] DEBUG Engine               - menuKey: ESCAPE
16:30:30.769 [FXGL Background Thread 3 ] DEBUG Engine               - mouseSensitivity: 0.2
16:30:30.769 [FXGL Background Thread 3 ] DEBUG Engine               - notificationViewClass: class com.almasb.fxgl.notification.view.XboxNotificationView
16:30:30.769 [FXGL Background Thread 3 ] DEBUG Engine               - pixelsPerMeter: 50.0
16:30:30.769 [FXGL Background Thread 3 ] DEBUG Engine               - platform: WINDOWS
16:30:30.769 [FXGL Background Thread 3 ] DEBUG Engine               - prefHeightProperty: ReadOnlyDoubleProperty [value: 600.0]
16:30:30.769 [FXGL Background Thread 3 ] DEBUG Engine               - prefWidthProperty: ReadOnlyDoubleProperty [value: 800.0]
16:30:30.769 [FXGL Background Thread 3 ] DEBUG Engine               - profileDir: profiles/
16:30:30.769 [FXGL Background Thread 3 ] DEBUG Engine               - profileName: StringProperty [value: DEFAULT]
16:30:30.769 [FXGL Background Thread 3 ] DEBUG Engine               - randomSeed: -1
16:30:30.770 [FXGL Background Thread 3 ] DEBUG Engine               - runtimeInfo: RuntimeInfo(platform=WINDOWS, version=17.2, build=20.08.2022 16.50)
16:30:30.770 [FXGL Background Thread 3 ] DEBUG Engine               - saveFileExt: sav
16:30:30.770 [FXGL Background Thread 3 ] DEBUG Engine               - scaledHeightProp$fxgl: DoubleProperty [bound, value: 600.0]
16:30:30.770 [FXGL Background Thread 3 ] DEBUG Engine               - scaledWidthProp$fxgl: DoubleProperty [bound, value: 800.0]
16:30:30.770 [FXGL Background Thread 3 ] DEBUG Engine               - sceneFactory: org.example.GameMenu$1@410c8480
16:30:30.770 [FXGL Background Thread 3 ] DEBUG Engine               - secondsIn24h: 60
16:30:30.770 [FXGL Background Thread 3 ] DEBUG Engine               - soundMenuBack: menu/back.wav
16:30:30.770 [FXGL Background Thread 3 ] DEBUG Engine               - soundMenuPress: menu/press.wav
16:30:30.770 [FXGL Background Thread 3 ] DEBUG Engine               - soundMenuSelect: menu/select.wav
16:30:30.770 [FXGL Background Thread 3 ] DEBUG Engine               - soundNotification: core/notification.wav
16:30:30.770 [FXGL Background Thread 3 ] DEBUG Engine               - stageStyle: DECORATED
16:30:30.770 [FXGL Background Thread 3 ] DEBUG Engine               - supportedLanguages: [ENGLISH, FRENCH, GERMAN, HUNGARIAN, RUSSIAN]
16:30:30.770 [FXGL Background Thread 3 ] DEBUG Engine               - ticksPerSecond: -1
16:30:30.770 [FXGL Background Thread 3 ] DEBUG Engine               - title: Untitled
16:30:30.770 [FXGL Background Thread 3 ] DEBUG Engine               - urlGithub: https://github.com/AlmasB/FXGL
16:30:30.770 [FXGL Background Thread 3 ] DEBUG Engine               - urlLeaderboard: http://fxgl-top.herokuapp.com/
16:30:30.770 [FXGL Background Thread 3 ] DEBUG Engine               - urlPOM: https://raw.githubusercontent.com/AlmasB/FXGL/release/README.md
16:30:30.770 [FXGL Background Thread 3 ] DEBUG Engine               - userAppClass: class org.example.GameMenu
16:30:30.770 [FXGL Background Thread 3 ] DEBUG Engine               - version: 0.0
16:30:30.770 [FXGL Background Thread 3 ] DEBUG Engine               - versionCheckDays: 7
16:30:30.771 [FXGL Background Thread 3 ] DEBUG Engine               - width: 800
16:30:30.771 [FXGL Background Thread 3 ] DEBUG Engine               - Logging services
16:30:30.771 [FXGL Background Thread 3 ] DEBUG Engine               - class com.almasb.fxgl.app.services.FXGLAssetLoaderService
16:30:30.771 [FXGL Background Thread 3 ] DEBUG Engine               - class com.almasb.fxgl.app.FXGLApplication$GameApplicationService
16:30:30.771 [FXGL Background Thread 3 ] DEBUG Engine               - class com.almasb.fxgl.app.services.FXGLDialogService
16:30:30.771 [FXGL Background Thread 3 ] DEBUG Engine               - class com.almasb.fxgl.app.services.IOTaskExecutorService
16:30:30.771 [FXGL Background Thread 3 ] DEBUG Engine               - class com.almasb.fxgl.io.FileSystemService
16:30:30.771 [FXGL Background Thread 3 ] DEBUG Engine               - class com.almasb.fxgl.localization.LocalizationService
16:30:30.771 [FXGL Background Thread 3 ] DEBUG Engine               - class com.almasb.fxgl.app.services.SystemBundleService
16:30:30.771 [FXGL Background Thread 3 ] DEBUG Engine               - class com.almasb.fxgl.profile.SaveLoadService
16:30:30.771 [FXGL Background Thread 3 ] DEBUG Engine               - class com.almasb.fxgl.ui.FXGLUIFactoryServiceProvider
16:30:30.771 [FXGL Background Thread 3 ] DEBUG Engine               - class com.almasb.fxgl.ui.FXGLDialogFactoryServiceProvider
16:30:30.771 [FXGL Background Thread 3 ] DEBUG Engine               - class com.almasb.fxgl.audio.AudioPlayer
16:30:30.771 [FXGL Background Thread 3 ] DEBUG Engine               - class com.almasb.fxgl.notification.impl.NotificationServiceProvider
16:30:30.771 [FXGL Background Thread 3 ] DEBUG Engine               - class com.almasb.fxgl.achievement.AchievementService
16:30:30.771 [FXGL Background Thread 3 ] DEBUG Engine               - class com.almasb.fxgl.cutscene.CutsceneService
16:30:30.771 [FXGL Background Thread 3 ] DEBUG Engine               - class com.almasb.fxgl.minigames.MiniGameService
16:30:30.771 [FXGL Background Thread 3 ] DEBUG Engine               - class com.almasb.fxgl.net.NetService
16:30:30.771 [FXGL Background Thread 3 ] DEBUG Engine               - class com.almasb.fxgl.app.services.UpdaterService
16:30:30.771 [FXGL Background Thread 3 ] DEBUG Engine               - class com.almasb.fxgl.dev.DevService
16:30:33.908 [JavaFX Application Thread] DEBUG Menu                 - fireResume()
16:30:33.908 [JavaFX Application Thread] DEBUG PrimaryStageWindow   - Pop state: MyPauseMenu
16:30:33.908 [JavaFX Application Thread] DEBUG Input                - Clearing active input actions
16:30:33.909 [JavaFX Application Thread] DEBUG GameApplicationServi - Removing overlay from MyPauseMenu and adding to GameScene
16:30:33.910 [JavaFX Application Thread] DEBUG PrimaryStageWindow   - GameScene <- MyPauseMenu
16:30:36.654 [JavaFX Application Thread] DEBUG PrimaryStageWindow   - Push state: MyPauseMenu
16:30:36.655 [JavaFX Application Thread] DEBUG Input                - Clearing active input actions
16:30:36.655 [JavaFX Application Thread] DEBUG GameApplicationServi - Removing overlay from GameScene and adding to MyPauseMenu
16:30:36.656 [JavaFX Application Thread] DEBUG PrimaryStageWindow   - GameScene -> MyPauseMenu
16:30:40.348 [JavaFX Application Thread] DEBUG Menu                 - fireResume()
16:30:40.349 [JavaFX Application Thread] DEBUG PrimaryStageWindow   - Pop state: MyPauseMenu
16:30:40.349 [JavaFX Application Thread] DEBUG Input                - Clearing active input actions
16:30:40.349 [JavaFX Application Thread] DEBUG GameApplicationServi - Removing overlay from MyPauseMenu and adding to GameScene
16:30:40.350 [JavaFX Application Thread] DEBUG PrimaryStageWindow   - GameScene <- MyPauseMenu
16:30:41.847 [JavaFX Application Thread] DEBUG FXGLApplication      - Exiting FXGL
16:30:41.847 [JavaFX Application Thread] DEBUG LoopRunner           - Stopping loop
16:30:41.847 [JavaFX Application Thread] DEBUG SystemBundleService  - Saving FXGL system data
16:30:41.850 [JavaFX Application Thread] DEBUG FileSystemAccess     - Writing to: C:\Users\yibo\IdeaProjects\russs\system\fxgl.bundle
16:30:41.852 [JavaFX Application Thread] DEBUG Async                - Shutting down background threads
16:30:41.853 [JavaFX Application Thread] DEBUG PrimaryStageWindow   - Closing main window
16:30:41.867 [JavaFX Application Thread] DEBUG Logger               - Closing Logger
