21:52:24.166 [main                     ] DEBUG Logger               - Configured Logger
21:52:24.184 [main                     ] DEBUG GameApplication      - Logging settings
Title: chicken fly
Version: 0.0
Width: 1280
Height: 720
Fullscreen: false
Intro: false
Profiling: false
Single step:false
App Mode: DEVELOPER
Menu Key: ESCAPE
Stage Style: DECORATED
Scene Factory: class org.example.Menu.GameMenu$MySceneFactory

21:52:24.464 [JavaFX Application Thread] DEBUG FXGLApplication      - Initializing FXGL
21:52:24.467 [JavaFX Application Thread] INFO  Engine               - FXGL-17.2 (20.08.2022 16.50) on WINDOWS (J:17.0.5 FX:18)
21:52:24.468 [JavaFX Application Thread] DEBUG Engine               - JRE Vendor Name: Eclipse Adoptium
21:52:24.468 [JavaFX Application Thread] DEBUG Engine               - Running on OS: Windows 11 version 10.0
21:52:24.468 [JavaFX Application Thread] DEBUG Engine               - Architecture: amd64
21:52:24.468 [JavaFX Application Thread] INFO  Engine               - Source code and latest versions at: https://github.com/AlmasB/FXGL
21:52:24.468 [JavaFX Application Thread] INFO  Engine               -       Ask questions and discuss at: https://github.com/AlmasB/FXGL/discussions
21:52:24.468 [JavaFX Application Thread] INFO  Engine               -              Join the FXGL chat at: https://gitter.im/AlmasB/FXGL
21:52:24.533 [JavaFX Application Thread] DEBUG PrimaryStageWindow   - Creating a JavaFX scene
21:52:24.558 [JavaFX Application Thread] DEBUG PrimaryStageWindow   - Target settings size: 1280.0 x 720.0
21:52:24.558 [JavaFX Application Thread] DEBUG PrimaryStageWindow   - Scaled scene size:    1280.0 x 720.0
21:52:24.559 [JavaFX Application Thread] DEBUG PrimaryStageWindow   - Scaled ratio: (1.0, 1.0)
21:52:24.559 [JavaFX Application Thread] DEBUG PrimaryStageWindow   - Set initial scene to FXGLStartupScene
21:52:24.565 [JavaFX Application Thread] DEBUG PrimaryStageWindow   - Opening main window
21:52:24.617 [JavaFX Application Thread] DEBUG PrimaryStageWindow   - Window border size: (14.4000244140625, 37.5999755859375)
21:52:24.618 [JavaFX Application Thread] DEBUG PrimaryStageWindow   - Scaled size: 1280.0 x 720.0
21:52:24.618 [JavaFX Application Thread] DEBUG PrimaryStageWindow   - Scaled ratio: (1.0, 1.0)
21:52:24.618 [JavaFX Application Thread] DEBUG PrimaryStageWindow   - Scene size: 1280.0 x 720.0
21:52:24.618 [JavaFX Application Thread] DEBUG PrimaryStageWindow   - Stage size: 1294.4000244140625 x 757.5999755859375
21:52:24.624 [FXGL Background Thread 1 ] DEBUG Engine               - Initializing environment variables
21:52:24.648 [FXGL Background Thread 1 ] DEBUG FXGLAssetLoaderServi - User app class for loading assets: class org.example.Main
21:52:24.648 [FXGL Background Thread 1 ] DEBUG GameApplicationServi - Applying CSS: fxgl_dark.css
21:52:24.649 [FXGL Background Thread 1 ] DEBUG FXGLAssetLoaderServi - Loading from file system: jar:file:/C:/Users/yibo/.m2/repository/com/github/almasb/fxgl/17.2/fxgl-17.2.jar!/fxglassets/ui/css/fxgl_dark.css
21:52:24.673 [FXGL Background Thread 1 ] DEBUG GameApplicationServi - Initializing application scenes
21:52:24.707 [FXGL Background Thread 1 ] DEBUG GameWorld            - Game world initialized
21:52:24.747 [FXGL Background Thread 1 ] DEBUG PhysicsWorld         - Physics world initialized: appHeight=720, physics.ppm=50.0
21:52:24.747 [FXGL Background Thread 1 ] DEBUG PhysicsWorld         - Using strategy: BRUTE_FORCE
21:52:24.750 [FXGL Background Thread 1 ] DEBUG GameScene            - Game scene initialized: 1280x720
21:52:24.799 [FXGL Background Thread 1 ] DEBUG GameApplicationServi - Application scenes initialized
21:52:24.809 [FXGL Background Thread 1 ] DEBUG SystemBundleService  - Loading FXGL system data
21:52:24.813 [FXGL Background Thread 1 ] DEBUG FileSystemAccess     - Reading from: C:\Users\yibo\IdeaProjects\russs\system\fxgl.bundle
21:52:24.819 [FXGL Background Thread 1 ] DEBUG SystemBundleService  - Bundle FXGL: {}
21:52:24.820 [FXGL Background Thread 1 ] DEBUG UpdaterService       - Checking for updates
21:52:24.824 [FXGL Background Thread 4 ] DEBUG FXGLApplication      - Loading fonts
21:52:24.824 [FXGL Background Thread 4 ] DEBUG FXGLAssetLoaderServi - Loading from file system: jar:file:/C:/Users/yibo/.m2/repository/com/github/almasb/fxgl/17.2/fxgl-17.2.jar!/fxglassets/ui/fonts/VarelaRound-Regular.ttf
21:52:24.824 [FXGL Background Thread 1 ] DEBUG FXGLApplication      - Loading default localization
21:52:24.825 [FXGL Background Thread 1 ] DEBUG FXGLAssetLoaderServi - Loading from file system: jar:file:/C:/Users/yibo/.m2/repository/com/github/almasb/fxgl/17.2/fxgl-17.2.jar!/fxglassets/languages/english.lang
21:52:24.845 [FXGL Background Thread 1 ] INFO  FXGLApplication      - FXGL initialization took: 0.221 sec
21:52:24.853 [JavaFX Application Thread] DEBUG Input                - Registered new binding: Jump - W
21:52:24.853 [JavaFX Application Thread] DEBUG Input                - Registered new binding: forward - D
21:52:24.853 [JavaFX Application Thread] DEBUG Input                - Registered new binding: backward - A
21:52:24.853 [JavaFX Application Thread] DEBUG Input                - Registered new binding: exit - F1
21:52:24.856 [JavaFX Application Thread] DEBUG Input                - Registered new binding: fire - LMB
21:52:24.856 [JavaFX Application Thread] DEBUG FXGLAssetLoaderServi - Loading from file system: jar:file:/C:/Users/yibo/.m2/repository/com/github/almasb/fxgl/17.2/fxgl-17.2.jar!/fxglassets/textures/fxgl_icon.png
21:52:24.861 [FXGL Background Thread 4 ] DEBUG FXGLAssetLoaderServi - Loading from file system: jar:file:/C:/Users/yibo/.m2/repository/com/github/almasb/fxgl/17.2/fxgl-17.2.jar!/fxglassets/ui/fonts/Abel-Regular.ttf
21:52:24.864 [FXGL Background Thread 4 ] DEBUG FXGLAssetLoaderServi - Loading from file system: jar:file:/C:/Users/yibo/.m2/repository/com/github/almasb/fxgl/17.2/fxgl-17.2.jar!/fxglassets/ui/fonts/TerminalLandMono-Regular.otf
21:52:24.866 [FXGL Background Thread 4 ] DEBUG FXGLAssetLoaderServi - Loading from file system: jar:file:/C:/Users/yibo/.m2/repository/com/github/almasb/fxgl/17.2/fxgl-17.2.jar!/fxglassets/ui/fonts/Courier-Prime.ttf
21:52:24.883 [JavaFX Application Thread] DEBUG FXGLAssetLoaderServi - Loading from file system: jar:file:/C:/Users/yibo/.m2/repository/com/github/almasb/fxgl/17.2/fxgl-17.2.jar!/fxglassets/textures/fxgl_default_cursor.png
21:52:24.886 [JavaFX Application Thread] DEBUG Input                - Registered new binding: Screenshot - CTRL+8
21:52:24.886 [JavaFX Application Thread] DEBUG Input                - Registered new binding: System info dump - CTRL+9
21:52:24.886 [JavaFX Application Thread] DEBUG Input                - Registered new binding: Restart - CTRL+R
21:52:24.887 [JavaFX Application Thread] DEBUG Input                - Registered new binding: Toggle Debug Camera - CTRL+7
21:52:24.889 [JavaFX Application Thread] DEBUG LoopRunner           - Starting loop
21:52:24.889 [JavaFX Application Thread] DEBUG LoopRunner           - Initializing JavaFX AnimationTimerLoop
21:52:24.891 [JavaFX Application Thread] DEBUG Input                - Clearing active input actions
21:52:24.894 [JavaFX Application Thread] DEBUG GameApplicationServi - Removing overlay from FXGLStartupScene and adding to FXGLMainMenuDummyScene
21:52:24.895 [JavaFX Application Thread] DEBUG PrimaryStageWindow   - FXGLStartupScene -> FXGLMainMenuDummyScene
21:52:24.895 [JavaFX Application Thread] DEBUG PrimaryStageWindow   - Push state: MyMainMenu
21:52:24.895 [JavaFX Application Thread] DEBUG Input                - Clearing active input actions
21:52:24.902 [JavaFX Application Thread] DEBUG GameApplicationServi - Removing overlay from FXGLMainMenuDummyScene and adding to MyMainMenu
21:52:24.903 [JavaFX Application Thread] DEBUG PrimaryStageWindow   - FXGLMainMenuDummyScene -> MyMainMenu
21:52:24.904 [JavaFX Application Thread] DEBUG FXGLApplication      - Registering font factories with UI factory
21:52:25.207 [FXGL Background Thread 2 ] INFO  UpdaterService       - Your current version:  17.2
21:52:25.207 [FXGL Background Thread 2 ] INFO  UpdaterService       - Latest stable version: 17.3
21:52:27.823 [FXGL Background Thread 3 ] DEBUG Engine               - Logging environment variables
21:52:27.824 [FXGL Background Thread 3 ] DEBUG Engine               - achievements: []
21:52:27.824 [FXGL Background Thread 3 ] DEBUG Engine               - actualHeight: 720.0
21:52:27.825 [FXGL Background Thread 3 ] DEBUG Engine               - actualHeightProperty: ReadOnlyDoubleProperty [value: 720.0]
21:52:27.825 [FXGL Background Thread 3 ] DEBUG Engine               - actualWidth: 1280.0
21:52:27.825 [FXGL Background Thread 3 ] DEBUG Engine               - actualWidthProperty: ReadOnlyDoubleProperty [value: 1280.0]
21:52:27.825 [FXGL Background Thread 3 ] DEBUG Engine               - appIcon: fxgl_icon.png
21:52:27.825 [FXGL Background Thread 3 ] DEBUG Engine               - applicationMode: DEVELOPER
21:52:27.825 [FXGL Background Thread 3 ] DEBUG Engine               - cSSList: [fxgl_dark.css]
21:52:27.825 [FXGL Background Thread 3 ] DEBUG Engine               - collisionDetectionStrategy: BRUTE_FORCE
21:52:27.826 [FXGL Background Thread 3 ] DEBUG Engine               - configClass: Optional.empty
21:52:27.826 [FXGL Background Thread 3 ] DEBUG Engine               - credits: []
21:52:27.829 [FXGL Background Thread 3 ] DEBUG Engine               - defaultCursor: CursorInfo(imageName=fxgl_default_cursor.png, hotspotX=7.0, hotspotY=6.0)
21:52:27.829 [FXGL Background Thread 3 ] DEBUG Engine               - devBBoxColorProperty: ObjectProperty [value: 0xff0000ff]
21:52:27.830 [FXGL Background Thread 3 ] DEBUG Engine               - devEnableDebugCameraProperty: BooleanProperty [value: false]
21:52:27.830 [FXGL Background Thread 3 ] DEBUG Engine               - devSensorColorProperty: ObjectProperty [value: 0xffff00ff]
21:52:27.830 [FXGL Background Thread 3 ] DEBUG Engine               - devShowBBoxProperty: BooleanProperty [value: false]
21:52:27.830 [FXGL Background Thread 3 ] DEBUG Engine               - devShowPositionProperty: BooleanProperty [value: false]
21:52:27.830 [FXGL Background Thread 3 ] DEBUG Engine               - enabledMenuItems: []
21:52:27.830 [FXGL Background Thread 3 ] DEBUG Engine               - engineServices: [class com.almasb.fxgl.app.services.FXGLAssetLoaderService, class com.almasb.fxgl.app.FXGLApplication$GameApplicationService, class com.almasb.fxgl.app.services.FXGLDialogService, class com.almasb.fxgl.app.services.IOTaskExecutorService, class com.almasb.fxgl.io.FileSystemService, class com.almasb.fxgl.localization.LocalizationService, class com.almasb.fxgl.app.services.SystemBundleService, class com.almasb.fxgl.profile.SaveLoadService, class com.almasb.fxgl.ui.FXGLUIFactoryServiceProvider, class com.almasb.fxgl.ui.FXGLDialogFactoryServiceProvider, class com.almasb.fxgl.audio.AudioPlayer, class com.almasb.fxgl.notification.impl.NotificationServiceProvider, class com.almasb.fxgl.achievement.AchievementService, class com.almasb.fxgl.cutscene.CutsceneService, class com.almasb.fxgl.minigames.MiniGameService, class com.almasb.fxgl.net.NetService, class com.almasb.fxgl.app.services.UpdaterService, class com.almasb.fxgl.dev.DevService]
21:52:27.830 [FXGL Background Thread 3 ] DEBUG Engine               - fontGame: Abel-Regular.ttf
21:52:27.830 [FXGL Background Thread 3 ] DEBUG Engine               - fontMono: TerminalLandMono-Regular.otf
21:52:27.830 [FXGL Background Thread 3 ] DEBUG Engine               - fontText: Courier-Prime.ttf
21:52:27.830 [FXGL Background Thread 3 ] DEBUG Engine               - fontUI: VarelaRound-Regular.ttf
21:52:27.830 [FXGL Background Thread 3 ] DEBUG Engine               - fullScreen: BooleanProperty [value: false]
21:52:27.830 [FXGL Background Thread 3 ] DEBUG Engine               - gameDifficulty: MEDIUM
21:52:27.830 [FXGL Background Thread 3 ] DEBUG Engine               - gameDifficultyProperty: ObjectProperty [value: MEDIUM]
21:52:27.830 [FXGL Background Thread 3 ] DEBUG Engine               - globalMusicVolume: 0.5
21:52:27.831 [FXGL Background Thread 3 ] DEBUG Engine               - globalMusicVolumeProperty: DoubleProperty [value: 0.5]
21:52:27.831 [FXGL Background Thread 3 ] DEBUG Engine               - globalSoundVolume: 0.5
21:52:27.831 [FXGL Background Thread 3 ] DEBUG Engine               - globalSoundVolumeProperty: DoubleProperty [value: 0.5]
21:52:27.831 [FXGL Background Thread 3 ] DEBUG Engine               - height: 720
21:52:27.831 [FXGL Background Thread 3 ] DEBUG Engine               - is3D: false
21:52:27.831 [FXGL Background Thread 3 ] DEBUG Engine               - isAndroid: false
21:52:27.831 [FXGL Background Thread 3 ] DEBUG Engine               - isBrowser: false
21:52:27.831 [FXGL Background Thread 3 ] DEBUG Engine               - isClickFeedbackEnabled: false
21:52:27.831 [FXGL Background Thread 3 ] DEBUG Engine               - isCloseConfirmation: false
21:52:27.831 [FXGL Background Thread 3 ] DEBUG Engine               - isDesktop: true
21:52:27.831 [FXGL Background Thread 3 ] DEBUG Engine               - isDeveloperMenuEnabled: false
21:52:27.831 [FXGL Background Thread 3 ] DEBUG Engine               - isEmbedded: false
21:52:27.831 [FXGL Background Thread 3 ] DEBUG Engine               - isEntityPreloadEnabled: true
21:52:27.831 [FXGL Background Thread 3 ] DEBUG Engine               - isExperimentalTiledLargeMap: false
21:52:27.831 [FXGL Background Thread 3 ] DEBUG Engine               - isFileSystemWriteAllowed: true
21:52:27.831 [FXGL Background Thread 3 ] DEBUG Engine               - isFullScreenAllowed: false
21:52:27.831 [FXGL Background Thread 3 ] DEBUG Engine               - isFullScreenFromStart: false
21:52:27.832 [FXGL Background Thread 3 ] DEBUG Engine               - isGameMenuEnabled: true
21:52:27.832 [FXGL Background Thread 3 ] DEBUG Engine               - isIOS: false
21:52:27.832 [FXGL Background Thread 3 ] DEBUG Engine               - isIntroEnabled: false
21:52:27.832 [FXGL Background Thread 3 ] DEBUG Engine               - isLinux: false
21:52:27.832 [FXGL Background Thread 3 ] DEBUG Engine               - isMac: false
21:52:27.832 [FXGL Background Thread 3 ] DEBUG Engine               - isMainMenuEnabled: true
21:52:27.832 [FXGL Background Thread 3 ] DEBUG Engine               - isManualResizeEnabled: false
21:52:27.832 [FXGL Background Thread 3 ] DEBUG Engine               - isMobile: false
21:52:27.832 [FXGL Background Thread 3 ] DEBUG Engine               - isNative: false
21:52:27.832 [FXGL Background Thread 3 ] DEBUG Engine               - isPauseMusicWhenMinimized: true
21:52:27.832 [FXGL Background Thread 3 ] DEBUG Engine               - isPreserveResizeRatio: false
21:52:27.832 [FXGL Background Thread 3 ] DEBUG Engine               - isProfilingEnabled: false
21:52:27.832 [FXGL Background Thread 3 ] DEBUG Engine               - isScaleAffectedOnResize: true
21:52:27.832 [FXGL Background Thread 3 ] DEBUG Engine               - isSingleStep: false
21:52:27.832 [FXGL Background Thread 3 ] DEBUG Engine               - isUserProfileEnabled: false
21:52:27.832 [FXGL Background Thread 3 ] DEBUG Engine               - isWindows: true
21:52:27.832 [FXGL Background Thread 3 ] DEBUG Engine               - language: ObjectProperty [value: ENGLISH]
21:52:27.832 [FXGL Background Thread 3 ] DEBUG Engine               - menuKey: ESCAPE
21:52:27.832 [FXGL Background Thread 3 ] DEBUG Engine               - mouseSensitivity: 0.2
21:52:27.832 [FXGL Background Thread 3 ] DEBUG Engine               - notificationViewClass: class com.almasb.fxgl.notification.view.XboxNotificationView
21:52:27.832 [FXGL Background Thread 3 ] DEBUG Engine               - pixelsPerMeter: 50.0
21:52:27.833 [FXGL Background Thread 3 ] DEBUG Engine               - platform: WINDOWS
21:52:27.833 [FXGL Background Thread 3 ] DEBUG Engine               - prefHeightProperty: ReadOnlyDoubleProperty [value: 720.0]
21:52:27.833 [FXGL Background Thread 3 ] DEBUG Engine               - prefWidthProperty: ReadOnlyDoubleProperty [value: 1280.0]
21:52:27.833 [FXGL Background Thread 3 ] DEBUG Engine               - profileDir: profiles/
21:52:27.833 [FXGL Background Thread 3 ] DEBUG Engine               - profileName: StringProperty [value: DEFAULT]
21:52:27.833 [FXGL Background Thread 3 ] DEBUG Engine               - randomSeed: -1
21:52:27.833 [FXGL Background Thread 3 ] DEBUG Engine               - runtimeInfo: RuntimeInfo(platform=WINDOWS, version=17.2, build=20.08.2022 16.50)
21:52:27.833 [FXGL Background Thread 3 ] DEBUG Engine               - saveFileExt: sav
21:52:27.833 [FXGL Background Thread 3 ] DEBUG Engine               - scaledHeightProp$fxgl: DoubleProperty [bound, value: 720.0]
21:52:27.833 [FXGL Background Thread 3 ] DEBUG Engine               - scaledWidthProp$fxgl: DoubleProperty [bound, value: 1280.0]
21:52:27.833 [FXGL Background Thread 3 ] DEBUG Engine               - sceneFactory: org.example.Menu.GameMenu$MySceneFactory@3d529f4
21:52:27.833 [FXGL Background Thread 3 ] DEBUG Engine               - secondsIn24h: 60
21:52:27.833 [FXGL Background Thread 3 ] DEBUG Engine               - soundMenuBack: menu/back.wav
21:52:27.833 [FXGL Background Thread 3 ] DEBUG Engine               - soundMenuPress: menu/press.wav
21:52:27.833 [FXGL Background Thread 3 ] DEBUG Engine               - soundMenuSelect: menu/select.wav
21:52:27.833 [FXGL Background Thread 3 ] DEBUG Engine               - soundNotification: core/notification.wav
21:52:27.833 [FXGL Background Thread 3 ] DEBUG Engine               - stageStyle: DECORATED
21:52:27.833 [FXGL Background Thread 3 ] DEBUG Engine               - supportedLanguages: [ENGLISH, FRENCH, GERMAN, HUNGARIAN, RUSSIAN]
21:52:27.833 [FXGL Background Thread 3 ] DEBUG Engine               - ticksPerSecond: -1
21:52:27.833 [FXGL Background Thread 3 ] DEBUG Engine               - title: chicken fly
21:52:27.833 [FXGL Background Thread 3 ] DEBUG Engine               - urlGithub: https://github.com/AlmasB/FXGL
21:52:27.833 [FXGL Background Thread 3 ] DEBUG Engine               - urlLeaderboard: http://fxgl-top.herokuapp.com/
21:52:27.834 [FXGL Background Thread 3 ] DEBUG Engine               - urlPOM: https://raw.githubusercontent.com/AlmasB/FXGL/release/README.md
21:52:27.834 [FXGL Background Thread 3 ] DEBUG Engine               - userAppClass: class org.example.Main
21:52:27.834 [FXGL Background Thread 3 ] DEBUG Engine               - version: 0.0
21:52:27.834 [FXGL Background Thread 3 ] DEBUG Engine               - versionCheckDays: 7
21:52:27.834 [FXGL Background Thread 3 ] DEBUG Engine               - width: 1280
21:52:27.834 [FXGL Background Thread 3 ] DEBUG Engine               - Logging services
21:52:27.834 [FXGL Background Thread 3 ] DEBUG Engine               - class com.almasb.fxgl.app.services.FXGLAssetLoaderService
21:52:27.834 [FXGL Background Thread 3 ] DEBUG Engine               - class com.almasb.fxgl.app.FXGLApplication$GameApplicationService
21:52:27.834 [FXGL Background Thread 3 ] DEBUG Engine               - class com.almasb.fxgl.app.services.FXGLDialogService
21:52:27.834 [FXGL Background Thread 3 ] DEBUG Engine               - class com.almasb.fxgl.app.services.IOTaskExecutorService
21:52:27.834 [FXGL Background Thread 3 ] DEBUG Engine               - class com.almasb.fxgl.io.FileSystemService
21:52:27.834 [FXGL Background Thread 3 ] DEBUG Engine               - class com.almasb.fxgl.localization.LocalizationService
21:52:27.834 [FXGL Background Thread 3 ] DEBUG Engine               - class com.almasb.fxgl.app.services.SystemBundleService
21:52:27.834 [FXGL Background Thread 3 ] DEBUG Engine               - class com.almasb.fxgl.profile.SaveLoadService
21:52:27.834 [FXGL Background Thread 3 ] DEBUG Engine               - class com.almasb.fxgl.ui.FXGLUIFactoryServiceProvider
21:52:27.834 [FXGL Background Thread 3 ] DEBUG Engine               - class com.almasb.fxgl.ui.FXGLDialogFactoryServiceProvider
21:52:27.834 [FXGL Background Thread 3 ] DEBUG Engine               - class com.almasb.fxgl.audio.AudioPlayer
21:52:27.834 [FXGL Background Thread 3 ] DEBUG Engine               - class com.almasb.fxgl.notification.impl.NotificationServiceProvider
21:52:27.834 [FXGL Background Thread 3 ] DEBUG Engine               - class com.almasb.fxgl.achievement.AchievementService
21:52:27.834 [FXGL Background Thread 3 ] DEBUG Engine               - class com.almasb.fxgl.cutscene.CutsceneService
21:52:27.834 [FXGL Background Thread 3 ] DEBUG Engine               - class com.almasb.fxgl.minigames.MiniGameService
21:52:27.834 [FXGL Background Thread 3 ] DEBUG Engine               - class com.almasb.fxgl.net.NetService
21:52:27.834 [FXGL Background Thread 3 ] DEBUG Engine               - class com.almasb.fxgl.app.services.UpdaterService
21:52:27.834 [FXGL Background Thread 3 ] DEBUG Engine               - class com.almasb.fxgl.dev.DevService
21:52:36.264 [JavaFX Application Thread] DEBUG Menu                 - fireNewGame()
21:52:36.264 [JavaFX Application Thread] DEBUG GameApplicationServi - Starting new game
21:52:36.264 [JavaFX Application Thread] DEBUG PrimaryStageWindow   - Pop state: MyMainMenu
21:52:36.264 [JavaFX Application Thread] DEBUG Input                - Clearing active input actions
21:52:36.265 [JavaFX Application Thread] DEBUG GameApplicationServi - Removing overlay from MyMainMenu and adding to FXGLMainMenuDummyScene
21:52:36.265 [JavaFX Application Thread] DEBUG PrimaryStageWindow   - FXGLMainMenuDummyScene <- MyMainMenu
21:52:36.265 [JavaFX Application Thread] DEBUG Input                - Clearing active input actions
21:52:36.269 [JavaFX Application Thread] DEBUG GameApplicationServi - Removing overlay from FXGLMainMenuDummyScene and adding to FXGLLoadingScene
21:52:36.269 [JavaFX Application Thread] DEBUG PrimaryStageWindow   - FXGLMainMenuDummyScene -> FXGLLoadingScene
21:52:36.269 [JavaFX Application Thread] DEBUG GameApplicationServi - Clearing previous game
21:52:36.269 [JavaFX Application Thread] DEBUG GameScene            - Clearing game scene
21:52:36.269 [JavaFX Application Thread] DEBUG GameWorld            - Clearing game world
21:52:36.269 [JavaFX Application Thread] DEBUG PhysicsWorld         - Clearing physics world
21:52:36.271 [FXGL Background Thread 2 ] DEBUG FXGLApplication      - Initializing game
21:52:36.278 [FXGL Background Thread 2 ] DEBUG FXGLAssetLoaderServi - Loading from file system: file:/C:/Users/yibo/IdeaProjects/russs/target/classes/assets/textures/ikun3.jpg
21:52:36.294 [FXGL Background Thread 2 ] INFO  FXGLApplication      - Game initialization took: 0.024 sec
21:52:36.310 [JavaFX Application Thread] DEBUG Input                - Clearing active input actions
21:52:36.313 [JavaFX Application Thread] DEBUG GameApplicationServi - Removing overlay from FXGLLoadingScene and adding to GameScene
21:52:36.313 [JavaFX Application Thread] DEBUG PrimaryStageWindow   - FXGLLoadingScene -> GameScene
21:52:37.189 [JavaFX Application Thread] DEBUG FXGLAssetLoaderServi - Loading from file system: file:/C:/Users/yibo/IdeaProjects/russs/target/classes/assets/textures/chicken.jpg
21:52:37.191 [JavaFX Application Thread] DEBUG FXGLAssetLoaderServi - Loading from file system: file:/C:/Users/yibo/IdeaProjects/russs/target/classes/assets/textures/basketball.jpg
21:52:55.967 [JavaFX Application Thread] DEBUG FXGLAssetLoaderServi - Loading from file system: file:/C:/Users/yibo/IdeaProjects/russs/target/classes/assets/textures/boss.jpg
21:53:04.570 [JavaFX Application Thread] DEBUG FXGLApplication      - Exiting FXGL
21:53:04.571 [JavaFX Application Thread] DEBUG LoopRunner           - Stopping loop
21:53:04.571 [JavaFX Application Thread] DEBUG SystemBundleService  - Saving FXGL system data
21:53:04.572 [JavaFX Application Thread] DEBUG FileSystemAccess     - Writing to: C:\Users\yibo\IdeaProjects\russs\system\fxgl.bundle
21:53:04.574 [JavaFX Application Thread] DEBUG Async                - Shutting down background threads
21:53:04.574 [JavaFX Application Thread] DEBUG PrimaryStageWindow   - Closing main window
21:53:04.587 [JavaFX Application Thread] DEBUG Logger               - Closing Logger
