15:46:11.496 [main                     ] DEBUG Logger               - Configured Logger
15:46:11.519 [main                     ] DEBUG GameApplication      - Logging settings
Title: Untitled
Version: 0.0
Width: 800
Height: 600
Fullscreen: false
Intro: false
Profiling: false
Single step:false
App Mode: DEVELOPER
Menu Key: ESCAPE
Stage Style: DECORATED
Scene Factory: class org.example.GameMenu$1

15:46:11.818 [JavaFX Application Thread] DEBUG FXGLApplication      - Initializing FXGL
15:46:11.822 [JavaFX Application Thread] INFO  Engine               - FXGL-17.2 (20.08.2022 16.50) on WINDOWS (J:17.0.5 FX:18)
15:46:11.822 [JavaFX Application Thread] DEBUG Engine               - JRE Vendor Name: Eclipse Adoptium
15:46:11.822 [JavaFX Application Thread] DEBUG Engine               - Running on OS: Windows 11 version 10.0
15:46:11.822 [JavaFX Application Thread] DEBUG Engine               - Architecture: amd64
15:46:11.823 [JavaFX Application Thread] INFO  Engine               - Source code and latest versions at: https://github.com/AlmasB/FXGL
15:46:11.823 [JavaFX Application Thread] INFO  Engine               -       Ask questions and discuss at: https://github.com/AlmasB/FXGL/discussions
15:46:11.823 [JavaFX Application Thread] INFO  Engine               -              Join the FXGL chat at: https://gitter.im/AlmasB/FXGL
15:46:11.887 [JavaFX Application Thread] DEBUG PrimaryStageWindow   - Creating a JavaFX scene
15:46:11.914 [JavaFX Application Thread] DEBUG PrimaryStageWindow   - Target settings size: 800.0 x 600.0
15:46:11.914 [JavaFX Application Thread] DEBUG PrimaryStageWindow   - Scaled scene size:    800.0 x 600.0
15:46:11.914 [JavaFX Application Thread] DEBUG PrimaryStageWindow   - Scaled ratio: (1.0, 1.0)
15:46:11.915 [JavaFX Application Thread] DEBUG PrimaryStageWindow   - Set initial scene to FXGLStartupScene
15:46:11.919 [JavaFX Application Thread] DEBUG PrimaryStageWindow   - Opening main window
15:46:11.971 [JavaFX Application Thread] DEBUG PrimaryStageWindow   - Window border size: (13.0, 35.5)
15:46:11.971 [JavaFX Application Thread] DEBUG PrimaryStageWindow   - Scaled size: 800.0 x 600.0
15:46:11.971 [JavaFX Application Thread] DEBUG PrimaryStageWindow   - Scaled ratio: (1.0, 1.0)
15:46:11.971 [JavaFX Application Thread] DEBUG PrimaryStageWindow   - Scene size: 800.0 x 600.0
15:46:11.971 [JavaFX Application Thread] DEBUG PrimaryStageWindow   - Stage size: 813.0 x 635.5
15:46:11.977 [FXGL Background Thread 1 ] DEBUG Engine               - Initializing environment variables
15:46:11.999 [FXGL Background Thread 1 ] DEBUG FXGLAssetLoaderServi - User app class for loading assets: class org.example.GameMenu
15:46:11.999 [FXGL Background Thread 1 ] DEBUG GameApplicationServi - Applying CSS: fxgl_dark.css
15:46:12.000 [FXGL Background Thread 1 ] DEBUG FXGLAssetLoaderServi - Loading from file system: jar:file:/C:/Users/yibo/.m2/repository/com/github/almasb/fxgl/17.2/fxgl-17.2.jar!/fxglassets/ui/css/fxgl_dark.css
15:46:12.026 [FXGL Background Thread 1 ] DEBUG GameApplicationServi - Initializing application scenes
15:46:12.069 [FXGL Background Thread 1 ] DEBUG GameWorld            - Game world initialized
15:46:12.105 [FXGL Background Thread 1 ] DEBUG PhysicsWorld         - Physics world initialized: appHeight=600, physics.ppm=50.0
15:46:12.106 [FXGL Background Thread 1 ] DEBUG PhysicsWorld         - Using strategy: BRUTE_FORCE
15:46:12.109 [FXGL Background Thread 1 ] DEBUG GameScene            - Game scene initialized: 800x600
15:46:12.126 [FXGL Background Thread 1 ] DEBUG GameApplicationServi - Application scenes initialized
15:46:12.135 [FXGL Background Thread 1 ] DEBUG SystemBundleService  - Loading FXGL system data
15:46:12.138 [FXGL Background Thread 1 ] DEBUG FileSystemAccess     - Reading from: C:\Users\yibo\IdeaProjects\russs\system\fxgl.bundle
15:46:12.142 [FXGL Background Thread 1 ] DEBUG SystemBundleService  - Bundle FXGL: {}
15:46:12.143 [FXGL Background Thread 1 ] DEBUG UpdaterService       - Checking for updates
15:46:12.146 [FXGL Background Thread 4 ] DEBUG FXGLApplication      - Loading fonts
15:46:12.146 [FXGL Background Thread 4 ] DEBUG FXGLAssetLoaderServi - Loading from file system: jar:file:/C:/Users/yibo/.m2/repository/com/github/almasb/fxgl/17.2/fxgl-17.2.jar!/fxglassets/ui/fonts/VarelaRound-Regular.ttf
15:46:12.146 [FXGL Background Thread 1 ] DEBUG FXGLApplication      - Loading default localization
15:46:12.147 [FXGL Background Thread 1 ] DEBUG FXGLAssetLoaderServi - Loading from file system: jar:file:/C:/Users/yibo/.m2/repository/com/github/almasb/fxgl/17.2/fxgl-17.2.jar!/fxglassets/languages/english.lang
15:46:12.162 [FXGL Background Thread 1 ] INFO  FXGLApplication      - FXGL initialization took: 0.186 sec
15:46:12.163 [JavaFX Application Thread] DEBUG FXGLAssetLoaderServi - Loading from file system: jar:file:/C:/Users/yibo/.m2/repository/com/github/almasb/fxgl/17.2/fxgl-17.2.jar!/fxglassets/textures/fxgl_icon.png
15:46:12.199 [FXGL Background Thread 4 ] DEBUG FXGLAssetLoaderServi - Loading from file system: jar:file:/C:/Users/yibo/.m2/repository/com/github/almasb/fxgl/17.2/fxgl-17.2.jar!/fxglassets/ui/fonts/Abel-Regular.ttf
15:46:12.203 [FXGL Background Thread 4 ] DEBUG FXGLAssetLoaderServi - Loading from file system: jar:file:/C:/Users/yibo/.m2/repository/com/github/almasb/fxgl/17.2/fxgl-17.2.jar!/fxglassets/ui/fonts/TerminalLandMono-Regular.otf
15:46:12.203 [JavaFX Application Thread] DEBUG FXGLAssetLoaderServi - Loading from file system: jar:file:/C:/Users/yibo/.m2/repository/com/github/almasb/fxgl/17.2/fxgl-17.2.jar!/fxglassets/textures/fxgl_default_cursor.png
15:46:12.206 [FXGL Background Thread 4 ] DEBUG FXGLAssetLoaderServi - Loading from file system: jar:file:/C:/Users/yibo/.m2/repository/com/github/almasb/fxgl/17.2/fxgl-17.2.jar!/fxglassets/ui/fonts/Courier-Prime.ttf
15:46:12.214 [JavaFX Application Thread] DEBUG Input                - Registered new binding: Screenshot - CTRL+8
15:46:12.214 [JavaFX Application Thread] DEBUG Input                - Registered new binding: System info dump - CTRL+9
15:46:12.215 [JavaFX Application Thread] DEBUG Input                - Registered new binding: Restart - CTRL+R
15:46:12.215 [JavaFX Application Thread] DEBUG Input                - Registered new binding: Toggle Debug Camera - CTRL+7
15:46:12.217 [JavaFX Application Thread] DEBUG LoopRunner           - Starting loop
15:46:12.217 [JavaFX Application Thread] DEBUG LoopRunner           - Initializing JavaFX AnimationTimerLoop
15:46:12.218 [JavaFX Application Thread] DEBUG GameApplicationServi - Starting new game
15:46:12.218 [JavaFX Application Thread] DEBUG Input                - Clearing active input actions
15:46:12.225 [JavaFX Application Thread] DEBUG GameApplicationServi - Removing overlay from FXGLStartupScene and adding to FXGLLoadingScene
15:46:12.225 [JavaFX Application Thread] DEBUG PrimaryStageWindow   - FXGLStartupScene -> FXGLLoadingScene
15:46:12.225 [JavaFX Application Thread] DEBUG GameApplicationServi - Clearing previous game
15:46:12.225 [JavaFX Application Thread] DEBUG GameScene            - Clearing game scene
15:46:12.225 [JavaFX Application Thread] DEBUG GameWorld            - Clearing game world
15:46:12.225 [JavaFX Application Thread] DEBUG PhysicsWorld         - Clearing physics world
15:46:12.227 [FXGL Background Thread 4 ] DEBUG FXGLApplication      - Initializing game
15:46:12.227 [JavaFX Application Thread] DEBUG FXGLApplication      - Registering font factories with UI factory
15:46:12.228 [FXGL Background Thread 4 ] INFO  FXGLApplication      - Game initialization took: 0.001 sec
15:46:12.261 [JavaFX Application Thread] DEBUG Input                - Clearing active input actions
15:46:12.264 [JavaFX Application Thread] DEBUG GameApplicationServi - Removing overlay from FXGLLoadingScene and adding to GameScene
15:46:12.264 [JavaFX Application Thread] DEBUG PrimaryStageWindow   - FXGLLoadingScene -> GameScene
15:46:12.589 [FXGL Background Thread 2 ] INFO  UpdaterService       - Your current version:  17.2
15:46:12.590 [FXGL Background Thread 2 ] INFO  UpdaterService       - Latest stable version: 17.3
15:46:14.415 [JavaFX Application Thread] DEBUG PrimaryStageWindow   - Push state: MyPauseMenu
15:46:14.415 [JavaFX Application Thread] DEBUG Input                - Clearing active input actions
15:46:14.416 [JavaFX Application Thread] DEBUG GameApplicationServi - Removing overlay from GameScene and adding to MyPauseMenu
15:46:14.417 [JavaFX Application Thread] DEBUG PrimaryStageWindow   - GameScene -> MyPauseMenu
15:46:15.147 [FXGL Background Thread 3 ] DEBUG Engine               - Logging environment variables
15:46:15.147 [FXGL Background Thread 3 ] DEBUG Engine               - achievements: []
15:46:15.148 [FXGL Background Thread 3 ] DEBUG Engine               - actualHeight: 600.0
15:46:15.148 [FXGL Background Thread 3 ] DEBUG Engine               - actualHeightProperty: ReadOnlyDoubleProperty [value: 600.0]
15:46:15.150 [FXGL Background Thread 3 ] DEBUG Engine               - actualWidth: 800.0
15:46:15.150 [FXGL Background Thread 3 ] DEBUG Engine               - actualWidthProperty: ReadOnlyDoubleProperty [value: 800.0]
15:46:15.150 [FXGL Background Thread 3 ] DEBUG Engine               - appIcon: fxgl_icon.png
15:46:15.150 [FXGL Background Thread 3 ] DEBUG Engine               - applicationMode: DEVELOPER
15:46:15.150 [FXGL Background Thread 3 ] DEBUG Engine               - cSSList: [fxgl_dark.css]
15:46:15.151 [FXGL Background Thread 3 ] DEBUG Engine               - collisionDetectionStrategy: BRUTE_FORCE
15:46:15.151 [FXGL Background Thread 3 ] DEBUG Engine               - configClass: Optional.empty
15:46:15.151 [FXGL Background Thread 3 ] DEBUG Engine               - credits: []
15:46:15.154 [FXGL Background Thread 3 ] DEBUG Engine               - defaultCursor: CursorInfo(imageName=fxgl_default_cursor.png, hotspotX=7.0, hotspotY=6.0)
15:46:15.154 [FXGL Background Thread 3 ] DEBUG Engine               - devBBoxColorProperty: ObjectProperty [value: 0xff0000ff]
15:46:15.154 [FXGL Background Thread 3 ] DEBUG Engine               - devEnableDebugCameraProperty: BooleanProperty [value: false]
15:46:15.154 [FXGL Background Thread 3 ] DEBUG Engine               - devSensorColorProperty: ObjectProperty [value: 0xffff00ff]
15:46:15.154 [FXGL Background Thread 3 ] DEBUG Engine               - devShowBBoxProperty: BooleanProperty [value: false]
15:46:15.154 [FXGL Background Thread 3 ] DEBUG Engine               - devShowPositionProperty: BooleanProperty [value: false]
15:46:15.155 [FXGL Background Thread 3 ] DEBUG Engine               - enabledMenuItems: []
15:46:15.155 [FXGL Background Thread 3 ] DEBUG Engine               - engineServices: [class com.almasb.fxgl.app.services.FXGLAssetLoaderService, class com.almasb.fxgl.app.FXGLApplication$GameApplicationService, class com.almasb.fxgl.app.services.FXGLDialogService, class com.almasb.fxgl.app.services.IOTaskExecutorService, class com.almasb.fxgl.io.FileSystemService, class com.almasb.fxgl.localization.LocalizationService, class com.almasb.fxgl.app.services.SystemBundleService, class com.almasb.fxgl.profile.SaveLoadService, class com.almasb.fxgl.ui.FXGLUIFactoryServiceProvider, class com.almasb.fxgl.ui.FXGLDialogFactoryServiceProvider, class com.almasb.fxgl.audio.AudioPlayer, class com.almasb.fxgl.notification.impl.NotificationServiceProvider, class com.almasb.fxgl.achievement.AchievementService, class com.almasb.fxgl.cutscene.CutsceneService, class com.almasb.fxgl.minigames.MiniGameService, class com.almasb.fxgl.net.NetService, class com.almasb.fxgl.app.services.UpdaterService, class com.almasb.fxgl.dev.DevService]
15:46:15.155 [FXGL Background Thread 3 ] DEBUG Engine               - fontGame: Abel-Regular.ttf
15:46:15.155 [FXGL Background Thread 3 ] DEBUG Engine               - fontMono: TerminalLandMono-Regular.otf
15:46:15.155 [FXGL Background Thread 3 ] DEBUG Engine               - fontText: Courier-Prime.ttf
15:46:15.155 [FXGL Background Thread 3 ] DEBUG Engine               - fontUI: VarelaRound-Regular.ttf
15:46:15.155 [FXGL Background Thread 3 ] DEBUG Engine               - fullScreen: BooleanProperty [value: false]
15:46:15.155 [FXGL Background Thread 3 ] DEBUG Engine               - gameDifficulty: MEDIUM
15:46:15.155 [FXGL Background Thread 3 ] DEBUG Engine               - gameDifficultyProperty: ObjectProperty [value: MEDIUM]
15:46:15.156 [FXGL Background Thread 3 ] DEBUG Engine               - globalMusicVolume: 0.5
15:46:15.156 [FXGL Background Thread 3 ] DEBUG Engine               - globalMusicVolumeProperty: DoubleProperty [value: 0.5]
15:46:15.156 [FXGL Background Thread 3 ] DEBUG Engine               - globalSoundVolume: 0.5
15:46:15.156 [FXGL Background Thread 3 ] DEBUG Engine               - globalSoundVolumeProperty: DoubleProperty [value: 0.5]
15:46:15.156 [FXGL Background Thread 3 ] DEBUG Engine               - height: 600
15:46:15.156 [FXGL Background Thread 3 ] DEBUG Engine               - is3D: false
15:46:15.156 [FXGL Background Thread 3 ] DEBUG Engine               - isAndroid: false
15:46:15.156 [FXGL Background Thread 3 ] DEBUG Engine               - isBrowser: false
15:46:15.156 [FXGL Background Thread 3 ] DEBUG Engine               - isClickFeedbackEnabled: false
15:46:15.156 [FXGL Background Thread 3 ] DEBUG Engine               - isCloseConfirmation: false
15:46:15.156 [FXGL Background Thread 3 ] DEBUG Engine               - isDesktop: true
15:46:15.156 [FXGL Background Thread 3 ] DEBUG Engine               - isDeveloperMenuEnabled: false
15:46:15.156 [FXGL Background Thread 3 ] DEBUG Engine               - isEmbedded: false
15:46:15.156 [FXGL Background Thread 3 ] DEBUG Engine               - isEntityPreloadEnabled: true
15:46:15.156 [FXGL Background Thread 3 ] DEBUG Engine               - isExperimentalTiledLargeMap: false
15:46:15.156 [FXGL Background Thread 3 ] DEBUG Engine               - isFileSystemWriteAllowed: true
15:46:15.156 [FXGL Background Thread 3 ] DEBUG Engine               - isFullScreenAllowed: false
15:46:15.156 [FXGL Background Thread 3 ] DEBUG Engine               - isFullScreenFromStart: false
15:46:15.156 [FXGL Background Thread 3 ] DEBUG Engine               - isGameMenuEnabled: true
15:46:15.156 [FXGL Background Thread 3 ] DEBUG Engine               - isIOS: false
15:46:15.156 [FXGL Background Thread 3 ] DEBUG Engine               - isIntroEnabled: false
15:46:15.156 [FXGL Background Thread 3 ] DEBUG Engine               - isLinux: false
15:46:15.156 [FXGL Background Thread 3 ] DEBUG Engine               - isMac: false
15:46:15.157 [FXGL Background Thread 3 ] DEBUG Engine               - isMainMenuEnabled: false
15:46:15.157 [FXGL Background Thread 3 ] DEBUG Engine               - isManualResizeEnabled: false
15:46:15.157 [FXGL Background Thread 3 ] DEBUG Engine               - isMobile: false
15:46:15.157 [FXGL Background Thread 3 ] DEBUG Engine               - isNative: false
15:46:15.157 [FXGL Background Thread 3 ] DEBUG Engine               - isPauseMusicWhenMinimized: true
15:46:15.157 [FXGL Background Thread 3 ] DEBUG Engine               - isPreserveResizeRatio: false
15:46:15.157 [FXGL Background Thread 3 ] DEBUG Engine               - isProfilingEnabled: false
15:46:15.157 [FXGL Background Thread 3 ] DEBUG Engine               - isScaleAffectedOnResize: true
15:46:15.157 [FXGL Background Thread 3 ] DEBUG Engine               - isSingleStep: false
15:46:15.157 [FXGL Background Thread 3 ] DEBUG Engine               - isUserProfileEnabled: false
15:46:15.158 [FXGL Background Thread 3 ] DEBUG Engine               - isWindows: true
15:46:15.158 [FXGL Background Thread 3 ] DEBUG Engine               - language: ObjectProperty [value: ENGLISH]
15:46:15.158 [FXGL Background Thread 3 ] DEBUG Engine               - menuKey: ESCAPE
15:46:15.158 [FXGL Background Thread 3 ] DEBUG Engine               - mouseSensitivity: 0.2
15:46:15.158 [FXGL Background Thread 3 ] DEBUG Engine               - notificationViewClass: class com.almasb.fxgl.notification.view.XboxNotificationView
15:46:15.158 [FXGL Background Thread 3 ] DEBUG Engine               - pixelsPerMeter: 50.0
15:46:15.158 [FXGL Background Thread 3 ] DEBUG Engine               - platform: WINDOWS
15:46:15.158 [FXGL Background Thread 3 ] DEBUG Engine               - prefHeightProperty: ReadOnlyDoubleProperty [value: 600.0]
15:46:15.158 [FXGL Background Thread 3 ] DEBUG Engine               - prefWidthProperty: ReadOnlyDoubleProperty [value: 800.0]
15:46:15.158 [FXGL Background Thread 3 ] DEBUG Engine               - profileDir: profiles/
15:46:15.158 [FXGL Background Thread 3 ] DEBUG Engine               - profileName: StringProperty [value: DEFAULT]
15:46:15.158 [FXGL Background Thread 3 ] DEBUG Engine               - randomSeed: -1
15:46:15.158 [FXGL Background Thread 3 ] DEBUG Engine               - runtimeInfo: RuntimeInfo(platform=WINDOWS, version=17.2, build=20.08.2022 16.50)
15:46:15.158 [FXGL Background Thread 3 ] DEBUG Engine               - saveFileExt: sav
15:46:15.158 [FXGL Background Thread 3 ] DEBUG Engine               - scaledHeightProp$fxgl: DoubleProperty [bound, value: 600.0]
15:46:15.158 [FXGL Background Thread 3 ] DEBUG Engine               - scaledWidthProp$fxgl: DoubleProperty [bound, value: 800.0]
15:46:15.158 [FXGL Background Thread 3 ] DEBUG Engine               - sceneFactory: org.example.GameMenu$1@1149ef05
15:46:15.158 [FXGL Background Thread 3 ] DEBUG Engine               - secondsIn24h: 60
15:46:15.158 [FXGL Background Thread 3 ] DEBUG Engine               - soundMenuBack: menu/back.wav
15:46:15.158 [FXGL Background Thread 3 ] DEBUG Engine               - soundMenuPress: menu/press.wav
15:46:15.158 [FXGL Background Thread 3 ] DEBUG Engine               - soundMenuSelect: menu/select.wav
15:46:15.158 [FXGL Background Thread 3 ] DEBUG Engine               - soundNotification: core/notification.wav
15:46:15.158 [FXGL Background Thread 3 ] DEBUG Engine               - stageStyle: DECORATED
15:46:15.158 [FXGL Background Thread 3 ] DEBUG Engine               - supportedLanguages: [ENGLISH, FRENCH, GERMAN, HUNGARIAN, RUSSIAN]
15:46:15.158 [FXGL Background Thread 3 ] DEBUG Engine               - ticksPerSecond: -1
15:46:15.158 [FXGL Background Thread 3 ] DEBUG Engine               - title: Untitled
15:46:15.158 [FXGL Background Thread 3 ] DEBUG Engine               - urlGithub: https://github.com/AlmasB/FXGL
15:46:15.158 [FXGL Background Thread 3 ] DEBUG Engine               - urlLeaderboard: http://fxgl-top.herokuapp.com/
15:46:15.158 [FXGL Background Thread 3 ] DEBUG Engine               - urlPOM: https://raw.githubusercontent.com/AlmasB/FXGL/release/README.md
15:46:15.158 [FXGL Background Thread 3 ] DEBUG Engine               - userAppClass: class org.example.GameMenu
15:46:15.158 [FXGL Background Thread 3 ] DEBUG Engine               - version: 0.0
15:46:15.158 [FXGL Background Thread 3 ] DEBUG Engine               - versionCheckDays: 7
15:46:15.158 [FXGL Background Thread 3 ] DEBUG Engine               - width: 800
15:46:15.158 [FXGL Background Thread 3 ] DEBUG Engine               - Logging services
15:46:15.159 [FXGL Background Thread 3 ] DEBUG Engine               - class com.almasb.fxgl.app.services.FXGLAssetLoaderService
15:46:15.159 [FXGL Background Thread 3 ] DEBUG Engine               - class com.almasb.fxgl.app.FXGLApplication$GameApplicationService
15:46:15.159 [FXGL Background Thread 3 ] DEBUG Engine               - class com.almasb.fxgl.app.services.FXGLDialogService
15:46:15.159 [FXGL Background Thread 3 ] DEBUG Engine               - class com.almasb.fxgl.app.services.IOTaskExecutorService
15:46:15.159 [FXGL Background Thread 3 ] DEBUG Engine               - class com.almasb.fxgl.io.FileSystemService
15:46:15.159 [FXGL Background Thread 3 ] DEBUG Engine               - class com.almasb.fxgl.localization.LocalizationService
15:46:15.159 [FXGL Background Thread 3 ] DEBUG Engine               - class com.almasb.fxgl.app.services.SystemBundleService
15:46:15.159 [FXGL Background Thread 3 ] DEBUG Engine               - class com.almasb.fxgl.profile.SaveLoadService
15:46:15.159 [FXGL Background Thread 3 ] DEBUG Engine               - class com.almasb.fxgl.ui.FXGLUIFactoryServiceProvider
15:46:15.159 [FXGL Background Thread 3 ] DEBUG Engine               - class com.almasb.fxgl.ui.FXGLDialogFactoryServiceProvider
15:46:15.159 [FXGL Background Thread 3 ] DEBUG Engine               - class com.almasb.fxgl.audio.AudioPlayer
15:46:15.159 [FXGL Background Thread 3 ] DEBUG Engine               - class com.almasb.fxgl.notification.impl.NotificationServiceProvider
15:46:15.159 [FXGL Background Thread 3 ] DEBUG Engine               - class com.almasb.fxgl.achievement.AchievementService
15:46:15.159 [FXGL Background Thread 3 ] DEBUG Engine               - class com.almasb.fxgl.cutscene.CutsceneService
15:46:15.159 [FXGL Background Thread 3 ] DEBUG Engine               - class com.almasb.fxgl.minigames.MiniGameService
15:46:15.159 [FXGL Background Thread 3 ] DEBUG Engine               - class com.almasb.fxgl.net.NetService
15:46:15.159 [FXGL Background Thread 3 ] DEBUG Engine               - class com.almasb.fxgl.app.services.UpdaterService
15:46:15.159 [FXGL Background Thread 3 ] DEBUG Engine               - class com.almasb.fxgl.dev.DevService
15:46:20.194 [JavaFX Application Thread] DEBUG Menu                 - fireResume()
15:46:20.195 [JavaFX Application Thread] DEBUG PrimaryStageWindow   - Pop state: MyPauseMenu
15:46:20.195 [JavaFX Application Thread] DEBUG Input                - Clearing active input actions
15:46:20.196 [JavaFX Application Thread] DEBUG GameApplicationServi - Removing overlay from MyPauseMenu and adding to GameScene
15:46:20.196 [JavaFX Application Thread] DEBUG PrimaryStageWindow   - GameScene <- MyPauseMenu
15:46:22.104 [JavaFX Application Thread] DEBUG PrimaryStageWindow   - Push state: MyPauseMenu
15:46:22.104 [JavaFX Application Thread] DEBUG Input                - Clearing active input actions
15:46:22.104 [JavaFX Application Thread] DEBUG GameApplicationServi - Removing overlay from GameScene and adding to MyPauseMenu
15:46:22.105 [JavaFX Application Thread] DEBUG PrimaryStageWindow   - GameScene -> MyPauseMenu
15:46:25.310 [JavaFX Application Thread] DEBUG FXGLApplication      - Exiting FXGL
15:46:25.311 [JavaFX Application Thread] DEBUG LoopRunner           - Stopping loop
15:46:25.311 [JavaFX Application Thread] DEBUG SystemBundleService  - Saving FXGL system data
15:46:25.313 [JavaFX Application Thread] DEBUG FileSystemAccess     - Writing to: C:\Users\yibo\IdeaProjects\russs\system\fxgl.bundle
15:46:25.315 [JavaFX Application Thread] DEBUG Async                - Shutting down background threads
15:46:25.315 [JavaFX Application Thread] DEBUG PrimaryStageWindow   - Closing main window
15:46:25.328 [JavaFX Application Thread] DEBUG Logger               - Closing Logger
