18:32:17.880 [main                     ] DEBUG Logger               - Configured Logger
18:32:17.901 [main                     ] DEBUG GameApplication      - Logging settings
Title: chicken fly
Version: 0.0
Width: 1280
Height: 720
Fullscreen: false
Intro: false
Profiling: false
Single step:false
App Mode: DEVELOPER
Menu Key: ESCAPE
Stage Style: DECORATED
Scene Factory: class org.example.Menu.GameMenu$MySceneFactory

18:32:18.154 [JavaFX Application Thread] DEBUG FXGLApplication      - Initializing FXGL
18:32:18.158 [JavaFX Application Thread] INFO  Engine               - FXGL-17.2 (20.08.2022 16.50) on WINDOWS (J:17.0.5 FX:18)
18:32:18.158 [JavaFX Application Thread] DEBUG Engine               - JRE Vendor Name: Eclipse Adoptium
18:32:18.159 [JavaFX Application Thread] DEBUG Engine               - Running on OS: Windows 11 version 10.0
18:32:18.159 [JavaFX Application Thread] DEBUG Engine               - Architecture: amd64
18:32:18.159 [JavaFX Application Thread] INFO  Engine               - Source code and latest versions at: https://github.com/AlmasB/FXGL
18:32:18.159 [JavaFX Application Thread] INFO  Engine               -       Ask questions and discuss at: https://github.com/AlmasB/FXGL/discussions
18:32:18.159 [JavaFX Application Thread] INFO  Engine               -              Join the FXGL chat at: https://gitter.im/AlmasB/FXGL
18:32:18.222 [JavaFX Application Thread] DEBUG PrimaryStageWindow   - Creating a JavaFX scene
18:32:18.249 [JavaFX Application Thread] DEBUG PrimaryStageWindow   - Target settings size: 1280.0 x 720.0
18:32:18.249 [JavaFX Application Thread] DEBUG PrimaryStageWindow   - Scaled scene size:    1280.0 x 720.0
18:32:18.249 [JavaFX Application Thread] DEBUG PrimaryStageWindow   - Scaled ratio: (1.0, 1.0)
18:32:18.250 [JavaFX Application Thread] DEBUG PrimaryStageWindow   - Set initial scene to FXGLStartupScene
18:32:18.255 [JavaFX Application Thread] DEBUG PrimaryStageWindow   - Opening main window
18:32:18.312 [JavaFX Application Thread] DEBUG PrimaryStageWindow   - Window border size: (13.0, 35.5)
18:32:18.312 [JavaFX Application Thread] DEBUG PrimaryStageWindow   - Scaled size: 1280.0 x 720.0
18:32:18.312 [JavaFX Application Thread] DEBUG PrimaryStageWindow   - Scaled ratio: (1.0, 1.0)
18:32:18.312 [JavaFX Application Thread] DEBUG PrimaryStageWindow   - Scene size: 1280.0 x 720.0
18:32:18.313 [JavaFX Application Thread] DEBUG PrimaryStageWindow   - Stage size: 1293.0 x 755.5
18:32:18.318 [FXGL Background Thread 1 ] DEBUG Engine               - Initializing environment variables
18:32:18.341 [FXGL Background Thread 1 ] DEBUG FXGLAssetLoaderServi - User app class for loading assets: class org.example.Main
18:32:18.341 [FXGL Background Thread 1 ] DEBUG GameApplicationServi - Applying CSS: fxgl_dark.css
18:32:18.342 [FXGL Background Thread 1 ] DEBUG FXGLAssetLoaderServi - Loading from file system: jar:file:/C:/Users/yibo/.m2/repository/com/github/almasb/fxgl/17.2/fxgl-17.2.jar!/fxglassets/ui/css/fxgl_dark.css
18:32:18.368 [FXGL Background Thread 1 ] DEBUG GameApplicationServi - Initializing application scenes
18:32:18.405 [FXGL Background Thread 1 ] DEBUG GameWorld            - Game world initialized
18:32:18.443 [FXGL Background Thread 1 ] DEBUG PhysicsWorld         - Physics world initialized: appHeight=720, physics.ppm=50.0
18:32:18.443 [FXGL Background Thread 1 ] DEBUG PhysicsWorld         - Using strategy: BRUTE_FORCE
18:32:18.446 [FXGL Background Thread 1 ] DEBUG GameScene            - Game scene initialized: 1280x720
18:32:18.497 [FXGL Background Thread 1 ] DEBUG GameApplicationServi - Application scenes initialized
18:32:18.506 [FXGL Background Thread 1 ] DEBUG SystemBundleService  - Loading FXGL system data
18:32:18.510 [FXGL Background Thread 1 ] DEBUG FileSystemAccess     - Reading from: C:\Users\yibo\IdeaProjects\russs\system\fxgl.bundle
18:32:18.514 [FXGL Background Thread 1 ] DEBUG SystemBundleService  - Bundle FXGL: {}
18:32:18.515 [FXGL Background Thread 1 ] DEBUG UpdaterService       - Checking for updates
18:32:18.519 [FXGL Background Thread 4 ] DEBUG FXGLApplication      - Loading fonts
18:32:18.519 [FXGL Background Thread 1 ] DEBUG FXGLApplication      - Loading default localization
18:32:18.519 [FXGL Background Thread 4 ] DEBUG FXGLAssetLoaderServi - Loading from file system: jar:file:/C:/Users/yibo/.m2/repository/com/github/almasb/fxgl/17.2/fxgl-17.2.jar!/fxglassets/ui/fonts/VarelaRound-Regular.ttf
18:32:18.520 [FXGL Background Thread 1 ] DEBUG FXGLAssetLoaderServi - Loading from file system: jar:file:/C:/Users/yibo/.m2/repository/com/github/almasb/fxgl/17.2/fxgl-17.2.jar!/fxglassets/languages/english.lang
18:32:18.547 [FXGL Background Thread 1 ] INFO  FXGLApplication      - FXGL initialization took: 0.230 sec
18:32:18.553 [JavaFX Application Thread] DEBUG Input                - Registered new binding: Jump - W
18:32:18.554 [JavaFX Application Thread] DEBUG Input                - Registered new binding: forward - D
18:32:18.554 [JavaFX Application Thread] DEBUG Input                - Registered new binding: backward - A
18:32:18.554 [JavaFX Application Thread] DEBUG Input                - Registered new binding: exit - F1
18:32:18.555 [JavaFX Application Thread] DEBUG Input                - Registered new binding: fire - LMB
18:32:18.555 [JavaFX Application Thread] DEBUG FXGLAssetLoaderServi - Loading from file system: jar:file:/C:/Users/yibo/.m2/repository/com/github/almasb/fxgl/17.2/fxgl-17.2.jar!/fxglassets/textures/fxgl_icon.png
18:32:18.575 [FXGL Background Thread 4 ] DEBUG FXGLAssetLoaderServi - Loading from file system: jar:file:/C:/Users/yibo/.m2/repository/com/github/almasb/fxgl/17.2/fxgl-17.2.jar!/fxglassets/ui/fonts/Abel-Regular.ttf
18:32:18.577 [FXGL Background Thread 4 ] DEBUG FXGLAssetLoaderServi - Loading from file system: jar:file:/C:/Users/yibo/.m2/repository/com/github/almasb/fxgl/17.2/fxgl-17.2.jar!/fxglassets/ui/fonts/TerminalLandMono-Regular.otf
18:32:18.580 [FXGL Background Thread 4 ] DEBUG FXGLAssetLoaderServi - Loading from file system: jar:file:/C:/Users/yibo/.m2/repository/com/github/almasb/fxgl/17.2/fxgl-17.2.jar!/fxglassets/ui/fonts/Courier-Prime.ttf
18:32:18.584 [JavaFX Application Thread] DEBUG FXGLAssetLoaderServi - Loading from file system: jar:file:/C:/Users/yibo/.m2/repository/com/github/almasb/fxgl/17.2/fxgl-17.2.jar!/fxglassets/textures/fxgl_default_cursor.png
18:32:18.587 [JavaFX Application Thread] DEBUG Input                - Registered new binding: Screenshot - CTRL+8
18:32:18.587 [JavaFX Application Thread] DEBUG Input                - Registered new binding: System info dump - CTRL+9
18:32:18.588 [JavaFX Application Thread] DEBUG Input                - Registered new binding: Restart - CTRL+R
18:32:18.588 [JavaFX Application Thread] DEBUG Input                - Registered new binding: Toggle Debug Camera - CTRL+7
18:32:18.590 [JavaFX Application Thread] DEBUG LoopRunner           - Starting loop
18:32:18.591 [JavaFX Application Thread] DEBUG LoopRunner           - Initializing JavaFX AnimationTimerLoop
18:32:18.593 [JavaFX Application Thread] DEBUG Input                - Clearing active input actions
18:32:18.598 [JavaFX Application Thread] DEBUG GameApplicationServi - Removing overlay from FXGLStartupScene and adding to FXGLMainMenuDummyScene
18:32:18.599 [JavaFX Application Thread] DEBUG PrimaryStageWindow   - FXGLStartupScene -> FXGLMainMenuDummyScene
18:32:18.599 [JavaFX Application Thread] DEBUG PrimaryStageWindow   - Push state: MyMainMenu
18:32:18.599 [JavaFX Application Thread] DEBUG Input                - Clearing active input actions
18:32:18.607 [JavaFX Application Thread] DEBUG GameApplicationServi - Removing overlay from FXGLMainMenuDummyScene and adding to MyMainMenu
18:32:18.607 [JavaFX Application Thread] DEBUG PrimaryStageWindow   - FXGLMainMenuDummyScene -> MyMainMenu
18:32:18.609 [JavaFX Application Thread] DEBUG FXGLApplication      - Registering font factories with UI factory
18:32:19.077 [FXGL Background Thread 2 ] INFO  UpdaterService       - Your current version:  17.2
18:32:19.077 [FXGL Background Thread 2 ] INFO  UpdaterService       - Latest stable version: 17.3
18:32:21.520 [FXGL Background Thread 3 ] DEBUG Engine               - Logging environment variables
18:32:21.520 [FXGL Background Thread 3 ] DEBUG Engine               - achievements: []
18:32:21.520 [FXGL Background Thread 3 ] DEBUG Engine               - actualHeight: 720.0
18:32:21.520 [FXGL Background Thread 3 ] DEBUG Engine               - actualHeightProperty: ReadOnlyDoubleProperty [value: 720.0]
18:32:21.521 [FXGL Background Thread 3 ] DEBUG Engine               - actualWidth: 1280.0
18:32:21.521 [FXGL Background Thread 3 ] DEBUG Engine               - actualWidthProperty: ReadOnlyDoubleProperty [value: 1280.0]
18:32:21.521 [FXGL Background Thread 3 ] DEBUG Engine               - appIcon: fxgl_icon.png
18:32:21.521 [FXGL Background Thread 3 ] DEBUG Engine               - applicationMode: DEVELOPER
18:32:21.521 [FXGL Background Thread 3 ] DEBUG Engine               - cSSList: [fxgl_dark.css]
18:32:21.521 [FXGL Background Thread 3 ] DEBUG Engine               - collisionDetectionStrategy: BRUTE_FORCE
18:32:21.521 [FXGL Background Thread 3 ] DEBUG Engine               - configClass: Optional.empty
18:32:21.521 [FXGL Background Thread 3 ] DEBUG Engine               - credits: []
18:32:21.522 [FXGL Background Thread 3 ] DEBUG Engine               - defaultCursor: CursorInfo(imageName=fxgl_default_cursor.png, hotspotX=7.0, hotspotY=6.0)
18:32:21.522 [FXGL Background Thread 3 ] DEBUG Engine               - devBBoxColorProperty: ObjectProperty [value: 0xff0000ff]
18:32:21.522 [FXGL Background Thread 3 ] DEBUG Engine               - devEnableDebugCameraProperty: BooleanProperty [value: false]
18:32:21.522 [FXGL Background Thread 3 ] DEBUG Engine               - devSensorColorProperty: ObjectProperty [value: 0xffff00ff]
18:32:21.522 [FXGL Background Thread 3 ] DEBUG Engine               - devShowBBoxProperty: BooleanProperty [value: false]
18:32:21.522 [FXGL Background Thread 3 ] DEBUG Engine               - devShowPositionProperty: BooleanProperty [value: false]
18:32:21.522 [FXGL Background Thread 3 ] DEBUG Engine               - enabledMenuItems: []
18:32:21.522 [FXGL Background Thread 3 ] DEBUG Engine               - engineServices: [class com.almasb.fxgl.app.services.FXGLAssetLoaderService, class com.almasb.fxgl.app.FXGLApplication$GameApplicationService, class com.almasb.fxgl.app.services.FXGLDialogService, class com.almasb.fxgl.app.services.IOTaskExecutorService, class com.almasb.fxgl.io.FileSystemService, class com.almasb.fxgl.localization.LocalizationService, class com.almasb.fxgl.app.services.SystemBundleService, class com.almasb.fxgl.profile.SaveLoadService, class com.almasb.fxgl.ui.FXGLUIFactoryServiceProvider, class com.almasb.fxgl.ui.FXGLDialogFactoryServiceProvider, class com.almasb.fxgl.audio.AudioPlayer, class com.almasb.fxgl.notification.impl.NotificationServiceProvider, class com.almasb.fxgl.achievement.AchievementService, class com.almasb.fxgl.cutscene.CutsceneService, class com.almasb.fxgl.minigames.MiniGameService, class com.almasb.fxgl.net.NetService, class com.almasb.fxgl.app.services.UpdaterService, class com.almasb.fxgl.dev.DevService]
18:32:21.522 [FXGL Background Thread 3 ] DEBUG Engine               - fontGame: Abel-Regular.ttf
18:32:21.522 [FXGL Background Thread 3 ] DEBUG Engine               - fontMono: TerminalLandMono-Regular.otf
18:32:21.522 [FXGL Background Thread 3 ] DEBUG Engine               - fontText: Courier-Prime.ttf
18:32:21.522 [FXGL Background Thread 3 ] DEBUG Engine               - fontUI: VarelaRound-Regular.ttf
18:32:21.522 [FXGL Background Thread 3 ] DEBUG Engine               - fullScreen: BooleanProperty [value: false]
18:32:21.522 [FXGL Background Thread 3 ] DEBUG Engine               - gameDifficulty: MEDIUM
18:32:21.522 [FXGL Background Thread 3 ] DEBUG Engine               - gameDifficultyProperty: ObjectProperty [value: MEDIUM]
18:32:21.522 [FXGL Background Thread 3 ] DEBUG Engine               - globalMusicVolume: 0.5
18:32:21.522 [FXGL Background Thread 3 ] DEBUG Engine               - globalMusicVolumeProperty: DoubleProperty [value: 0.5]
18:32:21.522 [FXGL Background Thread 3 ] DEBUG Engine               - globalSoundVolume: 0.5
18:32:21.522 [FXGL Background Thread 3 ] DEBUG Engine               - globalSoundVolumeProperty: DoubleProperty [value: 0.5]
18:32:21.522 [FXGL Background Thread 3 ] DEBUG Engine               - height: 720
18:32:21.522 [FXGL Background Thread 3 ] DEBUG Engine               - is3D: false
18:32:21.522 [FXGL Background Thread 3 ] DEBUG Engine               - isAndroid: false
18:32:21.523 [FXGL Background Thread 3 ] DEBUG Engine               - isBrowser: false
18:32:21.523 [FXGL Background Thread 3 ] DEBUG Engine               - isClickFeedbackEnabled: false
18:32:21.523 [FXGL Background Thread 3 ] DEBUG Engine               - isCloseConfirmation: false
18:32:21.523 [FXGL Background Thread 3 ] DEBUG Engine               - isDesktop: true
18:32:21.523 [FXGL Background Thread 3 ] DEBUG Engine               - isDeveloperMenuEnabled: false
18:32:21.523 [FXGL Background Thread 3 ] DEBUG Engine               - isEmbedded: false
18:32:21.523 [FXGL Background Thread 3 ] DEBUG Engine               - isEntityPreloadEnabled: true
18:32:21.523 [FXGL Background Thread 3 ] DEBUG Engine               - isExperimentalTiledLargeMap: false
18:32:21.523 [FXGL Background Thread 3 ] DEBUG Engine               - isFileSystemWriteAllowed: true
18:32:21.523 [FXGL Background Thread 3 ] DEBUG Engine               - isFullScreenAllowed: false
18:32:21.523 [FXGL Background Thread 3 ] DEBUG Engine               - isFullScreenFromStart: false
18:32:21.523 [FXGL Background Thread 3 ] DEBUG Engine               - isGameMenuEnabled: true
18:32:21.523 [FXGL Background Thread 3 ] DEBUG Engine               - isIOS: false
18:32:21.523 [FXGL Background Thread 3 ] DEBUG Engine               - isIntroEnabled: false
18:32:21.523 [FXGL Background Thread 3 ] DEBUG Engine               - isLinux: false
18:32:21.523 [FXGL Background Thread 3 ] DEBUG Engine               - isMac: false
18:32:21.523 [FXGL Background Thread 3 ] DEBUG Engine               - isMainMenuEnabled: true
18:32:21.523 [FXGL Background Thread 3 ] DEBUG Engine               - isManualResizeEnabled: false
18:32:21.523 [FXGL Background Thread 3 ] DEBUG Engine               - isMobile: false
18:32:21.523 [FXGL Background Thread 3 ] DEBUG Engine               - isNative: false
18:32:21.523 [FXGL Background Thread 3 ] DEBUG Engine               - isPauseMusicWhenMinimized: true
18:32:21.523 [FXGL Background Thread 3 ] DEBUG Engine               - isPreserveResizeRatio: false
18:32:21.523 [FXGL Background Thread 3 ] DEBUG Engine               - isProfilingEnabled: false
18:32:21.523 [FXGL Background Thread 3 ] DEBUG Engine               - isScaleAffectedOnResize: true
18:32:21.524 [FXGL Background Thread 3 ] DEBUG Engine               - isSingleStep: false
18:32:21.524 [FXGL Background Thread 3 ] DEBUG Engine               - isUserProfileEnabled: false
18:32:21.524 [FXGL Background Thread 3 ] DEBUG Engine               - isWindows: true
18:32:21.524 [FXGL Background Thread 3 ] DEBUG Engine               - language: ObjectProperty [value: ENGLISH]
18:32:21.524 [FXGL Background Thread 3 ] DEBUG Engine               - menuKey: ESCAPE
18:32:21.524 [FXGL Background Thread 3 ] DEBUG Engine               - mouseSensitivity: 0.2
18:32:21.524 [FXGL Background Thread 3 ] DEBUG Engine               - notificationViewClass: class com.almasb.fxgl.notification.view.XboxNotificationView
18:32:21.524 [FXGL Background Thread 3 ] DEBUG Engine               - pixelsPerMeter: 50.0
18:32:21.524 [FXGL Background Thread 3 ] DEBUG Engine               - platform: WINDOWS
18:32:21.524 [FXGL Background Thread 3 ] DEBUG Engine               - prefHeightProperty: ReadOnlyDoubleProperty [value: 720.0]
18:32:21.524 [FXGL Background Thread 3 ] DEBUG Engine               - prefWidthProperty: ReadOnlyDoubleProperty [value: 1280.0]
18:32:21.524 [FXGL Background Thread 3 ] DEBUG Engine               - profileDir: profiles/
18:32:21.524 [FXGL Background Thread 3 ] DEBUG Engine               - profileName: StringProperty [value: DEFAULT]
18:32:21.524 [FXGL Background Thread 3 ] DEBUG Engine               - randomSeed: -1
18:32:21.524 [FXGL Background Thread 3 ] DEBUG Engine               - runtimeInfo: RuntimeInfo(platform=WINDOWS, version=17.2, build=20.08.2022 16.50)
18:32:21.524 [FXGL Background Thread 3 ] DEBUG Engine               - saveFileExt: sav
18:32:21.524 [FXGL Background Thread 3 ] DEBUG Engine               - scaledHeightProp$fxgl: DoubleProperty [bound, value: 720.0]
18:32:21.524 [FXGL Background Thread 3 ] DEBUG Engine               - scaledWidthProp$fxgl: DoubleProperty [bound, value: 1280.0]
18:32:21.525 [FXGL Background Thread 3 ] DEBUG Engine               - sceneFactory: org.example.Menu.GameMenu$MySceneFactory@6ccb0843
18:32:21.525 [FXGL Background Thread 3 ] DEBUG Engine               - secondsIn24h: 60
18:32:21.525 [FXGL Background Thread 3 ] DEBUG Engine               - soundMenuBack: menu/back.wav
18:32:21.525 [FXGL Background Thread 3 ] DEBUG Engine               - soundMenuPress: menu/press.wav
18:32:21.525 [FXGL Background Thread 3 ] DEBUG Engine               - soundMenuSelect: menu/select.wav
18:32:21.525 [FXGL Background Thread 3 ] DEBUG Engine               - soundNotification: core/notification.wav
18:32:21.525 [FXGL Background Thread 3 ] DEBUG Engine               - stageStyle: DECORATED
18:32:21.525 [FXGL Background Thread 3 ] DEBUG Engine               - supportedLanguages: [ENGLISH, FRENCH, GERMAN, HUNGARIAN, RUSSIAN]
18:32:21.525 [FXGL Background Thread 3 ] DEBUG Engine               - ticksPerSecond: -1
18:32:21.525 [FXGL Background Thread 3 ] DEBUG Engine               - title: chicken fly
18:32:21.525 [FXGL Background Thread 3 ] DEBUG Engine               - urlGithub: https://github.com/AlmasB/FXGL
18:32:21.525 [FXGL Background Thread 3 ] DEBUG Engine               - urlLeaderboard: http://fxgl-top.herokuapp.com/
18:32:21.525 [FXGL Background Thread 3 ] DEBUG Engine               - urlPOM: https://raw.githubusercontent.com/AlmasB/FXGL/release/README.md
18:32:21.525 [FXGL Background Thread 3 ] DEBUG Engine               - userAppClass: class org.example.Main
18:32:21.525 [FXGL Background Thread 3 ] DEBUG Engine               - version: 0.0
18:32:21.525 [FXGL Background Thread 3 ] DEBUG Engine               - versionCheckDays: 7
18:32:21.525 [FXGL Background Thread 3 ] DEBUG Engine               - width: 1280
18:32:21.525 [FXGL Background Thread 3 ] DEBUG Engine               - Logging services
18:32:21.525 [FXGL Background Thread 3 ] DEBUG Engine               - class com.almasb.fxgl.app.services.FXGLAssetLoaderService
18:32:21.525 [FXGL Background Thread 3 ] DEBUG Engine               - class com.almasb.fxgl.app.FXGLApplication$GameApplicationService
18:32:21.525 [FXGL Background Thread 3 ] DEBUG Engine               - class com.almasb.fxgl.app.services.FXGLDialogService
18:32:21.525 [FXGL Background Thread 3 ] DEBUG Engine               - class com.almasb.fxgl.app.services.IOTaskExecutorService
18:32:21.525 [FXGL Background Thread 3 ] DEBUG Engine               - class com.almasb.fxgl.io.FileSystemService
18:32:21.525 [FXGL Background Thread 3 ] DEBUG Engine               - class com.almasb.fxgl.localization.LocalizationService
18:32:21.525 [FXGL Background Thread 3 ] DEBUG Engine               - class com.almasb.fxgl.app.services.SystemBundleService
18:32:21.525 [FXGL Background Thread 3 ] DEBUG Engine               - class com.almasb.fxgl.profile.SaveLoadService
18:32:21.525 [FXGL Background Thread 3 ] DEBUG Engine               - class com.almasb.fxgl.ui.FXGLUIFactoryServiceProvider
18:32:21.525 [FXGL Background Thread 3 ] DEBUG Engine               - class com.almasb.fxgl.ui.FXGLDialogFactoryServiceProvider
18:32:21.525 [FXGL Background Thread 3 ] DEBUG Engine               - class com.almasb.fxgl.audio.AudioPlayer
18:32:21.525 [FXGL Background Thread 3 ] DEBUG Engine               - class com.almasb.fxgl.notification.impl.NotificationServiceProvider
18:32:21.525 [FXGL Background Thread 3 ] DEBUG Engine               - class com.almasb.fxgl.achievement.AchievementService
18:32:21.525 [FXGL Background Thread 3 ] DEBUG Engine               - class com.almasb.fxgl.cutscene.CutsceneService
18:32:21.525 [FXGL Background Thread 3 ] DEBUG Engine               - class com.almasb.fxgl.minigames.MiniGameService
18:32:21.525 [FXGL Background Thread 3 ] DEBUG Engine               - class com.almasb.fxgl.net.NetService
18:32:21.525 [FXGL Background Thread 3 ] DEBUG Engine               - class com.almasb.fxgl.app.services.UpdaterService
18:32:21.525 [FXGL Background Thread 3 ] DEBUG Engine               - class com.almasb.fxgl.dev.DevService
18:32:26.705 [JavaFX Application Thread] DEBUG Menu                 - fireNewGame()
18:32:26.706 [JavaFX Application Thread] DEBUG GameApplicationServi - Starting new game
18:32:26.706 [JavaFX Application Thread] DEBUG PrimaryStageWindow   - Pop state: MyMainMenu
18:32:26.706 [JavaFX Application Thread] DEBUG Input                - Clearing active input actions
18:32:26.709 [JavaFX Application Thread] DEBUG GameApplicationServi - Removing overlay from MyMainMenu and adding to FXGLMainMenuDummyScene
18:32:26.711 [JavaFX Application Thread] DEBUG PrimaryStageWindow   - FXGLMainMenuDummyScene <- MyMainMenu
18:32:26.712 [JavaFX Application Thread] DEBUG Input                - Clearing active input actions
18:32:26.720 [JavaFX Application Thread] DEBUG GameApplicationServi - Removing overlay from FXGLMainMenuDummyScene and adding to FXGLLoadingScene
18:32:26.721 [JavaFX Application Thread] DEBUG PrimaryStageWindow   - FXGLMainMenuDummyScene -> FXGLLoadingScene
18:32:26.721 [JavaFX Application Thread] DEBUG GameApplicationServi - Clearing previous game
18:32:26.721 [JavaFX Application Thread] DEBUG GameScene            - Clearing game scene
18:32:26.721 [JavaFX Application Thread] DEBUG GameWorld            - Clearing game world
18:32:26.721 [JavaFX Application Thread] DEBUG PhysicsWorld         - Clearing physics world
18:32:26.722 [FXGL Background Thread 2 ] DEBUG FXGLApplication      - Initializing game
18:32:26.741 [FXGL Background Thread 2 ] DEBUG FXGLAssetLoaderServi - Loading from file system: file:/C:/Users/yibo/IdeaProjects/russs/target/classes/assets/textures/ikun3.jpg
18:32:26.771 [FXGL Background Thread 2 ] INFO  FXGLApplication      - Game initialization took: 0.048 sec
18:32:26.771 [JavaFX Application Thread] DEBUG Input                - Clearing active input actions
18:32:26.776 [JavaFX Application Thread] DEBUG GameApplicationServi - Removing overlay from FXGLLoadingScene and adding to GameScene
18:32:26.776 [JavaFX Application Thread] DEBUG PrimaryStageWindow   - FXGLLoadingScene -> GameScene
18:32:28.838 [JavaFX Application Thread] DEBUG FXGLAssetLoaderServi - Loading from file system: file:/C:/Users/yibo/IdeaProjects/russs/target/classes/assets/textures/chicken.jpg
18:32:28.844 [JavaFX Application Thread] DEBUG FXGLAssetLoaderServi - Loading from file system: file:/C:/Users/yibo/IdeaProjects/russs/target/classes/assets/textures/basketball.jpg
18:32:32.283 [JavaFX Application Thread] DEBUG PrimaryStageWindow   - Push state: DialogSubScene
18:32:32.283 [JavaFX Application Thread] DEBUG Input                - Clearing active input actions
18:32:32.285 [JavaFX Application Thread] DEBUG GameApplicationServi - Removing overlay from GameScene and adding to DialogSubScene
18:32:32.286 [JavaFX Application Thread] DEBUG PrimaryStageWindow   - GameScene -> DialogSubScene
18:32:35.481 [JavaFX Application Thread] DEBUG PrimaryStageWindow   - Pop state: DialogSubScene
18:32:35.481 [JavaFX Application Thread] DEBUG Input                - Clearing active input actions
18:32:35.481 [JavaFX Application Thread] DEBUG GameApplicationServi - Removing overlay from DialogSubScene and adding to GameScene
18:32:35.481 [JavaFX Application Thread] DEBUG PrimaryStageWindow   - GameScene <- DialogSubScene
18:32:37.571 [JavaFX Application Thread] DEBUG GameApplicationServi - Starting new game
18:32:37.571 [JavaFX Application Thread] DEBUG Input                - Clearing active input actions
18:32:37.576 [JavaFX Application Thread] DEBUG GameApplicationServi - Removing overlay from GameScene and adding to FXGLLoadingScene
18:32:37.576 [JavaFX Application Thread] DEBUG PrimaryStageWindow   - GameScene -> FXGLLoadingScene
18:32:37.576 [JavaFX Application Thread] DEBUG GameApplicationServi - Clearing previous game
18:32:37.576 [JavaFX Application Thread] DEBUG GameScene            - Clearing game scene
18:32:37.576 [JavaFX Application Thread] DEBUG GameWorld            - Clearing game world
18:32:37.579 [JavaFX Application Thread] DEBUG PhysicsWorld         - Clearing physics world
18:32:37.580 [FXGL Background Thread 2 ] DEBUG FXGLApplication      - Initializing game
18:32:37.581 [FXGL Background Thread 2 ] INFO  FXGLApplication      - Game initialization took: 0.002 sec
18:32:37.581 [JavaFX Application Thread] DEBUG Input                - Clearing active input actions
18:32:37.583 [JavaFX Application Thread] DEBUG GameApplicationServi - Removing overlay from FXGLLoadingScene and adding to GameScene
18:32:37.583 [JavaFX Application Thread] DEBUG PrimaryStageWindow   - FXGLLoadingScene -> GameScene
18:32:37.700 [JavaFX Application Thread] DEBUG GameApplicationServi - Starting new game
18:32:37.700 [JavaFX Application Thread] DEBUG Input                - Clearing active input actions
18:32:37.704 [JavaFX Application Thread] DEBUG GameApplicationServi - Removing overlay from GameScene and adding to FXGLLoadingScene
18:32:37.705 [JavaFX Application Thread] DEBUG PrimaryStageWindow   - GameScene -> FXGLLoadingScene
18:32:37.705 [JavaFX Application Thread] DEBUG GameApplicationServi - Clearing previous game
18:32:37.705 [JavaFX Application Thread] DEBUG GameScene            - Clearing game scene
18:32:37.705 [JavaFX Application Thread] DEBUG GameWorld            - Clearing game world
18:32:37.705 [JavaFX Application Thread] DEBUG PhysicsWorld         - Clearing physics world
18:32:37.705 [FXGL Background Thread 2 ] DEBUG FXGLApplication      - Initializing game
18:32:37.707 [FXGL Background Thread 2 ] INFO  FXGLApplication      - Game initialization took: 0.001 sec
18:32:37.714 [JavaFX Application Thread] DEBUG Input                - Clearing active input actions
18:32:37.716 [JavaFX Application Thread] DEBUG GameApplicationServi - Removing overlay from FXGLLoadingScene and adding to GameScene
18:32:37.716 [JavaFX Application Thread] DEBUG PrimaryStageWindow   - FXGLLoadingScene -> GameScene
18:32:37.717 [JavaFX Application Thread] DEBUG GameApplicationServi - Starting new game
18:32:37.717 [JavaFX Application Thread] DEBUG Input                - Clearing active input actions
18:32:37.718 [JavaFX Application Thread] DEBUG GameApplicationServi - Removing overlay from GameScene and adding to FXGLLoadingScene
18:32:37.719 [JavaFX Application Thread] DEBUG PrimaryStageWindow   - GameScene -> FXGLLoadingScene
18:32:37.719 [JavaFX Application Thread] DEBUG GameApplicationServi - Clearing previous game
18:32:37.719 [JavaFX Application Thread] DEBUG GameScene            - Clearing game scene
18:32:37.719 [JavaFX Application Thread] DEBUG GameWorld            - Clearing game world
18:32:37.719 [JavaFX Application Thread] DEBUG PhysicsWorld         - Clearing physics world
18:32:37.719 [FXGL Background Thread 2 ] DEBUG FXGLApplication      - Initializing game
18:32:37.720 [FXGL Background Thread 2 ] INFO  FXGLApplication      - Game initialization took: 0.001 sec
18:32:37.730 [JavaFX Application Thread] DEBUG Input                - Clearing active input actions
18:32:37.731 [JavaFX Application Thread] DEBUG GameApplicationServi - Removing overlay from FXGLLoadingScene and adding to GameScene
18:32:37.731 [JavaFX Application Thread] DEBUG PrimaryStageWindow   - FXGLLoadingScene -> GameScene
18:32:37.732 [JavaFX Application Thread] DEBUG GameApplicationServi - Starting new game
18:32:37.732 [JavaFX Application Thread] DEBUG Input                - Clearing active input actions
18:32:37.734 [JavaFX Application Thread] DEBUG GameApplicationServi - Removing overlay from GameScene and adding to FXGLLoadingScene
18:32:37.734 [JavaFX Application Thread] DEBUG PrimaryStageWindow   - GameScene -> FXGLLoadingScene
18:32:37.734 [JavaFX Application Thread] DEBUG GameApplicationServi - Clearing previous game
18:32:37.734 [JavaFX Application Thread] DEBUG GameScene            - Clearing game scene
18:32:37.734 [JavaFX Application Thread] DEBUG GameWorld            - Clearing game world
18:32:37.734 [JavaFX Application Thread] DEBUG PhysicsWorld         - Clearing physics world
18:32:37.735 [FXGL Background Thread 2 ] DEBUG FXGLApplication      - Initializing game
18:32:37.736 [FXGL Background Thread 2 ] INFO  FXGLApplication      - Game initialization took: 0.001 sec
18:32:37.746 [JavaFX Application Thread] DEBUG Input                - Clearing active input actions
18:32:37.748 [JavaFX Application Thread] DEBUG GameApplicationServi - Removing overlay from FXGLLoadingScene and adding to GameScene
18:32:37.748 [JavaFX Application Thread] DEBUG PrimaryStageWindow   - FXGLLoadingScene -> GameScene
18:32:37.748 [JavaFX Application Thread] DEBUG GameApplicationServi - Starting new game
18:32:37.748 [JavaFX Application Thread] DEBUG Input                - Clearing active input actions
18:32:37.749 [JavaFX Application Thread] DEBUG GameApplicationServi - Removing overlay from GameScene and adding to FXGLLoadingScene
18:32:37.750 [JavaFX Application Thread] DEBUG PrimaryStageWindow   - GameScene -> FXGLLoadingScene
18:32:37.750 [JavaFX Application Thread] DEBUG GameApplicationServi - Clearing previous game
18:32:37.750 [JavaFX Application Thread] DEBUG GameScene            - Clearing game scene
18:32:37.750 [JavaFX Application Thread] DEBUG GameWorld            - Clearing game world
18:32:37.750 [JavaFX Application Thread] DEBUG PhysicsWorld         - Clearing physics world
18:32:37.750 [FXGL Background Thread 2 ] DEBUG FXGLApplication      - Initializing game
18:32:37.751 [FXGL Background Thread 2 ] INFO  FXGLApplication      - Game initialization took: 0.001 sec
18:32:37.763 [JavaFX Application Thread] DEBUG Input                - Clearing active input actions
18:32:37.764 [JavaFX Application Thread] DEBUG GameApplicationServi - Removing overlay from FXGLLoadingScene and adding to GameScene
18:32:37.765 [JavaFX Application Thread] DEBUG PrimaryStageWindow   - FXGLLoadingScene -> GameScene
18:32:37.765 [JavaFX Application Thread] DEBUG GameApplicationServi - Starting new game
18:32:37.765 [JavaFX Application Thread] DEBUG Input                - Clearing active input actions
18:32:37.766 [JavaFX Application Thread] DEBUG GameApplicationServi - Removing overlay from GameScene and adding to FXGLLoadingScene
18:32:37.766 [JavaFX Application Thread] DEBUG PrimaryStageWindow   - GameScene -> FXGLLoadingScene
18:32:37.766 [JavaFX Application Thread] DEBUG GameApplicationServi - Clearing previous game
18:32:37.766 [JavaFX Application Thread] DEBUG GameScene            - Clearing game scene
18:32:37.766 [JavaFX Application Thread] DEBUG GameWorld            - Clearing game world
18:32:37.766 [JavaFX Application Thread] DEBUG PhysicsWorld         - Clearing physics world
18:32:37.767 [FXGL Background Thread 2 ] DEBUG FXGLApplication      - Initializing game
18:32:37.768 [FXGL Background Thread 2 ] INFO  FXGLApplication      - Game initialization took: 0.001 sec
18:32:37.779 [JavaFX Application Thread] DEBUG Input                - Clearing active input actions
18:32:37.781 [JavaFX Application Thread] DEBUG GameApplicationServi - Removing overlay from FXGLLoadingScene and adding to GameScene
18:32:37.781 [JavaFX Application Thread] DEBUG PrimaryStageWindow   - FXGLLoadingScene -> GameScene
18:32:37.781 [JavaFX Application Thread] DEBUG GameApplicationServi - Starting new game
18:32:37.781 [JavaFX Application Thread] DEBUG Input                - Clearing active input actions
18:32:37.782 [JavaFX Application Thread] DEBUG GameApplicationServi - Removing overlay from GameScene and adding to FXGLLoadingScene
18:32:37.783 [JavaFX Application Thread] DEBUG PrimaryStageWindow   - GameScene -> FXGLLoadingScene
18:32:37.783 [JavaFX Application Thread] DEBUG GameApplicationServi - Clearing previous game
18:32:37.783 [JavaFX Application Thread] DEBUG GameScene            - Clearing game scene
18:32:37.783 [JavaFX Application Thread] DEBUG GameWorld            - Clearing game world
18:32:37.783 [JavaFX Application Thread] DEBUG PhysicsWorld         - Clearing physics world
18:32:37.783 [FXGL Background Thread 2 ] DEBUG FXGLApplication      - Initializing game
18:32:37.784 [FXGL Background Thread 2 ] INFO  FXGLApplication      - Game initialization took: 0.001 sec
18:32:37.796 [JavaFX Application Thread] DEBUG Input                - Clearing active input actions
18:32:37.797 [JavaFX Application Thread] DEBUG GameApplicationServi - Removing overlay from FXGLLoadingScene and adding to GameScene
18:32:37.798 [JavaFX Application Thread] DEBUG PrimaryStageWindow   - FXGLLoadingScene -> GameScene
18:32:37.798 [JavaFX Application Thread] DEBUG GameApplicationServi - Starting new game
18:32:37.798 [JavaFX Application Thread] DEBUG Input                - Clearing active input actions
18:32:37.800 [JavaFX Application Thread] DEBUG GameApplicationServi - Removing overlay from GameScene and adding to FXGLLoadingScene
18:32:37.800 [JavaFX Application Thread] DEBUG PrimaryStageWindow   - GameScene -> FXGLLoadingScene
18:32:37.800 [JavaFX Application Thread] DEBUG GameApplicationServi - Clearing previous game
18:32:37.800 [JavaFX Application Thread] DEBUG GameScene            - Clearing game scene
18:32:37.800 [JavaFX Application Thread] DEBUG GameWorld            - Clearing game world
18:32:37.800 [JavaFX Application Thread] DEBUG PhysicsWorld         - Clearing physics world
18:32:37.801 [FXGL Background Thread 2 ] DEBUG FXGLApplication      - Initializing game
18:32:37.802 [FXGL Background Thread 2 ] INFO  FXGLApplication      - Game initialization took: 0.001 sec
18:32:37.813 [JavaFX Application Thread] DEBUG Input                - Clearing active input actions
18:32:37.815 [JavaFX Application Thread] DEBUG GameApplicationServi - Removing overlay from FXGLLoadingScene and adding to GameScene
18:32:37.816 [JavaFX Application Thread] DEBUG PrimaryStageWindow   - FXGLLoadingScene -> GameScene
18:32:37.828 [JavaFX Application Thread] DEBUG GameApplicationServi - Starting new game
18:32:37.828 [JavaFX Application Thread] DEBUG Input                - Clearing active input actions
18:32:37.829 [JavaFX Application Thread] DEBUG GameApplicationServi - Removing overlay from GameScene and adding to FXGLLoadingScene
18:32:37.830 [JavaFX Application Thread] DEBUG PrimaryStageWindow   - GameScene -> FXGLLoadingScene
18:32:37.830 [JavaFX Application Thread] DEBUG GameApplicationServi - Clearing previous game
18:32:37.830 [JavaFX Application Thread] DEBUG GameScene            - Clearing game scene
18:32:37.830 [JavaFX Application Thread] DEBUG GameWorld            - Clearing game world
18:32:37.830 [JavaFX Application Thread] DEBUG PhysicsWorld         - Clearing physics world
18:32:37.830 [FXGL Background Thread 2 ] DEBUG FXGLApplication      - Initializing game
18:32:37.832 [FXGL Background Thread 2 ] INFO  FXGLApplication      - Game initialization took: 0.001 sec
18:32:37.834 [JavaFX Application Thread] DEBUG Input                - Clearing active input actions
18:32:37.835 [JavaFX Application Thread] DEBUG GameApplicationServi - Removing overlay from FXGLLoadingScene and adding to GameScene
18:32:37.835 [JavaFX Application Thread] DEBUG PrimaryStageWindow   - FXGLLoadingScene -> GameScene
18:32:37.844 [JavaFX Application Thread] DEBUG GameApplicationServi - Starting new game
18:32:37.844 [JavaFX Application Thread] DEBUG Input                - Clearing active input actions
18:32:37.845 [JavaFX Application Thread] DEBUG GameApplicationServi - Removing overlay from GameScene and adding to FXGLLoadingScene
18:32:37.846 [JavaFX Application Thread] DEBUG PrimaryStageWindow   - GameScene -> FXGLLoadingScene
18:32:37.846 [JavaFX Application Thread] DEBUG GameApplicationServi - Clearing previous game
18:32:37.846 [JavaFX Application Thread] DEBUG GameScene            - Clearing game scene
18:32:37.846 [JavaFX Application Thread] DEBUG GameWorld            - Clearing game world
18:32:37.846 [JavaFX Application Thread] DEBUG PhysicsWorld         - Clearing physics world
18:32:37.846 [FXGL Background Thread 2 ] DEBUG FXGLApplication      - Initializing game
18:32:37.848 [FXGL Background Thread 2 ] INFO  FXGLApplication      - Game initialization took: 0.002 sec
18:32:37.850 [JavaFX Application Thread] DEBUG Input                - Clearing active input actions
18:32:37.851 [JavaFX Application Thread] DEBUG GameApplicationServi - Removing overlay from FXGLLoadingScene and adding to GameScene
18:32:37.851 [JavaFX Application Thread] DEBUG PrimaryStageWindow   - FXGLLoadingScene -> GameScene
18:32:37.859 [JavaFX Application Thread] DEBUG GameApplicationServi - Starting new game
18:32:37.859 [JavaFX Application Thread] DEBUG Input                - Clearing active input actions
18:32:37.860 [JavaFX Application Thread] DEBUG GameApplicationServi - Removing overlay from GameScene and adding to FXGLLoadingScene
18:32:37.860 [JavaFX Application Thread] DEBUG PrimaryStageWindow   - GameScene -> FXGLLoadingScene
18:32:37.860 [JavaFX Application Thread] DEBUG GameApplicationServi - Clearing previous game
18:32:37.860 [JavaFX Application Thread] DEBUG GameScene            - Clearing game scene
18:32:37.860 [JavaFX Application Thread] DEBUG GameWorld            - Clearing game world
18:32:37.860 [JavaFX Application Thread] DEBUG PhysicsWorld         - Clearing physics world
18:32:37.860 [FXGL Background Thread 2 ] DEBUG FXGLApplication      - Initializing game
18:32:37.861 [FXGL Background Thread 2 ] INFO  FXGLApplication      - Game initialization took: 0.001 sec
18:32:37.862 [JavaFX Application Thread] DEBUG Input                - Clearing active input actions
18:32:37.864 [JavaFX Application Thread] DEBUG GameApplicationServi - Removing overlay from FXGLLoadingScene and adding to GameScene
18:32:37.864 [JavaFX Application Thread] DEBUG PrimaryStageWindow   - FXGLLoadingScene -> GameScene
18:32:37.876 [JavaFX Application Thread] DEBUG GameApplicationServi - Starting new game
18:32:37.876 [JavaFX Application Thread] DEBUG Input                - Clearing active input actions
18:32:37.877 [JavaFX Application Thread] DEBUG GameApplicationServi - Removing overlay from GameScene and adding to FXGLLoadingScene
18:32:37.878 [JavaFX Application Thread] DEBUG PrimaryStageWindow   - GameScene -> FXGLLoadingScene
18:32:37.878 [JavaFX Application Thread] DEBUG GameApplicationServi - Clearing previous game
18:32:37.878 [JavaFX Application Thread] DEBUG GameScene            - Clearing game scene
18:32:37.878 [JavaFX Application Thread] DEBUG GameWorld            - Clearing game world
18:32:37.878 [JavaFX Application Thread] DEBUG PhysicsWorld         - Clearing physics world
18:32:37.878 [FXGL Background Thread 2 ] DEBUG FXGLApplication      - Initializing game
18:32:37.879 [FXGL Background Thread 2 ] INFO  FXGLApplication      - Game initialization took: 0.001 sec
18:32:37.880 [JavaFX Application Thread] DEBUG Input                - Clearing active input actions
18:32:37.881 [JavaFX Application Thread] DEBUG GameApplicationServi - Removing overlay from FXGLLoadingScene and adding to GameScene
18:32:37.881 [JavaFX Application Thread] DEBUG PrimaryStageWindow   - FXGLLoadingScene -> GameScene
18:32:37.892 [JavaFX Application Thread] DEBUG GameApplicationServi - Starting new game
18:32:37.892 [JavaFX Application Thread] DEBUG Input                - Clearing active input actions
18:32:37.893 [JavaFX Application Thread] DEBUG GameApplicationServi - Removing overlay from GameScene and adding to FXGLLoadingScene
18:32:37.893 [JavaFX Application Thread] DEBUG PrimaryStageWindow   - GameScene -> FXGLLoadingScene
18:32:37.893 [JavaFX Application Thread] DEBUG GameApplicationServi - Clearing previous game
18:32:37.893 [JavaFX Application Thread] DEBUG GameScene            - Clearing game scene
18:32:37.893 [JavaFX Application Thread] DEBUG GameWorld            - Clearing game world
18:32:37.893 [JavaFX Application Thread] DEBUG PhysicsWorld         - Clearing physics world
18:32:37.894 [FXGL Background Thread 2 ] DEBUG FXGLApplication      - Initializing game
18:32:37.894 [FXGL Background Thread 2 ] INFO  FXGLApplication      - Game initialization took: 0.001 sec
18:32:37.896 [JavaFX Application Thread] DEBUG Input                - Clearing active input actions
18:32:37.897 [JavaFX Application Thread] DEBUG GameApplicationServi - Removing overlay from FXGLLoadingScene and adding to GameScene
18:32:37.897 [JavaFX Application Thread] DEBUG PrimaryStageWindow   - FXGLLoadingScene -> GameScene
18:32:37.908 [JavaFX Application Thread] DEBUG GameApplicationServi - Starting new game
18:32:37.908 [JavaFX Application Thread] DEBUG Input                - Clearing active input actions
18:32:37.909 [JavaFX Application Thread] DEBUG GameApplicationServi - Removing overlay from GameScene and adding to FXGLLoadingScene
18:32:37.910 [JavaFX Application Thread] DEBUG PrimaryStageWindow   - GameScene -> FXGLLoadingScene
18:32:37.910 [JavaFX Application Thread] DEBUG GameApplicationServi - Clearing previous game
18:32:37.910 [JavaFX Application Thread] DEBUG GameScene            - Clearing game scene
18:32:37.910 [JavaFX Application Thread] DEBUG GameWorld            - Clearing game world
18:32:37.910 [JavaFX Application Thread] DEBUG PhysicsWorld         - Clearing physics world
18:32:37.910 [FXGL Background Thread 2 ] DEBUG FXGLApplication      - Initializing game
18:32:37.911 [FXGL Background Thread 2 ] INFO  FXGLApplication      - Game initialization took: 0.001 sec
18:32:37.913 [JavaFX Application Thread] DEBUG Input                - Clearing active input actions
18:32:37.914 [JavaFX Application Thread] DEBUG GameApplicationServi - Removing overlay from FXGLLoadingScene and adding to GameScene
18:32:37.914 [JavaFX Application Thread] DEBUG PrimaryStageWindow   - FXGLLoadingScene -> GameScene
18:32:37.924 [JavaFX Application Thread] DEBUG GameApplicationServi - Starting new game
18:32:37.924 [JavaFX Application Thread] DEBUG Input                - Clearing active input actions
18:32:37.925 [JavaFX Application Thread] DEBUG GameApplicationServi - Removing overlay from GameScene and adding to FXGLLoadingScene
18:32:37.925 [JavaFX Application Thread] DEBUG PrimaryStageWindow   - GameScene -> FXGLLoadingScene
18:32:37.925 [JavaFX Application Thread] DEBUG GameApplicationServi - Clearing previous game
18:32:37.925 [JavaFX Application Thread] DEBUG GameScene            - Clearing game scene
18:32:37.925 [JavaFX Application Thread] DEBUG GameWorld            - Clearing game world
18:32:37.927 [JavaFX Application Thread] DEBUG PhysicsWorld         - Clearing physics world
18:32:37.927 [FXGL Background Thread 2 ] DEBUG FXGLApplication      - Initializing game
18:32:37.928 [FXGL Background Thread 2 ] INFO  FXGLApplication      - Game initialization took: 0.001 sec
18:32:37.929 [JavaFX Application Thread] DEBUG Input                - Clearing active input actions
18:32:37.931 [JavaFX Application Thread] DEBUG GameApplicationServi - Removing overlay from FXGLLoadingScene and adding to GameScene
18:32:37.931 [JavaFX Application Thread] DEBUG PrimaryStageWindow   - FXGLLoadingScene -> GameScene
18:32:37.940 [JavaFX Application Thread] DEBUG GameApplicationServi - Starting new game
18:32:37.940 [JavaFX Application Thread] DEBUG Input                - Clearing active input actions
18:32:37.941 [JavaFX Application Thread] DEBUG GameApplicationServi - Removing overlay from GameScene and adding to FXGLLoadingScene
18:32:37.941 [JavaFX Application Thread] DEBUG PrimaryStageWindow   - GameScene -> FXGLLoadingScene
18:32:37.941 [JavaFX Application Thread] DEBUG GameApplicationServi - Clearing previous game
18:32:37.941 [JavaFX Application Thread] DEBUG GameScene            - Clearing game scene
18:32:37.941 [JavaFX Application Thread] DEBUG GameWorld            - Clearing game world
18:32:37.941 [JavaFX Application Thread] DEBUG PhysicsWorld         - Clearing physics world
18:32:37.942 [FXGL Background Thread 2 ] DEBUG FXGLApplication      - Initializing game
18:32:37.943 [FXGL Background Thread 2 ] INFO  FXGLApplication      - Game initialization took: 0.001 sec
18:32:37.946 [JavaFX Application Thread] DEBUG Input                - Clearing active input actions
18:32:37.947 [JavaFX Application Thread] DEBUG GameApplicationServi - Removing overlay from FXGLLoadingScene and adding to GameScene
18:32:37.947 [JavaFX Application Thread] DEBUG PrimaryStageWindow   - FXGLLoadingScene -> GameScene
18:32:37.956 [JavaFX Application Thread] DEBUG GameApplicationServi - Starting new game
18:32:37.956 [JavaFX Application Thread] DEBUG Input                - Clearing active input actions
18:32:37.957 [JavaFX Application Thread] DEBUG GameApplicationServi - Removing overlay from GameScene and adding to FXGLLoadingScene
18:32:37.957 [JavaFX Application Thread] DEBUG PrimaryStageWindow   - GameScene -> FXGLLoadingScene
18:32:37.957 [JavaFX Application Thread] DEBUG GameApplicationServi - Clearing previous game
18:32:37.957 [JavaFX Application Thread] DEBUG GameScene            - Clearing game scene
18:32:37.957 [JavaFX Application Thread] DEBUG GameWorld            - Clearing game world
18:32:37.957 [JavaFX Application Thread] DEBUG PhysicsWorld         - Clearing physics world
18:32:37.958 [FXGL Background Thread 2 ] DEBUG FXGLApplication      - Initializing game
18:32:37.958 [FXGL Background Thread 2 ] INFO  FXGLApplication      - Game initialization took: 0.001 sec
18:32:37.962 [JavaFX Application Thread] DEBUG Input                - Clearing active input actions
18:32:37.963 [JavaFX Application Thread] DEBUG GameApplicationServi - Removing overlay from FXGLLoadingScene and adding to GameScene
18:32:37.963 [JavaFX Application Thread] DEBUG PrimaryStageWindow   - FXGLLoadingScene -> GameScene
18:32:37.972 [JavaFX Application Thread] DEBUG GameApplicationServi - Starting new game
18:32:37.972 [JavaFX Application Thread] DEBUG Input                - Clearing active input actions
18:32:37.973 [JavaFX Application Thread] DEBUG GameApplicationServi - Removing overlay from GameScene and adding to FXGLLoadingScene
18:32:37.973 [JavaFX Application Thread] DEBUG PrimaryStageWindow   - GameScene -> FXGLLoadingScene
18:32:37.973 [JavaFX Application Thread] DEBUG GameApplicationServi - Clearing previous game
18:32:37.973 [JavaFX Application Thread] DEBUG GameScene            - Clearing game scene
18:32:37.973 [JavaFX Application Thread] DEBUG GameWorld            - Clearing game world
18:32:37.973 [JavaFX Application Thread] DEBUG PhysicsWorld         - Clearing physics world
18:32:37.973 [FXGL Background Thread 2 ] DEBUG FXGLApplication      - Initializing game
18:32:37.974 [FXGL Background Thread 2 ] INFO  FXGLApplication      - Game initialization took: 0.001 sec
18:32:37.978 [JavaFX Application Thread] DEBUG Input                - Clearing active input actions
18:32:37.980 [JavaFX Application Thread] DEBUG GameApplicationServi - Removing overlay from FXGLLoadingScene and adding to GameScene
18:32:37.980 [JavaFX Application Thread] DEBUG PrimaryStageWindow   - FXGLLoadingScene -> GameScene
18:32:37.988 [JavaFX Application Thread] DEBUG GameApplicationServi - Starting new game
18:32:37.988 [JavaFX Application Thread] DEBUG Input                - Clearing active input actions
18:32:37.990 [JavaFX Application Thread] DEBUG GameApplicationServi - Removing overlay from GameScene and adding to FXGLLoadingScene
18:32:37.990 [JavaFX Application Thread] DEBUG PrimaryStageWindow   - GameScene -> FXGLLoadingScene
18:32:37.990 [JavaFX Application Thread] DEBUG GameApplicationServi - Clearing previous game
18:32:37.990 [JavaFX Application Thread] DEBUG GameScene            - Clearing game scene
18:32:37.990 [JavaFX Application Thread] DEBUG GameWorld            - Clearing game world
18:32:37.990 [JavaFX Application Thread] DEBUG PhysicsWorld         - Clearing physics world
18:32:37.990 [FXGL Background Thread 2 ] DEBUG FXGLApplication      - Initializing game
18:32:37.991 [FXGL Background Thread 2 ] INFO  FXGLApplication      - Game initialization took: 0.001 sec
18:32:37.995 [JavaFX Application Thread] DEBUG Input                - Clearing active input actions
18:32:37.996 [JavaFX Application Thread] DEBUG GameApplicationServi - Removing overlay from FXGLLoadingScene and adding to GameScene
18:32:37.997 [JavaFX Application Thread] DEBUG PrimaryStageWindow   - FXGLLoadingScene -> GameScene
18:32:38.004 [JavaFX Application Thread] DEBUG GameApplicationServi - Starting new game
18:32:38.004 [JavaFX Application Thread] DEBUG Input                - Clearing active input actions
18:32:38.005 [JavaFX Application Thread] DEBUG GameApplicationServi - Removing overlay from GameScene and adding to FXGLLoadingScene
18:32:38.005 [JavaFX Application Thread] DEBUG PrimaryStageWindow   - GameScene -> FXGLLoadingScene
18:32:38.005 [JavaFX Application Thread] DEBUG GameApplicationServi - Clearing previous game
18:32:38.005 [JavaFX Application Thread] DEBUG GameScene            - Clearing game scene
18:32:38.005 [JavaFX Application Thread] DEBUG GameWorld            - Clearing game world
18:32:38.005 [JavaFX Application Thread] DEBUG PhysicsWorld         - Clearing physics world
18:32:38.006 [FXGL Background Thread 2 ] DEBUG FXGLApplication      - Initializing game
18:32:38.007 [FXGL Background Thread 2 ] INFO  FXGLApplication      - Game initialization took: 0.001 sec
18:32:38.012 [JavaFX Application Thread] DEBUG Input                - Clearing active input actions
18:32:38.013 [JavaFX Application Thread] DEBUG GameApplicationServi - Removing overlay from FXGLLoadingScene and adding to GameScene
18:32:38.013 [JavaFX Application Thread] DEBUG PrimaryStageWindow   - FXGLLoadingScene -> GameScene
18:32:38.020 [JavaFX Application Thread] DEBUG GameApplicationServi - Starting new game
18:32:38.020 [JavaFX Application Thread] DEBUG Input                - Clearing active input actions
18:32:38.021 [JavaFX Application Thread] DEBUG GameApplicationServi - Removing overlay from GameScene and adding to FXGLLoadingScene
18:32:38.021 [JavaFX Application Thread] DEBUG PrimaryStageWindow   - GameScene -> FXGLLoadingScene
18:32:38.021 [JavaFX Application Thread] DEBUG GameApplicationServi - Clearing previous game
18:32:38.021 [JavaFX Application Thread] DEBUG GameScene            - Clearing game scene
18:32:38.021 [JavaFX Application Thread] DEBUG GameWorld            - Clearing game world
18:32:38.021 [JavaFX Application Thread] DEBUG PhysicsWorld         - Clearing physics world
18:32:38.022 [FXGL Background Thread 2 ] DEBUG FXGLApplication      - Initializing game
18:32:38.023 [FXGL Background Thread 2 ] INFO  FXGLApplication      - Game initialization took: 0.001 sec
18:32:38.030 [JavaFX Application Thread] DEBUG Input                - Clearing active input actions
18:32:38.031 [JavaFX Application Thread] DEBUG GameApplicationServi - Removing overlay from FXGLLoadingScene and adding to GameScene
18:32:38.031 [JavaFX Application Thread] DEBUG PrimaryStageWindow   - FXGLLoadingScene -> GameScene
18:32:38.036 [JavaFX Application Thread] DEBUG GameApplicationServi - Starting new game
18:32:38.036 [JavaFX Application Thread] DEBUG Input                - Clearing active input actions
18:32:38.037 [JavaFX Application Thread] DEBUG GameApplicationServi - Removing overlay from GameScene and adding to FXGLLoadingScene
18:32:38.037 [JavaFX Application Thread] DEBUG PrimaryStageWindow   - GameScene -> FXGLLoadingScene
18:32:38.037 [JavaFX Application Thread] DEBUG GameApplicationServi - Clearing previous game
18:32:38.037 [JavaFX Application Thread] DEBUG GameScene            - Clearing game scene
18:32:38.037 [JavaFX Application Thread] DEBUG GameWorld            - Clearing game world
18:32:38.037 [JavaFX Application Thread] DEBUG PhysicsWorld         - Clearing physics world
18:32:38.038 [FXGL Background Thread 2 ] DEBUG FXGLApplication      - Initializing game
18:32:38.039 [FXGL Background Thread 2 ] INFO  FXGLApplication      - Game initialization took: 0.001 sec
18:32:38.046 [JavaFX Application Thread] DEBUG Input                - Clearing active input actions
18:32:38.047 [JavaFX Application Thread] DEBUG GameApplicationServi - Removing overlay from FXGLLoadingScene and adding to GameScene
18:32:38.047 [JavaFX Application Thread] DEBUG PrimaryStageWindow   - FXGLLoadingScene -> GameScene
18:32:38.052 [JavaFX Application Thread] DEBUG GameApplicationServi - Starting new game
18:32:38.052 [JavaFX Application Thread] DEBUG Input                - Clearing active input actions
18:32:38.053 [JavaFX Application Thread] DEBUG GameApplicationServi - Removing overlay from GameScene and adding to FXGLLoadingScene
18:32:38.054 [JavaFX Application Thread] DEBUG PrimaryStageWindow   - GameScene -> FXGLLoadingScene
18:32:38.054 [JavaFX Application Thread] DEBUG GameApplicationServi - Clearing previous game
18:32:38.054 [JavaFX Application Thread] DEBUG GameScene            - Clearing game scene
18:32:38.054 [JavaFX Application Thread] DEBUG GameWorld            - Clearing game world
18:32:38.054 [JavaFX Application Thread] DEBUG PhysicsWorld         - Clearing physics world
18:32:38.054 [FXGL Background Thread 2 ] DEBUG FXGLApplication      - Initializing game
18:32:38.055 [FXGL Background Thread 2 ] INFO  FXGLApplication      - Game initialization took: 0.001 sec
18:32:38.062 [JavaFX Application Thread] DEBUG Input                - Clearing active input actions
18:32:38.064 [JavaFX Application Thread] DEBUG GameApplicationServi - Removing overlay from FXGLLoadingScene and adding to GameScene
18:32:38.064 [JavaFX Application Thread] DEBUG PrimaryStageWindow   - FXGLLoadingScene -> GameScene
18:32:38.068 [JavaFX Application Thread] DEBUG GameApplicationServi - Starting new game
18:32:38.068 [JavaFX Application Thread] DEBUG Input                - Clearing active input actions
18:32:38.069 [JavaFX Application Thread] DEBUG GameApplicationServi - Removing overlay from GameScene and adding to FXGLLoadingScene
18:32:38.069 [JavaFX Application Thread] DEBUG PrimaryStageWindow   - GameScene -> FXGLLoadingScene
18:32:38.069 [JavaFX Application Thread] DEBUG GameApplicationServi - Clearing previous game
18:32:38.069 [JavaFX Application Thread] DEBUG GameScene            - Clearing game scene
18:32:38.070 [JavaFX Application Thread] DEBUG GameWorld            - Clearing game world
18:32:38.070 [JavaFX Application Thread] DEBUG PhysicsWorld         - Clearing physics world
18:32:38.070 [FXGL Background Thread 2 ] DEBUG FXGLApplication      - Initializing game
18:32:38.071 [FXGL Background Thread 2 ] INFO  FXGLApplication      - Game initialization took: 0.001 sec
18:32:38.079 [JavaFX Application Thread] DEBUG Input                - Clearing active input actions
18:32:38.081 [JavaFX Application Thread] DEBUG GameApplicationServi - Removing overlay from FXGLLoadingScene and adding to GameScene
18:32:38.081 [JavaFX Application Thread] DEBUG PrimaryStageWindow   - FXGLLoadingScene -> GameScene
18:32:38.084 [JavaFX Application Thread] DEBUG GameApplicationServi - Starting new game
18:32:38.084 [JavaFX Application Thread] DEBUG Input                - Clearing active input actions
18:32:38.085 [JavaFX Application Thread] DEBUG GameApplicationServi - Removing overlay from GameScene and adding to FXGLLoadingScene
18:32:38.085 [JavaFX Application Thread] DEBUG PrimaryStageWindow   - GameScene -> FXGLLoadingScene
18:32:38.085 [JavaFX Application Thread] DEBUG GameApplicationServi - Clearing previous game
18:32:38.085 [JavaFX Application Thread] DEBUG GameScene            - Clearing game scene
18:32:38.085 [JavaFX Application Thread] DEBUG GameWorld            - Clearing game world
18:32:38.085 [JavaFX Application Thread] DEBUG PhysicsWorld         - Clearing physics world
18:32:38.086 [FXGL Background Thread 2 ] DEBUG FXGLApplication      - Initializing game
18:32:38.087 [FXGL Background Thread 2 ] INFO  FXGLApplication      - Game initialization took: 0.001 sec
18:32:38.096 [JavaFX Application Thread] DEBUG Input                - Clearing active input actions
18:32:38.097 [JavaFX Application Thread] DEBUG GameApplicationServi - Removing overlay from FXGLLoadingScene and adding to GameScene
18:32:38.097 [JavaFX Application Thread] DEBUG PrimaryStageWindow   - FXGLLoadingScene -> GameScene
18:32:38.100 [JavaFX Application Thread] DEBUG GameApplicationServi - Starting new game
18:32:38.100 [JavaFX Application Thread] DEBUG Input                - Clearing active input actions
18:32:38.101 [JavaFX Application Thread] DEBUG GameApplicationServi - Removing overlay from GameScene and adding to FXGLLoadingScene
18:32:38.101 [JavaFX Application Thread] DEBUG PrimaryStageWindow   - GameScene -> FXGLLoadingScene
18:32:38.101 [JavaFX Application Thread] DEBUG GameApplicationServi - Clearing previous game
18:32:38.101 [JavaFX Application Thread] DEBUG GameScene            - Clearing game scene
18:32:38.101 [JavaFX Application Thread] DEBUG GameWorld            - Clearing game world
18:32:38.101 [JavaFX Application Thread] DEBUG PhysicsWorld         - Clearing physics world
18:32:38.102 [FXGL Background Thread 2 ] DEBUG FXGLApplication      - Initializing game
18:32:38.103 [FXGL Background Thread 2 ] INFO  FXGLApplication      - Game initialization took: 0.001 sec
18:32:38.112 [JavaFX Application Thread] DEBUG Input                - Clearing active input actions
18:32:38.113 [JavaFX Application Thread] DEBUG GameApplicationServi - Removing overlay from FXGLLoadingScene and adding to GameScene
18:32:38.113 [JavaFX Application Thread] DEBUG PrimaryStageWindow   - FXGLLoadingScene -> GameScene
18:32:38.116 [JavaFX Application Thread] DEBUG GameApplicationServi - Starting new game
18:32:38.116 [JavaFX Application Thread] DEBUG Input                - Clearing active input actions
18:32:38.117 [JavaFX Application Thread] DEBUG GameApplicationServi - Removing overlay from GameScene and adding to FXGLLoadingScene
18:32:38.117 [JavaFX Application Thread] DEBUG PrimaryStageWindow   - GameScene -> FXGLLoadingScene
18:32:38.117 [JavaFX Application Thread] DEBUG GameApplicationServi - Clearing previous game
18:32:38.117 [JavaFX Application Thread] DEBUG GameScene            - Clearing game scene
18:32:38.117 [JavaFX Application Thread] DEBUG GameWorld            - Clearing game world
18:32:38.117 [JavaFX Application Thread] DEBUG PhysicsWorld         - Clearing physics world
18:32:38.117 [FXGL Background Thread 2 ] DEBUG FXGLApplication      - Initializing game
18:32:38.118 [FXGL Background Thread 2 ] INFO  FXGLApplication      - Game initialization took: 0.001 sec
18:32:38.128 [JavaFX Application Thread] DEBUG Input                - Clearing active input actions
18:32:38.129 [JavaFX Application Thread] DEBUG GameApplicationServi - Removing overlay from FXGLLoadingScene and adding to GameScene
18:32:38.129 [JavaFX Application Thread] DEBUG PrimaryStageWindow   - FXGLLoadingScene -> GameScene
18:32:38.132 [JavaFX Application Thread] DEBUG GameApplicationServi - Starting new game
18:32:38.132 [JavaFX Application Thread] DEBUG Input                - Clearing active input actions
18:32:38.133 [JavaFX Application Thread] DEBUG GameApplicationServi - Removing overlay from GameScene and adding to FXGLLoadingScene
18:32:38.133 [JavaFX Application Thread] DEBUG PrimaryStageWindow   - GameScene -> FXGLLoadingScene
18:32:38.133 [JavaFX Application Thread] DEBUG GameApplicationServi - Clearing previous game
18:32:38.133 [JavaFX Application Thread] DEBUG GameScene            - Clearing game scene
18:32:38.133 [JavaFX Application Thread] DEBUG GameWorld            - Clearing game world
18:32:38.133 [JavaFX Application Thread] DEBUG PhysicsWorld         - Clearing physics world
18:32:38.133 [FXGL Background Thread 2 ] DEBUG FXGLApplication      - Initializing game
18:32:38.134 [FXGL Background Thread 2 ] INFO  FXGLApplication      - Game initialization took: 0.001 sec
18:32:38.145 [JavaFX Application Thread] DEBUG Input                - Clearing active input actions
18:32:38.146 [JavaFX Application Thread] DEBUG GameApplicationServi - Removing overlay from FXGLLoadingScene and adding to GameScene
18:32:38.146 [JavaFX Application Thread] DEBUG PrimaryStageWindow   - FXGLLoadingScene -> GameScene
18:32:38.148 [JavaFX Application Thread] DEBUG GameApplicationServi - Starting new game
18:32:38.148 [JavaFX Application Thread] DEBUG Input                - Clearing active input actions
18:32:38.149 [JavaFX Application Thread] DEBUG GameApplicationServi - Removing overlay from GameScene and adding to FXGLLoadingScene
18:32:38.149 [JavaFX Application Thread] DEBUG PrimaryStageWindow   - GameScene -> FXGLLoadingScene
18:32:38.149 [JavaFX Application Thread] DEBUG GameApplicationServi - Clearing previous game
18:32:38.149 [JavaFX Application Thread] DEBUG GameScene            - Clearing game scene
18:32:38.149 [JavaFX Application Thread] DEBUG GameWorld            - Clearing game world
18:32:38.149 [JavaFX Application Thread] DEBUG PhysicsWorld         - Clearing physics world
18:32:38.149 [FXGL Background Thread 2 ] DEBUG FXGLApplication      - Initializing game
18:32:38.151 [FXGL Background Thread 2 ] INFO  FXGLApplication      - Game initialization took: 0.001 sec
18:32:38.161 [JavaFX Application Thread] DEBUG Input                - Clearing active input actions
18:32:38.163 [JavaFX Application Thread] DEBUG GameApplicationServi - Removing overlay from FXGLLoadingScene and adding to GameScene
18:32:38.163 [JavaFX Application Thread] DEBUG PrimaryStageWindow   - FXGLLoadingScene -> GameScene
18:32:38.164 [JavaFX Application Thread] DEBUG GameApplicationServi - Starting new game
18:32:38.164 [JavaFX Application Thread] DEBUG Input                - Clearing active input actions
18:32:38.165 [JavaFX Application Thread] DEBUG GameApplicationServi - Removing overlay from GameScene and adding to FXGLLoadingScene
18:32:38.165 [JavaFX Application Thread] DEBUG PrimaryStageWindow   - GameScene -> FXGLLoadingScene
18:32:38.165 [JavaFX Application Thread] DEBUG GameApplicationServi - Clearing previous game
18:32:38.165 [JavaFX Application Thread] DEBUG GameScene            - Clearing game scene
18:32:38.165 [JavaFX Application Thread] DEBUG GameWorld            - Clearing game world
18:32:38.165 [JavaFX Application Thread] DEBUG PhysicsWorld         - Clearing physics world
18:32:38.165 [FXGL Background Thread 2 ] DEBUG FXGLApplication      - Initializing game
18:32:38.166 [FXGL Background Thread 2 ] INFO  FXGLApplication      - Game initialization took: 0.001 sec
18:32:38.179 [JavaFX Application Thread] DEBUG Input                - Clearing active input actions
18:32:38.180 [JavaFX Application Thread] DEBUG GameApplicationServi - Removing overlay from FXGLLoadingScene and adding to GameScene
18:32:38.180 [JavaFX Application Thread] DEBUG PrimaryStageWindow   - FXGLLoadingScene -> GameScene
18:32:38.181 [JavaFX Application Thread] DEBUG GameApplicationServi - Starting new game
18:32:38.181 [JavaFX Application Thread] DEBUG Input                - Clearing active input actions
18:32:38.182 [JavaFX Application Thread] DEBUG GameApplicationServi - Removing overlay from GameScene and adding to FXGLLoadingScene
18:32:38.182 [JavaFX Application Thread] DEBUG PrimaryStageWindow   - GameScene -> FXGLLoadingScene
18:32:38.182 [JavaFX Application Thread] DEBUG GameApplicationServi - Clearing previous game
18:32:38.182 [JavaFX Application Thread] DEBUG GameScene            - Clearing game scene
18:32:38.182 [JavaFX Application Thread] DEBUG GameWorld            - Clearing game world
18:32:38.182 [JavaFX Application Thread] DEBUG PhysicsWorld         - Clearing physics world
18:32:38.182 [FXGL Background Thread 2 ] DEBUG FXGLApplication      - Initializing game
18:32:38.183 [FXGL Background Thread 2 ] INFO  FXGLApplication      - Game initialization took: 0.001 sec
18:32:38.195 [JavaFX Application Thread] DEBUG Input                - Clearing active input actions
18:32:38.197 [JavaFX Application Thread] DEBUG GameApplicationServi - Removing overlay from FXGLLoadingScene and adding to GameScene
18:32:38.197 [JavaFX Application Thread] DEBUG PrimaryStageWindow   - FXGLLoadingScene -> GameScene
18:32:38.197 [JavaFX Application Thread] DEBUG GameApplicationServi - Starting new game
18:32:38.197 [JavaFX Application Thread] DEBUG Input                - Clearing active input actions
18:32:38.198 [JavaFX Application Thread] DEBUG GameApplicationServi - Removing overlay from GameScene and adding to FXGLLoadingScene
18:32:38.198 [JavaFX Application Thread] DEBUG PrimaryStageWindow   - GameScene -> FXGLLoadingScene
18:32:38.199 [JavaFX Application Thread] DEBUG GameApplicationServi - Clearing previous game
18:32:38.199 [JavaFX Application Thread] DEBUG GameScene            - Clearing game scene
18:32:38.199 [JavaFX Application Thread] DEBUG GameWorld            - Clearing game world
18:32:38.199 [JavaFX Application Thread] DEBUG PhysicsWorld         - Clearing physics world
18:32:38.199 [FXGL Background Thread 2 ] DEBUG FXGLApplication      - Initializing game
18:32:38.200 [FXGL Background Thread 2 ] INFO  FXGLApplication      - Game initialization took: 0.001 sec
18:32:38.212 [JavaFX Application Thread] DEBUG Input                - Clearing active input actions
18:32:38.213 [JavaFX Application Thread] DEBUG GameApplicationServi - Removing overlay from FXGLLoadingScene and adding to GameScene
18:32:38.213 [JavaFX Application Thread] DEBUG PrimaryStageWindow   - FXGLLoadingScene -> GameScene
18:32:38.213 [JavaFX Application Thread] DEBUG GameApplicationServi - Starting new game
18:32:38.213 [JavaFX Application Thread] DEBUG Input                - Clearing active input actions
18:32:38.214 [JavaFX Application Thread] DEBUG GameApplicationServi - Removing overlay from GameScene and adding to FXGLLoadingScene
18:32:38.214 [JavaFX Application Thread] DEBUG PrimaryStageWindow   - GameScene -> FXGLLoadingScene
18:32:38.214 [JavaFX Application Thread] DEBUG GameApplicationServi - Clearing previous game
18:32:38.214 [JavaFX Application Thread] DEBUG GameScene            - Clearing game scene
18:32:38.214 [JavaFX Application Thread] DEBUG GameWorld            - Clearing game world
18:32:38.214 [JavaFX Application Thread] DEBUG PhysicsWorld         - Clearing physics world
18:32:38.215 [FXGL Background Thread 2 ] DEBUG FXGLApplication      - Initializing game
18:32:38.216 [FXGL Background Thread 2 ] INFO  FXGLApplication      - Game initialization took: 0.001 sec
18:32:38.228 [JavaFX Application Thread] DEBUG Input                - Clearing active input actions
18:32:38.229 [JavaFX Application Thread] DEBUG GameApplicationServi - Removing overlay from FXGLLoadingScene and adding to GameScene
18:32:38.229 [JavaFX Application Thread] DEBUG PrimaryStageWindow   - FXGLLoadingScene -> GameScene
18:32:38.243 [JavaFX Application Thread] DEBUG GameApplicationServi - Starting new game
18:32:38.243 [JavaFX Application Thread] DEBUG Input                - Clearing active input actions
18:32:38.244 [JavaFX Application Thread] DEBUG GameApplicationServi - Removing overlay from GameScene and adding to FXGLLoadingScene
18:32:38.244 [JavaFX Application Thread] DEBUG PrimaryStageWindow   - GameScene -> FXGLLoadingScene
18:32:38.244 [JavaFX Application Thread] DEBUG GameApplicationServi - Clearing previous game
18:32:38.244 [JavaFX Application Thread] DEBUG GameScene            - Clearing game scene
18:32:38.244 [JavaFX Application Thread] DEBUG GameWorld            - Clearing game world
18:32:38.244 [JavaFX Application Thread] DEBUG PhysicsWorld         - Clearing physics world
18:32:38.244 [FXGL Background Thread 2 ] DEBUG FXGLApplication      - Initializing game
18:32:38.245 [FXGL Background Thread 2 ] INFO  FXGLApplication      - Game initialization took: 0.001 sec
18:32:38.246 [JavaFX Application Thread] DEBUG Input                - Clearing active input actions
18:32:38.247 [JavaFX Application Thread] DEBUG GameApplicationServi - Removing overlay from FXGLLoadingScene and adding to GameScene
18:32:38.247 [JavaFX Application Thread] DEBUG PrimaryStageWindow   - FXGLLoadingScene -> GameScene
18:32:38.259 [JavaFX Application Thread] DEBUG GameApplicationServi - Starting new game
18:32:38.259 [JavaFX Application Thread] DEBUG Input                - Clearing active input actions
18:32:38.260 [JavaFX Application Thread] DEBUG GameApplicationServi - Removing overlay from GameScene and adding to FXGLLoadingScene
18:32:38.260 [JavaFX Application Thread] DEBUG PrimaryStageWindow   - GameScene -> FXGLLoadingScene
18:32:38.260 [JavaFX Application Thread] DEBUG GameApplicationServi - Clearing previous game
18:32:38.260 [JavaFX Application Thread] DEBUG GameScene            - Clearing game scene
18:32:38.260 [JavaFX Application Thread] DEBUG GameWorld            - Clearing game world
18:32:38.260 [JavaFX Application Thread] DEBUG PhysicsWorld         - Clearing physics world
18:32:38.261 [FXGL Background Thread 2 ] DEBUG FXGLApplication      - Initializing game
18:32:38.262 [FXGL Background Thread 2 ] INFO  FXGLApplication      - Game initialization took: 0.001 sec
18:32:38.262 [JavaFX Application Thread] DEBUG Input                - Clearing active input actions
18:32:38.263 [JavaFX Application Thread] DEBUG GameApplicationServi - Removing overlay from FXGLLoadingScene and adding to GameScene
18:32:38.263 [JavaFX Application Thread] DEBUG PrimaryStageWindow   - FXGLLoadingScene -> GameScene
18:32:38.275 [JavaFX Application Thread] DEBUG GameApplicationServi - Starting new game
18:32:38.275 [JavaFX Application Thread] DEBUG Input                - Clearing active input actions
18:32:38.278 [JavaFX Application Thread] DEBUG GameApplicationServi - Removing overlay from GameScene and adding to FXGLLoadingScene
18:32:38.278 [JavaFX Application Thread] DEBUG PrimaryStageWindow   - GameScene -> FXGLLoadingScene
18:32:38.278 [JavaFX Application Thread] DEBUG GameApplicationServi - Clearing previous game
18:32:38.278 [JavaFX Application Thread] DEBUG GameScene            - Clearing game scene
18:32:38.278 [JavaFX Application Thread] DEBUG GameWorld            - Clearing game world
18:32:38.278 [JavaFX Application Thread] DEBUG PhysicsWorld         - Clearing physics world
18:32:38.278 [FXGL Background Thread 2 ] DEBUG FXGLApplication      - Initializing game
18:32:38.279 [FXGL Background Thread 2 ] INFO  FXGLApplication      - Game initialization took: 0.001 sec
18:32:38.279 [JavaFX Application Thread] DEBUG Input                - Clearing active input actions
18:32:38.280 [JavaFX Application Thread] DEBUG GameApplicationServi - Removing overlay from FXGLLoadingScene and adding to GameScene
18:32:38.280 [JavaFX Application Thread] DEBUG PrimaryStageWindow   - FXGLLoadingScene -> GameScene
18:32:38.291 [JavaFX Application Thread] DEBUG GameApplicationServi - Starting new game
18:32:38.291 [JavaFX Application Thread] DEBUG Input                - Clearing active input actions
18:32:38.292 [JavaFX Application Thread] DEBUG GameApplicationServi - Removing overlay from GameScene and adding to FXGLLoadingScene
18:32:38.292 [JavaFX Application Thread] DEBUG PrimaryStageWindow   - GameScene -> FXGLLoadingScene
18:32:38.292 [JavaFX Application Thread] DEBUG GameApplicationServi - Clearing previous game
18:32:38.292 [JavaFX Application Thread] DEBUG GameScene            - Clearing game scene
18:32:38.292 [JavaFX Application Thread] DEBUG GameWorld            - Clearing game world
18:32:38.292 [JavaFX Application Thread] DEBUG PhysicsWorld         - Clearing physics world
18:32:38.292 [FXGL Background Thread 2 ] DEBUG FXGLApplication      - Initializing game
18:32:38.293 [FXGL Background Thread 2 ] INFO  FXGLApplication      - Game initialization took: 0.001 sec
18:32:38.294 [JavaFX Application Thread] DEBUG Input                - Clearing active input actions
18:32:38.295 [JavaFX Application Thread] DEBUG GameApplicationServi - Removing overlay from FXGLLoadingScene and adding to GameScene
18:32:38.295 [JavaFX Application Thread] DEBUG PrimaryStageWindow   - FXGLLoadingScene -> GameScene
18:32:38.323 [JavaFX Application Thread] DEBUG GameApplicationServi - Starting new game
18:32:38.323 [JavaFX Application Thread] DEBUG Input                - Clearing active input actions
18:32:38.325 [JavaFX Application Thread] DEBUG GameApplicationServi - Removing overlay from GameScene and adding to FXGLLoadingScene
18:32:38.325 [JavaFX Application Thread] DEBUG PrimaryStageWindow   - GameScene -> FXGLLoadingScene
18:32:38.325 [JavaFX Application Thread] DEBUG GameApplicationServi - Clearing previous game
18:32:38.325 [JavaFX Application Thread] DEBUG GameScene            - Clearing game scene
18:32:38.325 [JavaFX Application Thread] DEBUG GameWorld            - Clearing game world
18:32:38.325 [JavaFX Application Thread] DEBUG PhysicsWorld         - Clearing physics world
18:32:38.325 [FXGL Background Thread 2 ] DEBUG FXGLApplication      - Initializing game
18:32:38.326 [FXGL Background Thread 2 ] INFO  FXGLApplication      - Game initialization took: 0.001 sec
18:32:38.330 [JavaFX Application Thread] DEBUG Input                - Clearing active input actions
18:32:38.331 [JavaFX Application Thread] DEBUG GameApplicationServi - Removing overlay from FXGLLoadingScene and adding to GameScene
18:32:38.331 [JavaFX Application Thread] DEBUG PrimaryStageWindow   - FXGLLoadingScene -> GameScene
18:32:41.449 [JavaFX Application Thread] DEBUG FXGLApplication      - Exiting FXGL
18:32:41.449 [JavaFX Application Thread] DEBUG LoopRunner           - Stopping loop
18:32:41.449 [JavaFX Application Thread] DEBUG SystemBundleService  - Saving FXGL system data
18:32:41.452 [JavaFX Application Thread] DEBUG FileSystemAccess     - Writing to: C:\Users\yibo\IdeaProjects\russs\system\fxgl.bundle
18:32:41.455 [JavaFX Application Thread] DEBUG Async                - Shutting down background threads
18:32:41.455 [JavaFX Application Thread] DEBUG PrimaryStageWindow   - Closing main window
18:32:41.468 [JavaFX Application Thread] DEBUG Logger               - Closing Logger
