18:32:49.283 [main                     ] DEBUG Logger               - Configured Logger
18:32:49.302 [main                     ] DEBUG GameApplication      - Logging settings
Title: chicken fly
Version: 0.0
Width: 1280
Height: 720
Fullscreen: false
Intro: false
Profiling: false
Single step:false
App Mode: DEVELOPER
Menu Key: ESCAPE
Stage Style: DECORATED
Scene Factory: class org.example.Menu.GameMenu$MySceneFactory

18:32:49.547 [JavaFX Application Thread] DEBUG FXGLApplication      - Initializing FXGL
18:32:49.552 [JavaFX Application Thread] INFO  Engine               - FXGL-17.2 (20.08.2022 16.50) on WINDOWS (J:17.0.5 FX:18)
18:32:49.552 [JavaFX Application Thread] DEBUG Engine               - JRE Vendor Name: Eclipse Adoptium
18:32:49.552 [JavaFX Application Thread] DEBUG Engine               - Running on OS: Windows 11 version 10.0
18:32:49.552 [JavaFX Application Thread] DEBUG Engine               - Architecture: amd64
18:32:49.552 [JavaFX Application Thread] INFO  Engine               - Source code and latest versions at: https://github.com/AlmasB/FXGL
18:32:49.552 [JavaFX Application Thread] INFO  Engine               -       Ask questions and discuss at: https://github.com/AlmasB/FXGL/discussions
18:32:49.552 [JavaFX Application Thread] INFO  Engine               -              Join the FXGL chat at: https://gitter.im/AlmasB/FXGL
18:32:49.615 [JavaFX Application Thread] DEBUG PrimaryStageWindow   - Creating a JavaFX scene
18:32:49.641 [JavaFX Application Thread] DEBUG PrimaryStageWindow   - Target settings size: 1280.0 x 720.0
18:32:49.642 [JavaFX Application Thread] DEBUG PrimaryStageWindow   - Scaled scene size:    1280.0 x 720.0
18:32:49.642 [JavaFX Application Thread] DEBUG PrimaryStageWindow   - Scaled ratio: (1.0, 1.0)
18:32:49.642 [JavaFX Application Thread] DEBUG PrimaryStageWindow   - Set initial scene to FXGLStartupScene
18:32:49.647 [JavaFX Application Thread] DEBUG PrimaryStageWindow   - Opening main window
18:32:49.700 [JavaFX Application Thread] DEBUG PrimaryStageWindow   - Window border size: (13.0, 35.5)
18:32:49.700 [JavaFX Application Thread] DEBUG PrimaryStageWindow   - Scaled size: 1280.0 x 720.0
18:32:49.700 [JavaFX Application Thread] DEBUG PrimaryStageWindow   - Scaled ratio: (1.0, 1.0)
18:32:49.700 [JavaFX Application Thread] DEBUG PrimaryStageWindow   - Scene size: 1280.0 x 720.0
18:32:49.701 [JavaFX Application Thread] DEBUG PrimaryStageWindow   - Stage size: 1293.0 x 755.5
18:32:49.706 [FXGL Background Thread 1 ] DEBUG Engine               - Initializing environment variables
18:32:49.729 [FXGL Background Thread 1 ] DEBUG FXGLAssetLoaderServi - User app class for loading assets: class org.example.Main
18:32:49.729 [FXGL Background Thread 1 ] DEBUG GameApplicationServi - Applying CSS: fxgl_dark.css
18:32:49.730 [FXGL Background Thread 1 ] DEBUG FXGLAssetLoaderServi - Loading from file system: jar:file:/C:/Users/yibo/.m2/repository/com/github/almasb/fxgl/17.2/fxgl-17.2.jar!/fxglassets/ui/css/fxgl_dark.css
18:32:49.755 [FXGL Background Thread 1 ] DEBUG GameApplicationServi - Initializing application scenes
18:32:49.787 [FXGL Background Thread 1 ] DEBUG GameWorld            - Game world initialized
18:32:49.824 [FXGL Background Thread 1 ] DEBUG PhysicsWorld         - Physics world initialized: appHeight=720, physics.ppm=50.0
18:32:49.824 [FXGL Background Thread 1 ] DEBUG PhysicsWorld         - Using strategy: BRUTE_FORCE
18:32:49.827 [FXGL Background Thread 1 ] DEBUG GameScene            - Game scene initialized: 1280x720
18:32:49.875 [FXGL Background Thread 1 ] DEBUG GameApplicationServi - Application scenes initialized
18:32:49.884 [FXGL Background Thread 1 ] DEBUG SystemBundleService  - Loading FXGL system data
18:32:49.888 [FXGL Background Thread 1 ] DEBUG FileSystemAccess     - Reading from: C:\Users\yibo\IdeaProjects\russs\system\fxgl.bundle
18:32:49.893 [FXGL Background Thread 1 ] DEBUG SystemBundleService  - Bundle FXGL: {}
18:32:49.893 [FXGL Background Thread 1 ] DEBUG UpdaterService       - Checking for updates
18:32:49.898 [FXGL Background Thread 4 ] DEBUG FXGLApplication      - Loading fonts
18:32:49.898 [FXGL Background Thread 1 ] DEBUG FXGLApplication      - Loading default localization
18:32:49.898 [FXGL Background Thread 4 ] DEBUG FXGLAssetLoaderServi - Loading from file system: jar:file:/C:/Users/yibo/.m2/repository/com/github/almasb/fxgl/17.2/fxgl-17.2.jar!/fxglassets/ui/fonts/VarelaRound-Regular.ttf
18:32:49.899 [FXGL Background Thread 1 ] DEBUG FXGLAssetLoaderServi - Loading from file system: jar:file:/C:/Users/yibo/.m2/repository/com/github/almasb/fxgl/17.2/fxgl-17.2.jar!/fxglassets/languages/english.lang
18:32:49.920 [FXGL Background Thread 1 ] INFO  FXGLApplication      - FXGL initialization took: 0.213 sec
18:32:49.927 [JavaFX Application Thread] DEBUG Input                - Registered new binding: Jump - W
18:32:49.927 [JavaFX Application Thread] DEBUG Input                - Registered new binding: forward - D
18:32:49.927 [JavaFX Application Thread] DEBUG Input                - Registered new binding: backward - A
18:32:49.927 [JavaFX Application Thread] DEBUG Input                - Registered new binding: exit - F1
18:32:49.928 [JavaFX Application Thread] DEBUG Input                - Registered new binding: fire - LMB
18:32:49.928 [JavaFX Application Thread] DEBUG FXGLAssetLoaderServi - Loading from file system: jar:file:/C:/Users/yibo/.m2/repository/com/github/almasb/fxgl/17.2/fxgl-17.2.jar!/fxglassets/textures/fxgl_icon.png
18:32:49.938 [FXGL Background Thread 4 ] DEBUG FXGLAssetLoaderServi - Loading from file system: jar:file:/C:/Users/yibo/.m2/repository/com/github/almasb/fxgl/17.2/fxgl-17.2.jar!/fxglassets/ui/fonts/Abel-Regular.ttf
18:32:49.940 [FXGL Background Thread 4 ] DEBUG FXGLAssetLoaderServi - Loading from file system: jar:file:/C:/Users/yibo/.m2/repository/com/github/almasb/fxgl/17.2/fxgl-17.2.jar!/fxglassets/ui/fonts/TerminalLandMono-Regular.otf
18:32:49.943 [FXGL Background Thread 4 ] DEBUG FXGLAssetLoaderServi - Loading from file system: jar:file:/C:/Users/yibo/.m2/repository/com/github/almasb/fxgl/17.2/fxgl-17.2.jar!/fxglassets/ui/fonts/Courier-Prime.ttf
18:32:49.952 [JavaFX Application Thread] DEBUG FXGLAssetLoaderServi - Loading from file system: jar:file:/C:/Users/yibo/.m2/repository/com/github/almasb/fxgl/17.2/fxgl-17.2.jar!/fxglassets/textures/fxgl_default_cursor.png
18:32:49.954 [JavaFX Application Thread] DEBUG Input                - Registered new binding: Screenshot - CTRL+8
18:32:49.955 [JavaFX Application Thread] DEBUG Input                - Registered new binding: System info dump - CTRL+9
18:32:49.955 [JavaFX Application Thread] DEBUG Input                - Registered new binding: Restart - CTRL+R
18:32:49.956 [JavaFX Application Thread] DEBUG Input                - Registered new binding: Toggle Debug Camera - CTRL+7
18:32:49.957 [JavaFX Application Thread] DEBUG LoopRunner           - Starting loop
18:32:49.957 [JavaFX Application Thread] DEBUG LoopRunner           - Initializing JavaFX AnimationTimerLoop
18:32:49.959 [JavaFX Application Thread] DEBUG Input                - Clearing active input actions
18:32:49.963 [JavaFX Application Thread] DEBUG GameApplicationServi - Removing overlay from FXGLStartupScene and adding to FXGLMainMenuDummyScene
18:32:49.963 [JavaFX Application Thread] DEBUG PrimaryStageWindow   - FXGLStartupScene -> FXGLMainMenuDummyScene
18:32:49.963 [JavaFX Application Thread] DEBUG PrimaryStageWindow   - Push state: MyMainMenu
18:32:49.963 [JavaFX Application Thread] DEBUG Input                - Clearing active input actions
18:32:49.971 [JavaFX Application Thread] DEBUG GameApplicationServi - Removing overlay from FXGLMainMenuDummyScene and adding to MyMainMenu
18:32:49.972 [JavaFX Application Thread] DEBUG PrimaryStageWindow   - FXGLMainMenuDummyScene -> MyMainMenu
18:32:49.972 [JavaFX Application Thread] DEBUG FXGLApplication      - Registering font factories with UI factory
18:32:50.400 [FXGL Background Thread 2 ] INFO  UpdaterService       - Your current version:  17.2
18:32:50.400 [FXGL Background Thread 2 ] INFO  UpdaterService       - Latest stable version: 17.3
18:32:52.899 [FXGL Background Thread 3 ] DEBUG Engine               - Logging environment variables
18:32:52.900 [FXGL Background Thread 3 ] DEBUG Engine               - achievements: []
18:32:52.900 [FXGL Background Thread 3 ] DEBUG Engine               - actualHeight: 720.0
18:32:52.900 [FXGL Background Thread 3 ] DEBUG Engine               - actualHeightProperty: ReadOnlyDoubleProperty [value: 720.0]
18:32:52.900 [FXGL Background Thread 3 ] DEBUG Engine               - actualWidth: 1280.0
18:32:52.900 [FXGL Background Thread 3 ] DEBUG Engine               - actualWidthProperty: ReadOnlyDoubleProperty [value: 1280.0]
18:32:52.901 [FXGL Background Thread 3 ] DEBUG Engine               - appIcon: fxgl_icon.png
18:32:52.901 [FXGL Background Thread 3 ] DEBUG Engine               - applicationMode: DEVELOPER
18:32:52.901 [FXGL Background Thread 3 ] DEBUG Engine               - cSSList: [fxgl_dark.css]
18:32:52.901 [FXGL Background Thread 3 ] DEBUG Engine               - collisionDetectionStrategy: BRUTE_FORCE
18:32:52.901 [FXGL Background Thread 3 ] DEBUG Engine               - configClass: Optional.empty
18:32:52.901 [FXGL Background Thread 3 ] DEBUG Engine               - credits: []
18:32:52.903 [FXGL Background Thread 3 ] DEBUG Engine               - defaultCursor: CursorInfo(imageName=fxgl_default_cursor.png, hotspotX=7.0, hotspotY=6.0)
18:32:52.903 [FXGL Background Thread 3 ] DEBUG Engine               - devBBoxColorProperty: ObjectProperty [value: 0xff0000ff]
18:32:52.904 [FXGL Background Thread 3 ] DEBUG Engine               - devEnableDebugCameraProperty: BooleanProperty [value: false]
18:32:52.905 [FXGL Background Thread 3 ] DEBUG Engine               - devSensorColorProperty: ObjectProperty [value: 0xffff00ff]
18:32:52.906 [FXGL Background Thread 3 ] DEBUG Engine               - devShowBBoxProperty: BooleanProperty [value: false]
18:32:52.906 [FXGL Background Thread 3 ] DEBUG Engine               - devShowPositionProperty: BooleanProperty [value: false]
18:32:52.906 [FXGL Background Thread 3 ] DEBUG Engine               - enabledMenuItems: []
18:32:52.906 [FXGL Background Thread 3 ] DEBUG Engine               - engineServices: [class com.almasb.fxgl.app.services.FXGLAssetLoaderService, class com.almasb.fxgl.app.FXGLApplication$GameApplicationService, class com.almasb.fxgl.app.services.FXGLDialogService, class com.almasb.fxgl.app.services.IOTaskExecutorService, class com.almasb.fxgl.io.FileSystemService, class com.almasb.fxgl.localization.LocalizationService, class com.almasb.fxgl.app.services.SystemBundleService, class com.almasb.fxgl.profile.SaveLoadService, class com.almasb.fxgl.ui.FXGLUIFactoryServiceProvider, class com.almasb.fxgl.ui.FXGLDialogFactoryServiceProvider, class com.almasb.fxgl.audio.AudioPlayer, class com.almasb.fxgl.notification.impl.NotificationServiceProvider, class com.almasb.fxgl.achievement.AchievementService, class com.almasb.fxgl.cutscene.CutsceneService, class com.almasb.fxgl.minigames.MiniGameService, class com.almasb.fxgl.net.NetService, class com.almasb.fxgl.app.services.UpdaterService, class com.almasb.fxgl.dev.DevService]
18:32:52.906 [FXGL Background Thread 3 ] DEBUG Engine               - fontGame: Abel-Regular.ttf
18:32:52.906 [FXGL Background Thread 3 ] DEBUG Engine               - fontMono: TerminalLandMono-Regular.otf
18:32:52.906 [FXGL Background Thread 3 ] DEBUG Engine               - fontText: Courier-Prime.ttf
18:32:52.906 [FXGL Background Thread 3 ] DEBUG Engine               - fontUI: VarelaRound-Regular.ttf
18:32:52.906 [FXGL Background Thread 3 ] DEBUG Engine               - fullScreen: BooleanProperty [value: false]
18:32:52.906 [FXGL Background Thread 3 ] DEBUG Engine               - gameDifficulty: MEDIUM
18:32:52.906 [FXGL Background Thread 3 ] DEBUG Engine               - gameDifficultyProperty: ObjectProperty [value: MEDIUM]
18:32:52.906 [FXGL Background Thread 3 ] DEBUG Engine               - globalMusicVolume: 0.5
18:32:52.906 [FXGL Background Thread 3 ] DEBUG Engine               - globalMusicVolumeProperty: DoubleProperty [value: 0.5]
18:32:52.906 [FXGL Background Thread 3 ] DEBUG Engine               - globalSoundVolume: 0.5
18:32:52.907 [FXGL Background Thread 3 ] DEBUG Engine               - globalSoundVolumeProperty: DoubleProperty [value: 0.5]
18:32:52.907 [FXGL Background Thread 3 ] DEBUG Engine               - height: 720
18:32:52.907 [FXGL Background Thread 3 ] DEBUG Engine               - is3D: false
18:32:52.907 [FXGL Background Thread 3 ] DEBUG Engine               - isAndroid: false
18:32:52.907 [FXGL Background Thread 3 ] DEBUG Engine               - isBrowser: false
18:32:52.907 [FXGL Background Thread 3 ] DEBUG Engine               - isClickFeedbackEnabled: false
18:32:52.907 [FXGL Background Thread 3 ] DEBUG Engine               - isCloseConfirmation: false
18:32:52.907 [FXGL Background Thread 3 ] DEBUG Engine               - isDesktop: true
18:32:52.907 [FXGL Background Thread 3 ] DEBUG Engine               - isDeveloperMenuEnabled: false
18:32:52.907 [FXGL Background Thread 3 ] DEBUG Engine               - isEmbedded: false
18:32:52.907 [FXGL Background Thread 3 ] DEBUG Engine               - isEntityPreloadEnabled: true
18:32:52.907 [FXGL Background Thread 3 ] DEBUG Engine               - isExperimentalTiledLargeMap: false
18:32:52.907 [FXGL Background Thread 3 ] DEBUG Engine               - isFileSystemWriteAllowed: true
18:32:52.907 [FXGL Background Thread 3 ] DEBUG Engine               - isFullScreenAllowed: false
18:32:52.907 [FXGL Background Thread 3 ] DEBUG Engine               - isFullScreenFromStart: false
18:32:52.907 [FXGL Background Thread 3 ] DEBUG Engine               - isGameMenuEnabled: true
18:32:52.907 [FXGL Background Thread 3 ] DEBUG Engine               - isIOS: false
18:32:52.907 [FXGL Background Thread 3 ] DEBUG Engine               - isIntroEnabled: false
18:32:52.907 [FXGL Background Thread 3 ] DEBUG Engine               - isLinux: false
18:32:52.907 [FXGL Background Thread 3 ] DEBUG Engine               - isMac: false
18:32:52.907 [FXGL Background Thread 3 ] DEBUG Engine               - isMainMenuEnabled: true
18:32:52.907 [FXGL Background Thread 3 ] DEBUG Engine               - isManualResizeEnabled: false
18:32:52.907 [FXGL Background Thread 3 ] DEBUG Engine               - isMobile: false
18:32:52.908 [FXGL Background Thread 3 ] DEBUG Engine               - isNative: false
18:32:52.908 [FXGL Background Thread 3 ] DEBUG Engine               - isPauseMusicWhenMinimized: true
18:32:52.908 [FXGL Background Thread 3 ] DEBUG Engine               - isPreserveResizeRatio: false
18:32:52.908 [FXGL Background Thread 3 ] DEBUG Engine               - isProfilingEnabled: false
18:32:52.908 [FXGL Background Thread 3 ] DEBUG Engine               - isScaleAffectedOnResize: true
18:32:52.908 [FXGL Background Thread 3 ] DEBUG Engine               - isSingleStep: false
18:32:52.909 [FXGL Background Thread 3 ] DEBUG Engine               - isUserProfileEnabled: false
18:32:52.909 [FXGL Background Thread 3 ] DEBUG Engine               - isWindows: true
18:32:52.909 [FXGL Background Thread 3 ] DEBUG Engine               - language: ObjectProperty [value: ENGLISH]
18:32:52.909 [FXGL Background Thread 3 ] DEBUG Engine               - menuKey: ESCAPE
18:32:52.909 [FXGL Background Thread 3 ] DEBUG Engine               - mouseSensitivity: 0.2
18:32:52.909 [FXGL Background Thread 3 ] DEBUG Engine               - notificationViewClass: class com.almasb.fxgl.notification.view.XboxNotificationView
18:32:52.909 [FXGL Background Thread 3 ] DEBUG Engine               - pixelsPerMeter: 50.0
18:32:52.909 [FXGL Background Thread 3 ] DEBUG Engine               - platform: WINDOWS
18:32:52.909 [FXGL Background Thread 3 ] DEBUG Engine               - prefHeightProperty: ReadOnlyDoubleProperty [value: 720.0]
18:32:52.909 [FXGL Background Thread 3 ] DEBUG Engine               - prefWidthProperty: ReadOnlyDoubleProperty [value: 1280.0]
18:32:52.909 [FXGL Background Thread 3 ] DEBUG Engine               - profileDir: profiles/
18:32:52.909 [FXGL Background Thread 3 ] DEBUG Engine               - profileName: StringProperty [value: DEFAULT]
18:32:52.909 [FXGL Background Thread 3 ] DEBUG Engine               - randomSeed: -1
18:32:52.909 [FXGL Background Thread 3 ] DEBUG Engine               - runtimeInfo: RuntimeInfo(platform=WINDOWS, version=17.2, build=20.08.2022 16.50)
18:32:52.909 [FXGL Background Thread 3 ] DEBUG Engine               - saveFileExt: sav
18:32:52.909 [FXGL Background Thread 3 ] DEBUG Engine               - scaledHeightProp$fxgl: DoubleProperty [bound, value: 720.0]
18:32:52.910 [FXGL Background Thread 3 ] DEBUG Engine               - scaledWidthProp$fxgl: DoubleProperty [bound, value: 1280.0]
18:32:52.910 [FXGL Background Thread 3 ] DEBUG Engine               - sceneFactory: org.example.Menu.GameMenu$MySceneFactory@165ee327
18:32:52.910 [FXGL Background Thread 3 ] DEBUG Engine               - secondsIn24h: 60
18:32:52.910 [FXGL Background Thread 3 ] DEBUG Engine               - soundMenuBack: menu/back.wav
18:32:52.910 [FXGL Background Thread 3 ] DEBUG Engine               - soundMenuPress: menu/press.wav
18:32:52.910 [FXGL Background Thread 3 ] DEBUG Engine               - soundMenuSelect: menu/select.wav
18:32:52.910 [FXGL Background Thread 3 ] DEBUG Engine               - soundNotification: core/notification.wav
18:32:52.910 [FXGL Background Thread 3 ] DEBUG Engine               - stageStyle: DECORATED
18:32:52.910 [FXGL Background Thread 3 ] DEBUG Engine               - supportedLanguages: [ENGLISH, FRENCH, GERMAN, HUNGARIAN, RUSSIAN]
18:32:52.910 [FXGL Background Thread 3 ] DEBUG Engine               - ticksPerSecond: -1
18:32:52.910 [FXGL Background Thread 3 ] DEBUG Engine               - title: chicken fly
18:32:52.910 [FXGL Background Thread 3 ] DEBUG Engine               - urlGithub: https://github.com/AlmasB/FXGL
18:32:52.910 [FXGL Background Thread 3 ] DEBUG Engine               - urlLeaderboard: http://fxgl-top.herokuapp.com/
18:32:52.910 [FXGL Background Thread 3 ] DEBUG Engine               - urlPOM: https://raw.githubusercontent.com/AlmasB/FXGL/release/README.md
18:32:52.910 [FXGL Background Thread 3 ] DEBUG Engine               - userAppClass: class org.example.Main
18:32:52.910 [FXGL Background Thread 3 ] DEBUG Engine               - version: 0.0
18:32:52.910 [FXGL Background Thread 3 ] DEBUG Engine               - versionCheckDays: 7
18:32:52.910 [FXGL Background Thread 3 ] DEBUG Engine               - width: 1280
18:32:52.910 [FXGL Background Thread 3 ] DEBUG Engine               - Logging services
18:32:52.910 [FXGL Background Thread 3 ] DEBUG Engine               - class com.almasb.fxgl.app.services.FXGLAssetLoaderService
18:32:52.910 [FXGL Background Thread 3 ] DEBUG Engine               - class com.almasb.fxgl.app.FXGLApplication$GameApplicationService
18:32:52.910 [FXGL Background Thread 3 ] DEBUG Engine               - class com.almasb.fxgl.app.services.FXGLDialogService
18:32:52.910 [FXGL Background Thread 3 ] DEBUG Engine               - class com.almasb.fxgl.app.services.IOTaskExecutorService
18:32:52.910 [FXGL Background Thread 3 ] DEBUG Engine               - class com.almasb.fxgl.io.FileSystemService
18:32:52.910 [FXGL Background Thread 3 ] DEBUG Engine               - class com.almasb.fxgl.localization.LocalizationService
18:32:52.910 [FXGL Background Thread 3 ] DEBUG Engine               - class com.almasb.fxgl.app.services.SystemBundleService
18:32:52.910 [FXGL Background Thread 3 ] DEBUG Engine               - class com.almasb.fxgl.profile.SaveLoadService
18:32:52.910 [FXGL Background Thread 3 ] DEBUG Engine               - class com.almasb.fxgl.ui.FXGLUIFactoryServiceProvider
18:32:52.910 [FXGL Background Thread 3 ] DEBUG Engine               - class com.almasb.fxgl.ui.FXGLDialogFactoryServiceProvider
18:32:52.910 [FXGL Background Thread 3 ] DEBUG Engine               - class com.almasb.fxgl.audio.AudioPlayer
18:32:52.910 [FXGL Background Thread 3 ] DEBUG Engine               - class com.almasb.fxgl.notification.impl.NotificationServiceProvider
18:32:52.910 [FXGL Background Thread 3 ] DEBUG Engine               - class com.almasb.fxgl.achievement.AchievementService
18:32:52.910 [FXGL Background Thread 3 ] DEBUG Engine               - class com.almasb.fxgl.cutscene.CutsceneService
18:32:52.910 [FXGL Background Thread 3 ] DEBUG Engine               - class com.almasb.fxgl.minigames.MiniGameService
18:32:52.910 [FXGL Background Thread 3 ] DEBUG Engine               - class com.almasb.fxgl.net.NetService
18:32:52.910 [FXGL Background Thread 3 ] DEBUG Engine               - class com.almasb.fxgl.app.services.UpdaterService
18:32:52.910 [FXGL Background Thread 3 ] DEBUG Engine               - class com.almasb.fxgl.dev.DevService
18:32:58.443 [JavaFX Application Thread] DEBUG Menu                 - fireNewGame()
18:32:58.443 [JavaFX Application Thread] DEBUG GameApplicationServi - Starting new game
18:32:58.444 [JavaFX Application Thread] DEBUG PrimaryStageWindow   - Pop state: MyMainMenu
18:32:58.444 [JavaFX Application Thread] DEBUG Input                - Clearing active input actions
18:32:58.445 [JavaFX Application Thread] DEBUG GameApplicationServi - Removing overlay from MyMainMenu and adding to FXGLMainMenuDummyScene
18:32:58.446 [JavaFX Application Thread] DEBUG PrimaryStageWindow   - FXGLMainMenuDummyScene <- MyMainMenu
18:32:58.446 [JavaFX Application Thread] DEBUG Input                - Clearing active input actions
18:32:58.453 [JavaFX Application Thread] DEBUG GameApplicationServi - Removing overlay from FXGLMainMenuDummyScene and adding to FXGLLoadingScene
18:32:58.453 [JavaFX Application Thread] DEBUG PrimaryStageWindow   - FXGLMainMenuDummyScene -> FXGLLoadingScene
18:32:58.453 [JavaFX Application Thread] DEBUG GameApplicationServi - Clearing previous game
18:32:58.453 [JavaFX Application Thread] DEBUG GameScene            - Clearing game scene
18:32:58.453 [JavaFX Application Thread] DEBUG GameWorld            - Clearing game world
18:32:58.453 [JavaFX Application Thread] DEBUG PhysicsWorld         - Clearing physics world
18:32:58.455 [FXGL Background Thread 2 ] DEBUG FXGLApplication      - Initializing game
18:32:58.464 [FXGL Background Thread 2 ] DEBUG FXGLAssetLoaderServi - Loading from file system: file:/C:/Users/yibo/IdeaProjects/russs/target/classes/assets/textures/ikun3.jpg
18:32:58.476 [FXGL Background Thread 2 ] INFO  FXGLApplication      - Game initialization took: 0.021 sec
18:32:58.477 [JavaFX Application Thread] DEBUG Input                - Clearing active input actions
18:32:58.480 [JavaFX Application Thread] DEBUG GameApplicationServi - Removing overlay from FXGLLoadingScene and adding to GameScene
18:32:58.480 [JavaFX Application Thread] DEBUG PrimaryStageWindow   - FXGLLoadingScene -> GameScene
18:33:00.578 [JavaFX Application Thread] DEBUG FXGLAssetLoaderServi - Loading from file system: file:/C:/Users/yibo/IdeaProjects/russs/target/classes/assets/textures/chicken.jpg
18:33:00.582 [JavaFX Application Thread] DEBUG FXGLAssetLoaderServi - Loading from file system: file:/C:/Users/yibo/IdeaProjects/russs/target/classes/assets/textures/basketball.jpg
18:33:01.862 [JavaFX Application Thread] DEBUG PrimaryStageWindow   - Push state: DialogSubScene
18:33:01.862 [JavaFX Application Thread] DEBUG Input                - Clearing active input actions
18:33:01.863 [JavaFX Application Thread] DEBUG GameApplicationServi - Removing overlay from GameScene and adding to DialogSubScene
18:33:01.864 [JavaFX Application Thread] DEBUG PrimaryStageWindow   - GameScene -> DialogSubScene
18:33:04.989 [JavaFX Application Thread] DEBUG PrimaryStageWindow   - Pop state: DialogSubScene
18:33:04.989 [JavaFX Application Thread] DEBUG Input                - Clearing active input actions
18:33:04.990 [JavaFX Application Thread] DEBUG GameApplicationServi - Removing overlay from DialogSubScene and adding to GameScene
18:33:04.990 [JavaFX Application Thread] DEBUG PrimaryStageWindow   - GameScene <- DialogSubScene
18:33:05.505 [JavaFX Application Thread] DEBUG Input                - Clearing active input actions
18:33:05.510 [JavaFX Application Thread] DEBUG GameApplicationServi - Removing overlay from GameScene and adding to FXGLMainMenuDummyScene
18:33:05.511 [JavaFX Application Thread] DEBUG PrimaryStageWindow   - GameScene -> FXGLMainMenuDummyScene
18:33:05.511 [JavaFX Application Thread] DEBUG PrimaryStageWindow   - Push state: MyMainMenu
18:33:05.511 [JavaFX Application Thread] DEBUG Input                - Clearing active input actions
18:33:05.514 [JavaFX Application Thread] DEBUG GameApplicationServi - Removing overlay from FXGLMainMenuDummyScene and adding to MyMainMenu
18:33:05.514 [JavaFX Application Thread] DEBUG PrimaryStageWindow   - FXGLMainMenuDummyScene -> MyMainMenu
18:33:14.240 [JavaFX Application Thread] DEBUG FXGLApplication      - Exiting FXGL
18:33:14.240 [JavaFX Application Thread] DEBUG LoopRunner           - Stopping loop
18:33:14.240 [JavaFX Application Thread] DEBUG SystemBundleService  - Saving FXGL system data
18:33:14.243 [JavaFX Application Thread] DEBUG FileSystemAccess     - Writing to: C:\Users\yibo\IdeaProjects\russs\system\fxgl.bundle
18:33:14.246 [JavaFX Application Thread] DEBUG Async                - Shutting down background threads
18:33:14.246 [JavaFX Application Thread] DEBUG PrimaryStageWindow   - Closing main window
18:33:14.261 [JavaFX Application Thread] DEBUG Logger               - Closing Logger
