22:06:29.410 [main                     ] DEBUG Logger               - Configured Logger
22:06:29.428 [main                     ] DEBUG GameApplication      - Logging settings
Title: chicken fly
Version: 0.0
Width: 1280
Height: 720
Fullscreen: false
Intro: false
Profiling: false
Single step:false
App Mode: DEVELOPER
Menu Key: ESCAPE
Stage Style: DECORATED
Scene Factory: class org.example.Menu.GameMenu$MySceneFactory

22:06:29.727 [JavaFX Application Thread] DEBUG FXGLApplication      - Initializing FXGL
22:06:29.731 [JavaFX Application Thread] INFO  Engine               - FXGL-17.2 (20.08.2022 16.50) on WINDOWS (J:17.0.5 FX:18)
22:06:29.731 [JavaFX Application Thread] DEBUG Engine               - JRE Vendor Name: Eclipse Adoptium
22:06:29.731 [JavaFX Application Thread] DEBUG Engine               - Running on OS: Windows 11 version 10.0
22:06:29.732 [JavaFX Application Thread] DEBUG Engine               - Architecture: amd64
22:06:29.732 [JavaFX Application Thread] INFO  Engine               - Source code and latest versions at: https://github.com/AlmasB/FXGL
22:06:29.732 [JavaFX Application Thread] INFO  Engine               -       Ask questions and discuss at: https://github.com/AlmasB/FXGL/discussions
22:06:29.732 [JavaFX Application Thread] INFO  Engine               -              Join the FXGL chat at: https://gitter.im/AlmasB/FXGL
22:06:29.796 [JavaFX Application Thread] DEBUG PrimaryStageWindow   - Creating a JavaFX scene
22:06:29.821 [JavaFX Application Thread] DEBUG PrimaryStageWindow   - Target settings size: 1280.0 x 720.0
22:06:29.821 [JavaFX Application Thread] DEBUG PrimaryStageWindow   - Scaled scene size:    1280.0 x 720.0
22:06:29.822 [JavaFX Application Thread] DEBUG PrimaryStageWindow   - Scaled ratio: (1.0, 1.0)
22:06:29.822 [JavaFX Application Thread] DEBUG PrimaryStageWindow   - Set initial scene to FXGLStartupScene
22:06:29.827 [JavaFX Application Thread] DEBUG PrimaryStageWindow   - Opening main window
22:06:29.879 [JavaFX Application Thread] DEBUG PrimaryStageWindow   - Window border size: (14.4000244140625, 37.5999755859375)
22:06:29.879 [JavaFX Application Thread] DEBUG PrimaryStageWindow   - Scaled size: 1280.0 x 720.0
22:06:29.879 [JavaFX Application Thread] DEBUG PrimaryStageWindow   - Scaled ratio: (1.0, 1.0)
22:06:29.879 [JavaFX Application Thread] DEBUG PrimaryStageWindow   - Scene size: 1280.0 x 720.0
22:06:29.880 [JavaFX Application Thread] DEBUG PrimaryStageWindow   - Stage size: 1294.4000244140625 x 757.5999755859375
22:06:29.885 [FXGL Background Thread 1 ] DEBUG Engine               - Initializing environment variables
22:06:29.907 [FXGL Background Thread 1 ] DEBUG FXGLAssetLoaderServi - User app class for loading assets: class org.example.Main
22:06:29.907 [FXGL Background Thread 1 ] DEBUG GameApplicationServi - Applying CSS: fxgl_dark.css
22:06:29.908 [FXGL Background Thread 1 ] DEBUG FXGLAssetLoaderServi - Loading from file system: jar:file:/C:/Users/yibo/.m2/repository/com/github/almasb/fxgl/17.2/fxgl-17.2.jar!/fxglassets/ui/css/fxgl_dark.css
22:06:29.932 [FXGL Background Thread 1 ] DEBUG GameApplicationServi - Initializing application scenes
22:06:29.966 [FXGL Background Thread 1 ] DEBUG GameWorld            - Game world initialized
22:06:30.005 [FXGL Background Thread 1 ] DEBUG PhysicsWorld         - Physics world initialized: appHeight=720, physics.ppm=50.0
22:06:30.005 [FXGL Background Thread 1 ] DEBUG PhysicsWorld         - Using strategy: BRUTE_FORCE
22:06:30.009 [FXGL Background Thread 1 ] DEBUG GameScene            - Game scene initialized: 1280x720
22:06:30.054 [FXGL Background Thread 1 ] DEBUG GameApplicationServi - Application scenes initialized
22:06:30.064 [FXGL Background Thread 1 ] DEBUG SystemBundleService  - Loading FXGL system data
22:06:30.068 [FXGL Background Thread 1 ] DEBUG FileSystemAccess     - Reading from: C:\Users\yibo\IdeaProjects\russs\system\fxgl.bundle
22:06:30.073 [FXGL Background Thread 1 ] DEBUG SystemBundleService  - Bundle FXGL: {}
22:06:30.073 [FXGL Background Thread 1 ] DEBUG UpdaterService       - Checking for updates
22:06:30.078 [FXGL Background Thread 4 ] DEBUG FXGLApplication      - Loading fonts
22:06:30.078 [FXGL Background Thread 4 ] DEBUG FXGLAssetLoaderServi - Loading from file system: jar:file:/C:/Users/yibo/.m2/repository/com/github/almasb/fxgl/17.2/fxgl-17.2.jar!/fxglassets/ui/fonts/VarelaRound-Regular.ttf
22:06:30.078 [FXGL Background Thread 1 ] DEBUG FXGLApplication      - Loading default localization
22:06:30.079 [FXGL Background Thread 1 ] DEBUG FXGLAssetLoaderServi - Loading from file system: jar:file:/C:/Users/yibo/.m2/repository/com/github/almasb/fxgl/17.2/fxgl-17.2.jar!/fxglassets/languages/english.lang
22:06:30.106 [FXGL Background Thread 1 ] INFO  FXGLApplication      - FXGL initialization took: 0.221 sec
22:06:30.112 [JavaFX Application Thread] DEBUG Input                - Registered new binding: Jump - W
22:06:30.113 [JavaFX Application Thread] DEBUG Input                - Registered new binding: forward - D
22:06:30.113 [JavaFX Application Thread] DEBUG Input                - Registered new binding: backward - A
22:06:30.113 [JavaFX Application Thread] DEBUG Input                - Registered new binding: exit - F1
22:06:30.115 [JavaFX Application Thread] DEBUG Input                - Registered new binding: fire - LMB
22:06:30.116 [JavaFX Application Thread] DEBUG FXGLAssetLoaderServi - Loading from file system: jar:file:/C:/Users/yibo/.m2/repository/com/github/almasb/fxgl/17.2/fxgl-17.2.jar!/fxglassets/textures/fxgl_icon.png
22:06:30.123 [FXGL Background Thread 4 ] DEBUG FXGLAssetLoaderServi - Loading from file system: jar:file:/C:/Users/yibo/.m2/repository/com/github/almasb/fxgl/17.2/fxgl-17.2.jar!/fxglassets/ui/fonts/Abel-Regular.ttf
22:06:30.125 [FXGL Background Thread 4 ] DEBUG FXGLAssetLoaderServi - Loading from file system: jar:file:/C:/Users/yibo/.m2/repository/com/github/almasb/fxgl/17.2/fxgl-17.2.jar!/fxglassets/ui/fonts/TerminalLandMono-Regular.otf
22:06:30.128 [FXGL Background Thread 4 ] DEBUG FXGLAssetLoaderServi - Loading from file system: jar:file:/C:/Users/yibo/.m2/repository/com/github/almasb/fxgl/17.2/fxgl-17.2.jar!/fxglassets/ui/fonts/Courier-Prime.ttf
22:06:30.144 [JavaFX Application Thread] DEBUG FXGLAssetLoaderServi - Loading from file system: jar:file:/C:/Users/yibo/.m2/repository/com/github/almasb/fxgl/17.2/fxgl-17.2.jar!/fxglassets/textures/fxgl_default_cursor.png
22:06:30.146 [JavaFX Application Thread] DEBUG Input                - Registered new binding: Screenshot - CTRL+8
22:06:30.146 [JavaFX Application Thread] DEBUG Input                - Registered new binding: System info dump - CTRL+9
22:06:30.147 [JavaFX Application Thread] DEBUG Input                - Registered new binding: Restart - CTRL+R
22:06:30.147 [JavaFX Application Thread] DEBUG Input                - Registered new binding: Toggle Debug Camera - CTRL+7
22:06:30.149 [JavaFX Application Thread] DEBUG LoopRunner           - Starting loop
22:06:30.149 [JavaFX Application Thread] DEBUG LoopRunner           - Initializing JavaFX AnimationTimerLoop
22:06:30.150 [JavaFX Application Thread] DEBUG Input                - Clearing active input actions
22:06:30.154 [JavaFX Application Thread] DEBUG GameApplicationServi - Removing overlay from FXGLStartupScene and adding to FXGLMainMenuDummyScene
22:06:30.155 [JavaFX Application Thread] DEBUG PrimaryStageWindow   - FXGLStartupScene -> FXGLMainMenuDummyScene
22:06:30.155 [JavaFX Application Thread] DEBUG PrimaryStageWindow   - Push state: MyMainMenu
22:06:30.155 [JavaFX Application Thread] DEBUG Input                - Clearing active input actions
22:06:30.163 [JavaFX Application Thread] DEBUG GameApplicationServi - Removing overlay from FXGLMainMenuDummyScene and adding to MyMainMenu
22:06:30.163 [JavaFX Application Thread] DEBUG PrimaryStageWindow   - FXGLMainMenuDummyScene -> MyMainMenu
22:06:30.163 [JavaFX Application Thread] DEBUG FXGLApplication      - Registering font factories with UI factory
22:06:30.507 [FXGL Background Thread 2 ] INFO  UpdaterService       - Your current version:  17.2
22:06:30.507 [FXGL Background Thread 2 ] INFO  UpdaterService       - Latest stable version: 17.3
22:06:33.079 [FXGL Background Thread 3 ] DEBUG Engine               - Logging environment variables
22:06:33.080 [FXGL Background Thread 3 ] DEBUG Engine               - achievements: []
22:06:33.080 [FXGL Background Thread 3 ] DEBUG Engine               - actualHeight: 720.0
22:06:33.080 [FXGL Background Thread 3 ] DEBUG Engine               - actualHeightProperty: ReadOnlyDoubleProperty [value: 720.0]
22:06:33.080 [FXGL Background Thread 3 ] DEBUG Engine               - actualWidth: 1280.0
22:06:33.081 [FXGL Background Thread 3 ] DEBUG Engine               - actualWidthProperty: ReadOnlyDoubleProperty [value: 1280.0]
22:06:33.081 [FXGL Background Thread 3 ] DEBUG Engine               - appIcon: fxgl_icon.png
22:06:33.081 [FXGL Background Thread 3 ] DEBUG Engine               - applicationMode: DEVELOPER
22:06:33.081 [FXGL Background Thread 3 ] DEBUG Engine               - cSSList: [fxgl_dark.css]
22:06:33.081 [FXGL Background Thread 3 ] DEBUG Engine               - collisionDetectionStrategy: BRUTE_FORCE
22:06:33.081 [FXGL Background Thread 3 ] DEBUG Engine               - configClass: Optional.empty
22:06:33.081 [FXGL Background Thread 3 ] DEBUG Engine               - credits: []
22:06:33.084 [FXGL Background Thread 3 ] DEBUG Engine               - defaultCursor: CursorInfo(imageName=fxgl_default_cursor.png, hotspotX=7.0, hotspotY=6.0)
22:06:33.085 [FXGL Background Thread 3 ] DEBUG Engine               - devBBoxColorProperty: ObjectProperty [value: 0xff0000ff]
22:06:33.085 [FXGL Background Thread 3 ] DEBUG Engine               - devEnableDebugCameraProperty: BooleanProperty [value: false]
22:06:33.085 [FXGL Background Thread 3 ] DEBUG Engine               - devSensorColorProperty: ObjectProperty [value: 0xffff00ff]
22:06:33.085 [FXGL Background Thread 3 ] DEBUG Engine               - devShowBBoxProperty: BooleanProperty [value: false]
22:06:33.085 [FXGL Background Thread 3 ] DEBUG Engine               - devShowPositionProperty: BooleanProperty [value: false]
22:06:33.085 [FXGL Background Thread 3 ] DEBUG Engine               - enabledMenuItems: []
22:06:33.085 [FXGL Background Thread 3 ] DEBUG Engine               - engineServices: [class com.almasb.fxgl.app.services.FXGLAssetLoaderService, class com.almasb.fxgl.app.FXGLApplication$GameApplicationService, class com.almasb.fxgl.app.services.FXGLDialogService, class com.almasb.fxgl.app.services.IOTaskExecutorService, class com.almasb.fxgl.io.FileSystemService, class com.almasb.fxgl.localization.LocalizationService, class com.almasb.fxgl.app.services.SystemBundleService, class com.almasb.fxgl.profile.SaveLoadService, class com.almasb.fxgl.ui.FXGLUIFactoryServiceProvider, class com.almasb.fxgl.ui.FXGLDialogFactoryServiceProvider, class com.almasb.fxgl.audio.AudioPlayer, class com.almasb.fxgl.notification.impl.NotificationServiceProvider, class com.almasb.fxgl.achievement.AchievementService, class com.almasb.fxgl.cutscene.CutsceneService, class com.almasb.fxgl.minigames.MiniGameService, class com.almasb.fxgl.net.NetService, class com.almasb.fxgl.app.services.UpdaterService, class com.almasb.fxgl.dev.DevService]
22:06:33.086 [FXGL Background Thread 3 ] DEBUG Engine               - fontGame: Abel-Regular.ttf
22:06:33.086 [FXGL Background Thread 3 ] DEBUG Engine               - fontMono: TerminalLandMono-Regular.otf
22:06:33.086 [FXGL Background Thread 3 ] DEBUG Engine               - fontText: Courier-Prime.ttf
22:06:33.086 [FXGL Background Thread 3 ] DEBUG Engine               - fontUI: VarelaRound-Regular.ttf
22:06:33.086 [FXGL Background Thread 3 ] DEBUG Engine               - fullScreen: BooleanProperty [value: false]
22:06:33.086 [FXGL Background Thread 3 ] DEBUG Engine               - gameDifficulty: MEDIUM
22:06:33.086 [FXGL Background Thread 3 ] DEBUG Engine               - gameDifficultyProperty: ObjectProperty [value: MEDIUM]
22:06:33.086 [FXGL Background Thread 3 ] DEBUG Engine               - globalMusicVolume: 0.5
22:06:33.086 [FXGL Background Thread 3 ] DEBUG Engine               - globalMusicVolumeProperty: DoubleProperty [value: 0.5]
22:06:33.086 [FXGL Background Thread 3 ] DEBUG Engine               - globalSoundVolume: 0.5
22:06:33.086 [FXGL Background Thread 3 ] DEBUG Engine               - globalSoundVolumeProperty: DoubleProperty [value: 0.5]
22:06:33.086 [FXGL Background Thread 3 ] DEBUG Engine               - height: 720
22:06:33.086 [FXGL Background Thread 3 ] DEBUG Engine               - is3D: false
22:06:33.087 [FXGL Background Thread 3 ] DEBUG Engine               - isAndroid: false
22:06:33.087 [FXGL Background Thread 3 ] DEBUG Engine               - isBrowser: false
22:06:33.087 [FXGL Background Thread 3 ] DEBUG Engine               - isClickFeedbackEnabled: false
22:06:33.087 [FXGL Background Thread 3 ] DEBUG Engine               - isCloseConfirmation: false
22:06:33.087 [FXGL Background Thread 3 ] DEBUG Engine               - isDesktop: true
22:06:33.087 [FXGL Background Thread 3 ] DEBUG Engine               - isDeveloperMenuEnabled: false
22:06:33.087 [FXGL Background Thread 3 ] DEBUG Engine               - isEmbedded: false
22:06:33.087 [FXGL Background Thread 3 ] DEBUG Engine               - isEntityPreloadEnabled: true
22:06:33.087 [FXGL Background Thread 3 ] DEBUG Engine               - isExperimentalTiledLargeMap: false
22:06:33.087 [FXGL Background Thread 3 ] DEBUG Engine               - isFileSystemWriteAllowed: true
22:06:33.087 [FXGL Background Thread 3 ] DEBUG Engine               - isFullScreenAllowed: false
22:06:33.087 [FXGL Background Thread 3 ] DEBUG Engine               - isFullScreenFromStart: false
22:06:33.087 [FXGL Background Thread 3 ] DEBUG Engine               - isGameMenuEnabled: true
22:06:33.087 [FXGL Background Thread 3 ] DEBUG Engine               - isIOS: false
22:06:33.088 [FXGL Background Thread 3 ] DEBUG Engine               - isIntroEnabled: false
22:06:33.088 [FXGL Background Thread 3 ] DEBUG Engine               - isLinux: false
22:06:33.088 [FXGL Background Thread 3 ] DEBUG Engine               - isMac: false
22:06:33.088 [FXGL Background Thread 3 ] DEBUG Engine               - isMainMenuEnabled: true
22:06:33.088 [FXGL Background Thread 3 ] DEBUG Engine               - isManualResizeEnabled: false
22:06:33.088 [FXGL Background Thread 3 ] DEBUG Engine               - isMobile: false
22:06:33.088 [FXGL Background Thread 3 ] DEBUG Engine               - isNative: false
22:06:33.088 [FXGL Background Thread 3 ] DEBUG Engine               - isPauseMusicWhenMinimized: true
22:06:33.088 [FXGL Background Thread 3 ] DEBUG Engine               - isPreserveResizeRatio: false
22:06:33.088 [FXGL Background Thread 3 ] DEBUG Engine               - isProfilingEnabled: false
22:06:33.088 [FXGL Background Thread 3 ] DEBUG Engine               - isScaleAffectedOnResize: true
22:06:33.088 [FXGL Background Thread 3 ] DEBUG Engine               - isSingleStep: false
22:06:33.088 [FXGL Background Thread 3 ] DEBUG Engine               - isUserProfileEnabled: false
22:06:33.088 [FXGL Background Thread 3 ] DEBUG Engine               - isWindows: true
22:06:33.088 [FXGL Background Thread 3 ] DEBUG Engine               - language: ObjectProperty [value: ENGLISH]
22:06:33.089 [FXGL Background Thread 3 ] DEBUG Engine               - menuKey: ESCAPE
22:06:33.089 [FXGL Background Thread 3 ] DEBUG Engine               - mouseSensitivity: 0.2
22:06:33.089 [FXGL Background Thread 3 ] DEBUG Engine               - notificationViewClass: class com.almasb.fxgl.notification.view.XboxNotificationView
22:06:33.089 [FXGL Background Thread 3 ] DEBUG Engine               - pixelsPerMeter: 50.0
22:06:33.089 [FXGL Background Thread 3 ] DEBUG Engine               - platform: WINDOWS
22:06:33.089 [FXGL Background Thread 3 ] DEBUG Engine               - prefHeightProperty: ReadOnlyDoubleProperty [value: 720.0]
22:06:33.089 [FXGL Background Thread 3 ] DEBUG Engine               - prefWidthProperty: ReadOnlyDoubleProperty [value: 1280.0]
22:06:33.089 [FXGL Background Thread 3 ] DEBUG Engine               - profileDir: profiles/
22:06:33.089 [FXGL Background Thread 3 ] DEBUG Engine               - profileName: StringProperty [value: DEFAULT]
22:06:33.089 [FXGL Background Thread 3 ] DEBUG Engine               - randomSeed: -1
22:06:33.089 [FXGL Background Thread 3 ] DEBUG Engine               - runtimeInfo: RuntimeInfo(platform=WINDOWS, version=17.2, build=20.08.2022 16.50)
22:06:33.089 [FXGL Background Thread 3 ] DEBUG Engine               - saveFileExt: sav
22:06:33.089 [FXGL Background Thread 3 ] DEBUG Engine               - scaledHeightProp$fxgl: DoubleProperty [bound, value: 720.0]
22:06:33.089 [FXGL Background Thread 3 ] DEBUG Engine               - scaledWidthProp$fxgl: DoubleProperty [bound, value: 1280.0]
22:06:33.089 [FXGL Background Thread 3 ] DEBUG Engine               - sceneFactory: org.example.Menu.GameMenu$MySceneFactory@7365677b
22:06:33.089 [FXGL Background Thread 3 ] DEBUG Engine               - secondsIn24h: 60
22:06:33.089 [FXGL Background Thread 3 ] DEBUG Engine               - soundMenuBack: menu/back.wav
22:06:33.089 [FXGL Background Thread 3 ] DEBUG Engine               - soundMenuPress: menu/press.wav
22:06:33.089 [FXGL Background Thread 3 ] DEBUG Engine               - soundMenuSelect: menu/select.wav
22:06:33.090 [FXGL Background Thread 3 ] DEBUG Engine               - soundNotification: core/notification.wav
22:06:33.090 [FXGL Background Thread 3 ] DEBUG Engine               - stageStyle: DECORATED
22:06:33.090 [FXGL Background Thread 3 ] DEBUG Engine               - supportedLanguages: [ENGLISH, FRENCH, GERMAN, HUNGARIAN, RUSSIAN]
22:06:33.090 [FXGL Background Thread 3 ] DEBUG Engine               - ticksPerSecond: -1
22:06:33.090 [FXGL Background Thread 3 ] DEBUG Engine               - title: chicken fly
22:06:33.090 [FXGL Background Thread 3 ] DEBUG Engine               - urlGithub: https://github.com/AlmasB/FXGL
22:06:33.090 [FXGL Background Thread 3 ] DEBUG Engine               - urlLeaderboard: http://fxgl-top.herokuapp.com/
22:06:33.090 [FXGL Background Thread 3 ] DEBUG Engine               - urlPOM: https://raw.githubusercontent.com/AlmasB/FXGL/release/README.md
22:06:33.090 [FXGL Background Thread 3 ] DEBUG Engine               - userAppClass: class org.example.Main
22:06:33.090 [FXGL Background Thread 3 ] DEBUG Engine               - version: 0.0
22:06:33.090 [FXGL Background Thread 3 ] DEBUG Engine               - versionCheckDays: 7
22:06:33.090 [FXGL Background Thread 3 ] DEBUG Engine               - width: 1280
22:06:33.090 [FXGL Background Thread 3 ] DEBUG Engine               - Logging services
22:06:33.090 [FXGL Background Thread 3 ] DEBUG Engine               - class com.almasb.fxgl.app.services.FXGLAssetLoaderService
22:06:33.090 [FXGL Background Thread 3 ] DEBUG Engine               - class com.almasb.fxgl.app.FXGLApplication$GameApplicationService
22:06:33.090 [FXGL Background Thread 3 ] DEBUG Engine               - class com.almasb.fxgl.app.services.FXGLDialogService
22:06:33.090 [FXGL Background Thread 3 ] DEBUG Engine               - class com.almasb.fxgl.app.services.IOTaskExecutorService
22:06:33.090 [FXGL Background Thread 3 ] DEBUG Engine               - class com.almasb.fxgl.io.FileSystemService
22:06:33.090 [FXGL Background Thread 3 ] DEBUG Engine               - class com.almasb.fxgl.localization.LocalizationService
22:06:33.090 [FXGL Background Thread 3 ] DEBUG Engine               - class com.almasb.fxgl.app.services.SystemBundleService
22:06:33.090 [FXGL Background Thread 3 ] DEBUG Engine               - class com.almasb.fxgl.profile.SaveLoadService
22:06:33.090 [FXGL Background Thread 3 ] DEBUG Engine               - class com.almasb.fxgl.ui.FXGLUIFactoryServiceProvider
22:06:33.090 [FXGL Background Thread 3 ] DEBUG Engine               - class com.almasb.fxgl.ui.FXGLDialogFactoryServiceProvider
22:06:33.090 [FXGL Background Thread 3 ] DEBUG Engine               - class com.almasb.fxgl.audio.AudioPlayer
22:06:33.090 [FXGL Background Thread 3 ] DEBUG Engine               - class com.almasb.fxgl.notification.impl.NotificationServiceProvider
22:06:33.090 [FXGL Background Thread 3 ] DEBUG Engine               - class com.almasb.fxgl.achievement.AchievementService
22:06:33.090 [FXGL Background Thread 3 ] DEBUG Engine               - class com.almasb.fxgl.cutscene.CutsceneService
22:06:33.090 [FXGL Background Thread 3 ] DEBUG Engine               - class com.almasb.fxgl.minigames.MiniGameService
22:06:33.090 [FXGL Background Thread 3 ] DEBUG Engine               - class com.almasb.fxgl.net.NetService
22:06:33.090 [FXGL Background Thread 3 ] DEBUG Engine               - class com.almasb.fxgl.app.services.UpdaterService
22:06:33.090 [FXGL Background Thread 3 ] DEBUG Engine               - class com.almasb.fxgl.dev.DevService
22:06:37.182 [JavaFX Application Thread] DEBUG Menu                 - fireNewGame()
22:06:37.182 [JavaFX Application Thread] DEBUG GameApplicationServi - Starting new game
22:06:37.182 [JavaFX Application Thread] DEBUG PrimaryStageWindow   - Pop state: MyMainMenu
22:06:37.182 [JavaFX Application Thread] DEBUG Input                - Clearing active input actions
22:06:37.183 [JavaFX Application Thread] DEBUG GameApplicationServi - Removing overlay from MyMainMenu and adding to FXGLMainMenuDummyScene
22:06:37.183 [JavaFX Application Thread] DEBUG PrimaryStageWindow   - FXGLMainMenuDummyScene <- MyMainMenu
22:06:37.184 [JavaFX Application Thread] DEBUG Input                - Clearing active input actions
22:06:37.188 [JavaFX Application Thread] DEBUG GameApplicationServi - Removing overlay from FXGLMainMenuDummyScene and adding to FXGLLoadingScene
22:06:37.188 [JavaFX Application Thread] DEBUG PrimaryStageWindow   - FXGLMainMenuDummyScene -> FXGLLoadingScene
22:06:37.188 [JavaFX Application Thread] DEBUG GameApplicationServi - Clearing previous game
22:06:37.188 [JavaFX Application Thread] DEBUG GameScene            - Clearing game scene
22:06:37.188 [JavaFX Application Thread] DEBUG GameWorld            - Clearing game world
22:06:37.188 [JavaFX Application Thread] DEBUG PhysicsWorld         - Clearing physics world
22:06:37.190 [FXGL Background Thread 2 ] DEBUG FXGLApplication      - Initializing game
22:06:37.200 [FXGL Background Thread 2 ] DEBUG FXGLAssetLoaderServi - Loading from file system: file:/C:/Users/yibo/IdeaProjects/russs/target/classes/assets/textures/ikun3.jpg
22:06:37.213 [FXGL Background Thread 2 ] INFO  FXGLApplication      - Game initialization took: 0.022 sec
22:06:37.213 [JavaFX Application Thread] DEBUG Input                - Clearing active input actions
22:06:37.215 [JavaFX Application Thread] DEBUG GameApplicationServi - Removing overlay from FXGLLoadingScene and adding to GameScene
22:06:37.215 [JavaFX Application Thread] DEBUG PrimaryStageWindow   - FXGLLoadingScene -> GameScene
22:06:38.036 [JavaFX Application Thread] DEBUG FXGLAssetLoaderServi - Loading from file system: file:/C:/Users/yibo/IdeaProjects/russs/target/classes/assets/textures/chicken.jpg
22:06:38.039 [JavaFX Application Thread] DEBUG FXGLAssetLoaderServi - Loading from file system: file:/C:/Users/yibo/IdeaProjects/russs/target/classes/assets/textures/basketball.jpg
22:06:54.214 [JavaFX Application Thread] DEBUG PrimaryStageWindow   - Push state: DialogSubScene
22:06:54.214 [JavaFX Application Thread] DEBUG Input                - Clearing active input actions
22:06:54.215 [JavaFX Application Thread] DEBUG GameApplicationServi - Removing overlay from GameScene and adding to DialogSubScene
22:06:54.215 [JavaFX Application Thread] DEBUG PrimaryStageWindow   - GameScene -> DialogSubScene
22:06:55.875 [JavaFX Application Thread] DEBUG PrimaryStageWindow   - Pop state: DialogSubScene
22:06:55.875 [JavaFX Application Thread] DEBUG Input                - Clearing active input actions
22:06:55.876 [JavaFX Application Thread] DEBUG GameApplicationServi - Removing overlay from DialogSubScene and adding to GameScene
22:06:55.876 [JavaFX Application Thread] DEBUG PrimaryStageWindow   - GameScene <- DialogSubScene
22:06:56.308 [JavaFX Application Thread] DEBUG Input                - Clearing active input actions
22:06:56.309 [JavaFX Application Thread] DEBUG GameApplicationServi - Removing overlay from GameScene and adding to FXGLMainMenuDummyScene
22:06:56.310 [JavaFX Application Thread] DEBUG PrimaryStageWindow   - GameScene -> FXGLMainMenuDummyScene
22:06:56.310 [JavaFX Application Thread] DEBUG PrimaryStageWindow   - Push state: MyMainMenu
22:06:56.310 [JavaFX Application Thread] DEBUG Input                - Clearing active input actions
22:06:56.312 [JavaFX Application Thread] DEBUG GameApplicationServi - Removing overlay from FXGLMainMenuDummyScene and adding to MyMainMenu
22:06:56.312 [JavaFX Application Thread] DEBUG PrimaryStageWindow   - FXGLMainMenuDummyScene -> MyMainMenu
22:06:57.346 [JavaFX Application Thread] DEBUG Menu                 - fireNewGame()
22:06:57.347 [JavaFX Application Thread] DEBUG GameApplicationServi - Starting new game
22:06:57.347 [JavaFX Application Thread] DEBUG PrimaryStageWindow   - Pop state: MyMainMenu
22:06:57.347 [JavaFX Application Thread] DEBUG Input                - Clearing active input actions
22:06:57.347 [JavaFX Application Thread] DEBUG GameApplicationServi - Removing overlay from MyMainMenu and adding to FXGLMainMenuDummyScene
22:06:57.347 [JavaFX Application Thread] DEBUG PrimaryStageWindow   - FXGLMainMenuDummyScene <- MyMainMenu
22:06:57.347 [JavaFX Application Thread] DEBUG Input                - Clearing active input actions
22:06:57.350 [JavaFX Application Thread] DEBUG GameApplicationServi - Removing overlay from FXGLMainMenuDummyScene and adding to FXGLLoadingScene
22:06:57.350 [JavaFX Application Thread] DEBUG PrimaryStageWindow   - FXGLMainMenuDummyScene -> FXGLLoadingScene
22:06:57.351 [JavaFX Application Thread] DEBUG GameApplicationServi - Clearing previous game
22:06:57.351 [JavaFX Application Thread] DEBUG GameScene            - Clearing game scene
22:06:57.351 [JavaFX Application Thread] DEBUG GameWorld            - Clearing game world
22:06:57.352 [JavaFX Application Thread] DEBUG PhysicsWorld         - Clearing physics world
22:06:57.352 [FXGL Background Thread 2 ] DEBUG FXGLApplication      - Initializing game
22:06:57.353 [FXGL Background Thread 2 ] INFO  FXGLApplication      - Game initialization took: 0.001 sec
22:06:57.356 [JavaFX Application Thread] DEBUG Input                - Clearing active input actions
22:06:57.357 [JavaFX Application Thread] DEBUG GameApplicationServi - Removing overlay from FXGLLoadingScene and adding to GameScene
22:06:57.358 [JavaFX Application Thread] DEBUG PrimaryStageWindow   - FXGLLoadingScene -> GameScene
22:07:14.317 [JavaFX Application Thread] DEBUG FXGLAssetLoaderServi - Loading from file system: file:/C:/Users/yibo/IdeaProjects/russs/target/classes/assets/textures/boss.jpg
22:07:17.942 [JavaFX Application Thread] DEBUG FXGLAssetLoaderServi - Loading from file system: file:/C:/Users/yibo/IdeaProjects/russs/target/classes/assets/textures/explosion.jpg
22:07:52.696 [JavaFX Application Thread] DEBUG FXGLApplication      - Exiting FXGL
22:07:52.696 [JavaFX Application Thread] DEBUG LoopRunner           - Stopping loop
22:07:52.697 [JavaFX Application Thread] DEBUG SystemBundleService  - Saving FXGL system data
22:07:52.699 [JavaFX Application Thread] DEBUG FileSystemAccess     - Writing to: C:\Users\yibo\IdeaProjects\russs\system\fxgl.bundle
22:07:52.700 [JavaFX Application Thread] DEBUG Async                - Shutting down background threads
22:07:52.700 [JavaFX Application Thread] DEBUG PrimaryStageWindow   - Closing main window
22:07:52.715 [JavaFX Application Thread] DEBUG Logger               - Closing Logger
