19:31:03.797 [main                     ] DEBUG Logger               - Configured Logger
19:31:03.814 [main                     ] DEBUG GameApplication      - Logging settings
Title: chicken fly
Version: 0.0
Width: 1280
Height: 720
Fullscreen: false
Intro: false
Profiling: false
Single step:false
App Mode: DEVELOPER
Menu Key: ESCAPE
Stage Style: DECORATED
Scene Factory: class com.almasb.fxgl.app.scene.SceneFactory

19:31:04.059 [JavaFX Application Thread] DEBUG FXGLApplication      - Initializing FXGL
19:31:04.063 [JavaFX Application Thread] INFO  Engine               - FXGL-17.2 (20.08.2022 16.50) on WINDOWS (J:17.0.5 FX:18)
19:31:04.063 [JavaFX Application Thread] DEBUG Engine               - JRE Vendor Name: Eclipse Adoptium
19:31:04.064 [JavaFX Application Thread] DEBUG Engine               - Running on OS: Windows 11 version 10.0
19:31:04.064 [JavaFX Application Thread] DEBUG Engine               - Architecture: amd64
19:31:04.064 [JavaFX Application Thread] INFO  Engine               - Source code and latest versions at: https://github.com/AlmasB/FXGL
19:31:04.064 [JavaFX Application Thread] INFO  Engine               -       Ask questions and discuss at: https://github.com/AlmasB/FXGL/discussions
19:31:04.064 [JavaFX Application Thread] INFO  Engine               -              Join the FXGL chat at: https://gitter.im/AlmasB/FXGL
19:31:04.129 [JavaFX Application Thread] DEBUG PrimaryStageWindow   - Creating a JavaFX scene
19:31:04.154 [JavaFX Application Thread] DEBUG PrimaryStageWindow   - Target settings size: 1280.0 x 720.0
19:31:04.154 [JavaFX Application Thread] DEBUG PrimaryStageWindow   - Scaled scene size:    1280.0 x 720.0
19:31:04.154 [JavaFX Application Thread] DEBUG PrimaryStageWindow   - Scaled ratio: (1.0, 1.0)
19:31:04.155 [JavaFX Application Thread] DEBUG PrimaryStageWindow   - Set initial scene to FXGLStartupScene
19:31:04.159 [JavaFX Application Thread] DEBUG PrimaryStageWindow   - Opening main window
19:31:04.210 [JavaFX Application Thread] DEBUG PrimaryStageWindow   - Window border size: (13.0, 35.5)
19:31:04.210 [JavaFX Application Thread] DEBUG PrimaryStageWindow   - Scaled size: 1280.0 x 720.0
19:31:04.210 [JavaFX Application Thread] DEBUG PrimaryStageWindow   - Scaled ratio: (1.0, 1.0)
19:31:04.211 [JavaFX Application Thread] DEBUG PrimaryStageWindow   - Scene size: 1280.0 x 720.0
19:31:04.211 [JavaFX Application Thread] DEBUG PrimaryStageWindow   - Stage size: 1293.0 x 755.5
19:31:04.216 [FXGL Background Thread 1 ] DEBUG Engine               - Initializing environment variables
19:31:04.240 [FXGL Background Thread 1 ] DEBUG FXGLAssetLoaderServi - User app class for loading assets: class org.example.Main
19:31:04.240 [FXGL Background Thread 1 ] DEBUG GameApplicationServi - Applying CSS: fxgl_dark.css
19:31:04.241 [FXGL Background Thread 1 ] DEBUG FXGLAssetLoaderServi - Loading from file system: jar:file:/C:/Users/yibo/.m2/repository/com/github/almasb/fxgl/17.2/fxgl-17.2.jar!/fxglassets/ui/css/fxgl_dark.css
19:31:04.268 [FXGL Background Thread 1 ] DEBUG GameApplicationServi - Initializing application scenes
19:31:04.304 [FXGL Background Thread 1 ] DEBUG GameWorld            - Game world initialized
19:31:04.339 [FXGL Background Thread 1 ] DEBUG PhysicsWorld         - Physics world initialized: appHeight=720, physics.ppm=50.0
19:31:04.339 [FXGL Background Thread 1 ] DEBUG PhysicsWorld         - Using strategy: BRUTE_FORCE
19:31:04.342 [FXGL Background Thread 1 ] DEBUG GameScene            - Game scene initialized: 1280x720
19:31:04.350 [FXGL Background Thread 1 ] DEBUG FXGL.DefaultMenu     - createMenuBodyGameMenu()
19:31:04.359 [FXGL Background Thread 1 ] DEBUG FXGL.DefaultMenu     - createOptionsMenu()
19:31:04.367 [FXGL Background Thread 1 ] DEBUG FXGLAssetLoaderServi - Loading from file system: jar:file:/C:/Users/yibo/.m2/repository/com/github/almasb/fxgl/17.2/fxgl-17.2.jar!/fxglassets/textures/particles/smoke.png
19:31:04.428 [FXGL Background Thread 1 ] DEBUG FXGLAssetLoaderServi - Loading from file system: jar:file:/C:/Users/yibo/.m2/repository/com/github/almasb/fxgl/17.2/fxgl-17.2.jar!/fxglassets/textures/particles/trace_horizontal.png
19:31:04.447 [FXGL Background Thread 1 ] DEBUG GameApplicationServi - Application scenes initialized
19:31:04.456 [FXGL Background Thread 1 ] DEBUG SystemBundleService  - Loading FXGL system data
19:31:04.459 [FXGL Background Thread 1 ] DEBUG FileSystemAccess     - Reading from: C:\Users\yibo\IdeaProjects\russs\system\fxgl.bundle
19:31:04.464 [FXGL Background Thread 1 ] DEBUG SystemBundleService  - Bundle FXGL: {}
19:31:04.465 [FXGL Background Thread 1 ] DEBUG UpdaterService       - Checking for updates
19:31:04.467 [FXGL Background Thread 4 ] DEBUG FXGLApplication      - Loading fonts
19:31:04.468 [FXGL Background Thread 1 ] DEBUG FXGLApplication      - Loading default localization
19:31:04.468 [FXGL Background Thread 4 ] DEBUG FXGLAssetLoaderServi - Loading from file system: jar:file:/C:/Users/yibo/.m2/repository/com/github/almasb/fxgl/17.2/fxgl-17.2.jar!/fxglassets/ui/fonts/VarelaRound-Regular.ttf
19:31:04.468 [FXGL Background Thread 1 ] DEBUG FXGLAssetLoaderServi - Loading from file system: jar:file:/C:/Users/yibo/.m2/repository/com/github/almasb/fxgl/17.2/fxgl-17.2.jar!/fxglassets/languages/english.lang
19:31:04.482 [FXGL Background Thread 1 ] INFO  FXGLApplication      - FXGL initialization took: 0.266 sec
19:31:04.491 [JavaFX Application Thread] DEBUG Input                - Registered new binding: Jump - W
19:31:04.491 [JavaFX Application Thread] DEBUG Input                - Registered new binding: forward - D
19:31:04.491 [JavaFX Application Thread] DEBUG Input                - Registered new binding: backward - A
19:31:04.492 [JavaFX Application Thread] DEBUG Input                - Registered new binding: exit - F1
19:31:04.492 [JavaFX Application Thread] DEBUG FXGLAssetLoaderServi - Loading from file system: jar:file:/C:/Users/yibo/.m2/repository/com/github/almasb/fxgl/17.2/fxgl-17.2.jar!/fxglassets/textures/fxgl_icon.png
19:31:04.510 [JavaFX Application Thread] DEBUG FXGLAssetLoaderServi - Loading from file system: jar:file:/C:/Users/yibo/.m2/repository/com/github/almasb/fxgl/17.2/fxgl-17.2.jar!/fxglassets/textures/fxgl_default_cursor.png
19:31:04.514 [JavaFX Application Thread] DEBUG Input                - Registered new binding: Screenshot - CTRL+8
19:31:04.515 [JavaFX Application Thread] DEBUG Input                - Registered new binding: System info dump - CTRL+9
19:31:04.516 [JavaFX Application Thread] DEBUG Input                - Registered new binding: Restart - CTRL+R
19:31:04.518 [JavaFX Application Thread] DEBUG Input                - Registered new binding: Toggle Debug Camera - CTRL+7
19:31:04.522 [JavaFX Application Thread] DEBUG LoopRunner           - Starting loop
19:31:04.522 [JavaFX Application Thread] DEBUG LoopRunner           - Initializing JavaFX AnimationTimerLoop
19:31:04.524 [FXGL Background Thread 4 ] DEBUG FXGLAssetLoaderServi - Loading from file system: jar:file:/C:/Users/yibo/.m2/repository/com/github/almasb/fxgl/17.2/fxgl-17.2.jar!/fxglassets/ui/fonts/Abel-Regular.ttf
19:31:04.526 [JavaFX Application Thread] DEBUG GameApplicationServi - Starting new game
19:31:04.527 [JavaFX Application Thread] DEBUG Input                - Clearing active input actions
19:31:04.529 [FXGL Background Thread 4 ] DEBUG FXGLAssetLoaderServi - Loading from file system: jar:file:/C:/Users/yibo/.m2/repository/com/github/almasb/fxgl/17.2/fxgl-17.2.jar!/fxglassets/ui/fonts/TerminalLandMono-Regular.otf
19:31:04.533 [FXGL Background Thread 4 ] DEBUG FXGLAssetLoaderServi - Loading from file system: jar:file:/C:/Users/yibo/.m2/repository/com/github/almasb/fxgl/17.2/fxgl-17.2.jar!/fxglassets/ui/fonts/Courier-Prime.ttf
19:31:04.541 [JavaFX Application Thread] DEBUG GameApplicationServi - Removing overlay from FXGLStartupScene and adding to FXGLLoadingScene
19:31:04.541 [JavaFX Application Thread] DEBUG PrimaryStageWindow   - FXGLStartupScene -> FXGLLoadingScene
19:31:04.541 [JavaFX Application Thread] DEBUG GameApplicationServi - Clearing previous game
19:31:04.542 [JavaFX Application Thread] DEBUG GameScene            - Clearing game scene
19:31:04.542 [JavaFX Application Thread] DEBUG GameWorld            - Clearing game world
19:31:04.542 [JavaFX Application Thread] DEBUG PhysicsWorld         - Clearing physics world
19:31:04.543 [FXGL Background Thread 4 ] DEBUG FXGLApplication      - Initializing game
19:31:04.561 [FXGL Background Thread 4 ] DEBUG FXGLAssetLoaderServi - Loading from file system: file:/C:/Users/yibo/IdeaProjects/russs/target/classes/assets/textures/ikun3.jpg
19:31:04.578 [JavaFX Application Thread] DEBUG FXGLApplication      - Registering font factories with UI factory
19:31:04.589 [FXGL Background Thread 4 ] INFO  FXGLApplication      - Game initialization took: 0.046 sec
19:31:04.590 [JavaFX Application Thread] DEBUG Input                - Clearing active input actions
19:31:04.595 [JavaFX Application Thread] DEBUG GameApplicationServi - Removing overlay from FXGLLoadingScene and adding to GameScene
19:31:04.595 [JavaFX Application Thread] DEBUG PrimaryStageWindow   - FXGLLoadingScene -> GameScene
19:31:06.594 [JavaFX Application Thread] DEBUG FXGLAssetLoaderServi - Loading from file system: file:/C:/Users/yibo/IdeaProjects/russs/target/classes/assets/textures/chicken.jpg
19:31:07.468 [FXGL Background Thread 3 ] DEBUG Engine               - Logging environment variables
19:31:07.468 [FXGL Background Thread 3 ] DEBUG Engine               - achievements: []
19:31:07.468 [FXGL Background Thread 3 ] DEBUG Engine               - actualHeight: 720.0
19:31:07.468 [FXGL Background Thread 3 ] DEBUG Engine               - actualHeightProperty: ReadOnlyDoubleProperty [value: 720.0]
19:31:07.468 [FXGL Background Thread 3 ] DEBUG Engine               - actualWidth: 1280.0
19:31:07.468 [FXGL Background Thread 3 ] DEBUG Engine               - actualWidthProperty: ReadOnlyDoubleProperty [value: 1280.0]
19:31:07.468 [FXGL Background Thread 3 ] DEBUG Engine               - appIcon: fxgl_icon.png
19:31:07.469 [FXGL Background Thread 3 ] DEBUG Engine               - applicationMode: DEVELOPER
19:31:07.470 [FXGL Background Thread 3 ] DEBUG Engine               - cSSList: [fxgl_dark.css]
19:31:07.470 [FXGL Background Thread 3 ] DEBUG Engine               - collisionDetectionStrategy: BRUTE_FORCE
19:31:07.470 [FXGL Background Thread 3 ] DEBUG Engine               - configClass: Optional.empty
19:31:07.470 [FXGL Background Thread 3 ] DEBUG Engine               - credits: []
19:31:07.471 [FXGL Background Thread 3 ] DEBUG Engine               - defaultCursor: CursorInfo(imageName=fxgl_default_cursor.png, hotspotX=7.0, hotspotY=6.0)
19:31:07.471 [FXGL Background Thread 3 ] DEBUG Engine               - devBBoxColorProperty: ObjectProperty [value: 0xff0000ff]
19:31:07.471 [FXGL Background Thread 3 ] DEBUG Engine               - devEnableDebugCameraProperty: BooleanProperty [value: false]
19:31:07.471 [FXGL Background Thread 3 ] DEBUG Engine               - devSensorColorProperty: ObjectProperty [value: 0xffff00ff]
19:31:07.471 [FXGL Background Thread 3 ] DEBUG Engine               - devShowBBoxProperty: BooleanProperty [value: false]
19:31:07.471 [FXGL Background Thread 3 ] DEBUG Engine               - devShowPositionProperty: BooleanProperty [value: false]
19:31:07.472 [FXGL Background Thread 3 ] DEBUG Engine               - enabledMenuItems: []
19:31:07.472 [FXGL Background Thread 3 ] DEBUG Engine               - engineServices: [class com.almasb.fxgl.app.services.FXGLAssetLoaderService, class com.almasb.fxgl.app.FXGLApplication$GameApplicationService, class com.almasb.fxgl.app.services.FXGLDialogService, class com.almasb.fxgl.app.services.IOTaskExecutorService, class com.almasb.fxgl.io.FileSystemService, class com.almasb.fxgl.localization.LocalizationService, class com.almasb.fxgl.app.services.SystemBundleService, class com.almasb.fxgl.profile.SaveLoadService, class com.almasb.fxgl.ui.FXGLUIFactoryServiceProvider, class com.almasb.fxgl.ui.FXGLDialogFactoryServiceProvider, class com.almasb.fxgl.audio.AudioPlayer, class com.almasb.fxgl.notification.impl.NotificationServiceProvider, class com.almasb.fxgl.achievement.AchievementService, class com.almasb.fxgl.cutscene.CutsceneService, class com.almasb.fxgl.minigames.MiniGameService, class com.almasb.fxgl.net.NetService, class com.almasb.fxgl.app.services.UpdaterService, class com.almasb.fxgl.dev.DevService]
19:31:07.472 [FXGL Background Thread 3 ] DEBUG Engine               - fontGame: Abel-Regular.ttf
19:31:07.472 [FXGL Background Thread 3 ] DEBUG Engine               - fontMono: TerminalLandMono-Regular.otf
19:31:07.472 [FXGL Background Thread 3 ] DEBUG Engine               - fontText: Courier-Prime.ttf
19:31:07.472 [FXGL Background Thread 3 ] DEBUG Engine               - fontUI: VarelaRound-Regular.ttf
19:31:07.472 [FXGL Background Thread 3 ] DEBUG Engine               - fullScreen: BooleanProperty [value: false]
19:31:07.472 [FXGL Background Thread 3 ] DEBUG Engine               - gameDifficulty: MEDIUM
19:31:07.472 [FXGL Background Thread 3 ] DEBUG Engine               - gameDifficultyProperty: ObjectProperty [value: MEDIUM]
19:31:07.472 [FXGL Background Thread 3 ] DEBUG Engine               - globalMusicVolume: 0.5
19:31:07.472 [FXGL Background Thread 3 ] DEBUG Engine               - globalMusicVolumeProperty: DoubleProperty [value: 0.5]
19:31:07.473 [FXGL Background Thread 3 ] DEBUG Engine               - globalSoundVolume: 0.5
19:31:07.473 [FXGL Background Thread 3 ] DEBUG Engine               - globalSoundVolumeProperty: DoubleProperty [value: 0.5]
19:31:07.473 [FXGL Background Thread 3 ] DEBUG Engine               - height: 720
19:31:07.473 [FXGL Background Thread 3 ] DEBUG Engine               - is3D: false
19:31:07.473 [FXGL Background Thread 3 ] DEBUG Engine               - isAndroid: false
19:31:07.473 [FXGL Background Thread 3 ] DEBUG Engine               - isBrowser: false
19:31:07.473 [FXGL Background Thread 3 ] DEBUG Engine               - isClickFeedbackEnabled: false
19:31:07.473 [FXGL Background Thread 3 ] DEBUG Engine               - isCloseConfirmation: false
19:31:07.473 [FXGL Background Thread 3 ] DEBUG Engine               - isDesktop: true
19:31:07.473 [FXGL Background Thread 3 ] DEBUG Engine               - isDeveloperMenuEnabled: false
19:31:07.473 [FXGL Background Thread 3 ] DEBUG Engine               - isEmbedded: false
19:31:07.473 [FXGL Background Thread 3 ] DEBUG Engine               - isEntityPreloadEnabled: true
19:31:07.473 [FXGL Background Thread 3 ] DEBUG Engine               - isExperimentalTiledLargeMap: false
19:31:07.473 [FXGL Background Thread 3 ] DEBUG Engine               - isFileSystemWriteAllowed: true
19:31:07.473 [FXGL Background Thread 3 ] DEBUG Engine               - isFullScreenAllowed: false
19:31:07.473 [FXGL Background Thread 3 ] DEBUG Engine               - isFullScreenFromStart: false
19:31:07.473 [FXGL Background Thread 3 ] DEBUG Engine               - isGameMenuEnabled: true
19:31:07.473 [FXGL Background Thread 3 ] DEBUG Engine               - isIOS: false
19:31:07.473 [FXGL Background Thread 3 ] DEBUG Engine               - isIntroEnabled: false
19:31:07.473 [FXGL Background Thread 3 ] DEBUG Engine               - isLinux: false
19:31:07.473 [FXGL Background Thread 3 ] DEBUG Engine               - isMac: false
19:31:07.473 [FXGL Background Thread 3 ] DEBUG Engine               - isMainMenuEnabled: false
19:31:07.473 [FXGL Background Thread 3 ] DEBUG Engine               - isManualResizeEnabled: false
19:31:07.473 [FXGL Background Thread 3 ] DEBUG Engine               - isMobile: false
19:31:07.474 [FXGL Background Thread 3 ] DEBUG Engine               - isNative: false
19:31:07.474 [FXGL Background Thread 3 ] DEBUG Engine               - isPauseMusicWhenMinimized: true
19:31:07.474 [FXGL Background Thread 3 ] DEBUG Engine               - isPreserveResizeRatio: false
19:31:07.474 [FXGL Background Thread 3 ] DEBUG Engine               - isProfilingEnabled: false
19:31:07.474 [FXGL Background Thread 3 ] DEBUG Engine               - isScaleAffectedOnResize: true
19:31:07.474 [FXGL Background Thread 3 ] DEBUG Engine               - isSingleStep: false
19:31:07.474 [FXGL Background Thread 3 ] DEBUG Engine               - isUserProfileEnabled: false
19:31:07.474 [FXGL Background Thread 3 ] DEBUG Engine               - isWindows: true
19:31:07.474 [FXGL Background Thread 3 ] DEBUG Engine               - language: ObjectProperty [value: ENGLISH]
19:31:07.474 [FXGL Background Thread 3 ] DEBUG Engine               - menuKey: ESCAPE
19:31:07.474 [FXGL Background Thread 3 ] DEBUG Engine               - mouseSensitivity: 0.2
19:31:07.474 [FXGL Background Thread 3 ] DEBUG Engine               - notificationViewClass: class com.almasb.fxgl.notification.view.XboxNotificationView
19:31:07.474 [FXGL Background Thread 3 ] DEBUG Engine               - pixelsPerMeter: 50.0
19:31:07.474 [FXGL Background Thread 3 ] DEBUG Engine               - platform: WINDOWS
19:31:07.474 [FXGL Background Thread 3 ] DEBUG Engine               - prefHeightProperty: ReadOnlyDoubleProperty [value: 720.0]
19:31:07.474 [FXGL Background Thread 3 ] DEBUG Engine               - prefWidthProperty: ReadOnlyDoubleProperty [value: 1280.0]
19:31:07.474 [FXGL Background Thread 3 ] DEBUG Engine               - profileDir: profiles/
19:31:07.474 [FXGL Background Thread 3 ] DEBUG Engine               - profileName: StringProperty [value: DEFAULT]
19:31:07.474 [FXGL Background Thread 3 ] DEBUG Engine               - randomSeed: -1
19:31:07.475 [FXGL Background Thread 3 ] DEBUG Engine               - runtimeInfo: RuntimeInfo(platform=WINDOWS, version=17.2, build=20.08.2022 16.50)
19:31:07.475 [FXGL Background Thread 3 ] DEBUG Engine               - saveFileExt: sav
19:31:07.475 [FXGL Background Thread 3 ] DEBUG Engine               - scaledHeightProp$fxgl: DoubleProperty [bound, value: 720.0]
19:31:07.475 [FXGL Background Thread 3 ] DEBUG Engine               - scaledWidthProp$fxgl: DoubleProperty [bound, value: 1280.0]
19:31:07.475 [FXGL Background Thread 3 ] DEBUG Engine               - sceneFactory: com.almasb.fxgl.app.scene.SceneFactory@5777fff0
19:31:07.475 [FXGL Background Thread 3 ] DEBUG Engine               - secondsIn24h: 60
19:31:07.475 [FXGL Background Thread 3 ] DEBUG Engine               - soundMenuBack: menu/back.wav
19:31:07.475 [FXGL Background Thread 3 ] DEBUG Engine               - soundMenuPress: menu/press.wav
19:31:07.475 [FXGL Background Thread 3 ] DEBUG Engine               - soundMenuSelect: menu/select.wav
19:31:07.475 [FXGL Background Thread 3 ] DEBUG Engine               - soundNotification: core/notification.wav
19:31:07.475 [FXGL Background Thread 3 ] DEBUG Engine               - stageStyle: DECORATED
19:31:07.475 [FXGL Background Thread 3 ] DEBUG Engine               - supportedLanguages: [ENGLISH, FRENCH, GERMAN, HUNGARIAN, RUSSIAN]
19:31:07.475 [FXGL Background Thread 3 ] DEBUG Engine               - ticksPerSecond: -1
19:31:07.475 [FXGL Background Thread 3 ] DEBUG Engine               - title: chicken fly
19:31:07.475 [FXGL Background Thread 3 ] DEBUG Engine               - urlGithub: https://github.com/AlmasB/FXGL
19:31:07.475 [FXGL Background Thread 3 ] DEBUG Engine               - urlLeaderboard: http://fxgl-top.herokuapp.com/
19:31:07.475 [FXGL Background Thread 3 ] DEBUG Engine               - urlPOM: https://raw.githubusercontent.com/AlmasB/FXGL/release/README.md
19:31:07.475 [FXGL Background Thread 3 ] DEBUG Engine               - userAppClass: class org.example.Main
19:31:07.475 [FXGL Background Thread 3 ] DEBUG Engine               - version: 0.0
19:31:07.475 [FXGL Background Thread 3 ] DEBUG Engine               - versionCheckDays: 7
19:31:07.475 [FXGL Background Thread 3 ] DEBUG Engine               - width: 1280
19:31:07.475 [FXGL Background Thread 3 ] DEBUG Engine               - Logging services
19:31:07.475 [FXGL Background Thread 3 ] DEBUG Engine               - class com.almasb.fxgl.app.services.FXGLAssetLoaderService
19:31:07.476 [FXGL Background Thread 3 ] DEBUG Engine               - class com.almasb.fxgl.app.FXGLApplication$GameApplicationService
19:31:07.476 [FXGL Background Thread 3 ] DEBUG Engine               - class com.almasb.fxgl.app.services.FXGLDialogService
19:31:07.476 [FXGL Background Thread 3 ] DEBUG Engine               - class com.almasb.fxgl.app.services.IOTaskExecutorService
19:31:07.476 [FXGL Background Thread 3 ] DEBUG Engine               - class com.almasb.fxgl.io.FileSystemService
19:31:07.476 [FXGL Background Thread 3 ] DEBUG Engine               - class com.almasb.fxgl.localization.LocalizationService
19:31:07.476 [FXGL Background Thread 3 ] DEBUG Engine               - class com.almasb.fxgl.app.services.SystemBundleService
19:31:07.476 [FXGL Background Thread 3 ] DEBUG Engine               - class com.almasb.fxgl.profile.SaveLoadService
19:31:07.476 [FXGL Background Thread 3 ] DEBUG Engine               - class com.almasb.fxgl.ui.FXGLUIFactoryServiceProvider
19:31:07.476 [FXGL Background Thread 3 ] DEBUG Engine               - class com.almasb.fxgl.ui.FXGLDialogFactoryServiceProvider
19:31:07.476 [FXGL Background Thread 3 ] DEBUG Engine               - class com.almasb.fxgl.audio.AudioPlayer
19:31:07.476 [FXGL Background Thread 3 ] DEBUG Engine               - class com.almasb.fxgl.notification.impl.NotificationServiceProvider
19:31:07.476 [FXGL Background Thread 3 ] DEBUG Engine               - class com.almasb.fxgl.achievement.AchievementService
19:31:07.476 [FXGL Background Thread 3 ] DEBUG Engine               - class com.almasb.fxgl.cutscene.CutsceneService
19:31:07.476 [FXGL Background Thread 3 ] DEBUG Engine               - class com.almasb.fxgl.minigames.MiniGameService
19:31:07.476 [FXGL Background Thread 3 ] DEBUG Engine               - class com.almasb.fxgl.net.NetService
19:31:07.476 [FXGL Background Thread 3 ] DEBUG Engine               - class com.almasb.fxgl.app.services.UpdaterService
19:31:07.476 [FXGL Background Thread 3 ] DEBUG Engine               - class com.almasb.fxgl.dev.DevService
19:31:22.646 [JavaFX Application Thread] DEBUG PrimaryStageWindow   - Push state: DialogSubScene
19:31:22.646 [JavaFX Application Thread] DEBUG Input                - Clearing active input actions
19:31:22.647 [JavaFX Application Thread] DEBUG GameApplicationServi - Removing overlay from GameScene and adding to DialogSubScene
19:31:22.647 [JavaFX Application Thread] DEBUG PrimaryStageWindow   - GameScene -> DialogSubScene
19:31:27.215 [JavaFX Application Thread] DEBUG PrimaryStageWindow   - Pop state: DialogSubScene
19:31:27.215 [JavaFX Application Thread] DEBUG Input                - Clearing active input actions
19:31:27.216 [JavaFX Application Thread] DEBUG GameApplicationServi - Removing overlay from DialogSubScene and adding to GameScene
19:31:27.216 [JavaFX Application Thread] DEBUG PrimaryStageWindow   - GameScene <- DialogSubScene
19:31:27.217 [JavaFX Application Thread] DEBUG FXGLApplication      - Exiting FXGL
19:31:27.217 [JavaFX Application Thread] DEBUG LoopRunner           - Stopping loop
19:31:27.217 [JavaFX Application Thread] DEBUG SystemBundleService  - Saving FXGL system data
19:31:27.219 [JavaFX Application Thread] DEBUG FileSystemAccess     - Writing to: C:\Users\yibo\IdeaProjects\russs\system\fxgl.bundle
19:31:27.220 [JavaFX Application Thread] DEBUG Async                - Shutting down background threads
19:31:27.220 [JavaFX Application Thread] DEBUG PrimaryStageWindow   - Closing main window
19:31:27.231 [JavaFX Application Thread] DEBUG Logger               - Closing Logger
